[36m‚†ã[39m Generating browser application bundles (phase: setup)...[2K[1G[36m‚†ô[39m Generating browser application bundles (phase: setup)...[2K[1G[36m‚†π[39m Generating browser application bundles (phase: building)...[2K[1G[36m‚†∏[39m Generating browser application bundles (phase: building)...[2K[1G[36m‚†º[39m Generating browser application bundles (phase: building)...[2K[1G[36m‚†¥[39m Generating browser application bundles (phase: building)...[2K[1G[36m‚†¶[39m Generating browser application bundles (phase: building)...[2K[1G[36m‚†ß[39m Generating browser application bundles (phase: building)...[2K[1G[36m‚†á[39m Generating browser application bundles (phase: building)...[2K[1G[36m‚†è[39m Generating browser application bundles (phase: building)...[2K[1G[36m‚†ã[39m Generating browser application bundles (phase: building)...[2K[1G[36m‚†ô[39m Generating browser application bundles (phase: building)...[2K[1G[36m‚†π[39m Generating browser application bundles (phase: building)...[2K[1G[36m‚†∏[39m Generating browser application bundles (phase: building)...[2K[1G[36m‚†º[39m Generating browser application bundles (phase: building)...[2K[1G[36m‚†¥[39m Generating browser application bundles (phase: building)...[2K[1G[36m‚†¶[39m Generating browser application bundles (phase: building)...[2K[1G[36m‚†ß[39m Generating browser application bundles (phase: building)...[2K[1G[36m‚†á[39m Generating browser application bundles (phase: building)...[2K[1G[36m‚†è[39m Generating browser application bundles (phase: building)...[2K[1G[36m‚†ã[39m Generating browser application bundles (phase: building)...[2K[1G[36m‚†ô[39m Generating browser application bundles (phase: building)...[2K[1G[36m‚†π[39m Generating browser application bundles (phase: building)...[2K[1G[36m‚†∏[39m Generating browser application bundles (phase: building)...[2K[1G[36m‚†º[39m Generating browser application bundles (phase: building)...[2K[1G[36m‚†¥[39m Generating browser application bundles (phase: building)...[2K[1G[36m‚†¶[39m Generating browser application bundles (phase: building)...[2K[1G[36m‚†ß[39m Generating browser application bundles (phase: building)...[2K[1G[36m‚†á[39m Generating browser application bundles (phase: building)...[2K[1G[36m‚†è[39m Generating browser application bundles (phase: sealing)...[2K[1G[36m‚†ã[39m Generating browser application bundles (phase: sealing)...[2K[1G[36m‚†ô[39m Generating browser application bundles (phase: emitting)...[2K[1G[32m‚úî[39m Browser application bundle generation complete.
[37m[39m
[37m[0m[1mInitial Chunk Files[22m  [2m | [22m[1mNames[22m        [2m | [22m [1mRaw Size[22m[0m[39m
[37m[0m[92mvendor.js[39m[37m            [2m | [22mvendor       [2m | [22m  [96m3.06 MB[39m[37m[2m | [22m[0m[39m
[37m[0m[92mpolyfills.js[39m[37m         [2m | [22mpolyfills    [2m | [22m[96m254.85 kB[39m[37m[2m | [22m[0m[39m
[37m[0m[92mmain.js[39m[37m              [2m | [22mmain         [2m | [22m[96m230.74 kB[39m[37m[2m | [22m[0m[39m
[37m[0m[92mstyles.css, styles.js[39m[37m[2m | [22mstyles       [2m | [22m[96m152.38 kB[39m[37m[2m | [22m[0m[39m
[37m[0m[92mruntime.js[39m[37m           [2m | [22mruntime      [2m | [22m  [96m6.50 kB[39m[37m[2m | [22m[0m[39m
[37m[0m[0m[39m
[37m[0m[1m [22m                    [2m | [22m[1mInitial Total[22m[2m | [22m  [1m3.69 MB[22m[0m[39m
[37m[0m[0m[39m
[37m[0mBuild at: [1m[37m2025-11-18T15:30:30.730Z[39m[37m[22m - Hash: [1m[37mb87febca61dc0034[39m[37m[22m - Time: [1m[37m42270[39m[37m[22mms[0m[39m
[37m[39m
[37m** Angular Live Development Server is listening on localhost:4200, open your browser on http://localhost:4200/ **[39m
[37m[39m
[37m[39m
[37m[92m‚àö[39m[37m Compiled successfully.[39m
[36m‚†ã[39m Generating browser application bundles...[2K[1G[36m‚†ô[39m Generating browser application bundles (phase: building)...[2K[1G[36m‚†π[39m Generating browser application bundles (phase: building)...[2K[1G[36m‚†∏[39m Generating browser application bundles (phase: sealing)...[2K[1G[32m‚úî[39m Browser application bundle generation complete.
[37m[39m
[37m[0m5 unchanged chunks[0m[39m
[37m[0m[0m[39m
[37m[0mBuild at: [1m[37m2025-11-18T15:30:31.718Z[39m[37m[22m - Hash: [1m[37mb87febca61dc0034[39m[37m[22m - Time: [1m[37m493[39m[37m[22mms[0m[39m
[37m[39m
[37m[92m‚àö[39m[37m Compiled successfully.[39m
[36m‚†ã[39m Generating browser application bundles...[2K[1G[36m‚†ô[39m Generating browser application bundles (phase: building)...[2K[1G[36m‚†π[39m Generating browser application bundles (phase: building)...[2K[1G[36m‚†∏[39m Generating browser application bundles (phase: building)...[2K[1G[36m‚†º[39m Generating browser application bundles (phase: emitting)...[2K[1G[32m‚úî[39m Browser application bundle generation complete.
[37m[39m
[37m[0m[1mInitial Chunk Files[22m[2m | [22m[1mNames[22m  [2m | [22m [1mRaw Size[22m[0m[39m
[37m[0m[92mmain.js[39m[37m            [2m | [22mmain   [2m | [22m[96m230.67 kB[39m[37m[2m | [22m[0m[39m
[37m[0m[92mruntime.js[39m[37m         [2m | [22mruntime[2m | [22m  [96m6.50 kB[39m[37m[2m | [22m[0m[39m
[37m[0m[0m[39m
[37m[0m3 unchanged chunks[0m[39m
[37m[0m[0m[39m
[37m[0mBuild at: [1m[37m2025-11-18T15:35:23.315Z[39m[37m[22m - Hash: [1m[37m080723c008e3df78[39m[37m[22m - Time: [1m[37m370[39m[37m[22mms[0m[39m
[37m[39m
[37m[92m‚àö[39m[37m Compiled successfully.[39m
[36m‚†ã[39m Generating browser application bundles...[2K[1G[36m‚†ô[39m Generating browser application bundles (phase: building)...[2K[1G[36m‚†π[39m Generating browser application bundles (phase: sealing)...[2K[1G[32m‚úî[39m Browser application bundle generation complete.
[37m[39m
[37m[0m[1mInitial Chunk Files[22m[2m | [22m[1mNames[22m  [2m | [22m [1mRaw Size[22m[0m[39m
[37m[0m[92mmain.js[39m[37m            [2m | [22mmain   [2m | [22m[96m230.74 kB[39m[37m[2m | [22m[0m[39m
[37m[0m[92mruntime.js[39m[37m         [2m | [22mruntime[2m | [22m  [96m6.50 kB[39m[37m[2m | [22m[0m[39m
[37m[0m[0m[39m
[37m[0m3 unchanged chunks[0m[39m
[37m[0m[0m[39m
[37m[0mBuild at: [1m[37m2025-11-18T15:35:28.128Z[39m[37m[22m - Hash: [1m[37m25a6afdea83eec05[39m[37m[22m - Time: [1m[37m220[39m[37m[22mms[0m[39m
[37m[39m
[37m[92m‚àö[39m[37m Compiled successfully.[39m
[36m‚†ã[39m Generating browser application bundles...[2K[1G[36m‚†ô[39m Generating browser application bundles (phase: building)...[2K[1G[36m‚†π[39m Generating browser application bundles (phase: building)...[2K[1G[36m‚†∏[39m Generating browser application bundles (phase: sealing)...[2K[1G[32m‚úî[39m Browser application bundle generation complete.
[37m[39m
[37m[0m[1mInitial Chunk Files[22m[2m | [22m[1mNames[22m  [2m | [22m [1mRaw Size[22m[0m[39m
[37m[0m[92mmain.js[39m[37m            [2m | [22mmain   [2m | [22m[96m230.60 kB[39m[37m[2m | [22m[0m[39m
[37m[0m[92mruntime.js[39m[37m         [2m | [22mruntime[2m | [22m  [96m6.50 kB[39m[37m[2m | [22m[0m[39m
[37m[0m[0m[39m
[37m[0m3 unchanged chunks[0m[39m
[37m[0m[0m[39m
[37m[0mBuild at: [1m[37m2025-11-18T15:39:18.408Z[39m[37m[22m - Hash: [1m[37m6ca966e823f992ab[39m[37m[22m - Time: [1m[37m302[39m[37m[22mms[0m[39m
[37m[39m
[37m[92m‚àö[39m[37m Compiled successfully.[39m
[36m‚†ã[39m Generating browser application bundles...[2K[1G[36m‚†ô[39m Generating browser application bundles (phase: building)...[2K[1G[36m‚†π[39m Generating browser application bundles (phase: sealing)...[2K[1G[32m‚úî[39m Browser application bundle generation complete.
[37m[39m
[37m[0m[1mInitial Chunk Files[22m[2m | [22m[1mNames[22m  [2m | [22m [1mRaw Size[22m[0m[39m
[37m[0m[92mmain.js[39m[37m            [2m | [22mmain   [2m | [22m[96m191.73 kB[39m[37m[2m | [22m[0m[39m
[37m[0m[92mruntime.js[39m[37m         [2m | [22mruntime[2m | [22m  [96m6.50 kB[39m[37m[2m | [22m[0m[39m
[37m[0m[0m[39m
[37m[0m3 unchanged chunks[0m[39m
[37m[0m[0m[39m
[37m[0mBuild at: [1m[37m2025-11-18T15:40:02.200Z[39m[37m[22m - Hash: [1m[37m981dc82880cbb91c[39m[37m[22m - Time: [1m[37m231[39m[37m[22mms[0m[39m
[1m[31m[39m[22m
[1m[31m[0m[91mError: [39m[31m[0m[96msrc/app/expenses/expenses-list/expenses-list.component.html[0m:[93m101[0m:[93m11[0m - [91merror[0m[90m NG5002: [0mOpening tag "td" not terminated.[39m[22m
[1m[31m[39m[22m
[1m[31m[7m101[0m           <td (click)="console.log("Test")">Edit</td>[39m[22m
[1m[31m[7m   [0m [91m          ~~~~~~~~~~~~~~~~~~~~~~~~~~~~~~[0m[39m[22m
[1m[31m[39m[22m
[1m[31m  [96msrc/app/expenses/expenses-list/expenses-list.component.ts[0m:[93m25[0m:[93m16[0m[39m[22m
[1m[31m    [7m25[0m   templateUrl: './expenses-list.component.html',[39m[22m
[1m[31m    [7m  [0m [96m               ~~~~~~~~~~~~~~~~~~~~~~~~~~~~~~~~[0m[39m[22m
[1m[31m    Error occurs in the template of component ExpensesListComponent.[39m[22m
[1m[31m[39m[22m
[1m[31m[39m[22m
[1m[31m[0m[91mError: [39m[31m[0m[96msrc/app/expenses/expenses-list/expenses-list.component.html[0m:[93m101[0m:[93m49[0m - [91merror[0m[90m NG5002: [0mUnexpected closing tag "td". It may happen when the tag has already been closed by another tag. For more info see https://www.w3.org/TR/html5/syntax.html#closing-elements-that-have-implied-end-tags[39m[22m
[1m[31m[39m[22m
[1m[31m[7m101[0m           <td (click)="console.log("Test")">Edit</td>[39m[22m
[1m[31m[7m   [0m [91m                                                ~~~~~[0m[39m[22m
[1m[31m[39m[22m
[1m[31m  [96msrc/app/expenses/expenses-list/expenses-list.component.ts[0m:[93m25[0m:[93m16[0m[39m[22m
[1m[31m    [7m25[0m   templateUrl: './expenses-list.component.html',[39m[22m
[1m[31m    [7m  [0m [96m               ~~~~~~~~~~~~~~~~~~~~~~~~~~~~~~~~[0m[39m[22m
[1m[31m    Error occurs in the template of component ExpensesListComponent.[39m[22m
[1m[31m[39m[22m
[1m[31m[39m[22m
[1m[31m[39m[22m
[37m[39m
[37m[91m√ó[39m[37m Failed to compile.[39m
[36m‚†ã[39m Generating browser application bundles...[2K[1G[36m‚†ô[39m Generating browser application bundles (phase: building)...[2K[1G[36m‚†π[39m Generating browser application bundles (phase: building)...[2K[1G[36m‚†∏[39m Generating browser application bundles (phase: building)...[2K[1G[36m‚†º[39m Generating browser application bundles (phase: building)...[2K[1G[36m‚†¥[39m Generating browser application bundles (phase: building)...[2K[1G[36m‚†¶[39m Generating browser application bundles (phase: sealing)...[2K[1G[36m‚†ß[39m Generating browser application bundles (phase: emitting)...[2K[1G[32m‚úî[39m Browser application bundle generation complete.
[37m[39m
[37m[0m[1mInitial Chunk Files[22m[2m | [22m[1mNames[22m  [2m | [22m [1mRaw Size[22m[0m[39m
[37m[0m[92mmain.js[39m[37m            [2m | [22mmain   [2m | [22m[96m231.18 kB[39m[37m[2m | [22m[0m[39m
[37m[0m[92mruntime.js[39m[37m         [2m | [22mruntime[2m | [22m  [96m6.50 kB[39m[37m[2m | [22m[0m[39m
[37m[0m[0m[39m
[37m[0m3 unchanged chunks[0m[39m
[37m[0m[0m[39m
[37m[0mBuild at: [1m[37m2025-11-18T15:42:40.155Z[39m[37m[22m - Hash: [1m[37m7b1b1c60f677ebfb[39m[37m[22m - Time: [1m[37m669[39m[37m[22mms[0m[39m
[37m[39m
[37m[92m‚àö[39m[37m Compiled successfully.[39m
[36m‚†ã[39m Generating browser application bundles...[2K[1G[36m‚†ô[39m Generating browser application bundles (phase: building)...[2K[1G[36m‚†π[39m Generating browser application bundles (phase: building)...[2K[1G[32m‚úî[39m Browser application bundle generation complete.
[37m[39m
[37m[0m[1mInitial Chunk Files[22m[2m | [22m[1mNames[22m  [2m | [22m [1mRaw Size[22m[0m[39m
[37m[0m[92mmain.js[39m[37m            [2m | [22mmain   [2m | [22m[96m231.19 kB[39m[37m[2m | [22m[0m[39m
[37m[0m[92mruntime.js[39m[37m         [2m | [22mruntime[2m | [22m  [96m6.50 kB[39m[37m[2m | [22m[0m[39m
[37m[0m[0m[39m
[37m[0m3 unchanged chunks[0m[39m
[37m[0m[0m[39m
[37m[0mBuild at: [1m[37m2025-11-18T15:45:39.420Z[39m[37m[22m - Hash: [1m[37m74f7a9b9aee477c3[39m[37m[22m - Time: [1m[37m279[39m[37m[22mms[0m[39m
[37m[39m
[37m[92m‚àö[39m[37m Compiled successfully.[39m
[36m‚†ã[39m Generating browser application bundles...[2K[1G[36m‚†ô[39m Generating browser application bundles (phase: building)...[2K[1G[36m‚†π[39m Generating browser application bundles (phase: building)...[2K[1G[36m‚†∏[39m Generating browser application bundles (phase: emitting)...[2K[1G[32m‚úî[39m Browser application bundle generation complete.
[37m[39m
[37m[0m[1mInitial Chunk Files[22m[2m | [22m[1mNames[22m  [2m | [22m [1mRaw Size[22m[0m[39m
[37m[0m[92mmain.js[39m[37m            [2m | [22mmain   [2m | [22m[96m232.25 kB[39m[37m[2m | [22m[0m[39m
[37m[0m[92mruntime.js[39m[37m         [2m | [22mruntime[2m | [22m  [96m6.50 kB[39m[37m[2m | [22m[0m[39m
[37m[0m[0m[39m
[37m[0m3 unchanged chunks[0m[39m
[37m[0m[0m[39m
[37m[0mBuild at: [1m[37m2025-11-18T15:45:52.102Z[39m[37m[22m - Hash: [1m[37m428de63c44398c26[39m[37m[22m - Time: [1m[37m348[39m[37m[22mms[0m[39m
[37m[39m
[37m[92m‚àö[39m[37m Compiled successfully.[39m
[36m‚†ã[39m Generating browser application bundles...[2K[1G[36m‚†ô[39m Generating browser application bundles (phase: building)...[2K[1G[36m‚†π[39m Generating browser application bundles (phase: building)...[2K[1G[36m‚†∏[39m Generating browser application bundles (phase: sealing)...[2K[1G[32m‚úî[39m Browser application bundle generation complete.
[37m[39m
[37m[0m[1mInitial Chunk Files[22m[2m | [22m[1mNames[22m  [2m | [22m [1mRaw Size[22m[0m[39m
[37m[0m[92mmain.js[39m[37m            [2m | [22mmain   [2m | [22m[96m232.25 kB[39m[37m[2m | [22m[0m[39m
[37m[0m[92mruntime.js[39m[37m         [2m | [22mruntime[2m | [22m  [96m6.50 kB[39m[37m[2m | [22m[0m[39m
[37m[0m[0m[39m
[37m[0m3 unchanged chunks[0m[39m
[37m[0m[0m[39m
[37m[0mBuild at: [1m[37m2025-11-18T15:46:12.148Z[39m[37m[22m - Hash: [1m[37m8814e1376b68e95c[39m[37m[22m - Time: [1m[37m333[39m[37m[22mms[0m[39m
[37m[39m
[37m[92m‚àö[39m[37m Compiled successfully.[39m
[36m‚†ã[39m Generating browser application bundles...[2K[1G[36m‚†ô[39m Generating browser application bundles (phase: building)...[2K[1G[36m‚†π[39m Generating browser application bundles (phase: building)...[2K[1G[36m‚†∏[39m Generating browser application bundles (phase: emitting)...[2K[1G[32m‚úî[39m Browser application bundle generation complete.
[37m[39m
[37m[0m[1mInitial Chunk Files[22m[2m | [22m[1mNames[22m  [2m | [22m [1mRaw Size[22m[0m[39m
[37m[0m[92mmain.js[39m[37m            [2m | [22mmain   [2m | [22m[96m232.18 kB[39m[37m[2m | [22m[0m[39m
[37m[0m[92mruntime.js[39m[37m         [2m | [22mruntime[2m | [22m  [96m6.50 kB[39m[37m[2m | [22m[0m[39m
[37m[0m[0m[39m
[37m[0m3 unchanged chunks[0m[39m
[37m[0m[0m[39m
[37m[0mBuild at: [1m[37m2025-11-18T15:47:30.295Z[39m[37m[22m - Hash: [1m[37m15d53e01f4200f5f[39m[37m[22m - Time: [1m[37m292[39m[37m[22mms[0m[39m
[37m[39m
[37m[92m‚àö[39m[37m Compiled successfully.[39m
[36m‚†ã[39m Generating browser application bundles...[2K[1G[36m‚†ô[39m Generating browser application bundles (phase: building)...[2K[1G[36m‚†π[39m Generating browser application bundles (phase: building)...[2K[1G[32m‚úî[39m Browser application bundle generation complete.
[37m[39m
[37m[0m[1mInitial Chunk Files[22m[2m | [22m[1mNames[22m  [2m | [22m [1mRaw Size[22m[0m[39m
[37m[0m[92mmain.js[39m[37m            [2m | [22mmain   [2m | [22m[96m232.25 kB[39m[37m[2m | [22m[0m[39m
[37m[0m[92mruntime.js[39m[37m         [2m | [22mruntime[2m | [22m  [96m6.50 kB[39m[37m[2m | [22m[0m[39m
[37m[0m[0m[39m
[37m[0m3 unchanged chunks[0m[39m
[37m[0m[0m[39m
[37m[0mBuild at: [1m[37m2025-11-18T15:47:44.632Z[39m[37m[22m - Hash: [1m[37m7e2a090480eea83d[39m[37m[22m - Time: [1m[37m270[39m[37m[22mms[0m[39m
[37m[39m
[37m[92m‚àö[39m[37m Compiled successfully.[39m
[36m‚†ã[39m Generating browser application bundles...[2K[1G[36m‚†ô[39m Generating browser application bundles (phase: building)...[2K[1G[36m‚†π[39m Generating browser application bundles (phase: building)...[2K[1G[36m‚†∏[39m Generating browser application bundles (phase: emitting)...[2K[1G[32m‚úî[39m Browser application bundle generation complete.
[37m[39m
[37m[0m[1mInitial Chunk Files[22m[2m | [22m[1mNames[22m  [2m | [22m [1mRaw Size[22m[0m[39m
[37m[0m[92mmain.js[39m[37m            [2m | [22mmain   [2m | [22m[96m232.21 kB[39m[37m[2m | [22m[0m[39m
[37m[0m[92mruntime.js[39m[37m         [2m | [22mruntime[2m | [22m  [96m6.50 kB[39m[37m[2m | [22m[0m[39m
[37m[0m[0m[39m
[37m[0m3 unchanged chunks[0m[39m
[37m[0m[0m[39m
[37m[0mBuild at: [1m[37m2025-11-18T15:52:38.152Z[39m[37m[22m - Hash: [1m[37m3be6ea0d600dc83c[39m[37m[22m - Time: [1m[37m312[39m[37m[22mms[0m[39m
[37m[39m
[37m[92m‚àö[39m[37m Compiled successfully.[39m
[36m‚†ã[39m Generating browser application bundles...[2K[1G[36m‚†ô[39m Generating browser application bundles (phase: building)...[2K[1G[36m‚†π[39m Generating browser application bundles (phase: building)...[2K[1G[36m‚†∏[39m Generating browser application bundles (phase: emitting)...[2K[1G[32m‚úî[39m Browser application bundle generation complete.
[37m[39m
[37m[0m[1mInitial Chunk Files[22m[2m | [22m[1mNames[22m  [2m | [22m [1mRaw Size[22m[0m[39m
[37m[0m[92mmain.js[39m[37m            [2m | [22mmain   [2m | [22m[96m232.21 kB[39m[37m[2m | [22m[0m[39m
[37m[0m[92mruntime.js[39m[37m         [2m | [22mruntime[2m | [22m  [96m6.50 kB[39m[37m[2m | [22m[0m[39m
[37m[0m[0m[39m
[37m[0m3 unchanged chunks[0m[39m
[37m[0m[0m[39m
[37m[0mBuild at: [1m[37m2025-11-18T15:53:13.283Z[39m[37m[22m - Hash: [1m[37m02f30ae0c232c9c4[39m[37m[22m - Time: [1m[37m313[39m[37m[22mms[0m[39m
[37m[39m
[37m[92m‚àö[39m[37m Compiled successfully.[39m
[36m‚†ã[39m Generating browser application bundles...[2K[1G[36m‚†ô[39m Generating browser application bundles (phase: building)...[2K[1G[36m‚†π[39m Generating browser application bundles (phase: building)...[2K[1G[36m‚†∏[39m Generating browser application bundles (phase: emitting)...[2K[1G[32m‚úî[39m Browser application bundle generation complete.
[37m[39m
[37m[0m[1mInitial Chunk Files[22m[2m | [22m[1mNames[22m  [2m | [22m [1mRaw Size[22m[0m[39m
[37m[0m[92mmain.js[39m[37m            [2m | [22mmain   [2m | [22m[96m232.21 kB[39m[37m[2m | [22m[0m[39m
[37m[0m[92mruntime.js[39m[37m         [2m | [22mruntime[2m | [22m  [96m6.50 kB[39m[37m[2m | [22m[0m[39m
[37m[0m[0m[39m
[37m[0m3 unchanged chunks[0m[39m
[37m[0m[0m[39m
[37m[0mBuild at: [1m[37m2025-11-18T15:53:30.308Z[39m[37m[22m - Hash: [1m[37meee4bc4fee12875f[39m[37m[22m - Time: [1m[37m313[39m[37m[22mms[0m[39m
[37m[39m
[37m[92m‚àö[39m[37m Compiled successfully.[39m
[36m‚†ã[39m Generating browser application bundles...[2K[1G[36m‚†ô[39m Generating browser application bundles (phase: building)...[2K[1G[36m‚†π[39m Generating browser application bundles (phase: building)...[2K[1G[36m‚†∏[39m Generating browser application bundles (phase: emitting)...[2K[1G[32m‚úî[39m Browser application bundle generation complete.
[37m[39m
[37m[0m[1mInitial Chunk Files[22m[2m | [22m[1mNames[22m  [2m | [22m [1mRaw Size[22m[0m[39m
[37m[0m[92mmain.js[39m[37m            [2m | [22mmain   [2m | [22m[96m232.13 kB[39m[37m[2m | [22m[0m[39m
[37m[0m[92mruntime.js[39m[37m         [2m | [22mruntime[2m | [22m  [96m6.50 kB[39m[37m[2m | [22m[0m[39m
[37m[0m[0m[39m
[37m[0m3 unchanged chunks[0m[39m
[37m[0m[0m[39m
[37m[0mBuild at: [1m[37m2025-11-18T15:53:40.724Z[39m[37m[22m - Hash: [1m[37mc047b4067563cae5[39m[37m[22m - Time: [1m[37m330[39m[37m[22mms[0m[39m
[37m[39m
[37m[92m‚àö[39m[37m Compiled successfully.[39m
[36m‚†ã[39m Generating browser application bundles...[2K[1G[36m‚†ô[39m Generating browser application bundles (phase: building)...[2K[1G[36m‚†π[39m Generating browser application bundles (phase: building)...[2K[1G[36m‚†∏[39m Generating browser application bundles (phase: sealing)...[2K[1G[32m‚úî[39m Browser application bundle generation complete.
[37m[39m
[37m[0m[1mInitial Chunk Files[22m[2m | [22m[1mNames[22m  [2m | [22m [1mRaw Size[22m[0m[39m
[37m[0m[92mmain.js[39m[37m            [2m | [22mmain   [2m | [22m[96m232.13 kB[39m[37m[2m | [22m[0m[39m
[37m[0m[92mruntime.js[39m[37m         [2m | [22mruntime[2m | [22m  [96m6.50 kB[39m[37m[2m | [22m[0m[39m
[37m[0m[0m[39m
[37m[0m3 unchanged chunks[0m[39m
[37m[0m[0m[39m
[37m[0mBuild at: [1m[37m2025-11-18T15:53:56.721Z[39m[37m[22m - Hash: [1m[37mb92c274ff621c7e4[39m[37m[22m - Time: [1m[37m346[39m[37m[22mms[0m[39m
[37m[39m
[37m[92m‚àö[39m[37m Compiled successfully.[39m
[36m‚†ã[39m Generating browser application bundles...[2K[1G[36m‚†ô[39m Generating browser application bundles (phase: building)...[2K[1G[36m‚†π[39m Generating browser application bundles (phase: sealing)...[2K[1G[32m‚úî[39m Browser application bundle generation complete.
[37m[39m
[37m[0m[1mInitial Chunk Files[22m[2m | [22m[1mNames[22m  [2m | [22m [1mRaw Size[22m[0m[39m
[37m[0m[92mmain.js[39m[37m            [2m | [22mmain   [2m | [22m[96m232.21 kB[39m[37m[2m | [22m[0m[39m
[37m[0m[92mruntime.js[39m[37m         [2m | [22mruntime[2m | [22m  [96m6.50 kB[39m[37m[2m | [22m[0m[39m
[37m[0m[0m[39m
[37m[0m3 unchanged chunks[0m[39m
[37m[0m[0m[39m
[37m[0mBuild at: [1m[37m2025-11-18T15:54:06.836Z[39m[37m[22m - Hash: [1m[37ma83e721579db5d8a[39m[37m[22m - Time: [1m[37m219[39m[37m[22mms[0m[39m
[37m[39m
[37m[92m‚àö[39m[37m Compiled successfully.[39m
[36m‚†ã[39m Generating browser application bundles...[2K[1G[36m‚†ô[39m Generating browser application bundles (phase: building)...[2K[1G[36m‚†π[39m Generating browser application bundles (phase: building)...[2K[1G[36m‚†∏[39m Generating browser application bundles (phase: emitting)...[2K[1G[32m‚úî[39m Browser application bundle generation complete.
[37m[39m
[37m[0m[1mInitial Chunk Files[22m[2m | [22m[1mNames[22m  [2m | [22m [1mRaw Size[22m[0m[39m
[37m[0m[92mmain.js[39m[37m            [2m | [22mmain   [2m | [22m[96m232.21 kB[39m[37m[2m | [22m[0m[39m
[37m[0m[92mruntime.js[39m[37m         [2m | [22mruntime[2m | [22m  [96m6.50 kB[39m[37m[2m | [22m[0m[39m
[37m[0m[0m[39m
[37m[0m3 unchanged chunks[0m[39m
[37m[0m[0m[39m
[37m[0mBuild at: [1m[37m2025-11-18T15:54:38.530Z[39m[37m[22m - Hash: [1m[37me6b41985ec2acca7[39m[37m[22m - Time: [1m[37m332[39m[37m[22mms[0m[39m
[37m[39m
[37m[92m‚àö[39m[37m Compiled successfully.[39m
[36m‚†ã[39m Generating browser application bundles...[2K[1G[36m‚†ô[39m Generating browser application bundles (phase: building)...[2K[1G[36m‚†π[39m Generating browser application bundles (phase: sealing)...[2K[1G[32m‚úî[39m Browser application bundle generation complete.
[37m[39m
[37m[0m[1mInitial Chunk Files[22m[2m | [22m[1mNames[22m  [2m | [22m [1mRaw Size[22m[0m[39m
[37m[0m[92mmain.js[39m[37m            [2m | [22mmain   [2m | [22m[96m232.21 kB[39m[37m[2m | [22m[0m[39m
[37m[0m[92mruntime.js[39m[37m         [2m | [22mruntime[2m | [22m  [96m6.50 kB[39m[37m[2m | [22m[0m[39m
[37m[0m[0m[39m
[37m[0m3 unchanged chunks[0m[39m
[37m[0m[0m[39m
[37m[0mBuild at: [1m[37m2025-11-18T15:54:53.499Z[39m[37m[22m - Hash: [1m[37m577b457acaf82c98[39m[37m[22m - Time: [1m[37m217[39m[37m[22mms[0m[39m
[37m[39m
[37m[92m‚àö[39m[37m Compiled successfully.[39m
[36m‚†ã[39m Generating browser application bundles...[2K[1G[36m‚†ô[39m Generating browser application bundles (phase: building)...[2K[1G[36m‚†π[39m Generating browser application bundles (phase: building)...[2K[1G[36m‚†∏[39m Generating browser application bundles (phase: emitting)...[2K[1G[32m‚úî[39m Browser application bundle generation complete.
[37m[39m
[37m[0m[1mInitial Chunk Files[22m[2m | [22m[1mNames[22m  [2m | [22m [1mRaw Size[22m[0m[39m
[37m[0m[92mmain.js[39m[37m            [2m | [22mmain   [2m | [22m[96m232.21 kB[39m[37m[2m | [22m[0m[39m
[37m[0m[92mruntime.js[39m[37m         [2m | [22mruntime[2m | [22m  [96m6.50 kB[39m[37m[2m | [22m[0m[39m
[37m[0m[0m[39m
[37m[0m3 unchanged chunks[0m[39m
[37m[0m[0m[39m
[37m[0mBuild at: [1m[37m2025-11-18T15:55:04.359Z[39m[37m[22m - Hash: [1m[37me8c7503f0f50168e[39m[37m[22m - Time: [1m[37m301[39m[37m[22mms[0m[39m
[37m[39m
[37m[92m‚àö[39m[37m Compiled successfully.[39m
[36m‚†ã[39m Generating browser application bundles...[2K[1G[36m‚†ô[39m Generating browser application bundles (phase: building)...[2K[1G[36m‚†π[39m Generating browser application bundles (phase: emitting)...[2K[1G[32m‚úî[39m Browser application bundle generation complete.
[37m[39m
[37m[0m[1mInitial Chunk Files[22m[2m | [22m[1mNames[22m  [2m | [22m [1mRaw Size[22m[0m[39m
[37m[0m[92mmain.js[39m[37m            [2m | [22mmain   [2m | [22m[96m232.21 kB[39m[37m[2m | [22m[0m[39m
[37m[0m[92mruntime.js[39m[37m         [2m | [22mruntime[2m | [22m  [96m6.50 kB[39m[37m[2m | [22m[0m[39m
[37m[0m[0m[39m
[37m[0m3 unchanged chunks[0m[39m
[37m[0m[0m[39m
[37m[0mBuild at: [1m[37m2025-11-18T15:55:13.942Z[39m[37m[22m - Hash: [1m[37mc4d8a4deb81d115d[39m[37m[22m - Time: [1m[37m218[39m[37m[22mms[0m[39m
[37m[39m
[37m[92m‚àö[39m[37m Compiled successfully.[39m
[36m‚†ã[39m Generating browser application bundles...[2K[1G[36m‚†ô[39m Generating browser application bundles (phase: building)...[2K[1G[36m‚†π[39m Generating browser application bundles (phase: building)...[2K[1G[32m‚úî[39m Browser application bundle generation complete.
[37m[39m
[37m[0m[1mInitial Chunk Files[22m[2m | [22m[1mNames[22m  [2m | [22m [1mRaw Size[22m[0m[39m
[37m[0m[92mmain.js[39m[37m            [2m | [22mmain   [2m | [22m[96m232.21 kB[39m[37m[2m | [22m[0m[39m
[37m[0m[92mruntime.js[39m[37m         [2m | [22mruntime[2m | [22m  [96m6.50 kB[39m[37m[2m | [22m[0m[39m
[37m[0m[0m[39m
[37m[0m3 unchanged chunks[0m[39m
[37m[0m[0m[39m
[37m[0mBuild at: [1m[37m2025-11-18T15:55:34.719Z[39m[37m[22m - Hash: [1m[37m8244c39262436b01[39m[37m[22m - Time: [1m[37m310[39m[37m[22mms[0m[39m
[37m[39m
[37m[92m‚àö[39m[37m Compiled successfully.[39m
[36m‚†ã[39m Generating browser application bundles...[2K[1G[36m‚†ô[39m Generating browser application bundles (phase: building)...[2K[1G[36m‚†π[39m Generating browser application bundles (phase: building)...[2K[1G[36m‚†∏[39m Generating browser application bundles (phase: emitting)...[2K[1G[32m‚úî[39m Browser application bundle generation complete.
[37m[39m
[37m[0m[1mInitial Chunk Files[22m[2m | [22m[1mNames[22m  [2m | [22m [1mRaw Size[22m[0m[39m
[37m[0m[92mmain.js[39m[37m            [2m | [22mmain   [2m | [22m[96m232.28 kB[39m[37m[2m | [22m[0m[39m
[37m[0m[92mruntime.js[39m[37m         [2m | [22mruntime[2m | [22m  [96m6.50 kB[39m[37m[2m | [22m[0m[39m
[37m[0m[0m[39m
[37m[0m3 unchanged chunks[0m[39m
[37m[0m[0m[39m
[37m[0mBuild at: [1m[37m2025-11-18T15:55:48.638Z[39m[37m[22m - Hash: [1m[37m54200cca02fd5548[39m[37m[22m - Time: [1m[37m333[39m[37m[22mms[0m[39m
[37m[39m
[37m[92m‚àö[39m[37m Compiled successfully.[39m
[36m‚†ã[39m Generating browser application bundles...[2K[1G[36m‚†ô[39m Generating browser application bundles (phase: building)...[2K[1G[36m‚†π[39m Generating browser application bundles (phase: building)...[2K[1G[36m‚†∏[39m Generating browser application bundles (phase: building)...[2K[1G[36m‚†º[39m Generating browser application bundles (phase: sealing)...[2K[1G[36m‚†¥[39m Generating browser application bundles (phase: emitting)...[2K[1G[32m‚úî[39m Browser application bundle generation complete.
[37m[39m
[37m[0m[1mInitial Chunk Files[22m[2m | [22m[1mNames[22m  [2m | [22m [1mRaw Size[22m[0m[39m
[37m[0m[92mmain.js[39m[37m            [2m | [22mmain   [2m | [22m[96m232.28 kB[39m[37m[2m | [22m[0m[39m
[37m[0m[92mruntime.js[39m[37m         [2m | [22mruntime[2m | [22m  [96m6.50 kB[39m[37m[2m | [22m[0m[39m
[37m[0m[0m[39m
[37m[0m3 unchanged chunks[0m[39m
[37m[0m[0m[39m
[37m[0mBuild at: [1m[37m2025-11-18T15:56:34.327Z[39m[37m[22m - Hash: [1m[37m38535130542e5cbb[39m[37m[22m - Time: [1m[37m450[39m[37m[22mms[0m[39m
[37m[39m
[37m[92m‚àö[39m[37m Compiled successfully.[39m
[36m‚†ã[39m Generating browser application bundles...[2K[1G[36m‚†ô[39m Generating browser application bundles (phase: building)...[2K[1G[36m‚†π[39m Generating browser application bundles (phase: building)...[2K[1G[32m‚úî[39m Browser application bundle generation complete.
[37m[39m
[37m[0m[1mInitial Chunk Files[22m[2m | [22m[1mNames[22m  [2m | [22m [1mRaw Size[22m[0m[39m
[37m[0m[92mmain.js[39m[37m            [2m | [22mmain   [2m | [22m[96m232.30 kB[39m[37m[2m | [22m[0m[39m
[37m[0m[92mruntime.js[39m[37m         [2m | [22mruntime[2m | [22m  [96m6.50 kB[39m[37m[2m | [22m[0m[39m
[37m[0m[0m[39m
[37m[0m3 unchanged chunks[0m[39m
[37m[0m[0m[39m
[37m[0mBuild at: [1m[37m2025-11-18T15:57:33.219Z[39m[37m[22m - Hash: [1m[37m228b3bafd464bce4[39m[37m[22m - Time: [1m[37m229[39m[37m[22mms[0m[39m
[37m[39m
[37m[92m‚àö[39m[37m Compiled successfully.[39m
[36m‚†ã[39m Generating browser application bundles...[2K[1G[36m‚†ô[39m Generating browser application bundles (phase: building)...[2K[1G[36m‚†π[39m Generating browser application bundles (phase: building)...[2K[1G[36m‚†∏[39m Generating browser application bundles (phase: building)...[2K[1G[36m‚†º[39m Generating browser application bundles (phase: emitting)...[2K[1G[32m‚úî[39m Browser application bundle generation complete.
[37m[39m
[37m[0m[1mInitial Chunk Files[22m[2m | [22m[1mNames[22m  [2m | [22m [1mRaw Size[22m[0m[39m
[37m[0m[92mmain.js[39m[37m            [2m | [22mmain   [2m | [22m[96m232.32 kB[39m[37m[2m | [22m[0m[39m
[37m[0m[92mruntime.js[39m[37m         [2m | [22mruntime[2m | [22m  [96m6.50 kB[39m[37m[2m | [22m[0m[39m
[37m[0m[0m[39m
[37m[0m3 unchanged chunks[0m[39m
[37m[0m[0m[39m
[37m[0mBuild at: [1m[37m2025-11-18T15:58:06.123Z[39m[37m[22m - Hash: [1m[37mc906d6acc60e5421[39m[37m[22m - Time: [1m[37m400[39m[37m[22mms[0m[39m
[37m[39m
[37m[92m‚àö[39m[37m Compiled successfully.[39m
[36m‚†ã[39m Generating browser application bundles...[2K[1G[36m‚†ô[39m Generating browser application bundles (phase: building)...[2K[1G[36m‚†π[39m Generating browser application bundles (phase: building)...[2K[1G[36m‚†∏[39m Generating browser application bundles (phase: building)...[2K[1G[36m‚†º[39m Generating browser application bundles (phase: emitting)...[2K[1G[32m‚úî[39m Browser application bundle generation complete.
[37m[39m
[37m[0m[1mInitial Chunk Files[22m[2m | [22m[1mNames[22m  [2m | [22m [1mRaw Size[22m[0m[39m
[37m[0m[92mmain.js[39m[37m            [2m | [22mmain   [2m | [22m[96m232.51 kB[39m[37m[2m | [22m[0m[39m
[37m[0m[92mruntime.js[39m[37m         [2m | [22mruntime[2m | [22m  [96m6.50 kB[39m[37m[2m | [22m[0m[39m
[37m[0m[0m[39m
[37m[0m3 unchanged chunks[0m[39m
[37m[0m[0m[39m
[37m[0mBuild at: [1m[37m2025-11-18T16:08:25.794Z[39m[37m[22m - Hash: [1m[37m28def8a0a8952d48[39m[37m[22m - Time: [1m[37m629[39m[37m[22mms[0m[39m
[37m[39m
[37m[92m‚àö[39m[37m Compiled successfully.[39m
[36m‚†ã[39m Generating browser application bundles...[2K[1G[36m‚†ô[39m Generating browser application bundles (phase: building)...[2K[1G[36m‚†π[39m Generating browser application bundles (phase: building)...[2K[1G[36m‚†∏[39m Generating browser application bundles (phase: building)...[2K[1G[36m‚†º[39m Generating browser application bundles (phase: building)...[2K[1G[36m‚†¥[39m Generating browser application bundles (phase: emitting)...[2K[1G[32m‚úî[39m Browser application bundle generation complete.
[37m[39m
[37m[0m[1mInitial Chunk Files[22m[2m | [22m[1mNames[22m  [2m | [22m [1mRaw Size[22m[0m[39m
[37m[0m[92mmain.js[39m[37m            [2m | [22mmain   [2m | [22m[96m232.53 kB[39m[37m[2m | [22m[0m[39m
[37m[0m[92mruntime.js[39m[37m         [2m | [22mruntime[2m | [22m  [96m6.50 kB[39m[37m[2m | [22m[0m[39m
[37m[0m[0m[39m
[37m[0m3 unchanged chunks[0m[39m
[37m[0m[0m[39m
[37m[0mBuild at: [1m[37m2025-11-18T16:10:15.369Z[39m[37m[22m - Hash: [1m[37m41bb6942accdd92a[39m[37m[22m - Time: [1m[37m545[39m[37m[22mms[0m[39m
[37m[39m
[37m[92m‚àö[39m[37m Compiled successfully.[39m
[36m‚†ã[39m Generating browser application bundles...[2K[1G[36m‚†ô[39m Generating browser application bundles (phase: building)...[2K[1G[36m‚†π[39m Generating browser application bundles (phase: building)...[2K[1G[32m‚úî[39m Browser application bundle generation complete.
[37m[39m
[37m[0m[1mInitial Chunk Files[22m[2m | [22m[1mNames[22m  [2m | [22m [1mRaw Size[22m[0m[39m
[37m[0m[92mmain.js[39m[37m            [2m | [22mmain   [2m | [22m[96m232.66 kB[39m[37m[2m | [22m[0m[39m
[37m[0m[92mruntime.js[39m[37m         [2m | [22mruntime[2m | [22m  [96m6.50 kB[39m[37m[2m | [22m[0m[39m
[37m[0m[0m[39m
[37m[0m3 unchanged chunks[0m[39m
[37m[0m[0m[39m
[37m[0mBuild at: [1m[37m2025-11-18T16:10:34.324Z[39m[37m[22m - Hash: [1m[37mfd7c197f70945dc0[39m[37m[22m - Time: [1m[37m349[39m[37m[22mms[0m[39m
[37m[39m
[37m[92m‚àö[39m[37m Compiled successfully.[39m
[36m‚†ã[39m Generating browser application bundles...[2K[1G[36m‚†ô[39m Generating browser application bundles (phase: building)...[2K[1G[36m‚†π[39m Generating browser application bundles (phase: building)...[2K[1G[36m‚†∏[39m Generating browser application bundles (phase: building)...[2K[1G[32m‚úî[39m Browser application bundle generation complete.
[37m[39m
[37m[0m[1mInitial Chunk Files[22m[2m | [22m[1mNames[22m  [2m | [22m [1mRaw Size[22m[0m[39m
[37m[0m[92mmain.js[39m[37m            [2m | [22mmain   [2m | [22m[96m232.75 kB[39m[37m[2m | [22m[0m[39m
[37m[0m[92mruntime.js[39m[37m         [2m | [22mruntime[2m | [22m  [96m6.50 kB[39m[37m[2m | [22m[0m[39m
[37m[0m[0m[39m
[37m[0m3 unchanged chunks[0m[39m
[37m[0m[0m[39m
[37m[0mBuild at: [1m[37m2025-11-18T16:11:45.049Z[39m[37m[22m - Hash: [1m[37m445a9936aa822e41[39m[37m[22m - Time: [1m[37m413[39m[37m[22mms[0m[39m
[37m[39m
[37m[92m‚àö[39m[37m Compiled successfully.[39m
[36m‚†ã[39m Generating browser application bundles...[2K[1G[36m‚†ô[39m Generating browser application bundles (phase: building)...[2K[1G[32m‚úî[39m Browser application bundle generation complete.
[37m[39m
[37m[0m[1mInitial Chunk Files[22m[2m | [22m[1mNames[22m  [2m | [22m [1mRaw Size[22m[0m[39m
[37m[0m[92mmain.js[39m[37m            [2m | [22mmain   [2m | [22m[96m208.82 kB[39m[37m[2m | [22m[0m[39m
[37m[0m[92mruntime.js[39m[37m         [2m | [22mruntime[2m | [22m  [96m6.50 kB[39m[37m[2m | [22m[0m[39m
[37m[0m[0m[39m
[37m[0m3 unchanged chunks[0m[39m
[37m[0m[0m[39m
[37m[0mBuild at: [1m[37m2025-11-18T16:13:40.775Z[39m[37m[22m - Hash: [1m[37m328a2d4aa92a330d[39m[37m[22m - Time: [1m[37m218[39m[37m[22mms[0m[39m
[1m[31m[39m[22m
[1m[31m[0m[91mError: [39m[31m[0m[96msrc/app/expenses/expenses-modal/edit-expense-modal.component.html[0m:[93m1[0m:[93m1[0m - [91merror[0m[90m NG5002: [0mOpening tag "div" not terminated.[39m[22m
[1m[31m[39m[22m
[1m[31m[7m1[0m <div class="modal-overlay" *ngIf="isOpen" ">[39m[22m
[1m[31m[7m [0m [91m~~~~~~~~~~~~~~~~~~~~~~~~~~~~~~~~~~~~~~~~~~[0m[39m[22m
[1m[31m[39m[22m
[1m[31m  [96msrc/app/expenses/expenses-modal/edit-expense-modal.component.ts[0m:[93m6[0m:[93m16[0m[39m[22m
[1m[31m    [7m6[0m   templateUrl: './edit-expense-modal.component.html',[39m[22m
[1m[31m    [7m [0m [96m               ~~~~~~~~~~~~~~~~~~~~~~~~~~~~~~~~~~~~~[0m[39m[22m
[1m[31m    Error occurs in the template of component EditExpenseModalComponent.[39m[22m
[1m[31m[39m[22m
[1m[31m[39m[22m
[1m[31m[0m[91mError: [39m[31m[0m[96msrc/app/expenses/expenses-modal/edit-expense-modal.component.html[0m:[93m101[0m:[93m1[0m - [91merror[0m[90m NG5002: [0mUnexpected closing tag "div". It may happen when the tag has already been closed by another tag. For more info see https://www.w3.org/TR/html5/syntax.html#closing-elements-that-have-implied-end-tags[39m[22m
[1m[31m[39m[22m
[1m[31m[7m101[0m </div>[39m[22m
[1m[31m[7m   [0m [91m~~~~~~[0m[39m[22m
[1m[31m[39m[22m
[1m[31m  [96msrc/app/expenses/expenses-modal/edit-expense-modal.component.ts[0m:[93m6[0m:[93m16[0m[39m[22m
[1m[31m    [7m6[0m   templateUrl: './edit-expense-modal.component.html',[39m[22m
[1m[31m    [7m [0m [96m               ~~~~~~~~~~~~~~~~~~~~~~~~~~~~~~~~~~~~~[0m[39m[22m
[1m[31m    Error occurs in the template of component EditExpenseModalComponent.[39m[22m
[1m[31m[39m[22m
[1m[31m[39m[22m
[1m[31m[39m[22m
[37m[39m
[37m[91m√ó[39m[37m Failed to compile.[39m
[36m‚†ã[39m Generating browser application bundles...[2K[1G[36m‚†ô[39m Generating browser application bundles (phase: building)...[2K[1G[36m‚†π[39m Generating browser application bundles (phase: emitting)...[2K[1G[32m‚úî[39m Browser application bundle generation complete.
[37m[39m
[37m[0m[1mInitial Chunk Files[22m[2m | [22m[1mNames[22m  [2m | [22m [1mRaw Size[22m[0m[39m
[37m[0m[92mmain.js[39m[37m            [2m | [22mmain   [2m | [22m[96m232.25 kB[39m[37m[2m | [22m[0m[39m
[37m[0m[92mruntime.js[39m[37m         [2m | [22mruntime[2m | [22m  [96m6.50 kB[39m[37m[2m | [22m[0m[39m
[37m[0m[0m[39m
[37m[0m3 unchanged chunks[0m[39m
[37m[0m[0m[39m
[37m[0mBuild at: [1m[37m2025-11-18T16:13:49.589Z[39m[37m[22m - Hash: [1m[37md7952e3abae3b26c[39m[37m[22m - Time: [1m[37m193[39m[37m[22mms[0m[39m
[37m[39m
[37m[92m‚àö[39m[37m Compiled successfully.[39m
[36m‚†ã[39m Generating browser application bundles...[2K[1G[36m‚†ô[39m Generating browser application bundles (phase: building)...[2K[1G[36m‚†π[39m Generating browser application bundles (phase: emitting)...[2K[1G[32m‚úî[39m Browser application bundle generation complete.
[37m[39m
[37m[0m[1mInitial Chunk Files[22m[2m | [22m[1mNames[22m  [2m | [22m [1mRaw Size[22m[0m[39m
[37m[0m[92mmain.js[39m[37m            [2m | [22mmain   [2m | [22m[96m232.20 kB[39m[37m[2m | [22m[0m[39m
[37m[0m[92mruntime.js[39m[37m         [2m | [22mruntime[2m | [22m  [96m6.50 kB[39m[37m[2m | [22m[0m[39m
[37m[0m[0m[39m
[37m[0m3 unchanged chunks[0m[39m
[37m[0m[0m[39m
[37m[0mBuild at: [1m[37m2025-11-18T16:13:58.418Z[39m[37m[22m - Hash: [1m[37m8d939691add00813[39m[37m[22m - Time: [1m[37m196[39m[37m[22mms[0m[39m
[37m[39m
[37m[92m‚àö[39m[37m Compiled successfully.[39m
[36m‚†ã[39m Generating browser application bundles...[2K[1G[36m‚†ô[39m Generating browser application bundles (phase: building)...[2K[1G[36m‚†π[39m Generating browser application bundles (phase: sealing)...[2K[1G[32m‚úî[39m Browser application bundle generation complete.
[37m[39m
[37m[0m[1mInitial Chunk Files[22m[2m | [22m[1mNames[22m  [2m | [22m [1mRaw Size[22m[0m[39m
[37m[0m[92mmain.js[39m[37m            [2m | [22mmain   [2m | [22m[96m221.52 kB[39m[37m[2m | [22m[0m[39m
[37m[0m[92mruntime.js[39m[37m         [2m | [22mruntime[2m | [22m  [96m6.50 kB[39m[37m[2m | [22m[0m[39m
[37m[0m[0m[39m
[37m[0m3 unchanged chunks[0m[39m
[37m[0m[0m[39m
[37m[0mBuild at: [1m[37m2025-11-18T16:16:12.649Z[39m[37m[22m - Hash: [1m[37me2183debc3c0bbe4[39m[37m[22m - Time: [1m[37m265[39m[37m[22mms[0m[39m
[1m[31m[39m[22m
[1m[31m[0m[91mError: [39m[31m[0mModule not found: Error: Can't resolve 'C:/Users/pedrocorreia/Workspaces/Agular/fin-man-web/src/app/expenses/expenses-modal/edit-expense-modal.component.css?ngResource' in 'C:\Users\pedrocorreia\Workspaces\Agular\fin-man-web'[39m[22m
[1m[31m[39m[22m
[1m[31m[0m[91mError: [39m[31m[0mThe loader "C:/Users/pedrocorreia/Workspaces/Agular/fin-man-web/src/app/expenses/expenses-modal/edit-expense-modal.component.css" didn't return a string.[39m[22m
[1m[31m[39m[22m
[1m[31m[39m[22m
[37m[39m
[37m[91m√ó[39m[37m Failed to compile.[39m
[36m‚†ã[39m Generating browser application bundles...[2K[1G[36m‚†ô[39m Generating browser application bundles (phase: building)...[2K[1G[36m‚†π[39m Generating browser application bundles (phase: sealing)...[2K[1G[36m‚†∏[39m Generating browser application bundles (phase: sealing)...[2K[1G[36m‚†º[39m Generating browser application bundles (phase: sealing)...[2K[1G[32m‚úî[39m Browser application bundle generation complete.
[37m[39m
[37m[0m[1mInitial Chunk Files[22m[2m | [22m[1mNames[22m  [2m | [22m [1mRaw Size[22m[0m[39m
[37m[0m[92mmain.js[39m[37m            [2m | [22mmain   [2m | [22m[96m198.51 kB[39m[37m[2m | [22m[0m[39m
[37m[0m[92mruntime.js[39m[37m         [2m | [22mruntime[2m | [22m  [96m6.50 kB[39m[37m[2m | [22m[0m[39m
[37m[0m[0m[39m
[37m[0m3 unchanged chunks[0m[39m
[37m[0m[0m[39m
[37m[0mBuild at: [1m[37m2025-11-18T16:16:21.180Z[39m[37m[22m - Hash: [1m[37me2d9f7cc1493c210[39m[37m[22m - Time: [1m[37m944[39m[37m[22mms[0m[39m
[1m[31m[39m[22m
[1m[31m[0m[36m./src/app/app.module.ts[39m[31m[0m:[0m[93m23:0-99[39m[31m[0m - [0m[91mError: [39m[31m[0mModule not found: Error: Can't resolve './expenses/expenses-modal/edit-expense-modal.component' in 'C:\Users\pedrocorreia\Workspaces\Agular\fin-man-web\src\app'[39m[22m
[1m[31m[39m[22m
[1m[31m[0m[36m./src/app/expenses/expenses-list/expenses-list.component.ts[39m[31m[0m:[0m[93m11:0-69[39m[31m[0m - [0m[91mError: [39m[31m[0mModule not found: Error: Can't resolve '../expenses-modal/edit-expense-modal.component' in 'C:\Users\pedrocorreia\Workspaces\Agular\fin-man-web\src\app\expenses\expenses-list'[39m[22m
[1m[31m[39m[22m
[1m[31m[0m[91mError: [39m[31m[0m[96msrc/app/app.component.html[0m:[93m2[0m:[93m6[0m - [91merror[0m[90m NG8001: [0m'app-header' is not a known element:[39m[22m
[1m[31m1. If 'app-header' is an Angular component, then verify that it is part of this module.[39m[22m
[1m[31m2. If 'app-header' is a Web Component then add 'CUSTOM_ELEMENTS_SCHEMA' to the '@NgModule.schemas' of this component to suppress this message.[39m[22m
[1m[31m[39m[22m
[1m[31m[7m2[0m      <app-header></app-header>[39m[22m
[1m[31m[7m [0m [91m     ~~~~~~~~~~~~[0m[39m[22m
[1m[31m[39m[22m
[1m[31m  [96msrc/app/app.component.ts[0m:[93m5[0m:[93m16[0m[39m[22m
[1m[31m    [7m5[0m   templateUrl: './app.component.html',[39m[22m
[1m[31m    [7m [0m [96m               ~~~~~~~~~~~~~~~~~~~~~~[0m[39m[22m
[1m[31m    Error occurs in the template of component AppComponent.[39m[22m
[1m[31m[39m[22m
[1m[31m[39m[22m
[1m[31m[0m[91mError: [39m[31m[0m[96msrc/app/app.component.html[0m:[93m5[0m:[93m5[0m - [91merror[0m[90m NG8001: [0m'app-navbar' is not a known element:[39m[22m
[1m[31m1. If 'app-navbar' is an Angular component, then verify that it is part of this module.[39m[22m
[1m[31m2. If 'app-navbar' is a Web Component then add 'CUSTOM_ELEMENTS_SCHEMA' to the '@NgModule.schemas' of this component to suppress this message.[39m[22m
[1m[31m[39m[22m
[1m[31m[7m5[0m     <app-navbar></app-navbar>[39m[22m
[1m[31m[7m [0m [91m    ~~~~~~~~~~~~[0m[39m[22m
[1m[31m[39m[22m
[1m[31m  [96msrc/app/app.component.ts[0m:[93m5[0m:[93m16[0m[39m[22m
[1m[31m    [7m5[0m   templateUrl: './app.component.html',[39m[22m
[1m[31m    [7m [0m [96m               ~~~~~~~~~~~~~~~~~~~~~~[0m[39m[22m
[1m[31m    Error occurs in the template of component AppComponent.[39m[22m
[1m[31m[39m[22m
[1m[31m[39m[22m
[1m[31m[0m[91mError: [[39m[22m[1m[31m39m[0m[96msrc/app/app.component.html[0m:[93m8[0m:[93m6[0m - [91merror[0m[90m NG8001: [0m'router-outlet' is not a known element:[39m[22m
[1m[31m1. If 'router-outlet' is an Angular component, then verify that it is part of this module.[39m[22m
[1m[31m2. If 'router-outlet' is a Web Component then add 'CUSTOM_ELEMENTS_SCHEMA' to the '@NgModule.schemas' of this component to suppress this message.[39m[22m
[1m[31m[39m[22m
[1m[31m[7m8[0m      <router-outlet></router-outlet>[39m[22m
[1m[31m[7m [0m [91m     ~~~~~~~~~~~~~~~[0m[39m[22m
[1m[31m[39m[22m
[1m[31m  [96msrc/app/app.component.ts[0m:[93m5[0m:[93m16[0m[39m[22m
[1m[31m    [7m5[0m   templateUrl: './app.component.html',[39m[22m
[1m[31m    [7m [0m [96m               ~~~~~~~~~~~~~~~~~~~~~~[0m[39m[22m
[1m[31m    Error occurs in the template of component AppComponent.[39m[22m
[1m[31m[39m[22m
[1m[31m[39m[22m
[1m[31m[0m[91mError: [39m[31m[0m[96msrc/app/app.module.ts[0m:[93m22[0m:[93m43[0m - [91merror[0m[90m TS2307: [0mCannot find module './expenses/expenses-modal/edit-expense-modal.component' or its corresponding type declarations.[39m[22m
[1m[31m[39m[22m
[1m[31m[7m22[0m import { EditExpenseModalComponent } from './expenses/expenses-modal/edit-expense-modal.component';[39m[22m
[1m[31m[7m  [0m [91m                                          ~~~~~~~~~~~~~~~~~~~~~~~~~~~~~~~~~~~~~~~~~~~~~~~~~~~~~~~~[0m[39m[22m
[1m[31m[39m[22m
[1m[31m[39m[22m
[1m[31m[0m[91mError: [39m[31m[0m[96msrc/app/app.module.ts[0m:[93m24[0m:[93m17[0m - [91merror[0m[90m NG1010: [0mValue[39m[22m
[1m[31m[39m[22m
[1m[31m[0m[91mError: [39m[31m[0m[96msrc/app/dashboard/dashboard.component.html[0m:[93m9[0m:[93m34[0m - [91merror[0m[90m NG8004: [0mNo pipe found with name 'async'.[39m[22m
[1m[31m[39m[22m
[1m[31m[7m9[0m         [value]="selectedYear$ | async"[39m[22m
[1m[31m[7m [0m [91m                                 ~~~~~[0m[39m[22m
[1m[31m[39m[22m
[1m[31m  [96msrc/app/dashboard/dashboard.component.ts[0m:[93m8[0m:[93m16[0m[39m[22m
[1m[31m    [7m8[0m   templateUrl: './dashboard.component.html',[39m[22m
[1m[31m    [7m [0m [96m               ~~~~~~~~~~~~~~~~~~~~~~~~~~~~[0m[39m[22m
[1m[31m    Error occurs in the template of component DashboardComponent.[39m[22m
[1m[31m[39m[22m
[1m[31m[39m[22m
[1m[31m[0m[91mError: [39m[31m[0m[96msrc/app/dashboard/dashboard.component.html[0m:[93m19[0m:[93m3[0m - [91merror[0m[90m NG8001: [0m'app-summary-g[39m[22m[1m[31mrid' is not a known element:[39m[22m
[1m[31m1. If 'app-summary-grid' is an Angular component, then verify that it is part of this module.[39m[22m
[1m[31m2. If 'app-summary-grid' is a Web Component then add 'CUSTOM_ELEMENTS_SCHEMA' to the '@NgModule.schemas' of this component to suppress this message.[39m[22m
[1m[31m[39m[22m
[1m[31m[7m19[0m   <app-summary-grid [selectedYear$]="selectedYear$"></app-summary-grid>[39m[22m
[1m[31m[7m  [0m [91m  ~~~~~~~~~~~~~~~~~~~~~~~~~~~~~~~~~~~~~~~~~~~~~~~~~~[0m[39m[22m
[1m[31m[39m[22m
[1m[31m  [96msrc/app/dashboard/dashboard.component.ts[0m:[93m8[0m:[93m16[0m[39m[22m
[1m[31m    [7m8[0m   templateUrl: './dashboard.component.html',[39m[22m
[1m[31m    [7m [0m [96m               ~~~~~~~~~~~~~~~~~~~~~~~~~~~~[0m[39m[22m
[1m[31m    Error occurs in the template of component DashboardComponent.[39m[22m
[1m[31m[39m[22m
[1m[31m[39m[22m
[1m[31m[0m[91mError: [39m[31m[0m[96msrc/app/dashboard/dashboard.component.html[0m:[93m19[0m:[93m21[0m - [91merror[0m[90m NG8002: [0mCan't bind to 'selectedYear$' since it isn't a known property of 'app-summary-grid'.[39m[22m
[1m[31m1. If 'app-summary-grid' is an Angular component and it has 'selectedYear$' input, then verify that it is part of this module.[39m[22m
[1m[31m2. If 'app-summary-grid' is a Web Component then add 'CUSTOM_ELEMENTS_SCHEMA' to the '@NgModule.schemas' of this component to suppress this message.[39m[22m
[1m[31m3. To allow any property add 'NO_ERRORS_SCHEMA' to the '@NgModule.schemas' of this component.[39m[22m
[1m[31m[39m[22m
[1m[31m[7m19[0m   <app-summary-grid [selectedYear$]="selectedYear$"></app-summary-grid>[39m[22m
[1m[31m[7m  [0m [91m                    ~~~~~~~~~~~~~~~~~~~~~~~~~~~~~~~[0m[39m[22m
[1m[31m[39m[22m
[1m[31m  [96msrc/app/dashboard/dashboard.component.ts[0m:[93m8[0m:[93m16[0m[39m[22m
[1m[31m    [7m8[0m   templateUrl: './dashboard.component.html',[39m[22m
[1m[31m    [7m [0m [96m               ~~~~~~~~~~~~~~~~~~~~~~~~~~~~[0m[39m[22m
[1m[31m    Error occurs in the template of component DashboardComponent.[39m[22m
[1m[31m[39m[22m
[1m[31m[39m[22m
[1m[31m[0m[91mError: [39m[31m[0m[96msrc/app/dashboard/dashboard.component.html[0m:[93m23[0m:[93m7[0m - [91merror[0m[90m NG8001: [0m'app-trend-chart' is not a known element:[39m[22m
[1m[31m1. If 'app-trend-chart' is an Angular component, then verify that it is part of this module[39m[22m[1m[31m.[39m[22m
[1m[31m2. If 'app-trend-chart' is a Web Component then add 'CUSTOM_ELEMENTS_SCHEMA' to the '@NgModule.schemas' of this component to suppress this message.[39m[22m
[1m[31m[39m[22m
[1m[31m[7m23[0m       <app-trend-chart [selectedYear$]="selectedYear$"></app-trend-chart>[39m[22m
[1m[31m[7m  [0m [91m      ~~~~~~~~~~~~~~~~~~~~~~~~~~~~~~~~~~~~~~~~~~~~~~~~~[0m[39m[22m
[1m[31m[39m[22m
[1m[31m  [96msrc/app/dashboard/dashboard.component.ts[0m:[93m8[0m:[93m16[0m[39m[22m
[1m[31m    [7m8[0m   templateUrl: './dashboard.component.html',[39m[22m
[1m[31m    [7m [0m [96m               ~~~~~~~~~~~~~~~~~~~~~~~~~~~~[0m[39m[22m
[1m[31m    Error occurs in the template of component DashboardComponent.[39m[22m
[1m[31m[39m[22m
[1m[31m[39m[22m
[1m[31m[0m[91mError: [39m[31m[0m[96msrc/app/dashboard/dashboard.component.html[0m:[93m23[0m:[93m24[0m - [91merror[0m[90m NG8002: [0mCan't bind to 'selectedYear$' since it isn't a known property of 'app-trend-chart'.[39m[22m
[1m[31m1. If 'app-trend-chart' is an Angular component and it has 'selectedYear$' input, then verify that it is part of this module.[39m[22m
[1m[31m2. If 'app-trend-chart' is a Web Component then add 'CUSTOM_ELEMENTS_SCHEMA' to the '@NgModule.schemas' of this component to suppress this message.[39m[22m
[1m[31m3. To allow any property add 'NO_ERRORS_SCHEMA' to the '@NgModule.schemas' of this component.[39m[22m
[1m[31m[39m[22m
[1m[31m[7m23[0m       <app-trend-chart [selectedYear$]="selectedYear$"></app-trend-chart>[39m[22m
[1m[31m[7m  [0m [91m                       ~~~~~~~~~~~~~~~~~~~~~~~~~~~~~~~[0m[39m[22m
[1m[31m[39m[22m
[1m[31m  [96msrc/app/dashboard/dashboard.component.ts[0m:[93m8[0m:[93m16[0m[39m[22m
[1m[31m    [7m8[0m   templateUrl: './dashboard.component.html',[39m[22m
[1m[31m    [7m [0m [96m               ~~~~~~~~~~~~~~~~~~~~~~~~~~~~[0m[39m[22m
[1m[31m    Error occurs in the template of component DashboardComponent.[39m[22m
[1m[31m[39m[22m
[1m[31m[39m[22m
[1m[31m[0m[91mError: [39m[31m[0m[96msrc/app/dashboard/dashboard.component.html[0m:[93m24[0m:[93m7[0m - [91merror[0m[90m NG8001: [0m'app-category-chart' is not a known element:[39m[22m
[1m[31m1. If 'app-category-chart' is an Angular component, then verify that it is part of this module.[39m[22m
[1m[31m2. If 'app-category-chart' is a Web Component then add 'CUSTOM_ELEMENTS_SCHEMA' to the '@NgModule.schemas' [39m[22m[1m[31mof this component to suppress this message.[39m[22m
[1m[31m[39m[22m
[1m[31m[7m24[0m       <app-category-chart [selectedYear$]="selectedYear$"></app-category-chart>[39m[22m
[1m[31m[7m  [0m [91m      ~~~~~~~~~~~~~~~~~~~~~~~~~~~~~~~~~~~~~~~~~~~~~~~~~~~~[0m[39m[22m
[1m[31m[39m[22m
[1m[31m  [96msrc/app/dashboard/dashboard.component.ts[0m:[93m8[0m:[93m16[0m[39m[22m
[1m[31m    [7m8[0m   templateUrl: './dashboard.component.html',[39m[22m
[1m[31m    [7m [0m [96m               ~~~~~~~~~~~~~~~~~~~~~~~~~~~~[0m[39m[22m
[1m[31m    Error occurs in the template of component DashboardComponent.[39m[22m
[1m[31m[39m[22m
[1m[31m[39m[22m
[1m[31m[0m[91mError: [39m[31m[0m[96msrc/app/dashboard/dashboard.component.html[0m:[93m24[0m:[93m27[0m - [91merror[0m[90m NG8002: [0mCan't bind to 'selectedYear$' since it isn't a known property of 'app-category-chart'.[39m[22m
[1m[31m1. If 'app-category-chart' is an Angular component and it has 'selectedYear$' input, then verify that it is part of this module.[39m[22m
[1m[31m2. If 'app-category-chart' is a Web Component then add 'CUSTOM_ELEMENTS_SCHEMA' to the '@NgModule.schemas' of this component to suppress this message.[39m[22m
[1m[31m3. To allow any property add 'NO_ERRORS_SCHEMA' to the '@NgModule.schemas' of this component.[39m[22m
[1m[31m[39m[22m
[1m[31m[7m24[0m       <app-category-chart [selectedYear$]="selectedYear$"></app-category-chart>[39m[22m
[1m[31m[7m  [0m [91m                          ~~~~~~~~~~~~~~~~~~~~~~~~~~~~~~~[0m[39m[22m
[1m[31m[39m[22m
[1m[31m  [96msrc/app/dashboard/dashboard.component.ts[0m:[93m8[0m:[93m16[0m[39m[22m
[1m[31m    [7m8[0m   templateUrl: './dashboard.component.html',[39m[22m
[1m[31m    [7m [0m [96m               ~~~~~~~~~~~~~~~~~~~~~~~~~~~~[0m[39m[22m
[1m[31m    Error occurs in the template of component DashboardComponent.[39m[22m
[1m[31m[39m[22m
[1m[31m[39m[22m
[1m[31m[0m[91mError: [39m[31m[0m[96msrc/app/dashboard/dashboard.component.html[0m:[93m28[0m:[93m3[0m - [91merror[0m[90m NG8001: [0m'app-top-categories' is not a known element:[39m[22m
[1m[31m1. If 'app-top-categories' is an Angular component, then verify that it is part of this module.[39m[22m
[1m[31m2. If 'app-top-categories' is a Web Component then add 'CUSTOM_ELEMENTS_SCHEMA' to the '@NgModule.schemas' of this component to suppress this message.[39m[22m
[1m[31m[39m[22m
[1m[31m[7m28[0m   <app-top-categories[39m[22m[1m[31m [selectedYear$]="selectedYear$"></app-top-categories>[39m[22m
[1m[31m[7m  [0m [91m  ~~~~~~~~~~~~~~~~~~~~~~~~~~~~~~~~~~~~~~~~~~~~~~~~~~~~[0m[39m[22m
[1m[31m[39m[22m
[1m[31m  [96msrc/app/dashboard/dashboard.component.ts[0m:[93m8[0m:[93m16[0m[39m[22m
[1m[31m    [7m8[0m   templateUrl: './dashboard.component.html',[39m[22m
[1m[31m    [7m [0m [96m               ~~~~~~~~~~~~~~~~~~~~~~~~~~~~[0m[39m[22m
[1m[31m    Error occurs in the template of component DashboardComponent.[39m[22m
[1m[31m[39m[22m
[1m[31m[39m[22m
[1m[31m[0m[91mError: [39m[31m[0m[96msrc/app/dashboard/dashboard.component.html[0m:[93m28[0m:[93m23[0m - [91merror[0m[90m NG8002: [0mCan't bind to 'selectedYear$' since it isn't a known property of 'app-top-categories'.[39m[22m
[1m[31m1. If 'app-top-categories' is an Angular component and it has 'selectedYear$' input, then verify that it is part of this module.[39m[22m
[1m[31m2. If 'app-top-categories' is a Web Component then add 'CUSTOM_ELEMENTS_SCHEMA' to the '@NgModule.schemas' of this component to suppress this message.[39m[22m
[1m[31m3. To allow any property add 'NO_ERRORS_SCHEMA' to the '@NgModule.schemas' of this component.[39m[22m
[1m[31m[39m[22m
[1m[31m[7m28[0m   <app-top-categories [selectedYear$]="selectedYear$"></app-top-categories>[39m[22m
[1m[31m[7m  [0m [91m                      ~~~~~~~~~~~~~~~~~~~~~~~~~~~~~~~[0m[39m[22m
[1m[31m[39m[22m
[1m[31m  [96msrc/app/dashboard/dashboard.component.ts[0m:[93m8[0m:[93m16[0m[39m[22m
[1m[31m    [7m8[0m   templateUrl: './dashboard.component.html',[39m[22m
[1m[31m    [7m [0m [96m               ~~~~~~~~~~~~~~~~~~~~~~~~~~~~[0m[39m[22m
[1m[31m    Error occurs in the template of component DashboardComponent.[39m[22m
[1m[31m[39m[22m
[1m[31m[39m[22m
[1m[31m[0m[91mError: [39m[31m[0m[96msrc/app/expenses/expenses-list/expenses-list.component.html[0m:[93m166[0m:[93m1[0m - [91merror[0m[90m NG8001: [0m'app-edit-expense-modal' is not a known element:[39m[22m
[1m[31m1. If 'app-edit-expense-modal' is an Angular component, then verify that it is part of this module.[39m[22m
[1m[31m2. If 'app-edit-expense-modal' is a Web Component then add 'CUSTOM_ELEMENTS_SCHEMA' to the '@NgModule.schemas' of this component to suppress this message.[39m[22m
[1m[31m[39m[22m
[1m[31m[7m166[0m <app-edit-expense-modal[39m[22m
[1m[31m[7m   [0m [91m~~~~~~~~~~~~~~~~~~~~~~~[0m[39m[22m
[1m[31m[7m167[0m   [39m[22m[1m[31m[isOpen]="isEditModalOpen"[39m[22m
[1m[31m[7m   [0m [91m~~~~~~~~~~~~~~~~~~~~~~~~~~~~[0m[39m[22m
[1m[31m[7m...[0m [39m[22m
[1m[31m[7m170[0m   (save)="onSaveExpense($event)"[39m[22m
[1m[31m[7m   [0m [91m~~~~~~~~~~~~~~~~~~~~~~~~~~~~~~~~[0m[39m[22m
[1m[31m[7m171[0m   (delete)="onDeleteExpense($event)">[39m[22m
[1m[31m[7m   [0m [91m~~~~~~~~~~~~~~~~~~~~~~~~~~~~~~~~~~~~~[0m[39m[22m
[1m[31m[39m[22m
[1m[31m  [96msrc/app/expenses/expenses-list/expenses-list.component.ts[0m:[93m25[0m:[93m16[0m[39m[22m
[1m[31m    [7m25[0m   templateUrl: './expenses-list.component.html',[39m[22m
[1m[31m    [7m  [0m [96m               ~~~~~~~~~~~~~~~~~~~~~~~~~~~~~~~~[0m[39m[22m
[1m[31m    Error occurs in the template of component ExpensesListComponent.[39m[22m
[1m[31m[39m[22m
[1m[31m[39m[22m
[1m[31m[0m[91mError: [39m[31m[0m[96msrc/app/expenses/expenses-list/expenses-list.component.html[0m:[93m167[0m:[93m3[0m - [91merror[0m[90m NG8002: [0mCan't bind to 'isOpen' since it isn't a known property of 'app-edit-expense-modal'.[39m[22m
[1m[31m1. If 'app-edit-expense-modal' is an Angular component and it has 'isOpen' input, then verify that it is part of this module.[39m[22m
[1m[31m2. If 'app-edit-expense-modal' is a Web Component then add 'CUSTOM_ELEMENTS_SCHEMA' to the '@NgModule.schemas' of this component to suppress this message.[39m[22m
[1m[31m3. To allow any property add 'NO_ERRORS_SCHEMA' to the '@NgModule.schemas' of this component.[39m[22m
[1m[31m[39m[22m
[1m[31m[7m167[0m   [isOpen]="isEditModalOpen"[39m[22m
[1m[31m[7m   [0m [91m  ~~~~~~~~~~~~~~~~~~~~~~~~~~[0m[39m[22m
[1m[31m[39m[22m
[1m[31m  [96msrc/app/expenses/expenses-list/expenses-list.component.ts[0m:[93m25[0m:[93m16[0m[39m[22m
[1m[31m    [7m25[0m   templateUrl: './expenses-list.component.html',[39m[22m
[1m[31m    [7m  [0m [96m               ~~~~~~~~~~~~~~~~~~~~~~~~~~~~~~~~[0m[39m[22m
[1m[31m    Error occurs in the template of component ExpensesListComponent.[39m[22m
[1m[31m[39m[22m
[1m[31m[39m[22m
[1m[31m[0m[91mError: [39m[31m[0m[96msrc/app/expenses/expenses-list/expenses-list.component.html[0m:[93m168[0m:[93m3[0m - [91merror[0m[90m NG8002: [0mCan't bind to 'expense' since it isn't a known property of 'app-edit-expense-modal'.[39m[22m
[1m[31m1. If 'app-edit-expense-modal' is an Angular component and it has 'expense' input, then verify that it is part of this module.[39m[22m
[1m[31m2. If 'app-e[39m[22m[1m[31mdit-expense-modal' is a Web Component then add 'CUSTOM_ELEMENTS_SCHEMA' to the '@NgModule.schemas' of this component to suppress this message.[39m[22m
[1m[31m3. To allow any property add 'NO_ERRORS_SCHEMA' to the '@NgModule.schemas' of this component.[39m[22m
[1m[31m[39m[22m
[1m[31m[7m168[0m   [expense]="editingExpense"[39m[22m
[1m[31m[7m   [0m [91m  ~~~~~~~~~~~~~~~~~~~~~~~~~~[0m[39m[22m
[1m[31m[39m[22m
[1m[31m  [96msrc/app/expenses/expenses-list/expenses-list.component.ts[0m:[93m25[0m:[93m16[0m[39m[22m
[1m[31m    [7m25[0m   templateUrl: './expenses-list.component.html',[39m[22m
[1m[31m    [7m  [0m [96m               ~~~~~~~~~~~~~~~~~~~~~~~~~~~~~~~~[0m[39m[22m
[1m[31m    Error occurs in the template of component ExpensesListComponent.[39m[22m
[1m[31m[39m[22m
[1m[31m[39m[22m
[1m[31m[0m[91mError: [39m[31m[0m[96msrc/app/expenses/expenses.component.html[0m:[93m8[0m:[93m9[0m - [91merror[0m[90m NG8002: [0mCan't bind to 'formGroup' since it isn't a known property of 'form'.[39m[22m
[1m[31m[39m[22m
[1m[31m[7m8[0m   <form [formGroup]="filtersForm" class="filters-form">[39m[22m
[1m[31m[7m [0m [91m        ~~~~~~~~~~~~~~~~~~~~~~~~~[0m[39m[22m
[1m[31m[39m[22m
[1m[31m  [96msrc/app/expenses/expenses.component.ts[0m:[93m21[0m:[93m16[0m[39m[22m
[1m[31m    [7m21[0m   templateUrl: './expenses.component.html',[39m[22m
[1m[31m    [7m  [0m [96m               ~~~~~~~~~~~~~~~~~~~~~~~~~~~[0m[39m[22m
[1m[31m    Error occurs in the template of component ExpensesComponent.[39m[22m
[1m[31m[39m[22m
[1m[31m[39m[22m
[1m[31m[0m[91mError: [39m[31m[0m[96msrc/app/expenses/expenses.component.html[0m:[93m112[0m:[93m3[0m - [91merror[0m[90m NG8001: [0m'app-expenses-list' is not a known element:[39m[22m
[1m[31m1. If 'app-expenses-list' is an Angular component, then verify that it is part of this module.[39m[22m
[1m[31m2. If 'app-expenses-list' is a Web Component then add 'CUSTOM_ELEMENTS_SCHEMA' to the '@NgModule.schemas' of this component to suppress this message.[39m[22m
[1m[31m[39m[22m
[1m[31m[7m112[0m   <app-expenses-list [filters$]="filters$"></app-expenses-list>[39m[22m
[1m[31m[7m   [0m [91m  ~~~~~~~~~~~~~~~~~~~~~~~~~~~~~~~~~~~~~~~~~[0m[39m[22m
[1m[31m[39m[22m
[1m[31m  [96msrc/app/expenses/expenses.component.ts[0m:[93m21[0m:[93m16[0m[39m[22m
[1m[31m    [7m21[0m   templateUrl: './expenses.component.html',[39m[22m
[1m[31m    [7m  [0m [96m               ~~~~~~~~~~~~~~~~~~~~~~~~[39m[22m[1m[31m~~~[0m[39m[22m
[1m[31m    Error occurs in the template of component ExpensesComponent.[39m[22m
[1m[31m[39m[22m
[1m[31m[39m[22m
[1m[31m[0m[91mError: [39m[31m[0m[96msrc/app/expenses/expenses.component.html[0m:[93m112[0m:[93m22[0m - [91merror[0m[90m NG8002: [0mCan't bind to 'filters$' since it isn't a known property of 'app-expenses-list'.[39m[22m
[1m[31m1. If 'app-expenses-list' is an Angular component and it has 'filters$' input, then verify that it is part of this module.[39m[22m
[1m[31m2. If 'app-expenses-list' is a Web Component then add 'CUSTOM_ELEMENTS_SCHEMA' to the '@NgModule.schemas' of this component to suppress this message.[39m[22m
[1m[31m3. To allow any property add 'NO_ERRORS_SCHEMA' to the '@NgModule.schemas' of this component.[39m[22m
[1m[31m[39m[22m
[1m[31m[7m112[0m   <app-expenses-list [filters$]="filters$"></app-expenses-list>[39m[22m
[1m[31m[7m   [0m [91m                     ~~~~~~~~~~~~~~~~~~~~~[0m[39m[22m
[1m[31m[39m[22m
[1m[31m  [96msrc/app/expenses/expenses.component.ts[0m:[93m21[0m:[93m16[0m[39m[22m
[1m[31m    [7m21[0m   templateUrl: './expenses.component.html',[39m[22m
[1m[31m    [7m  [0m [96m               ~~~~~~~~~~~~~~~~~~~~~~~~~~~[0m[39m[22m
[1m[31m    Error occurs in the template of component ExpensesComponent.[39m[22m
[1m[31m[39m[22m
[1m[31m[39m[22m
[1m[31m[0m[91mError: [39m[31m[0m[96msrc/app/header/header.component.html[0m:[93m3[0m:[93m3[0m - [91merror[0m[90m NG8001: [0m'app-user-selector' is not a known element:[39m[22m
[1m[31m1. If 'app-user-selector' is an Angular component, then verify that it is part of this module.[39m[22m
[1m[31m2. If 'app-user-selector' is a Web Component then add 'CUSTOM_ELEMENTS_SCHEMA' to the '@NgModule.schemas' of this component to suppress this message.[39m[22m
[1m[31m[39m[22m
[1m[31m[7m3[0m   <app-user-selector></app-user-selector>[39m[22m
[1m[31m[7m [0m [91m  ~~~~~~~~~~~~~~~~~~~[0m[39m[22m
[1m[31m[39m[22m
[1m[31m  [96msrc/app/header/header.component.ts[0m:[93m5[0m:[93m16[0m[39m[22m
[1m[31m    [7m5[0m   templateUrl: './header.component.html',[39m[22m
[1m[31m    [7m [0m [96m               ~~~~~~~~~~~~~~~~~~~~~~~~~[0m[39m[22m
[1m[31m    Error occurs in the template of component HeaderComponent.[39m[22m
[1m[31m[39m[22m
[1m[31m[39m[22m
[1m[31m[0m[91mError: [39m[31m[0m[96msrc/app/header/user-selector/user-selector.component.html[0m:[93m3[0m:[93m36[0m - [91merror[0m[90m NG8004: [0m[39m[22m[1m[31mNo pipe found with name 'async'.[39m[22m
[1m[31m[39m[22m
[1m[31m[7m3[0m     {{ (userService.currentUser$ | async)?.name }}[39m[22m
[1m[31m[7m [0m [91m                                   ~~~~~[0m[39m[22m
[1m[31m[39m[22m
[1m[31m  [96msrc/app/header/user-selector/user-selector.component.ts[0m:[93m6[0m:[93m16[0m[39m[22m
[1m[31m    [7m6[0m   templateUrl: './user-selector.component.html',[39m[22m
[1m[31m    [7m [0m [96m               ~~~~~~~~~~~~~~~~~~~~~~~~~~~~~~~~[0m[39m[22m
[1m[31m    Error occurs in the template of component UserSelectorComponent.[39m[22m
[1m[31m[39m[22m
[1m[31m[39m[22m
[1m[31m[39m[22m
[37m[39m
[37m[91m√ó[39m[37m Failed to compile.[39m
[36m‚†ã[39m Generating browser application bundles...[2K[1G[36m‚†ô[39m Generating browser application bundles (phase: building)...[2K[1G[36m‚†π[39m Generating browser application bundles (phase: building)...[2K[1G[32m‚úî[39m Browser application bundle generation complete.
[37m[39m
[37m[0m[1mInitial Chunk Files[22m[2m | [22m[1mNames[22m  [2m | [22m [1mRaw Size[22m[0m[39m
[37m[0m[92mmain.js[39m[37m            [2m | [22mmain   [2m | [22m[96m198.49 kB[39m[37m[2m | [22m[0m[39m
[37m[0m[92mruntime.js[39m[37m         [2m | [22mruntime[2m | [22m  [96m6.50 kB[39m[37m[2m | [22m[0m[39m
[37m[0m[0m[39m
[37m[0m3 unchanged chunks[0m[39m
[37m[0m[0m[39m
[37m[0mBuild at: [1m[37m2025-11-18T16:17:08.007Z[39m[37m[22m - Hash: [1m[37mae318e5c6b188cf0[39m[37m[22m - Time: [1m[37m247[39m[37m[22mms[0m[39m
[1m[31m[39m[22m
[1m[31m[0m[36m./src/app/app.module.ts[39m[31m[0m:[0m[93m23:0-99[39m[31m[0m - [0m[91mError: [39m[31m[0mModule not found: Error: Can't resolve './expenses/expenses-modal/edit-expense-modal.component' in 'C:\Users\pedrocorreia\Workspaces\Agular\fin-man-web\src\app'[39m[22m
[1m[31m[39m[22m
[1m[31m[0m[91mError: [39m[31m[0m[96msrc/app/app.component.html[0m:[93m2[0m:[93m6[0m - [91merror[0m[90m NG8001: [0m'app-header' is not a known element:[39m[22m
[1m[31m1. If 'app-header' is an Angular component, then verify that it is part of this module.[39m[22m
[1m[31m2. If 'app-header' is a Web Component then add 'CUSTOM_ELEMENTS_SCHEMA' to the '@NgModule.schemas' of this component to suppress this message.[39m[22m
[1m[31m[39m[22m
[1m[31m[7m2[0m      <app-header></app-header>[39m[22m
[1m[31m[7m [0m [91m     ~~~~~~~~~~~~[0m[39m[22m
[1m[31m[39m[22m
[1m[31m  [96msrc/app/app.component.ts[0m:[93m5[0m:[93m16[0m[39m[22m
[1m[31m    [7m5[0m   templateUrl: './app.component.html',[39m[22m
[1m[31m    [7m [0m [96m               ~~~~~~~~~~~~~~~~~~~~~~[0m[39m[22m
[1m[31m    Error occurs in the template of component AppComponent.[39m[22m
[1m[31m[39m[22m
[1m[31m[39m[22m
[1m[31m[0m[91mError: [39m[31m[0m[96msrc/app/app.component.html[0m:[93m5[0m:[93m5[0m - [91merror[0m[90m NG8001: [0m'app-navbar' is not a known element:[39m[22m
[1m[31m1. If 'app-navbar' is an Angular component, then verify that it is part of this module.[39m[22m
[1m[31m2. If 'app-navbar' is a Web Component then add 'CUSTOM_ELEMENTS_SCHEMA' to the '@NgModule.schemas' of this component to suppress this message.[39m[22m
[1m[31m[39m[22m
[1m[31m[7m5[0m     <app-navbar></app-navbar>[39m[22m
[1m[31m[7m [0m [91m    ~~~~~~~~~~~~[0m[39m[22m
[1m[31m[39m[22m
[1m[31m  [96msrc/app/app.component.ts[0m:[93m5[0m:[93m16[0m[39m[22m
[1m[31m    [7m5[0m   templateUrl: './app.component.html',[39m[22m
[1m[31m    [7m [0m [96m               ~~~~~~~~~~~~~~~~~~~~~~[0m[39m[22m
[1m[31m    Error occurs in the template of component AppComponent.[39m[22m
[1m[31m[39m[22m
[1m[31m[39m[22m
[1m[31m[0m[91mError: [39m[31m[0m[96msrc/app/app.component.html[0m:[93m8[0m:[93m6[0m - [91merror[0m[90m NG8001: [0m'router-outlet' is not a known element:[39m[22m
[1m[31m1. If 'router-outlet' is an Angular component, then verify that it is part of this module.[39m[22m
[1m[31m2. If 'router-outlet' is a Web Component then add 'CUSTOM_ELEMENTS_SCHEMA' to [39m[22m[1m[31mthe '@NgModule.schemas' of this component to suppress this message.[39m[22m
[1m[31m[39m[22m
[1m[31m[7m8[0m      <router-outlet></router-outlet>[39m[22m
[1m[31m[7m [0m [91m     ~~~~~~~~~~~~~~~[0m[39m[22m
[1m[31m[39m[22m
[1m[31m  [96msrc/app/app.component.ts[0m:[93m5[0m:[93m16[0m[39m[22m
[1m[31m    [7m5[0m   templateUrl: './app.component.html',[39m[22m
[1m[31m    [7m [0m [96m               ~~~~~~~~~~~~~~~~~~~~~~[0m[39m[22m
[1m[31m    Error occurs in the template of component AppComponent.[39m[22m
[1m[31m[39m[22m
[1m[31m[39m[22m
[1m[31m[0m[91mError: [39m[31m[0m[96msrc/app/app.module.ts[0m:[93m22[0m:[93m43[0m - [91merror[0m[90m TS2307: [0mCannot find module './expenses/expenses-modal/edit-expense-modal.component' or its corresponding type declarations.[39m[22m
[1m[31m[39m[22m
[1m[31m[7m22[0m import { EditExpenseModalComponent } from './expenses/expenses-modal/edit-expense-modal.component';[39m[22m
[1m[31m[7m  [0m [91m                                          ~~~~~~~~~~~~~~~~~~~~~~~~~~~~~~~~~~~~~~~~~~~~~~~~~~~~~~~~[0m[39m[22m
[1m[31m[39m[22m
[1m[31m[39m[22m
[1m[31m[0m[91mError: [39m[31m[0m[96msrc/app/app.module.ts[0m:[93m24[0m:[93m17[0m - [91merror[0m[90m NG1010: [0mValue[39m[22m
[1m[31m[39m[22m
[1m[31m[0m[91mError: [39m[31m[0m[96msrc/app/dashboard/dashboard.component.html[0m:[93m9[0m:[93m34[0m - [91merror[0m[90m NG8004: [0mNo pipe found with name 'async'.[39m[22m
[1m[31m[39m[22m
[1m[31m[7m9[0m         [value]="selectedYear$ | async"[39m[22m
[1m[31m[7m [0m [91m                                 ~~~~~[0m[39m[22m
[1m[31m[39m[22m
[1m[31m  [96msrc/app/dashboard/dashboard.component.ts[0m:[93m8[0m:[93m16[0m[39m[22m
[1m[31m    [7m8[0m   templateUrl: './dashboard.component.html',[39m[22m
[1m[31m    [7m [0m [96m               ~~~~~~~~~~~~~~~~~~~~~~~~~~~~[0m[39m[22m
[1m[31m    Error occurs in the template of component DashboardComponent.[39m[22m
[1m[31m[39m[22m
[1m[31m[39m[22m
[1m[31m[0m[91mError: [39m[31m[0m[96msrc/app/dashboard/dashboard.component.html[0m:[93m19[0m:[93m3[0m - [91merror[0m[90m NG8001: [0m'app-summary-grid' is not a known element:[39m[22m
[1m[31m1. If 'app-summary-grid' is an Angular component, then verify that it is part of this module.[39m[22m
[1m[31m2. If 'app-summary-grid' is a Web Component then add 'CUSTOM_ELEMENTS_SCHEMA' to the '@NgModule.schemas' of this component to suppress this message.[39m[22m
[1m[31m[39m[22m
[1m[31m[7m19[0m   <app-summary-grid [s[39m[22m[1m[31melectedYear$]="selectedYear$"></app-summary-grid>[39m[22m
[1m[31m[7m  [0m [91m  ~~~~~~~~~~~~~~~~~~~~~~~~~~~~~~~~~~~~~~~~~~~~~~~~~~[0m[39m[22m
[1m[31m[39m[22m
[1m[31m  [96msrc/app/dashboard/dashboard.component.ts[0m:[93m8[0m:[93m16[0m[39m[22m
[1m[31m    [7m8[0m   templateUrl: './dashboard.component.html',[39m[22m
[1m[31m    [7m [0m [96m               ~~~~~~~~~~~~~~~~~~~~~~~~~~~~[0m[39m[22m
[1m[31m    Error occurs in the template of component DashboardComponent.[39m[22m
[1m[31m[39m[22m
[1m[31m[39m[22m
[1m[31m[0m[91mError: [39m[31m[0m[96msrc/app/dashboard/dashboard.component.html[0m:[93m19[0m:[93m21[0m - [91merror[0m[90m NG8002: [0mCan't bind to 'selectedYear$' since it isn't a known property of 'app-summary-grid'.[39m[22m
[1m[31m1. If 'app-summary-grid' is an Angular component and it has 'selectedYear$' input, then verify that it is part of this module.[39m[22m
[1m[31m2. If 'app-summary-grid' is a Web Component then add 'CUSTOM_ELEMENTS_SCHEMA' to the '@NgModule.schemas' of this component to suppress this message.[39m[22m
[1m[31m3. To allow any property add 'NO_ERRORS_SCHEMA' to the '@NgModule.schemas' of this component.[39m[22m
[1m[31m[39m[22m
[1m[31m[7m19[0m   <app-summary-grid [selectedYear$]="selectedYear$"></app-summary-grid>[39m[22m
[1m[31m[7m  [0m [91m                    ~~~~~~~~~~~~~~~~~~~~~~~~~~~~~~~[0m[39m[22m
[1m[31m[39m[22m
[1m[31m  [96msrc/app/dashboard/dashboard.component.ts[0m:[93m8[0m:[93m16[0m[39m[22m
[1m[31m    [7m8[0m   templateUrl: './dashboard.component.html',[39m[22m
[1m[31m    [7m [0m [96m               ~~~~~~~~~~~~~~~~~~~~~~~~~~~~[0m[39m[22m
[1m[31m    Error occurs in the template of component DashboardComponent.[39m[22m
[1m[31m[39m[22m
[1m[31m[39m[22m
[1m[31m[0m[91mError: [39m[31m[0m[96msrc/app/dashboard/dashboard.component.html[0m:[93m23[0m:[93m7[0m - [91merror[0m[90m NG8001: [0m'app-trend-chart' is not a known element:[39m[22m
[1m[31m1. If 'app-trend-chart' is an Angular component, then verify that it is part of this module.[39m[22m
[1m[31m2. If 'app-trend-chart' is a Web Component then add 'CUSTOM_ELEMENTS_SCHEMA' to the '@NgModule.schemas' of this component to suppress this message.[39m[22m
[1m[31m[39m[22m
[1m[31m[7m23[0m       <app-trend-chart [selectedYear$]="selectedYear$"></app-trend-chart>[39m[22m
[1m[31m[7m  [0m [91m      ~~~~~~~~~~~~~~~~~~~~~~~~~~~~~~~~~~~~~~~~~~~~~~~[39m[22m[1m[31m~~[0m[39m[22m
[1m[31m[39m[22m
[1m[31m  [96msrc/app/dashboard/dashboard.component.ts[0m:[93m8[0m:[93m16[0m[39m[22m
[1m[31m    [7m8[0m   templateUrl: './dashboard.component.html',[39m[22m
[1m[31m    [7m [0m [96m               ~~~~~~~~~~~~~~~~~~~~~~~~~~~~[0m[39m[22m
[1m[31m    Error occurs in the template of component DashboardComponent.[39m[22m
[1m[31m[39m[22m
[1m[31m[39m[22m
[1m[31m[0m[91mError: [39m[31m[0m[96msrc/app/dashboard/dashboard.component.html[0m:[93m23[0m:[93m24[0m - [91merror[0m[90m NG8002: [0mCan't bind to 'selectedYear$' since it isn't a known property of 'app-trend-chart'.[39m[22m
[1m[31m1. If 'app-trend-chart' is an Angular component and it has 'selectedYear$' input, then verify that it is part of this module.[39m[22m
[1m[31m2. If 'app-trend-chart' is a Web Component then add 'CUSTOM_ELEMENTS_SCHEMA' to the '@NgModule.schemas' of this component to suppress this message.[39m[22m
[1m[31m3. To allow any property add 'NO_ERRORS_SCHEMA' to the '@NgModule.schemas' of this component.[39m[22m
[1m[31m[39m[22m
[1m[31m[7m23[0m       <app-trend-chart [selectedYear$]="selectedYear$"></app-trend-chart>[39m[22m
[1m[31m[7m  [0m [91m                       ~~~~~~~~~~~~~~~~~~~~~~~~~~~~~~~[0m[39m[22m
[1m[31m[39m[22m
[1m[31m  [96msrc/app/dashboard/dashboard.component.ts[0m:[93m8[0m:[93m16[0m[39m[22m
[1m[31m    [7m8[0m   templateUrl: './dashboard.component.html',[39m[22m
[1m[31m    [7m [0m [96m               ~~~~~~~~~~~~~~~~~~~~~~~~~~~~[0m[39m[22m
[1m[31m    Error occurs in the template of component DashboardComponent.[39m[22m
[1m[31m[39m[22m
[1m[31m[39m[22m
[1m[31m[0m[91mError: [39m[31m[0m[96msrc/app/dashboard/dashboard.component.html[0m:[93m24[0m:[93m7[0m - [91merror[0m[90m NG8001: [0m'app-category-chart' is not a known element:[39m[22m
[1m[31m1. If 'app-category-chart' is an Angular component, then verify that it is part of this module.[39m[22m
[1m[31m2. If 'app-category-chart' is a Web Component then add 'CUSTOM_ELEMENTS_SCHEMA' to the '@NgModule.schemas' of this component to suppress this message.[39m[22m
[1m[31m[39m[22m
[1m[31m[7m24[0m       <app-category-chart [selectedYear$]="selectedYear$"></app-category-chart>[39m[22m
[1m[31m[7m  [0m [91m      ~~~~~~~~~~~~~~~~~~~~~~~~~~~~~~~~~~~~~~~~~~~~~~~~~~~~[0m[39m[22m
[1m[31m[39m[22m
[1m[31m  [96msrc/app/dashboard/dashboard.component.ts[0m:[93m8[0m:[93m16[0m[39m[22m
[1m[31m    [7m8[[39m[22m[1m[31m0m   templateUrl: './dashboard.component.html',[39m[22m
[1m[31m    [7m [0m [96m               ~~~~~~~~~~~~~~~~~~~~~~~~~~~~[0m[39m[22m
[1m[31m    Error occurs in the template of component DashboardComponent.[39m[22m
[1m[31m[39m[22m
[1m[31m[39m[22m
[1m[31m[0m[91mError: [39m[31m[0m[96msrc/app/dashboard/dashboard.component.html[0m:[93m24[0m:[93m27[0m - [91merror[0m[90m NG8002: [0mCan't bind to 'selectedYear$' since it isn't a known property of 'app-category-chart'.[39m[22m
[1m[31m1. If 'app-category-chart' is an Angular component and it has 'selectedYear$' input, then verify that it is part of this module.[39m[22m
[1m[31m2. If 'app-category-chart' is a Web Component then add 'CUSTOM_ELEMENTS_SCHEMA' to the '@NgModule.schemas' of this component to suppress this message.[39m[22m
[1m[31m3. To allow any property add 'NO_ERRORS_SCHEMA' to the '@NgModule.schemas' of this component.[39m[22m
[1m[31m[39m[22m
[1m[31m[7m24[0m       <app-category-chart [selectedYear$]="selectedYear$"></app-category-chart>[39m[22m
[1m[31m[7m  [0m [91m                          ~~~~~~~~~~~~~~~~~~~~~~~~~~~~~~~[0m[39m[22m
[1m[31m[39m[22m
[1m[31m  [96msrc/app/dashboard/dashboard.component.ts[0m:[93m8[0m:[93m16[0m[39m[22m
[1m[31m    [7m8[0m   templateUrl: './dashboard.component.html',[39m[22m
[1m[31m    [7m [0m [96m               ~~~~~~~~~~~~~~~~~~~~~~~~~~~~[0m[39m[22m
[1m[31m    Error occurs in the template of component DashboardComponent.[39m[22m
[1m[31m[39m[22m
[1m[31m[39m[22m
[1m[31m[0m[91mError: [39m[31m[0m[96msrc/app/dashboard/dashboard.component.html[0m:[93m28[0m:[93m3[0m - [91merror[0m[90m NG8001: [0m'app-top-categories' is not a known element:[39m[22m
[1m[31m1. If 'app-top-categories' is an Angular component, then verify that it is part of this module.[39m[22m
[1m[31m2. If 'app-top-categories' is a Web Component then add 'CUSTOM_ELEMENTS_SCHEMA' to the '@NgModule.schemas' of this component to suppress this message.[39m[22m
[1m[31m[39m[22m
[1m[31m[7m28[0m   <app-top-categories [selectedYear$]="selectedYear$"></app-top-categories>[39m[22m
[1m[31m[7m  [0m [91m  ~~~~~~~~~~~~~~~~~~~~~~~~~~~~~~~~~~~~~~~~~~~~~~~~~~~~[0m[39m[22m
[1m[31m[39m[22m
[1m[31m  [96msrc/app/dashboard/dashboard.component.ts[0m:[93m8[0m:[93m16[0m[39m[22m
[1m[31m    [7m8[0m   templateUrl: './dashboard.component.html',[39m[22m
[1m[31m    [7m [0m [96m               ~~~~[39m[22m[1m[31m~~~~~~~~~~~~~~~~~~~~~~~~[0m[39m[22m
[1m[31m    Error occurs in the template of component DashboardComponent.[39m[22m
[1m[31m[39m[22m
[1m[31m[39m[22m
[1m[31m[0m[91mError: [39m[31m[0m[96msrc/app/dashboard/dashboard.component.html[0m:[93m28[0m:[93m23[0m - [91merror[0m[90m NG8002: [0mCan't bind to 'selectedYear$' since it isn't a known property of 'app-top-categories'.[39m[22m
[1m[31m1. If 'app-top-categories' is an Angular component and it has 'selectedYear$' input, then verify that it is part of this module.[39m[22m
[1m[31m2. If 'app-top-categories' is a Web Component then add 'CUSTOM_ELEMENTS_SCHEMA' to the '@NgModule.schemas' of this component to suppress this message.[39m[22m
[1m[31m3. To allow any property add 'NO_ERRORS_SCHEMA' to the '@NgModule.schemas' of this component.[39m[22m
[1m[31m[39m[22m
[1m[31m[7m28[0m   <app-top-categories [selectedYear$]="selectedYear$"></app-top-categories>[39m[22m
[1m[31m[7m  [0m [91m                      ~~~~~~~~~~~~~~~~~~~~~~~~~~~~~~~[0m[39m[22m
[1m[31m[39m[22m
[1m[31m  [96msrc/app/dashboard/dashboard.component.ts[0m:[93m8[0m:[93m16[0m[39m[22m
[1m[31m    [7m8[0m   templateUrl: './dashboard.component.html',[39m[22m
[1m[31m    [7m [0m [96m               ~~~~~~~~~~~~~~~~~~~~~~~~~~~~[0m[39m[22m
[1m[31m    Error occurs in the template of component DashboardComponent.[39m[22m
[1m[31m[39m[22m
[1m[31m[39m[22m
[1m[31m[0m[91mError: [39m[31m[0m[96msrc/app/expenses/expenses-list/expenses-list.component.html[0m:[93m166[0m:[93m1[0m - [91merror[0m[90m NG8001: [0m'app-expense-modal' is not a known element:[39m[22m
[1m[31m1. If 'app-expense-modal' is an Angular component, then verify that it is part of this module.[39m[22m
[1m[31m2. If 'app-expense-modal' is a Web Component then add 'CUSTOM_ELEMENTS_SCHEMA' to the '@NgModule.schemas' of this component to suppress this message.[39m[22m
[1m[31m[39m[22m
[1m[31m[7m166[0m <app-expense-modal[39m[22m
[1m[31m[7m   [0m [91m~~~~~~~~~~~~~~~~~~[0m[39m[22m
[1m[31m[7m167[0m   [isOpen]="isEditModalOpen"[39m[22m
[1m[31m[7m   [0m [91m~~~~~~~~~~~~~~~~~~~~~~~~~~~~[0m[39m[22m
[1m[31m[7m...[0m [39m[22m
[1m[31m[7m170[0m   (save)="onSaveExpense($event)"[39m[22m
[1m[31m[7m   [0m [91m~~~~~~~~~~~~~~~~~~~~~~~~~~~~~~~~[0m[39m[22m
[1m[31m[7m171[0m   (delete)="onDeleteExpense($event)">[39m[22m
[1m[31m[7m   [0m [91m~~~~~~~~~~~~~~~~~~~~~~~~~~~~~~~~~~~~~[0m[39m[22m
[1m[31m[39m[22m
[1m[31m  [96msrc/app/expenses/ex[39m[22m[1m[31mpenses-list/expenses-list.component.ts[0m:[93m25[0m:[93m16[0m[39m[22m
[1m[31m    [7m25[0m   templateUrl: './expenses-list.component.html',[39m[22m
[1m[31m    [7m  [0m [96m               ~~~~~~~~~~~~~~~~~~~~~~~~~~~~~~~~[0m[39m[22m
[1m[31m    Error occurs in the template of component ExpensesListComponent.[39m[22m
[1m[31m[39m[22m
[1m[31m[39m[22m
[1m[31m[0m[91mError: [39m[31m[0m[96msrc/app/expenses/expenses-list/expenses-list.component.html[0m:[93m167[0m:[93m3[0m - [91merror[0m[90m NG8002: [0mCan't bind to 'isOpen' since it isn't a known property of 'app-expense-modal'.[39m[22m
[1m[31m1. If 'app-expense-modal' is an Angular component and it has 'isOpen' input, then verify that it is part of this module.[39m[22m
[1m[31m2. If 'app-expense-modal' is a Web Component then add 'CUSTOM_ELEMENTS_SCHEMA' to the '@NgModule.schemas' of this component to suppress this message.[39m[22m
[1m[31m3. To allow any property add 'NO_ERRORS_SCHEMA' to the '@NgModule.schemas' of this component.[39m[22m
[1m[31m[39m[22m
[1m[31m[7m167[0m   [isOpen]="isEditModalOpen"[39m[22m
[1m[31m[7m   [0m [91m  ~~~~~~~~~~~~~~~~~~~~~~~~~~[0m[39m[22m
[1m[31m[39m[22m
[1m[31m  [96msrc/app/expenses/expenses-list/expenses-list.component.ts[0m:[93m25[0m:[93m16[0m[39m[22m
[1m[31m    [7m25[0m   templateUrl: './expenses-list.component.html',[39m[22m
[1m[31m    [7m  [0m [96m               ~~~~~~~~~~~~~~~~~~~~~~~~~~~~~~~~[0m[39m[22m
[1m[31m    Error occurs in the template of component ExpensesListComponent.[39m[22m
[1m[31m[39m[22m
[1m[31m[39m[22m
[1m[31m[0m[91mError: [39m[31m[0m[96msrc/app/expenses/expenses-list/expenses-list.component.html[0m:[93m168[0m:[93m3[0m - [91merror[0m[90m NG8002: [0mCan't bind to 'expense' since it isn't a known property of 'app-expense-modal'.[39m[22m
[1m[31m1. If 'app-expense-modal' is an Angular component and it has 'expense' input, then verify that it is part of this module.[39m[22m
[1m[31m2. If 'app-expense-modal' is a Web Component then add 'CUSTOM_ELEMENTS_SCHEMA' to the '@NgModule.schemas' of this component to suppress this message.[39m[22m
[1m[31m3. To allow any property add 'NO_ERRORS_SCHEMA' to the '@NgModule.schemas' of this component.[39m[22m
[1m[31m[39m[22m
[1m[31m[7m168[0m   [expense]="editingExpense"[39m[22m
[1m[31m[7m   [0m [91m  ~~~~~~~~~~~~~~~~~~~~~~~~~~[0m[39m[22m
[1m[31m[39m[22m
[1m[31m  [96msrc/app/expenses/expe[39m[22m[1m[31mnses-list/expenses-list.component.ts[0m:[93m25[0m:[93m16[0m[39m[22m
[1m[31m    [7m25[0m   templateUrl: './expenses-list.component.html',[39m[22m
[1m[31m    [7m  [0m [96m               ~~~~~~~~~~~~~~~~~~~~~~~~~~~~~~~~[0m[39m[22m
[1m[31m    Error occurs in the template of component ExpensesListComponent.[39m[22m
[1m[31m[39m[22m
[1m[31m[39m[22m
[1m[31m[0m[91mError: [39m[31m[0m[96msrc/app/expenses/expenses.component.html[0m:[93m8[0m:[93m9[0m - [91merror[0m[90m NG8002: [0mCan't bind to 'formGroup' since it isn't a known property of 'form'.[39m[22m
[1m[31m[39m[22m
[1m[31m[7m8[0m   <form [formGroup]="filtersForm" class="filters-form">[39m[22m
[1m[31m[7m [0m [91m        ~~~~~~~~~~~~~~~~~~~~~~~~~[0m[39m[22m
[1m[31m[39m[22m
[1m[31m  [96msrc/app/expenses/expenses.component.ts[0m:[93m21[0m:[93m16[0m[39m[22m
[1m[31m    [7m21[0m   templateUrl: './expenses.component.html',[39m[22m
[1m[31m    [7m  [0m [96m               ~~~~~~~~~~~~~~~~~~~~~~~~~~~[0m[39m[22m
[1m[31m    Error occurs in the template of component ExpensesComponent.[39m[22m
[1m[31m[39m[22m
[1m[31m[39m[22m
[1m[31m[0m[91mError: [39m[31m[0m[96msrc/app/expenses/expenses.component.html[0m:[93m112[0m:[93m3[0m - [91merror[0m[90m NG8001: [0m'app-expenses-list' is not a known element:[39m[22m
[1m[31m1. If 'app-expenses-list' is an Angular component, then verify that it is part of this module.[39m[22m
[1m[31m2. If 'app-expenses-list' is a Web Component then add 'CUSTOM_ELEMENTS_SCHEMA' to the '@NgModule.schemas' of this component to suppress this message.[39m[22m
[1m[31m[39m[22m
[1m[31m[7m112[0m   <app-expenses-list [filters$]="filters$"></app-expenses-list>[39m[22m
[1m[31m[7m   [0m [91m  ~~~~~~~~~~~~~~~~~~~~~~~~~~~~~~~~~~~~~~~~~[0m[39m[22m
[1m[31m[39m[22m
[1m[31m  [96msrc/app/expenses/expenses.component.ts[0m:[93m21[0m:[93m16[0m[39m[22m
[1m[31m    [7m21[0m   templateUrl: './expenses.component.html',[39m[22m
[1m[31m    [7m  [0m [96m               ~~~~~~~~~~~~~~~~~~~~~~~~~~~[0m[39m[22m
[1m[31m    Error occurs in the template of component ExpensesComponent.[39m[22m
[1m[31m[39m[22m
[1m[31m[39m[22m
[1m[31m[0m[91mError: [39m[31m[0m[96msrc/app/expenses/expenses.component.html[0m:[93m112[0m:[93m22[0m - [91merror[0m[90m NG8002: [0mCan't bind to 'filters$' since it isn't a known property of 'app-expenses-list'.[39m[22m
[1m[31m1. If 'app-expenses-list' is an Angular component and it has 'filters$'[39m[22m[1m[31m input, then verify that it is part of this module.[39m[22m
[1m[31m2. If 'app-expenses-list' is a Web Component then add 'CUSTOM_ELEMENTS_SCHEMA' to the '@NgModule.schemas' of this component to suppress this message.[39m[22m
[1m[31m3. To allow any property add 'NO_ERRORS_SCHEMA' to the '@NgModule.schemas' of this component.[39m[22m
[1m[31m[39m[22m
[1m[31m[7m112[0m   <app-expenses-list [filters$]="filters$"></app-expenses-list>[39m[22m
[1m[31m[7m   [0m [91m                     ~~~~~~~~~~~~~~~~~~~~~[0m[39m[22m
[1m[31m[39m[22m
[1m[31m  [96msrc/app/expenses/expenses.component.ts[0m:[93m21[0m:[93m16[0m[39m[22m
[1m[31m    [7m21[0m   templateUrl: './expenses.component.html',[39m[22m
[1m[31m    [7m  [0m [96m               ~~~~~~~~~~~~~~~~~~~~~~~~~~~[0m[39m[22m
[1m[31m    Error occurs in the template of component ExpensesComponent.[39m[22m
[1m[31m[39m[22m
[1m[31m[39m[22m
[1m[31m[0m[91mError: [39m[31m[0m[96msrc/app/header/header.component.html[0m:[93m3[0m:[93m3[0m - [91merror[0m[90m NG8001: [0m'app-user-selector' is not a known element:[39m[22m
[1m[31m1. If 'app-user-selector' is an Angular component, then verify that it is part of this module.[39m[22m
[1m[31m2. If 'app-user-selector' is a Web Component then add 'CUSTOM_ELEMENTS_SCHEMA' to the '@NgModule.schemas' of this component to suppress this message.[39m[22m
[1m[31m[39m[22m
[1m[31m[7m3[0m   <app-user-selector></app-user-selector>[39m[22m
[1m[31m[7m [0m [91m  ~~~~~~~~~~~~~~~~~~~[0m[39m[22m
[1m[31m[39m[22m
[1m[31m  [96msrc/app/header/header.component.ts[0m:[93m5[0m:[93m16[0m[39m[22m
[1m[31m    [7m5[0m   templateUrl: './header.component.html',[39m[22m
[1m[31m    [7m [0m [96m               ~~~~~~~~~~~~~~~~~~~~~~~~~[0m[39m[22m
[1m[31m    Error occurs in the template of component HeaderComponent.[39m[22m
[1m[31m[39m[22m
[1m[31m[39m[22m
[1m[31m[0m[91mError: [39m[31m[0m[96msrc/app/header/user-selector/user-selector.component.html[0m:[93m3[0m:[93m36[0m - [91merror[0m[90m NG8004: [0mNo pipe found with name 'async'.[39m[22m
[1m[31m[39m[22m
[1m[31m[7m3[0m     {{ (userService.currentUser$ | async)?.name }}[39m[22m
[1m[31m[7m [0m [91m                                   ~~~~~[0m[39m[22m
[1m[31m[39m[22m
[1m[31m  [96msrc/app/header/user-selector/user-selector.component.ts[0m:[93m6[0m:[93m16[0m[39m[22m
[1m[31m    [7m6[0m   templateUrl: './user-selector.component.html',[39m[22m
[1m[31m    [7m [0m [96m               ~~~~~~~~~~~~~[39m[22m[1m[31m~~~~~~~~~~~~~~~~~~~[0m[39m[22m
[1m[31m    Error occurs in the template of component UserSelectorComponent.[39m[22m
[1m[31m[39m[22m
[1m[31m[39m[22m
[1m[31m[39m[22m
[37m[39m
[37m[91m√ó[39m[37m Failed to compile.[39m
[36m‚†ã[39m Generating browser application bundles...[2K[1G[36m‚†ô[39m Generating browser application bundles (phase: building)...[2K[1G[36m‚†π[39m Generating browser application bundles (phase: sealing)...[2K[1G[32m‚úî[39m Browser application bundle generation complete.
[37m[39m
[37m[0m[1mInitial Chunk Files[22m[2m | [22m[1mNames[22m  [2m | [22m [1mRaw Size[22m[0m[39m
[37m[0m[92mmain.js[39m[37m            [2m | [22mmain   [2m | [22m[96m198.16 kB[39m[37m[2m | [22m[0m[39m
[37m[0m[92mruntime.js[39m[37m         [2m | [22mruntime[2m | [22m  [96m6.50 kB[39m[37m[2m | [22m[0m[39m
[37m[0m[0m[39m
[37m[0m3 unchanged chunks[0m[39m
[37m[0m[0m[39m
[37m[0mBuild at: [1m[37m2025-11-18T16:17:49.147Z[39m[37m[22m - Hash: [1m[37m2a928802fdb6d242[39m[37m[22m - Time: [1m[37m228[39m[37m[22mms[0m[39m
[1m[31m[39m[22m
[1m[31m[0m[91mError: [39m[31m[0m[96msrc/app/app.component.html[0m:[93m2[0m:[93m6[0m - [91merror[0m[90m NG8001: [0m'app-header' is not a known element:[39m[22m
[1m[31m1. If 'app-header' is an Angular component, then verify that it is part of this module.[39m[22m
[1m[31m2. If 'app-header' is a Web Component then add 'CUSTOM_ELEMENTS_SCHEMA' to the '@NgModule.schemas' of this component to suppress this message.[39m[22m
[1m[31m[39m[22m
[1m[31m[7m2[0m      <app-header></app-header>[39m[22m
[1m[31m[7m [0m [91m     ~~~~~~~~~~~~[0m[39m[22m
[1m[31m[39m[22m
[1m[31m  [96msrc/app/app.component.ts[0m:[93m5[0m:[93m16[0m[39m[22m
[1m[31m    [7m5[0m   templateUrl: './app.component.html',[39m[22m
[1m[31m    [7m [0m [96m               ~~~~~~~~~~~~~~~~~~~~~~[0m[39m[22m
[1m[31m    Error occurs in the template of component AppComponent.[39m[22m
[1m[31m[39m[22m
[1m[31m[39m[22m
[1m[31m[0m[91mError: [39m[31m[0m[96msrc/app/app.component.html[0m:[93m5[0m:[93m5[0m - [91merror[0m[90m NG8001: [0m'app-navbar' is not a known element:[39m[22m
[1m[31m1. If 'app-navbar' is an Angular component, then verify that it is part of this module.[39m[22m
[1m[31m2. If 'app-navbar' is a Web Component then add 'CUSTOM_ELEMENTS_SCHEMA' to the '@NgModule.schemas' of this component to suppress this message.[39m[22m
[1m[31m[39m[22m
[1m[31m[7m5[0m     <app-navbar></app-navbar>[39m[22m
[1m[31m[7m [0m [91m    ~~~~~~~~~~~~[0m[39m[22m
[1m[31m[39m[22m
[1m[31m  [96msrc/app/app.component.ts[0m:[93m5[0m:[93m16[0m[39m[22m
[1m[31m    [7m5[0m   templateUrl: './app.component.html',[39m[22m
[1m[31m    [7m [0m [96m               ~~~~~~~~~~~~~~~~~~~~~~[0m[39m[22m
[1m[31m    Error occurs in the template of component AppComponent.[39m[22m
[1m[31m[39m[22m
[1m[31m[39m[22m
[1m[31m[0m[91mError: [39m[31m[0m[96msrc/app/app.component.html[0m:[93m8[0m:[93m6[0m - [91merror[0m[90m NG8001: [0m'router-outlet' is not a known element:[39m[22m
[1m[31m1. If 'router-outlet' is an Angular component, then verify that it is part of this module.[39m[22m
[1m[31m2. If 'router-outlet' is a Web Component then add 'CUSTOM_ELEMENTS_SCHEMA' to the '@NgModule.schemas' of this component to suppress this message.[39m[22m
[1m[31m[39m[22m
[1m[31m[7m8[0m      <router-outlet></router-outlet>[39m[22m
[1m[31m[7m [0m [91m     ~~~~~~~~~~~~~~~[0m[39m[22m
[1m[31m[39m[22m
[1m[31m  [96msrc/app/app.component.ts[0m:[93m5[0m:[93m16[0m[39m[22m
[1m[31m    [7m5[0m   templateUrl: './app[39m[22m[1m[31m.component.html',[39m[22m
[1m[31m    [7m [0m [96m               ~~~~~~~~~~~~~~~~~~~~~~[0m[39m[22m
[1m[31m    Error occurs in the template of component AppComponent.[39m[22m
[1m[31m[39m[22m
[1m[31m[39m[22m
[1m[31m[0m[91mError: [39m[31m[0m[96msrc/app/app.module.ts[0m:[93m24[0m:[93m17[0m - [91merror[0m[90m NG1010: [0mValue[39m[22m
[1m[31m[39m[22m
[1m[31m[0m[91mError: [39m[31m[0m[96msrc/app/app.module.ts[0m:[93m39[0m:[93m5[0m - [91merror[0m[90m TS2552: [0mCannot find name 'EditExpenseModalComponent'. Did you mean 'ExpenseModalComponent'?[39m[22m
[1m[31m[39m[22m
[1m[31m[7m39[0m     EditExpenseModalComponent,[39m[22m
[1m[31m[7m  [0m [91m    ~~~~~~~~~~~~~~~~~~~~~~~~~[0m[39m[22m
[1m[31m[39m[22m
[1m[31m[39m[22m
[1m[31m[0m[91mError: [39m[31m[0m[96msrc/app/dashboard/dashboard.component.html[0m:[93m9[0m:[93m34[0m - [91merror[0m[90m NG8004: [0mNo pipe found with name 'async'.[39m[22m
[1m[31m[39m[22m
[1m[31m[7m9[0m         [value]="selectedYear$ | async"[39m[22m
[1m[31m[7m [0m [91m                                 ~~~~~[0m[39m[22m
[1m[31m[39m[22m
[1m[31m  [96msrc/app/dashboard/dashboard.component.ts[0m:[93m8[0m:[93m16[0m[39m[22m
[1m[31m    [7m8[0m   templateUrl: './dashboard.component.html',[39m[22m
[1m[31m    [7m [0m [96m               ~~~~~~~~~~~~~~~~~~~~~~~~~~~~[0m[39m[22m
[1m[31m    Error occurs in the template of component DashboardComponent.[39m[22m
[1m[31m[39m[22m
[1m[31m[39m[22m
[1m[31m[0m[91mError: [39m[31m[0m[96msrc/app/dashboard/dashboard.component.html[0m:[93m19[0m:[93m3[0m - [91merror[0m[90m NG8001: [0m'app-summary-grid' is not a known element:[39m[22m
[1m[31m1. If 'app-summary-grid' is an Angular component, then verify that it is part of this module.[39m[22m
[1m[31m2. If 'app-summary-grid' is a Web Component then add 'CUSTOM_ELEMENTS_SCHEMA' to the '@NgModule.schemas' of this component to suppress this message.[39m[22m
[1m[31m[39m[22m
[1m[31m[7m19[0m   <app-summary-grid [selectedYear$]="selectedYear$"></app-summary-grid>[39m[22m
[1m[31m[7m  [0m [91m  ~~~~~~~~~~~~~~~~~~~~~~~~~~~~~~~~~~~~~~~~~~~~~~~~~~[0m[39m[22m
[1m[31m[39m[22m
[1m[31m  [96msrc/app/dashboard/dashboard.component.ts[0m:[93m8[0m:[93m16[0m[39m[22m
[1m[31m    [7m8[0m   templateUrl: './dashboard.component.html',[39m[22m
[1m[31m    [7m [0m [96m               ~~~~~~~~~~~~~~~~~~~~~~~~~~~~[0m[39m[22m
[1m[31m    Error occurs in the template of component DashboardComponent.[39m[22m
[1m[31m[39m[22m
[1m[31m[39m[22m
[1m[31m[0m[91mError: [39m[31m[0m[9[39m[22m[1m[31m6msrc/app/dashboard/dashboard.component.html[0m:[93m19[0m:[93m21[0m - [91merror[0m[90m NG8002: [0mCan't bind to 'selectedYear$' since it isn't a known property of 'app-summary-grid'.[39m[22m
[1m[31m1. If 'app-summary-grid' is an Angular component and it has 'selectedYear$' input, then verify that it is part of this module.[39m[22m
[1m[31m2. If 'app-summary-grid' is a Web Component then add 'CUSTOM_ELEMENTS_SCHEMA' to the '@NgModule.schemas' of this component to suppress this message.[39m[22m
[1m[31m3. To allow any property add 'NO_ERRORS_SCHEMA' to the '@NgModule.schemas' of this component.[39m[22m
[1m[31m[39m[22m
[1m[31m[7m19[0m   <app-summary-grid [selectedYear$]="selectedYear$"></app-summary-grid>[39m[22m
[1m[31m[7m  [0m [91m                    ~~~~~~~~~~~~~~~~~~~~~~~~~~~~~~~[0m[39m[22m
[1m[31m[39m[22m
[1m[31m  [96msrc/app/dashboard/dashboard.component.ts[0m:[93m8[0m:[93m16[0m[39m[22m
[1m[31m    [7m8[0m   templateUrl: './dashboard.component.html',[39m[22m
[1m[31m    [7m [0m [96m               ~~~~~~~~~~~~~~~~~~~~~~~~~~~~[0m[39m[22m
[1m[31m    Error occurs in the template of component DashboardComponent.[39m[22m
[1m[31m[39m[22m
[1m[31m[39m[22m
[1m[31m[0m[91mError: [39m[31m[0m[96msrc/app/dashboard/dashboard.component.html[0m:[93m23[0m:[93m7[0m - [91merror[0m[90m NG8001: [0m'app-trend-chart' is not a known element:[39m[22m
[1m[31m1. If 'app-trend-chart' is an Angular component, then verify that it is part of this module.[39m[22m
[1m[31m2. If 'app-trend-chart' is a Web Component then add 'CUSTOM_ELEMENTS_SCHEMA' to the '@NgModule.schemas' of this component to suppress this message.[39m[22m
[1m[31m[39m[22m
[1m[31m[7m23[0m       <app-trend-chart [selectedYear$]="selectedYear$"></app-trend-chart>[39m[22m
[1m[31m[7m  [0m [91m      ~~~~~~~~~~~~~~~~~~~~~~~~~~~~~~~~~~~~~~~~~~~~~~~~~[0m[39m[22m
[1m[31m[39m[22m
[1m[31m  [96msrc/app/dashboard/dashboard.component.ts[0m:[93m8[0m:[93m16[0m[39m[22m
[1m[31m    [7m8[0m   templateUrl: './dashboard.component.html',[39m[22m
[1m[31m    [7m [0m [96m               ~~~~~~~~~~~~~~~~~~~~~~~~~~~~[0m[39m[22m
[1m[31m    Error occurs in the template of component DashboardComponent.[39m[22m
[1m[31m[39m[22m
[1m[31m[39m[22m
[1m[31m[0m[91mError: [39m[31m[0m[96msrc/app/dashboard/dashboard.component.html[0m:[93m23[0m:[93m24[0m - [91merror[0m[90m NG8002: [0mCan't bind[39m[22m[1m[31m to 'selectedYear$' since it isn't a known property of 'app-trend-chart'.[39m[22m
[1m[31m1. If 'app-trend-chart' is an Angular component and it has 'selectedYear$' input, then verify that it is part of this module.[39m[22m
[1m[31m2. If 'app-trend-chart' is a Web Component then add 'CUSTOM_ELEMENTS_SCHEMA' to the '@NgModule.schemas' of this component to suppress this message.[39m[22m
[1m[31m3. To allow any property add 'NO_ERRORS_SCHEMA' to the '@NgModule.schemas' of this component.[39m[22m
[1m[31m[39m[22m
[1m[31m[7m23[0m       <app-trend-chart [selectedYear$]="selectedYear$"></app-trend-chart>[39m[22m
[1m[31m[7m  [0m [91m                       ~~~~~~~~~~~~~~~~~~~~~~~~~~~~~~~[0m[39m[22m
[1m[31m[39m[22m
[1m[31m  [96msrc/app/dashboard/dashboard.component.ts[0m:[93m8[0m:[93m16[0m[39m[22m
[1m[31m    [7m8[0m   templateUrl: './dashboard.component.html',[39m[22m
[1m[31m    [7m [0m [96m               ~~~~~~~~~~~~~~~~~~~~~~~~~~~~[0m[39m[22m
[1m[31m    Error occurs in the template of component DashboardComponent.[39m[22m
[1m[31m[39m[22m
[1m[31m[39m[22m
[1m[31m[0m[91mError: [39m[31m[0m[96msrc/app/dashboard/dashboard.component.html[0m:[93m24[0m:[93m7[0m - [91merror[0m[90m NG8001: [0m'app-category-chart' is not a known element:[39m[22m
[1m[31m1. If 'app-category-chart' is an Angular component, then verify that it is part of this module.[39m[22m
[1m[31m2. If 'app-category-chart' is a Web Component then add 'CUSTOM_ELEMENTS_SCHEMA' to the '@NgModule.schemas' of this component to suppress this message.[39m[22m
[1m[31m[39m[22m
[1m[31m[7m24[0m       <app-category-chart [selectedYear$]="selectedYear$"></app-category-chart>[39m[22m
[1m[31m[7m  [0m [91m      ~~~~~~~~~~~~~~~~~~~~~~~~~~~~~~~~~~~~~~~~~~~~~~~~~~~~[0m[39m[22m
[1m[31m[39m[22m
[1m[31m  [96msrc/app/dashboard/dashboard.component.ts[0m:[93m8[0m:[93m16[0m[39m[22m
[1m[31m    [7m8[0m   templateUrl: './dashboard.component.html',[39m[22m
[1m[31m    [7m [0m [96m               ~~~~~~~~~~~~~~~~~~~~~~~~~~~~[0m[39m[22m
[1m[31m    Error occurs in the template of component DashboardComponent.[39m[22m
[1m[31m[39m[22m
[1m[31m[39m[22m
[1m[31m[0m[91mError: [39m[31m[0m[96msrc/app/dashboard/dashboard.component.html[0m:[93m24[0m:[93m27[0m - [91merror[0m[90m NG8002: [0mCan't bind to 'selectedYear$' since it isn't a known property of 'app-category-chart'.[39m[22m
[1m[31m1. If 'app-category-[39m[22m[1m[31mchart' is an Angular component and it has 'selectedYear$' input, then verify that it is part of this module.[39m[22m
[1m[31m2. If 'app-category-chart' is a Web Component then add 'CUSTOM_ELEMENTS_SCHEMA' to the '@NgModule.schemas' of this component to suppress this message.[39m[22m
[1m[31m3. To allow any property add 'NO_ERRORS_SCHEMA' to the '@NgModule.schemas' of this component.[39m[22m
[1m[31m[39m[22m
[1m[31m[7m24[0m       <app-category-chart [selectedYear$]="selectedYear$"></app-category-chart>[39m[22m
[1m[31m[7m  [0m [91m                          ~~~~~~~~~~~~~~~~~~~~~~~~~~~~~~~[0m[39m[22m
[1m[31m[39m[22m
[1m[31m  [96msrc/app/dashboard/dashboard.component.ts[0m:[93m8[0m:[93m16[0m[39m[22m
[1m[31m    [7m8[0m   templateUrl: './dashboard.component.html',[39m[22m
[1m[31m    [7m [0m [96m               ~~~~~~~~~~~~~~~~~~~~~~~~~~~~[0m[39m[22m
[1m[31m    Error occurs in the template of component DashboardComponent.[39m[22m
[1m[31m[39m[22m
[1m[31m[39m[22m
[1m[31m[0m[91mError: [39m[31m[0m[96msrc/app/dashboard/dashboard.component.html[0m:[93m28[0m:[93m3[0m - [91merror[0m[90m NG8001: [0m'app-top-categories' is not a known element:[39m[22m
[1m[31m1. If 'app-top-categories' is an Angular component, then verify that it is part of this module.[39m[22m
[1m[31m2. If 'app-top-categories' is a Web Component then add 'CUSTOM_ELEMENTS_SCHEMA' to the '@NgModule.schemas' of this component to suppress this message.[39m[22m
[1m[31m[39m[22m
[1m[31m[7m28[0m   <app-top-categories [selectedYear$]="selectedYear$"></app-top-categories>[39m[22m
[1m[31m[7m  [0m [91m  ~~~~~~~~~~~~~~~~~~~~~~~~~~~~~~~~~~~~~~~~~~~~~~~~~~~~[0m[39m[22m
[1m[31m[39m[22m
[1m[31m  [96msrc/app/dashboard/dashboard.component.ts[0m:[93m8[0m:[93m16[0m[39m[22m
[1m[31m    [7m8[0m   templateUrl: './dashboard.component.html',[39m[22m
[1m[31m    [7m [0m [96m               ~~~~~~~~~~~~~~~~~~~~~~~~~~~~[0m[39m[22m
[1m[31m    Error occurs in the template of component DashboardComponent.[39m[22m
[1m[31m[39m[22m
[1m[31m[39m[22m
[1m[31m[0m[91mError: [39m[31m[0m[96msrc/app/dashboard/dashboard.component.html[0m:[93m28[0m:[93m23[0m - [91merror[0m[90m NG8002: [0mCan't bind to 'selectedYear$' since it isn't a known property of 'app-top-categories'.[39m[22m
[1m[31m1. If 'app-top-categories' is an Angular component and it has 'selectedYear$' input, then verify that it is[39m[22m[1m[31m part of this module.[39m[22m
[1m[31m2. If 'app-top-categories' is a Web Component then add 'CUSTOM_ELEMENTS_SCHEMA' to the '@NgModule.schemas' of this component to suppress this message.[39m[22m
[1m[31m3. To allow any property add 'NO_ERRORS_SCHEMA' to the '@NgModule.schemas' of this component.[39m[22m
[1m[31m[39m[22m
[1m[31m[7m28[0m   <app-top-categories [selectedYear$]="selectedYear$"></app-top-categories>[39m[22m
[1m[31m[7m  [0m [91m                      ~~~~~~~~~~~~~~~~~~~~~~~~~~~~~~~[0m[39m[22m
[1m[31m[39m[22m
[1m[31m  [96msrc/app/dashboard/dashboard.component.ts[0m:[93m8[0m:[93m16[0m[39m[22m
[1m[31m    [7m8[0m   templateUrl: './dashboard.component.html',[39m[22m
[1m[31m    [7m [0m [96m               ~~~~~~~~~~~~~~~~~~~~~~~~~~~~[0m[39m[22m
[1m[31m    Error occurs in the template of component DashboardComponent.[39m[22m
[1m[31m[39m[22m
[1m[31m[39m[22m
[1m[31m[0m[91mError: [39m[31m[0m[96msrc/app/expenses/expenses-list/expenses-list.component.html[0m:[93m166[0m:[93m1[0m - [91merror[0m[90m NG8001: [0m'app-expense-modal' is not a known element:[39m[22m
[1m[31m1. If 'app-expense-modal' is an Angular component, then verify that it is part of this module.[39m[22m
[1m[31m2. If 'app-expense-modal' is a Web Component then add 'CUSTOM_ELEMENTS_SCHEMA' to the '@NgModule.schemas' of this component to suppress this message.[39m[22m
[1m[31m[39m[22m
[1m[31m[7m166[0m <app-expense-modal[39m[22m
[1m[31m[7m   [0m [91m~~~~~~~~~~~~~~~~~~[0m[39m[22m
[1m[31m[7m167[0m   [isOpen]="isEditModalOpen"[39m[22m
[1m[31m[7m   [0m [91m~~~~~~~~~~~~~~~~~~~~~~~~~~~~[0m[39m[22m
[1m[31m[7m...[0m [39m[22m
[1m[31m[7m170[0m   (save)="onSaveExpense($event)"[39m[22m
[1m[31m[7m   [0m [91m~~~~~~~~~~~~~~~~~~~~~~~~~~~~~~~~[0m[39m[22m
[1m[31m[7m171[0m   (delete)="onDeleteExpense($event)">[39m[22m
[1m[31m[7m   [0m [91m~~~~~~~~~~~~~~~~~~~~~~~~~~~~~~~~~~~~~[0m[39m[22m
[1m[31m[39m[22m
[1m[31m  [96msrc/app/expenses/expenses-list/expenses-list.component.ts[0m:[93m25[0m:[93m16[0m[39m[22m
[1m[31m    [7m25[0m   templateUrl: './expenses-list.component.html',[39m[22m
[1m[31m    [7m  [0m [96m               ~~~~~~~~~~~~~~~~~~~~~~~~~~~~~~~~[0m[39m[22m
[1m[31m    Error occurs in the template of component ExpensesListComponent.[39m[22m
[1m[31m[39m[22m
[1m[31m[39m[22m
[1m[31m[0m[91mError: [39m[31m[0m[96msrc/app/expenses/expenses-list/expenses-list.component.html[0m:[93m167[0m:[93m3[0m - [91merror[0m[90m NG8002: [[39m[22m[1m[31m0mCan't bind to 'isOpen' since it isn't a known property of 'app-expense-modal'.[39m[22m
[1m[31m1. If 'app-expense-modal' is an Angular component and it has 'isOpen' input, then verify that it is part of this module.[39m[22m
[1m[31m2. If 'app-expense-modal' is a Web Component then add 'CUSTOM_ELEMENTS_SCHEMA' to the '@NgModule.schemas' of this component to suppress this message.[39m[22m
[1m[31m3. To allow any property add 'NO_ERRORS_SCHEMA' to the '@NgModule.schemas' of this component.[39m[22m
[1m[31m[39m[22m
[1m[31m[7m167[0m   [isOpen]="isEditModalOpen"[39m[22m
[1m[31m[7m   [0m [91m  ~~~~~~~~~~~~~~~~~~~~~~~~~~[0m[39m[22m
[1m[31m[39m[22m
[1m[31m  [96msrc/app/expenses/expenses-list/expenses-list.component.ts[0m:[93m25[0m:[93m16[0m[39m[22m
[1m[31m    [7m25[0m   templateUrl: './expenses-list.component.html',[39m[22m
[1m[31m    [7m  [0m [96m               ~~~~~~~~~~~~~~~~~~~~~~~~~~~~~~~~[0m[39m[22m
[1m[31m    Error occurs in the template of component ExpensesListComponent.[39m[22m
[1m[31m[39m[22m
[1m[31m[39m[22m
[1m[31m[0m[91mError: [39m[31m[0m[96msrc/app/expenses/expenses-list/expenses-list.component.html[0m:[93m168[0m:[93m3[0m - [91merror[0m[90m NG8002: [0mCan't bind to 'expense' since it isn't a known property of 'app-expense-modal'.[39m[22m
[1m[31m1. If 'app-expense-modal' is an Angular component and it has 'expense' input, then verify that it is part of this module.[39m[22m
[1m[31m2. If 'app-expense-modal' is a Web Component then add 'CUSTOM_ELEMENTS_SCHEMA' to the '@NgModule.schemas' of this component to suppress this message.[39m[22m
[1m[31m3. To allow any property add 'NO_ERRORS_SCHEMA' to the '@NgModule.schemas' of this component.[39m[22m
[1m[31m[39m[22m
[1m[31m[7m168[0m   [expense]="editingExpense"[39m[22m
[1m[31m[7m   [0m [91m  ~~~~~~~~~~~~~~~~~~~~~~~~~~[0m[39m[22m
[1m[31m[39m[22m
[1m[31m  [96msrc/app/expenses/expenses-list/expenses-list.component.ts[0m:[93m25[0m:[93m16[0m[39m[22m
[1m[31m    [7m25[0m   templateUrl: './expenses-list.component.html',[39m[22m
[1m[31m    [7m  [0m [96m               ~~~~~~~~~~~~~~~~~~~~~~~~~~~~~~~~[0m[39m[22m
[1m[31m    Error occurs in the template of component ExpensesListComponent.[39m[22m
[1m[31m[39m[22m
[1m[31m[39m[22m
[1m[31m[0m[91mError: [39m[31m[0m[96msrc/app/expenses/expenses-modal/expense-modalcomponent.ts[0m:[93m6[0m:[93m16[0m - [91merror[0m[90m NG2008: [0mCou[39m[22m[1m[31mld not find template file './edit-expense-modal.component.html'.[39m[22m
[1m[31m[39m[22m
[1m[31m[7m6[0m   templateUrl: './edit-expense-modal.component.html',[39m[22m
[1m[31m[7m [0m [91m               ~~~~~~~~~~~~~~~~~~~~~~~~~~~~~~~~~~~~~[0m[39m[22m
[1m[31m[39m[22m
[1m[31m[39m[22m
[1m[31m[0m[91mError: [39m[31m[0m[96msrc/app/expenses/expenses.component.html[0m:[93m8[0m:[93m9[0m - [91merror[0m[90m NG8002: [0mCan't bind to 'formGroup' since it isn't a known property of 'form'.[39m[22m
[1m[31m[39m[22m
[1m[31m[7m8[0m   <form [formGroup]="filtersForm" class="filters-form">[39m[22m
[1m[31m[7m [0m [91m        ~~~~~~~~~~~~~~~~~~~~~~~~~[0m[39m[22m
[1m[31m[39m[22m
[1m[31m  [96msrc/app/expenses/expenses.component.ts[0m:[93m21[0m:[93m16[0m[39m[22m
[1m[31m    [7m21[0m   templateUrl: './expenses.component.html',[39m[22m
[1m[31m    [7m  [0m [96m               ~~~~~~~~~~~~~~~~~~~~~~~~~~~[0m[39m[22m
[1m[31m    Error occurs in the template of component ExpensesComponent.[39m[22m
[1m[31m[39m[22m
[1m[31m[39m[22m
[1m[31m[0m[91mError: [39m[31m[0m[96msrc/app/expenses/expenses.component.html[0m:[93m112[0m:[93m3[0m - [91merror[0m[90m NG8001: [0m'app-expenses-list' is not a known element:[39m[22m
[1m[31m1. If 'app-expenses-list' is an Angular component, then verify that it is part of this module.[39m[22m
[1m[31m2. If 'app-expenses-list' is a Web Component then add 'CUSTOM_ELEMENTS_SCHEMA' to the '@NgModule.schemas' of this component to suppress this message.[39m[22m
[1m[31m[39m[22m
[1m[31m[7m112[0m   <app-expenses-list [filters$]="filters$"></app-expenses-list>[39m[22m
[1m[31m[7m   [0m [91m  ~~~~~~~~~~~~~~~~~~~~~~~~~~~~~~~~~~~~~~~~~[0m[39m[22m
[1m[31m[39m[22m
[1m[31m  [96msrc/app/expenses/expenses.component.ts[0m:[93m21[0m:[93m16[0m[39m[22m
[1m[31m    [7m21[0m   templateUrl: './expenses.component.html',[39m[22m
[1m[31m    [7m  [0m [96m               ~~~~~~~~~~~~~~~~~~~~~~~~~~~[0m[39m[22m
[1m[31m    Error occurs in the template of component ExpensesComponent.[39m[22m
[1m[31m[39m[22m
[1m[31m[39m[22m
[1m[31m[0m[91mError: [39m[31m[0m[96msrc/app/expenses/expenses.component.html[0m:[93m112[0m:[93m22[0m - [91merror[0m[90m NG8002: [0mCan't bind to 'filters$' since it isn't a known property of 'app-expenses-list'.[39m[22m
[1m[31m1. If 'app-expenses-list' is an Angular component and it has 'filters$' input, then verify that it is part of this module.[39m[22m
[1m[31m2. If 'app-expen[39m[22m[1m[31mses-list' is a Web Component then add 'CUSTOM_ELEMENTS_SCHEMA' to the '@NgModule.schemas' of this component to suppress this message.[39m[22m
[1m[31m3. To allow any property add 'NO_ERRORS_SCHEMA' to the '@NgModule.schemas' of this component.[39m[22m
[1m[31m[39m[22m
[1m[31m[7m112[0m   <app-expenses-list [filters$]="filters$"></app-expenses-list>[39m[22m
[1m[31m[7m   [0m [91m                     ~~~~~~~~~~~~~~~~~~~~~[0m[39m[22m
[1m[31m[39m[22m
[1m[31m  [96msrc/app/expenses/expenses.component.ts[0m:[93m21[0m:[93m16[0m[39m[22m
[1m[31m    [7m21[0m   templateUrl: './expenses.component.html',[39m[22m
[1m[31m    [7m  [0m [96m               ~~~~~~~~~~~~~~~~~~~~~~~~~~~[0m[39m[22m
[1m[31m    Error occurs in the template of component ExpensesComponent.[39m[22m
[1m[31m[39m[22m
[1m[31m[39m[22m
[1m[31m[0m[91mError: [39m[31m[0m[96msrc/app/header/header.component.html[0m:[93m3[0m:[93m3[0m - [91merror[0m[90m NG8001: [0m'app-user-selector' is not a known element:[39m[22m
[1m[31m1. If 'app-user-selector' is an Angular component, then verify that it is part of this module.[39m[22m
[1m[31m2. If 'app-user-selector' is a Web Component then add 'CUSTOM_ELEMENTS_SCHEMA' to the '@NgModule.schemas' of this component to suppress this message.[39m[22m
[1m[31m[39m[22m
[1m[31m[7m3[0m   <app-user-selector></app-user-selector>[39m[22m
[1m[31m[7m [0m [91m  ~~~~~~~~~~~~~~~~~~~[0m[39m[22m
[1m[31m[39m[22m
[1m[31m  [96msrc/app/header/header.component.ts[0m:[93m5[0m:[93m16[0m[39m[22m
[1m[31m    [7m5[0m   templateUrl: './header.component.html',[39m[22m
[1m[31m    [7m [0m [96m               ~~~~~~~~~~~~~~~~~~~~~~~~~[0m[39m[22m
[1m[31m    Error occurs in the template of component HeaderComponent.[39m[22m
[1m[31m[39m[22m
[1m[31m[39m[22m
[1m[31m[0m[91mError: [39m[31m[0m[96msrc/app/header/user-selector/user-selector.component.html[0m:[93m3[0m:[93m36[0m - [91merror[0m[90m NG8004: [0mNo pipe found with name 'async'.[39m[22m
[1m[31m[39m[22m
[1m[31m[7m3[0m     {{ (userService.currentUser$ | async)?.name }}[39m[22m
[1m[31m[7m [0m [91m                                   ~~~~~[0m[39m[22m
[1m[31m[39m[22m
[1m[31m  [96msrc/app/header/user-selector/user-selector.component.ts[0m:[93m6[0m:[93m16[0m[39m[22m
[1m[31m    [7m6[0m   templateUrl: './user-selector.component.html',[39m[22m
[1m[31m    [7m [0m [96m               ~~~~~~~~~~~~~~~~~~~~~~~~~~~~~~~~[0m[39m[22m
[1m[31m    Error occurs in the template of compone[39m[22m[1m[31mnt UserSelectorComponent.[39m[22m
[1m[31m[39m[22m
[1m[31m[39m[22m
[1m[31m[39m[22m
[37m[39m
[37m[91m√ó[39m[37m Failed to compile.[39m
[36m‚†ã[39m Generating browser application bundles...[2K[1G[36m‚†ô[39m Generating browser application bundles (phase: building)...[2K[1G[36m‚†π[39m Generating browser application bundles (phase: sealing)...[2K[1G[36m‚†∏[39m Generating browser application bundles (phase: sealing)...[2K[1G[36m‚†º[39m Generating browser application bundles (phase: sealing)...[2K[1G[32m‚úî[39m Browser application bundle generation complete.
[37m[39m
[37m[0m[1mInitial Chunk Files[22m[2m | [22m[1mNames[22m  [2m | [22m [1mRaw Size[22m[0m[39m
[37m[0m[92mmain.js[39m[37m            [2m | [22mmain   [2m | [22m[96m207.80 kB[39m[37m[2m | [22m[0m[39m
[37m[0m[92mruntime.js[39m[37m         [2m | [22mruntime[2m | [22m  [96m6.50 kB[39m[37m[2m | [22m[0m[39m
[37m[0m[0m[39m
[37m[0m3 unchanged chunks[0m[39m
[37m[0m[0m[39m
[37m[0mBuild at: [1m[37m2025-11-18T16:17:56.651Z[39m[37m[22m - Hash: [1m[37m5d1a5b7ad1122bc3[39m[37m[22m - Time: [1m[37m584[39m[37m[22mms[0m[39m
[1m[31m[39m[22m
[1m[31m[0m[91mError: [39m[31m[0m[96msrc/app/app.module.ts[0m:[93m40[0m:[93m5[0m - [91merror[0m[90m NG6001: [0mThe class 'ExpenseModalComponent' is listed in the declarations of the NgModule 'AppModule', but is not a directive, a component, or a pipe. Either remove it from the NgModule's declarations, or add an appropriate Angular decorator.[39m[22m
[1m[31m[39m[22m
[1m[31m[7m40[0m     ExpenseModalComponent,[39m[22m
[1m[31m[7m  [0m [91m    ~~~~~~~~~~~~~~~~~~~~~[0m[39m[22m
[1m[31m[39m[22m
[1m[31m  [96msrc/app/expenses/expenses-modal/expense-modalcomponent.ts[0m:[93m9[0m:[93m14[0m[39m[22m
[1m[31m    [7m9[0m export class ExpenseModalComponent implements OnChanges {[39m[22m
[1m[31m    [7m [0m [96m             ~~~~~~~~~~~~~~~~~~~~~[0m[39m[22m
[1m[31m    'ExpenseModalComponent' is declared here.[39m[22m
[1m[31m[39m[22m
[1m[31m[39m[22m
[1m[31m[0m[91mError: [39m[31m[0m[96msrc/app/expenses/expenses-modal/expense-modalcomponent.ts[0m:[93m6[0m:[93m16[0m - [91merror[0m[90m NG2008: [0mCould not find template file './edit-expense-modal.component.html'.[39m[22m
[1m[31m[39m[22m
[1m[31m[7m6[0m   templateUrl: './edit-expense-modal.component.html',[39m[22m
[1m[31m[7m [0m [91m               ~~~~~~~~~~~~~~~~~~~~~~~~~~~~~~~~~~~~~[0m[39m[22m
[1m[31m[39m[22m
[1m[31m[39m[22m
[1m[31m[39m[22m
[37m[39m
[37m[91m√ó[39m[37m Failed to compile.[39m
[36m‚†ã[39m Generating browser application bundles...[2K[1G[36m‚†ô[39m Generating browser application bundles (phase: building)...[2K[1G[36m‚†π[39m Generating browser application bundles (phase: building)...[2K[1G[36m‚†∏[39m Generating browser application bundles (phase: sealing)...[2K[1G[36m‚†º[39m Generating browser application bundles (phase: emitting)...[2K[1G[32m‚úî[39m Browser application bundle generation complete.
[37m[39m
[37m[0m[1mInitial Chunk Files[22m[2m | [22m[1mNames[22m  [2m | [22m [1mRaw Size[22m[0m[39m
[37m[0m[92mmain.js[39m[37m            [2m | [22mmain   [2m | [22m[96m232.02 kB[39m[37m[2m | [22m[0m[39m
[37m[0m[92mruntime.js[39m[37m         [2m | [22mruntime[2m | [22m  [96m6.50 kB[39m[37m[2m | [22m[0m[39m
[37m[0m[0m[39m
[37m[0m3 unchanged chunks[0m[39m
[37m[0m[0m[39m
[37m[0mBuild at: [1m[37m2025-11-18T16:18:07.088Z[39m[37m[22m - Hash: [1m[37ma13cbffd5fd048d3[39m[37m[22m - Time: [1m[37m374[39m[37m[22mms[0m[39m
[37m[39m
[37m[92m‚àö[39m[37m Compiled successfully.[39m
[36m‚†ã[39m Generating browser application bundles...[2K[1G[36m‚†ô[39m Generating browser application bundles (phase: building)...[2K[1G[36m‚†π[39m Generating browser application bundles (phase: building)...[2K[1G[36m‚†∏[39m Generating browser application bundles (phase: emitting)...[2K[1G[32m‚úî[39m Browser application bundle generation complete.
[37m[39m
[37m[0m[1mInitial Chunk Files[22m[2m | [22m[1mNames[22m  [2m | [22m [1mRaw Size[22m[0m[39m
[37m[0m[92mmain.js[39m[37m            [2m | [22mmain   [2m | [22m[96m232.06 kB[39m[37m[2m | [22m[0m[39m
[37m[0m[92mruntime.js[39m[37m         [2m | [22mruntime[2m | [22m  [96m6.50 kB[39m[37m[2m | [22m[0m[39m
[37m[0m[0m[39m
[37m[0m3 unchanged chunks[0m[39m
[37m[0m[0m[39m
[37m[0mBuild at: [1m[37m2025-11-18T16:18:30.939Z[39m[37m[22m - Hash: [1m[37m2ce750699f849471[39m[37m[22m - Time: [1m[37m282[39m[37m[22mms[0m[39m
[37m[39m
[37m[92m‚àö[39m[37m Compiled successfully.[39m
[36m‚†ã[39m Generating browser application bundles...[2K[1G[36m‚†ô[39m Generating browser application bundles (phase: building)...[2K[1G[36m‚†π[39m Generating browser application bundles (phase: building)...[2K[1G[32m‚úî[39m Browser application bundle generation complete.
[37m[39m
[37m[0m[1mInitial Chunk Files[22m[2m | [22m[1mNames[22m  [2m | [22m [1mRaw Size[22m[0m[39m
[37m[0m[92mmain.js[39m[37m            [2m | [22mmain   [2m | [22m[96m232.06 kB[39m[37m[2m | [22m[0m[39m
[37m[0m[92mruntime.js[39m[37m         [2m | [22mruntime[2m | [22m  [96m6.50 kB[39m[37m[2m | [22m[0m[39m
[37m[0m[0m[39m
[37m[0m3 unchanged chunks[0m[39m
[37m[0m[0m[39m
[37m[0mBuild at: [1m[37m2025-11-18T16:18:58.270Z[39m[37m[22m - Hash: [1m[37mfb885719bf3cb9dd[39m[37m[22m - Time: [1m[37m253[39m[37m[22mms[0m[39m
[37m[39m
[37m[92m‚àö[39m[37m Compiled successfully.[39m
[36m‚†ã[39m Generating browser application bundles...[2K[1G[36m‚†ô[39m Generating browser application bundles (phase: building)...[2K[1G[36m‚†π[39m Generating browser application bundles (phase: emitting)...[2K[1G[32m‚úî[39m Browser application bundle generation complete.
[37m[39m
[37m[0m[1mInitial Chunk Files[22m[2m | [22m[1mNames[22m  [2m | [22m [1mRaw Size[22m[0m[39m
[37m[0m[92mmain.js[39m[37m            [2m | [22mmain   [2m | [22m[96m232.24 kB[39m[37m[2m | [22m[0m[39m
[37m[0m[92mruntime.js[39m[37m         [2m | [22mruntime[2m | [22m  [96m6.50 kB[39m[37m[2m | [22m[0m[39m
[37m[0m[0m[39m
[37m[0m3 unchanged chunks[0m[39m
[37m[0m[0m[39m
[37m[0mBuild at: [1m[37m2025-11-18T16:19:09.554Z[39m[37m[22m - Hash: [1m[37m3bef1dfb6cee8715[39m[37m[22m - Time: [1m[37m185[39m[37m[22mms[0m[39m
[37m[39m
[37m[92m‚àö[39m[37m Compiled successfully.[39m
[36m‚†ã[39m Generating browser application bundles...[2K[1G[36m‚†ô[39m Generating browser application bundles (phase: building)...[2K[1G[36m‚†π[39m Generating browser application bundles (phase: sealing)...[2K[1G[32m‚úî[39m Browser application bundle generation complete.
[37m[39m
[37m[0m[1mInitial Chunk Files[22m[2m | [22m[1mNames[22m  [2m | [22m [1mRaw Size[22m[0m[39m
[37m[0m[92mmain.js[39m[37m            [2m | [22mmain   [2m | [22m[96m232.01 kB[39m[37m[2m | [22m[0m[39m
[37m[0m[92mruntime.js[39m[37m         [2m | [22mruntime[2m | [22m  [96m6.50 kB[39m[37m[2m | [22m[0m[39m
[37m[0m[0m[39m
[37m[0m3 unchanged chunks[0m[39m
[37m[0m[0m[39m
[37m[0mBuild at: [1m[37m2025-11-18T16:19:41.604Z[39m[37m[22m - Hash: [1m[37m660e252fed165671[39m[37m[22m - Time: [1m[37m220[39m[37m[22mms[0m[39m
[37m[39m
[37m[92m‚àö[39m[37m Compiled successfully.[39m
[36m‚†ã[39m Generating browser application bundles...[2K[1G[36m‚†ô[39m Generating browser application bundles (phase: building)...[2K[1G[36m‚†π[39m Generating browser application bundles (phase: emitting)...[2K[1G[32m‚úî[39m Browser application bundle generation complete.
[37m[39m
[37m[0m[1mInitial Chunk Files[22m[2m | [22m[1mNames[22m  [2m | [22m [1mRaw Size[22m[0m[39m
[37m[0m[92mmain.js[39m[37m            [2m | [22mmain   [2m | [22m[96m232.56 kB[39m[37m[2m | [22m[0m[39m
[37m[0m[92mruntime.js[39m[37m         [2m | [22mruntime[2m | [22m  [96m6.50 kB[39m[37m[2m | [22m[0m[39m
[37m[0m[0m[39m
[37m[0m3 unchanged chunks[0m[39m
[37m[0m[0m[39m
[37m[0mBuild at: [1m[37m2025-11-18T16:19:57.847Z[39m[37m[22m - Hash: [1m[37m8048c3b0e2c63f33[39m[37m[22m - Time: [1m[37m213[39m[37m[22mms[0m[39m
[37m[39m
[37m[92m‚àö[39m[37m Compiled successfully.[39m
[36m‚†ã[39m Generating browser application bundles...[2K[1G[36m‚†ô[39m Generating browser application bundles (phase: building)...[2K[1G[36m‚†π[39m Generating browser application bundles (phase: building)...[2K[1G[32m‚úî[39m Browser application bundle generation complete.
[37m[39m
[37m[0m[1mInitial Chunk Files[22m[2m | [22m[1mNames[22m  [2m | [22m [1mRaw Size[22m[0m[39m
[37m[0m[92mmain.js[39m[37m            [2m | [22mmain   [2m | [22m[96m233.30 kB[39m[37m[2m | [22m[0m[39m
[37m[0m[92mruntime.js[39m[37m         [2m | [22mruntime[2m | [22m  [96m6.50 kB[39m[37m[2m | [22m[0m[39m
[37m[0m[0m[39m
[37m[0m3 unchanged chunks[0m[39m
[37m[0m[0m[39m
[37m[0mBuild at: [1m[37m2025-11-18T16:24:22.268Z[39m[37m[22m - Hash: [1m[37mcc662fe9e01941e3[39m[37m[22m - Time: [1m[37m249[39m[37m[22mms[0m[39m
[1m[31m[39m[22m
[1m[31m[0m[91mError: [39m[31m[0m[96msrc/app/expenses/expenses.component.html[0m:[93m23[0m:[93m52[0m - [91merror[0m[90m TS2339: [0mProperty 'openAddModal' does not exist on type 'ExpensesComponent'.[39m[22m
[1m[31m[39m[22m
[1m[31m[7m23[0m       <button class="add-transaction-btn" (click)="openAddModal()">[39m[22m
[1m[31m[7m  [0m [91m                                                   ~~~~~~~~~~~~[0m[39m[22m
[1m[31m[39m[22m
[1m[31m  [96msrc/app/expenses/expenses.component.ts[0m:[93m21[0m:[93m16[0m[39m[22m
[1m[31m    [7m21[0m   templateUrl: './expenses.component.html',[39m[22m
[1m[31m    [7m  [0m [96m               ~~~~~~~~~~~~~~~~~~~~~~~~~~~[0m[39m[22m
[1m[31m    Error occurs in the template of component ExpensesComponent.[39m[22m
[1m[31m[39m[22m
[1m[31m[39m[22m
[1m[31m[39m[22m
[37m[39m
[37m[91m√ó[39m[37m Failed to compile.[39m
[36m‚†ã[39m Generating browser application bundles...[2K[1G[36m‚†ô[39m Generating browser application bundles (phase: building)...[2K[1G[36m‚†π[39m Generating browser application bundles (phase: building)...[2K[1G[36m‚†∏[39m Generating browser application bundles (phase: building)...[2K[1G[36m‚†º[39m Generating browser application bundles (phase: building)...[2K[1G[36m‚†¥[39m Generating browser application bundles (phase: building)...[2K[1G[36m‚†¶[39m Generating browser application bundles (phase: sealing)...[2K[1G[32m‚úî[39m Browser application bundle generation complete.
[37m[39m
[37m[0m[1mInitial Chunk Files[22m[2m | [22m[1mNames[22m  [2m | [22m [1mRaw Size[22m[0m[39m
[37m[0m[92mmain.js[39m[37m            [2m | [22mmain   [2m | [22m[96m233.62 kB[39m[37m[2m | [22m[0m[39m
[37m[0m[92mruntime.js[39m[37m         [2m | [22mruntime[2m | [22m  [96m6.50 kB[39m[37m[2m | [22m[0m[39m
[37m[0m[0m[39m
[37m[0m3 unchanged chunks[0m[39m
[37m[0m[0m[39m
[37m[0mBuild at: [1m[37m2025-11-18T16:30:07.442Z[39m[37m[22m - Hash: [1m[37m54d83e7b23c52acf[39m[37m[22m - Time: [1m[37m667[39m[37m[22mms[0m[39m
[1m[31m[39m[22m
[1m[31m[0m[91mError: [39m[31m[0m[96msrc/app/expenses/expenses-list/expenses-list.component.html[0m:[93m167[0m:[93m3[0m - [91merror[0m[90m NG8002: [0mCan't bind to 'isOpen' since it isn't a known property of 'app-expense-modal'.[39m[22m
[1m[31m1. If 'app-expense-modal' is an Angular component and it has 'isOpen' input, then verify that it is part of this module.[39m[22m
[1m[31m2. If 'app-expense-modal' is a Web Component then add 'CUSTOM_ELEMENTS_SCHEMA' to the '@NgModule.schemas' of this component to suppress this message.[39m[22m
[1m[31m3. To allow any property add 'NO_ERRORS_SCHEMA' to the '@NgModule.schemas' of this component.[39m[22m
[1m[31m[39m[22m
[1m[31m[7m167[0m   [isOpen]="isEditModalOpen"[39m[22m
[1m[31m[7m   [0m [91m  ~~~~~~~~~~~~~~~~~~~~~~~~~~[0m[39m[22m
[1m[31m[39m[22m
[1m[31m  [96msrc/app/expenses/expenses-list/expenses-list.component.ts[0m:[93m25[0m:[93m16[0m[39m[22m
[1m[31m    [7m25[0m   templateUrl: './expenses-list.component.html',[39m[22m
[1m[31m    [7m  [0m [96m               ~~~~~~~~~~~~~~~~~~~~~~~~~~~~~~~~[0m[39m[22m
[1m[31m    Error occurs in the template of component ExpensesListComponent.[39m[22m
[1m[31m[39m[22m
[1m[31m[39m[22m
[1m[31m[0m[91mError: [39m[31m[0m[96msrc/app/expenses/expenses.component.html[0m:[93m23[0m:[93m52[0m - [91merror[0m[90m TS2339: [0mProperty 'openAddModal' does not exist on type 'ExpensesComponent'.[39m[22m
[1m[31m[39m[22m
[1m[31m[7m23[0m       <button class="add-transaction-btn" (click)="openAddModal()">[39m[22m
[1m[31m[7m  [0m [91m                                                   ~~~~~~~~~~~~[0m[39m[22m
[1m[31m[39m[22m
[1m[31m  [96msrc/app/expenses/expenses.component.ts[0m:[93m21[0m:[93m16[0m[39m[22m
[1m[31m    [7m21[0m   templateUrl: './expenses.component.html',[39m[22m
[1m[31m    [7m  [0m [96m               ~~~~~~~~~~~~~~~~~~~~~~~~~~~[0m[39m[22m
[1m[31m    Error occurs in the template of component ExpensesComponent.[39m[22m
[1m[31m[39m[22m
[1m[31m[39m[22m
[1m[31m[39m[22m
[37m[39m
[37m[91m√ó[39m[37m Failed to compile.[39m
[36m‚†ã[39m Generating browser application bundles...[2K[1G[36m‚†ô[39m Generating browser application bundles (phase: sealing)...[2K[1G[32m‚úî[39m Browser application bundle generation complete.
[37m[39m
[37m[0m5 unchanged chunks[0m[39m
[37m[0m[0m[39m
[37m[0mBuild at: [1m[37m2025-11-18T16:30:07.601Z[39m[37m[22m - Hash: [1m[37m54d83e7b23c52acf[39m[37m[22m - Time: [1m[37m115[39m[37m[22mms[0m[39m
[1m[31m[39m[22m
[1m[31m[0m[91mError: [39m[31m[0m[96msrc/app/expenses/expenses-list/expenses-list.component.html[0m:[93m167[0m:[93m3[0m - [91merror[0m[90m NG8002: [0mCan't bind to 'isOpen' since it isn't a known property of 'app-expense-modal'.[39m[22m
[1m[31m1. If 'app-expense-modal' is an Angular component and it has 'isOpen' input, then verify that it is part of this module.[39m[22m
[1m[31m2. If 'app-expense-modal' is a Web Component then add 'CUSTOM_ELEMENTS_SCHEMA' to the '@NgModule.schemas' of this component to suppress this message.[39m[22m
[1m[31m3. To allow any property add 'NO_ERRORS_SCHEMA' to the '@NgModule.schemas' of this component.[39m[22m
[1m[31m[39m[22m
[1m[31m[7m167[0m   [isOpen]="isEditModalOpen"[39m[22m
[1m[31m[7m   [0m [91m  ~~~~~~~~~~~~~~~~~~~~~~~~~~[0m[39m[22m
[1m[31m[39m[22m
[1m[31m  [96msrc/app/expenses/expenses-list/expenses-list.component.ts[0m:[93m25[0m:[93m16[0m[39m[22m
[1m[31m    [7m25[0m   templateUrl: './expenses-list.component.html',[39m[22m
[1m[31m    [7m  [0m [96m               ~~~~~~~~~~~~~~~~~~~~~~~~~~~~~~~~[0m[39m[22m
[1m[31m    Error occurs in the template of component ExpensesListComponent.[39m[22m
[1m[31m[39m[22m
[1m[31m[39m[22m
[1m[31m[0m[91mError: [39m[31m[0m[96msrc/app/expenses/expenses.component.html[0m:[93m23[0m:[93m52[0m - [91merror[0m[90m TS2339: [0mProperty 'openAddModal' does not exist on type 'ExpensesComponent'.[39m[22m
[1m[31m[39m[22m
[1m[31m[7m23[0m       <button class="add-transaction-btn" (click)="openAddModal()">[39m[22m
[1m[31m[7m  [0m [91m                                                   ~~~~~~~~~~~~[0m[39m[22m
[1m[31m[39m[22m
[1m[31m  [96msrc/app/expenses/expenses.component.ts[0m:[93m21[0m:[93m16[0m[39m[22m
[1m[31m    [7m21[0m   templateUrl: './expenses.component.html',[39m[22m
[1m[31m    [7m  [0m [96m               ~~~~~~~~~~~~~~~~~~~~~~~~~~~[0m[39m[22m
[1m[31m    Error occurs in the template of component ExpensesComponent.[39m[22m
[1m[31m[39m[22m
[1m[31m[39m[22m
[1m[31m[39m[22m
[37m[39m
[37m[91m√ó[39m[37m Failed to compile.[39m
[36m‚†ã[39m Generating browser application bundles...[2K[1G[36m‚†ô[39m Generating browser application bundles (phase: building)...[2K[1G[36m‚†π[39m Generating browser application bundles (phase: building)...[2K[1G[32m‚úî[39m Browser application bundle generation complete.
[37m[39m
[37m[0m[1mInitial Chunk Files[22m[2m | [22m[1mNames[22m  [2m | [22m [1mRaw Size[22m[0m[39m
[37m[0m[92mmain.js[39m[37m            [2m | [22mmain   [2m | [22m[96m233.66 kB[39m[37m[2m | [22m[0m[39m
[37m[0m[92mruntime.js[39m[37m         [2m | [22mruntime[2m | [22m  [96m6.50 kB[39m[37m[2m | [22m[0m[39m
[37m[0m[0m[39m
[37m[0m3 unchanged chunks[0m[39m
[37m[0m[0m[39m
[37m[0mBuild at: [1m[37m2025-11-18T16:30:31.402Z[39m[37m[22m - Hash: [1m[37me95585ddb93a554f[39m[37m[22m - Time: [1m[37m230[39m[37m[22mms[0m[39m
[1m[31m[39m[22m
[1m[31m[0m[91mError: [39m[31m[0m[96msrc/app/expenses/expenses-list/expenses-list.component.html[0m:[93m167[0m:[93m3[0m - [91merror[0m[90m NG8002: [0mCan't bind to 'isOpen' since it isn't a known property of 'app-expense-modal'.[39m[22m
[1m[31m1. If 'app-expense-modal' is an Angular component and it has 'isOpen' input, then verify that it is part of this module.[39m[22m
[1m[31m2. If 'app-expense-modal' is a Web Component then add 'CUSTOM_ELEMENTS_SCHEMA' to the '@NgModule.schemas' of this component to suppress this message.[39m[22m
[1m[31m3. To allow any property add 'NO_ERRORS_SCHEMA' to the '@NgModule.schemas' of this component.[39m[22m
[1m[31m[39m[22m
[1m[31m[7m167[0m   [isOpen]="isEditModalOpen"[39m[22m
[1m[31m[7m   [0m [91m  ~~~~~~~~~~~~~~~~~~~~~~~~~~[0m[39m[22m
[1m[31m[39m[22m
[1m[31m  [96msrc/app/expenses/expenses-list/expenses-list.component.ts[0m:[93m25[0m:[93m16[0m[39m[22m
[1m[31m    [7m25[0m   templateUrl: './expenses-list.component.html',[39m[22m
[1m[31m    [7m  [0m [96m               ~~~~~~~~~~~~~~~~~~~~~~~~~~~~~~~~[0m[39m[22m
[1m[31m    Error occurs in the template of component ExpensesListComponent.[39m[22m
[1m[31m[39m[22m
[1m[31m[39m[22m
[1m[31m[0m[91mError: [39m[31m[0m[96msrc/app/expenses/expenses.component.html[0m:[93m23[0m:[93m52[0m - [91merror[0m[90m TS2339: [0mProperty 'openAddModal' does not exist on type 'ExpensesComponent'.[39m[22m
[1m[31m[39m[22m
[1m[31m[7m23[0m       <button class="add-transaction-btn" (click)="openAddModal()">[39m[22m
[1m[31m[7m  [0m [91m                                                   ~~~~~~~~~~~~[0m[39m[22m
[1m[31m[39m[22m
[1m[31m  [96msrc/app/expenses/expenses.component.ts[0m:[93m21[0m:[93m16[0m[39m[22m
[1m[31m    [7m21[0m   templateUrl: './expenses.component.html',[39m[22m
[1m[31m    [7m  [0m [96m               ~~~~~~~~~~~~~~~~~~~~~~~~~~~[0m[39m[22m
[1m[31m    Error occurs in the template of component ExpensesComponent.[39m[22m
[1m[31m[39m[22m
[1m[31m[39m[22m
[1m[31m[39m[22m
[37m[39m
[37m[91m√ó[39m[37m Failed to compile.[39m
[36m‚†ã[39m Generating browser application bundles...[2K[1G[36m‚†ô[39m Generating browser application bundles (phase: building)...[2K[1G[36m‚†π[39m Generating browser application bundles (phase: building)...[2K[1G[32m‚úî[39m Browser application bundle generation complete.
[37m[39m
[37m[0m[1mInitial Chunk Files[22m[2m | [22m[1mNames[22m  [2m | [22m [1mRaw Size[22m[0m[39m
[37m[0m[92mmain.js[39m[37m            [2m | [22mmain   [2m | [22m[96m233.66 kB[39m[37m[2m | [22m[0m[39m
[37m[0m[92mruntime.js[39m[37m         [2m | [22mruntime[2m | [22m  [96m6.50 kB[39m[37m[2m | [22m[0m[39m
[37m[0m[0m[39m
[37m[0m3 unchanged chunks[0m[39m
[37m[0m[0m[39m
[37m[0mBuild at: [1m[37m2025-11-18T16:31:32.733Z[39m[37m[22m - Hash: [1m[37m4aea795dc3885a7e[39m[37m[22m - Time: [1m[37m413[39m[37m[22mms[0m[39m
[1m[31m[39m[22m
[1m[31m[0m[91mError: [39m[31m[0m[96msrc/app/expenses/expenses-list/expenses-list.component.html[0m:[93m167[0m:[93m3[0m - [91merror[0m[90m NG8002: [0mCan't bind to 'isOpen' since it isn't a known property of 'app-expense-modal'.[39m[22m
[1m[31m1. If 'app-expense-modal' is an Angular component and it has 'isOpen' input, then verify that it is part of this module.[39m[22m
[1m[31m2. If 'app-expense-modal' is a Web Component then add 'CUSTOM_ELEMENTS_SCHEMA' to the '@NgModule.schemas' of this component to suppress this message.[39m[22m
[1m[31m3. To allow any property add 'NO_ERRORS_SCHEMA' to the '@NgModule.schemas' of this component.[39m[22m
[1m[31m[39m[22m
[1m[31m[7m167[0m   [isOpen]="isEditModalOpen"[39m[22m
[1m[31m[7m   [0m [91m  ~~~~~~~~~~~~~~~~~~~~~~~~~~[0m[39m[22m
[1m[31m[39m[22m
[1m[31m  [96msrc/app/expenses/expenses-list/expenses-list.component.ts[0m:[93m25[0m:[93m16[0m[39m[22m
[1m[31m    [7m25[0m   templateUrl: './expenses-list.component.html',[39m[22m
[1m[31m    [7m  [0m [96m               ~~~~~~~~~~~~~~~~~~~~~~~~~~~~~~~~[0m[39m[22m
[1m[31m    Error occurs in the template of component ExpensesListComponent.[39m[22m
[1m[31m[39m[22m
[1m[31m[39m[22m
[1m[31m[0m[91mError: [39m[31m[0m[96msrc/app/expenses/expenses.component.html[0m:[93m23[0m:[93m52[0m - [91merror[0m[90m TS2339: [0mProperty 'openAddModal' does not exist on type 'ExpensesComponent'.[39m[22m
[1m[31m[39m[22m
[1m[31m[7m23[0m       <button class="add-transaction-btn" (click)="openAddModal()">[39m[22m
[1m[31m[7m  [0m [91m                                                   ~~~~~~~~~~~~[0m[39m[22m
[1m[31m[39m[22m
[1m[31m  [96msrc/app/expenses/expenses.component.ts[0m:[93m21[0m:[93m16[0m[39m[22m
[1m[31m    [7m21[0m   templateUrl: './expenses.component.html',[39m[22m
[1m[31m    [7m  [0m [96m               ~~~~~~~~~~~~~~~~~~~~~~~~~~~[0m[39m[22m
[1m[31m    Error occurs in the template of component ExpensesComponent.[39m[22m
[1m[31m[39m[22m
[1m[31m[39m[22m
[1m[31m[39m[22m
[37m[39m
[37m[91m√ó[39m[37m Failed to compile.[39m
[36m‚†ã[39m Generating browser application bundles...[2K[1G[36m‚†ô[39m Generating browser application bundles (phase: building)...[2K[1G[36m‚†π[39m Generating browser application bundles (phase: building)...[2K[1G[32m‚úî[39m Browser application bundle generation complete.
[37m[39m
[37m[0m[1mInitial Chunk Files[22m[2m | [22m[1mNames[22m  [2m | [22m [1mRaw Size[22m[0m[39m
[37m[0m[92mmain.js[39m[37m            [2m | [22mmain   [2m | [22m[96m233.68 kB[39m[37m[2m | [22m[0m[39m
[37m[0m[92mruntime.js[39m[37m         [2m | [22mruntime[2m | [22m  [96m6.50 kB[39m[37m[2m | [22m[0m[39m
[37m[0m[0m[39m
[37m[0m3 unchanged chunks[0m[39m
[37m[0m[0m[39m
[37m[0mBuild at: [1m[37m2025-11-18T16:32:13.376Z[39m[37m[22m - Hash: [1m[37m4171e8e39d36cafd[39m[37m[22m - Time: [1m[37m224[39m[37m[22mms[0m[39m
[1m[31m[39m[22m
[1m[31m[0m[91mError: [39m[31m[0m[96msrc/app/expenses/expenses-list/expenses-list.component.html[0m:[93m167[0m:[93m3[0m - [91merror[0m[90m NG8002: [0mCan't bind to 'isOpen' since it isn't a known property of 'app-expense-modal'.[39m[22m
[1m[31m1. If 'app-expense-modal' is an Angular component and it has 'isOpen' input, then verify that it is part of this module.[39m[22m
[1m[31m2. If 'app-expense-modal' is a Web Component then add 'CUSTOM_ELEMENTS_SCHEMA' to the '@NgModule.schemas' of this component to suppress this message.[39m[22m
[1m[31m3. To allow any property add 'NO_ERRORS_SCHEMA' to the '@NgModule.schemas' of this component.[39m[22m
[1m[31m[39m[22m
[1m[31m[7m167[0m   [isOpen]="isEditModalOpen"[39m[22m
[1m[31m[7m   [0m [91m  ~~~~~~~~~~~~~~~~~~~~~~~~~~[0m[39m[22m
[1m[31m[39m[22m
[1m[31m  [96msrc/app/expenses/expenses-list/expenses-list.component.ts[0m:[93m25[0m:[93m16[0m[39m[22m
[1m[31m    [7m25[0m   templateUrl: './expenses-list.component.html',[39m[22m
[1m[31m    [7m  [0m [96m               ~~~~~~~~~~~~~~~~~~~~~~~~~~~~~~~~[0m[39m[22m
[1m[31m    Error occurs in the template of component ExpensesListComponent.[39m[22m
[1m[31m[39m[22m
[1m[31m[39m[22m
[1m[31m[0m[91mError: [39m[31m[0m[96msrc/app/expenses/expenses.component.html[0m:[93m23[0m:[93m52[0m - [91merror[0m[90m TS2339: [0mProperty 'openAddModal' does not exist on type 'ExpensesComponent'.[39m[22m
[1m[31m[39m[22m
[1m[31m[7m23[0m       <button class="add-transaction-btn" (click)="openAddModal()">[39m[22m
[1m[31m[7m  [0m [91m                                                   ~~~~~~~~~~~~[0m[39m[22m
[1m[31m[39m[22m
[1m[31m  [96msrc/app/expenses/expenses.component.ts[0m:[93m21[0m:[93m16[0m[39m[22m
[1m[31m    [7m21[0m   templateUrl: './expenses.component.html',[39m[22m
[1m[31m    [7m  [0m [96m               ~~~~~~~~~~~~~~~~~~~~~~~~~~~[0m[39m[22m
[1m[31m    Error occurs in the template of component ExpensesComponent.[39m[22m
[1m[31m[39m[22m
[1m[31m[39m[22m
[1m[31m[39m[22m
[37m[39m
[37m[91m√ó[39m[37m Failed to compile.[39m
[36m‚†ã[39m Generating browser application bundles...[2K[1G[36m‚†ô[39m Generating browser application bundles (phase: building)...[2K[1G[32m‚úî[39m Browser application bundle generation complete.
[37m[39m
[37m[0m[1mInitial Chunk Files[22m[2m | [22m[1mNames[22m  [2m | [22m [1mRaw Size[22m[0m[39m
[37m[0m[92mmain.js[39m[37m            [2m | [22mmain   [2m | [22m[96m233.68 kB[39m[37m[2m | [22m[0m[39m
[37m[0m[92mruntime.js[39m[37m         [2m | [22mruntime[2m | [22m  [96m6.50 kB[39m[37m[2m | [22m[0m[39m
[37m[0m[0m[39m
[37m[0m3 unchanged chunks[0m[39m
[37m[0m[0m[39m
[37m[0mBuild at: [1m[37m2025-11-18T16:32:48.084Z[39m[37m[22m - Hash: [1m[37mcb54efb243c380fb[39m[37m[22m - Time: [1m[37m131[39m[37m[22mms[0m[39m
[1m[31m[39m[22m
[1m[31m[0m[91mError: [39m[31m[0m[96msrc/app/expenses/expenses-list/expenses-list.component.html[0m:[93m167[0m:[93m3[0m - [91merror[0m[90m NG8002: [0mCan't bind to 'isOpen' since it isn't a known property of 'app-expense-modal'.[39m[22m
[1m[31m1. If 'app-expense-modal' is an Angular component and it has 'isOpen' input, then verify that it is part of this module.[39m[22m
[1m[31m2. If 'app-expense-modal' is a Web Component then add 'CUSTOM_ELEMENTS_SCHEMA' to the '@NgModule.schemas' of this component to suppress this message.[39m[22m
[1m[31m3. To allow any property add 'NO_ERRORS_SCHEMA' to the '@NgModule.schemas' of this component.[39m[22m
[1m[31m[39m[22m
[1m[31m[7m167[0m   [isOpen]="isEditModalOpen"[39m[22m
[1m[31m[7m   [0m [91m  ~~~~~~~~~~~~~~~~~~~~~~~~~~[0m[39m[22m
[1m[31m[39m[22m
[1m[31m  [96msrc/app/expenses/expenses-list/expenses-list.component.ts[0m:[93m25[0m:[93m16[0m[39m[22m
[1m[31m    [7m25[0m   templateUrl: './expenses-list.component.html',[39m[22m
[1m[31m    [7m  [0m [96m               ~~~~~~~~~~~~~~~~~~~~~~~~~~~~~~~~[0m[39m[22m
[1m[31m    Error occurs in the template of component ExpensesListComponent.[39m[22m
[1m[31m[39m[22m
[1m[31m[39m[22m
[1m[31m[0m[91mError: [39m[31m[0m[96msrc/app/expenses/expenses.component.html[0m:[93m23[0m:[93m52[0m - [91merror[0m[90m TS2339: [0mProperty 'openAddModal' does not exist on type 'ExpensesComponent'.[39m[22m
[1m[31m[39m[22m
[1m[31m[7m23[0m       <button class="add-transaction-btn" (click)="openAddModal()">[39m[22m
[1m[31m[7m  [0m [91m                                                   ~~~~~~~~~~~~[0m[39m[22m
[1m[31m[39m[22m
[1m[31m  [96msrc/app/expenses/expenses.component.ts[0m:[93m21[0m:[93m16[0m[39m[22m
[1m[31m    [7m21[0m   templateUrl: './expenses.component.html',[39m[22m
[1m[31m    [7m  [0m [96m               ~~~~~~~~~~~~~~~~~~~~~~~~~~~[0m[39m[22m
[1m[31m    Error occurs in the template of component ExpensesComponent.[39m[22m
[1m[31m[39m[22m
[1m[31m[39m[22m
[1m[31m[39m[22m
[37m[39m
[37m[91m√ó[39m[37m Failed to compile.[39m
[36m‚†ã[39m Generating browser application bundles...[2K[1G[36m‚†ô[39m Generating browser application bundles (phase: building)...[2K[1G[32m‚úî[39m Browser application bundle generation complete.
[37m[39m
[37m[0m[1mInitial Chunk Files[22m[2m | [22m[1mNames[22m  [2m | [22m [1mRaw Size[22m[0m[39m
[37m[0m[92mmain.js[39m[37m            [2m | [22mmain   [2m | [22m[96m233.70 kB[39m[37m[2m | [22m[0m[39m
[37m[0m[92mruntime.js[39m[37m         [2m | [22mruntime[2m | [22m  [96m6.50 kB[39m[37m[2m | [22m[0m[39m
[37m[0m[0m[39m
[37m[0m3 unchanged chunks[0m[39m
[37m[0m[0m[39m
[37m[0mBuild at: [1m[37m2025-11-18T16:33:17.214Z[39m[37m[22m - Hash: [1m[37m796965f95070b4a6[39m[37m[22m - Time: [1m[37m129[39m[37m[22mms[0m[39m
[1m[31m[39m[22m
[1m[31m[0m[91mError: [39m[31m[0m[96msrc/app/expenses/expenses-list/expenses-list.component.html[0m:[93m167[0m:[93m3[0m - [91merror[0m[90m NG8002: [0mCan't bind to 'isOpen' since it isn't a known property of 'app-expense-modal'.[39m[22m
[1m[31m1. If 'app-expense-modal' is an Angular component and it has 'isOpen' input, then verify that it is part of this module.[39m[22m
[1m[31m2. If 'app-expense-modal' is a Web Component then add 'CUSTOM_ELEMENTS_SCHEMA' to the '@NgModule.schemas' of this component to suppress this message.[39m[22m
[1m[31m3. To allow any property add 'NO_ERRORS_SCHEMA' to the '@NgModule.schemas' of this component.[39m[22m
[1m[31m[39m[22m
[1m[31m[7m167[0m   [isOpen]="isEditModalOpen"[39m[22m
[1m[31m[7m   [0m [91m  ~~~~~~~~~~~~~~~~~~~~~~~~~~[0m[39m[22m
[1m[31m[39m[22m
[1m[31m  [96msrc/app/expenses/expenses-list/expenses-list.component.ts[0m:[93m25[0m:[93m16[0m[39m[22m
[1m[31m    [7m25[0m   templateUrl: './expenses-list.component.html',[39m[22m
[1m[31m    [7m  [0m [96m               ~~~~~~~~~~~~~~~~~~~~~~~~~~~~~~~~[0m[39m[22m
[1m[31m    Error occurs in the template of component ExpensesListComponent.[39m[22m
[1m[31m[39m[22m
[1m[31m[39m[22m
[1m[31m[0m[91mError: [39m[31m[0m[96msrc/app/expenses/expenses.component.html[0m:[93m23[0m:[93m52[0m - [91merror[0m[90m TS2339: [0mProperty 'openAddModal' does not exist on type 'ExpensesComponent'.[39m[22m
[1m[31m[39m[22m
[1m[31m[7m23[0m       <button class="add-transaction-btn" (click)="openAddModal()">[39m[22m
[1m[31m[7m  [0m [91m                                                   ~~~~~~~~~~~~[0m[39m[22m
[1m[31m[39m[22m
[1m[31m  [96msrc/app/expenses/expenses.component.ts[0m:[93m21[0m:[93m16[0m[39m[22m
[1m[31m    [7m21[0m   templateUrl: './expenses.component.html',[39m[22m
[1m[31m    [7m  [0m [96m               ~~~~~~~~~~~~~~~~~~~~~~~~~~~[0m[39m[22m
[1m[31m    Error occurs in the template of component ExpensesComponent.[39m[22m
[1m[31m[39m[22m
[1m[31m[39m[22m
[1m[31m[39m[22m
[37m[39m
[37m[91m√ó[39m[37m Failed to compile.[39m
[36m‚†ã[39m Generating browser application bundles...[2K[1G[36m‚†ô[39m Generating browser application bundles (phase: building)...[2K[1G[36m‚†π[39m Generating browser application bundles (phase: building)...[2K[1G[32m‚úî[39m Browser application bundle generation complete.
[37m[39m
[37m[0m[1mInitial Chunk Files[22m[2m | [22m[1mNames[22m  [2m | [22m [1mRaw Size[22m[0m[39m
[37m[0m[92mmain.js[39m[37m            [2m | [22mmain   [2m | [22m[96m233.70 kB[39m[37m[2m | [22m[0m[39m
[37m[0m[92mruntime.js[39m[37m         [2m | [22mruntime[2m | [22m  [96m6.50 kB[39m[37m[2m | [22m[0m[39m
[37m[0m[0m[39m
[37m[0m3 unchanged chunks[0m[39m
[37m[0m[0m[39m
[37m[0mBuild at: [1m[37m2025-11-18T16:34:22.448Z[39m[37m[22m - Hash: [1m[37m6c0a9ca1825d595d[39m[37m[22m - Time: [1m[37m360[39m[37m[22mms[0m[39m
[1m[31m[39m[22m
[1m[31m[0m[91mError: [39m[31m[0m[96msrc/app/expenses/expenses-list/expenses-list.component.html[0m:[93m167[0m:[93m3[0m - [91merror[0m[90m NG8002: [0mCan't bind to 'isOpen' since it isn't a known property of 'app-expense-modal'.[39m[22m
[1m[31m1. If 'app-expense-modal' is an Angular component and it has 'isOpen' input, then verify that it is part of this module.[39m[22m
[1m[31m2. If 'app-expense-modal' is a Web Component then add 'CUSTOM_ELEMENTS_SCHEMA' to the '@NgModule.schemas' of this component to suppress this message.[39m[22m
[1m[31m3. To allow any property add 'NO_ERRORS_SCHEMA' to the '@NgModule.schemas' of this component.[39m[22m
[1m[31m[39m[22m
[1m[31m[7m167[0m   [isOpen]="isEditModalOpen"[39m[22m
[1m[31m[7m   [0m [91m  ~~~~~~~~~~~~~~~~~~~~~~~~~~[0m[39m[22m
[1m[31m[39m[22m
[1m[31m  [96msrc/app/expenses/expenses-list/expenses-list.component.ts[0m:[93m25[0m:[93m16[0m[39m[22m
[1m[31m    [7m25[0m   templateUrl: './expenses-list.component.html',[39m[22m
[1m[31m    [7m  [0m [96m               ~~~~~~~~~~~~~~~~~~~~~~~~~~~~~~~~[0m[39m[22m
[1m[31m    Error occurs in the template of component ExpensesListComponent.[39m[22m
[1m[31m[39m[22m
[1m[31m[39m[22m
[1m[31m[0m[91mError: [39m[31m[0m[96msrc/app/expenses/expenses.component.html[0m:[93m23[0m:[93m52[0m - [91merror[0m[90m TS2339: [0mProperty 'openAddModal' does not exist on type 'ExpensesComponent'.[39m[22m
[1m[31m[39m[22m
[1m[31m[7m23[0m       <button class="add-transaction-btn" (click)="openAddModal()">[39m[22m
[1m[31m[7m  [0m [91m                                                   ~~~~~~~~~~~~[0m[39m[22m
[1m[31m[39m[22m
[1m[31m  [96msrc/app/expenses/expenses.component.ts[0m:[93m21[0m:[93m16[0m[39m[22m
[1m[31m    [7m21[0m   templateUrl: './expenses.component.html',[39m[22m
[1m[31m    [7m  [0m [96m               ~~~~~~~~~~~~~~~~~~~~~~~~~~~[0m[39m[22m
[1m[31m    Error occurs in the template of component ExpensesComponent.[39m[22m
[1m[31m[39m[22m
[1m[31m[39m[22m
[1m[31m[39m[22m
[37m[39m
[37m[91m√ó[39m[37m Failed to compile.[39m
[36m‚†ã[39m Generating browser application bundles...[2K[1G[36m‚†ô[39m Generating browser application bundles (phase: building)...[2K[1G[32m‚úî[39m Browser application bundle generation complete.
[37m[39m
[37m[0m[1mInitial Chunk Files[22m[2m | [22m[1mNames[22m  [2m | [22m [1mRaw Size[22m[0m[39m
[37m[0m[92mmain.js[39m[37m            [2m | [22mmain   [2m | [22m[96m233.72 kB[39m[37m[2m | [22m[0m[39m
[37m[0m[92mruntime.js[39m[37m         [2m | [22mruntime[2m | [22m  [96m6.50 kB[39m[37m[2m | [22m[0m[39m
[37m[0m[0m[39m
[37m[0m3 unchanged chunks[0m[39m
[37m[0m[0m[39m
[37m[0mBuild at: [1m[37m2025-11-18T16:34:24.848Z[39m[37m[22m - Hash: [1m[37m7a1a04f80232fd43[39m[37m[22m - Time: [1m[37m198[39m[37m[22mms[0m[39m
[1m[31m[39m[22m
[1m[31m[0m[91mError: [39m[31m[0m[96msrc/app/expenses/expenses-list/expenses-list.component.html[0m:[93m167[0m:[93m3[0m - [91merror[0m[90m NG8002: [0mCan't bind to 'isOpen' since it isn't a known property of 'app-expense-modal'.[39m[22m
[1m[31m1. If 'app-expense-modal' is an Angular component and it has 'isOpen' input, then verify that it is part of this module.[39m[22m
[1m[31m2. If 'app-expense-modal' is a Web Component then add 'CUSTOM_ELEMENTS_SCHEMA' to the '@NgModule.schemas' of this component to suppress this message.[39m[22m
[1m[31m3. To allow any property add 'NO_ERRORS_SCHEMA' to the '@NgModule.schemas' of this component.[39m[22m
[1m[31m[39m[22m
[1m[31m[7m167[0m   [isOpen]="isEditModalOpen"[39m[22m
[1m[31m[7m   [0m [91m  ~~~~~~~~~~~~~~~~~~~~~~~~~~[0m[39m[22m
[1m[31m[39m[22m
[1m[31m  [96msrc/app/expenses/expenses-list/expenses-list.component.ts[0m:[93m25[0m:[93m16[0m[39m[22m
[1m[31m    [7m25[0m   templateUrl: './expenses-list.component.html',[39m[22m
[1m[31m    [7m  [0m [96m               ~~~~~~~~~~~~~~~~~~~~~~~~~~~~~~~~[0m[39m[22m
[1m[31m    Error occurs in the template of component ExpensesListComponent.[39m[22m
[1m[31m[39m[22m
[1m[31m[39m[22m
[1m[31m[0m[91mError: [39m[31m[0m[96msrc/app/expenses/expenses.component.html[0m:[93m23[0m:[93m52[0m - [91merror[0m[90m TS2339: [0mProperty 'openAddModal' does not exist on type 'ExpensesComponent'.[39m[22m
[1m[31m[39m[22m
[1m[31m[7m23[0m       <button class="add-transaction-btn" (click)="openAddModal()">[39m[22m
[1m[31m[7m  [0m [91m                                                   ~~~~~~~~~~~~[0m[39m[22m
[1m[31m[39m[22m
[1m[31m  [96msrc/app/expenses/expenses.component.ts[0m:[93m21[0m:[93m16[0m[39m[22m
[1m[31m    [7m21[0m   templateUrl: './expenses.component.html',[39m[22m
[1m[31m    [7m  [0m [96m               ~~~~~~~~~~~~~~~~~~~~~~~~~~~[0m[39m[22m
[1m[31m    Error occurs in the template of component ExpensesComponent.[39m[22m
[1m[31m[39m[22m
[1m[31m[39m[22m
[1m[31m[39m[22m
[37m[39m
[37m[91m√ó[39m[37m Failed to compile.[39m
[36m‚†ã[39m Generating browser application bundles...[2K[1G[36m‚†ô[39m Generating browser application bundles (phase: building)...[2K[1G[32m‚úî[39m Browser application bundle generation complete.
[37m[39m
[37m[0m[1mInitial Chunk Files[22m[2m | [22m[1mNames[22m  [2m | [22m [1mRaw Size[22m[0m[39m
[37m[0m[92mmain.js[39m[37m            [2m | [22mmain   [2m | [22m[96m233.73 kB[39m[37m[2m | [22m[0m[39m
[37m[0m[92mruntime.js[39m[37m         [2m | [22mruntime[2m | [22m  [96m6.50 kB[39m[37m[2m | [22m[0m[39m
[37m[0m[0m[39m
[37m[0m3 unchanged chunks[0m[39m
[37m[0m[0m[39m
[37m[0mBuild at: [1m[37m2025-11-18T16:34:57.169Z[39m[37m[22m - Hash: [1m[37m8ad9f6ee45df9c9d[39m[37m[22m - Time: [1m[37m202[39m[37m[22mms[0m[39m
[1m[31m[39m[22m
[1m[31m[0m[91mError: [39m[31m[0m[96msrc/app/expenses/expenses-list/expenses-list.component.html[0m:[93m167[0m:[93m3[0m - [91merror[0m[90m NG8002: [0mCan't bind to 'isOpen' since it isn't a known property of 'app-expense-modal'.[39m[22m
[1m[31m1. If 'app-expense-modal' is an Angular component and it has 'isOpen' input, then verify that it is part of this module.[39m[22m
[1m[31m2. If 'app-expense-modal' is a Web Component then add 'CUSTOM_ELEMENTS_SCHEMA' to the '@NgModule.schemas' of this component to suppress this message.[39m[22m
[1m[31m3. To allow any property add 'NO_ERRORS_SCHEMA' to the '@NgModule.schemas' of this component.[39m[22m
[1m[31m[39m[22m
[1m[31m[7m167[0m   [isOpen]="isEditModalOpen"[39m[22m
[1m[31m[7m   [0m [91m  ~~~~~~~~~~~~~~~~~~~~~~~~~~[0m[39m[22m
[1m[31m[39m[22m
[1m[31m  [96msrc/app/expenses/expenses-list/expenses-list.component.ts[0m:[93m25[0m:[93m16[0m[39m[22m
[1m[31m    [7m25[0m   templateUrl: './expenses-list.component.html',[39m[22m
[1m[31m    [7m  [0m [96m               ~~~~~~~~~~~~~~~~~~~~~~~~~~~~~~~~[0m[39m[22m
[1m[31m    Error occurs in the template of component ExpensesListComponent.[39m[22m
[1m[31m[39m[22m
[1m[31m[39m[22m
[1m[31m[0m[91mError: [39m[31m[0m[96msrc/app/expenses/expenses.component.html[0m:[93m23[0m:[93m52[0m - [91merror[0m[90m TS2339: [0mProperty 'openAddModal' does not exist on type 'ExpensesComponent'.[39m[22m
[1m[31m[39m[22m
[1m[31m[7m23[0m       <button class="add-transaction-btn" (click)="openAddModal()">[39m[22m
[1m[31m[7m  [0m [91m                                                   ~~~~~~~~~~~~[0m[39m[22m
[1m[31m[39m[22m
[1m[31m  [96msrc/app/expenses/expenses.component.ts[0m:[93m21[0m:[93m16[0m[39m[22m
[1m[31m    [7m21[0m   templateUrl: './expenses.component.html',[39m[22m
[1m[31m    [7m  [0m [96m               ~~~~~~~~~~~~~~~~~~~~~~~~~~~[0m[39m[22m
[1m[31m    Error occurs in the template of component ExpensesComponent.[39m[22m
[1m[31m[39m[22m
[1m[31m[39m[22m
[1m[31m[39m[22m
[37m[39m
[37m[91m√ó[39m[37m Failed to compile.[39m
[36m‚†ã[39m Generating browser application bundles...[2K[1G[36m‚†ô[39m Generating browser application bundles (phase: building)...[2K[1G[36m‚†π[39m Generating browser application bundles (phase: sealing)...[2K[1G[36m‚†∏[39m Generating browser application bundles (phase: sealing)...[2K[1G[32m‚úî[39m Browser application bundle generation complete.
[37m[39m
[37m[0m[1mInitial Chunk Files[22m[2m | [22m[1mNames[22m  [2m | [22m [1mRaw Size[22m[0m[39m
[37m[0m[92mmain.js[39m[37m            [2m | [22mmain   [2m | [22m[96m233.76 kB[39m[37m[2m | [22m[0m[39m
[37m[0m[92mruntime.js[39m[37m         [2m | [22mruntime[2m | [22m  [96m6.50 kB[39m[37m[2m | [22m[0m[39m
[37m[0m[0m[39m
[37m[0m3 unchanged chunks[0m[39m
[37m[0m[0m[39m
[37m[0mBuild at: [1m[37m2025-11-18T16:35:23.692Z[39m[37m[22m - Hash: [1m[37m9c0623bfbadd65ae[39m[37m[22m - Time: [1m[37m325[39m[37m[22mms[0m[39m
[1m[31m[39m[22m
[1m[31m[0m[91mError: [39m[31m[0m[96msrc/app/expenses/expenses.component.html[0m:[93m23[0m:[93m52[0m - [91merror[0m[90m TS2339: [0mProperty 'openAddModal' does not exist on type 'ExpensesComponent'.[39m[22m
[1m[31m[39m[22m
[1m[31m[7m23[0m       <button class="add-transaction-btn" (click)="openAddModal()">[39m[22m
[1m[31m[7m  [0m [91m                                                   ~~~~~~~~~~~~[0m[39m[22m
[1m[31m[39m[22m
[1m[31m  [96msrc/app/expenses/expenses.component.ts[0m:[93m21[0m:[93m16[0m[39m[22m
[1m[31m    [7m21[0m   templateUrl: './expenses.component.html',[39m[22m
[1m[31m    [7m  [0m [96m               ~~~~~~~~~~~~~~~~~~~~~~~~~~~[0m[39m[22m
[1m[31m    Error occurs in the template of component ExpensesComponent.[39m[22m
[1m[31m[39m[22m
[1m[31m[39m[22m
[1m[31m[39m[22m
[37m[39m
[37m[91m√ó[39m[37m Failed to compile.[39m
[36m‚†ã[39m Generating browser application bundles...[2K[1G[36m‚†ô[39m Generating browser application bundles (phase: building)...[2K[1G[32m‚úî[39m Browser application bundle generation complete.
[37m[39m
[37m[0m[1mInitial Chunk Files[22m[2m | [22m[1mNames[22m  [2m | [22m [1mRaw Size[22m[0m[39m
[37m[0m[92mmain.js[39m[37m            [2m | [22mmain   [2m | [22m[96m233.42 kB[39m[37m[2m | [22m[0m[39m
[37m[0m[92mruntime.js[39m[37m         [2m | [22mruntime[2m | [22m  [96m6.50 kB[39m[37m[2m | [22m[0m[39m
[37m[0m[0m[39m
[37m[0m3 unchanged chunks[0m[39m
[37m[0m[0m[39m
[37m[0mBuild at: [1m[37m2025-11-18T16:36:00.686Z[39m[37m[22m - Hash: [1m[37m096ae968622aa62a[39m[37m[22m - Time: [1m[37m138[39m[37m[22mms[0m[39m
[1m[31m[39m[22m
[1m[31m[0m[91mError: [39m[31m[0m[96msrc/app/expenses/expenses.component.html[0m:[93m23[0m:[93m52[0m - [91merror[0m[90m TS2339: [0mProperty 'openAddModal' does not exist on type 'ExpensesComponent'.[39m[22m
[1m[31m[39m[22m
[1m[31m[7m23[0m       <button class="add-transaction-btn" (click)="openAddModal()">[39m[22m
[1m[31m[7m  [0m [91m                                                   ~~~~~~~~~~~~[0m[39m[22m
[1m[31m[39m[22m
[1m[31m  [96msrc/app/expenses/expenses.component.ts[0m:[93m21[0m:[93m16[0m[39m[22m
[1m[31m    [7m21[0m   templateUrl: './expenses.component.html',[39m[22m
[1m[31m    [7m  [0m [96m               ~~~~~~~~~~~~~~~~~~~~~~~~~~~[0m[39m[22m
[1m[31m    Error occurs in the template of component ExpensesComponent.[39m[22m
[1m[31m[39m[22m
[1m[31m[39m[22m
[1m[31m[39m[22m
[37m[39m
[37m[91m√ó[39m[37m Failed to compile.[39m
[36m‚†ã[39m Generating browser application bundles...[2K[1G[36m‚†ô[39m Generating browser application bundles (phase: building)...[2K[1G[32m‚úî[39m Browser application bundle generation complete.
[37m[39m
[37m[0m[1mInitial Chunk Files[22m[2m | [22m[1mNames[22m  [2m | [22m [1mRaw Size[22m[0m[39m
[37m[0m[92mmain.js[39m[37m            [2m | [22mmain   [2m | [22m[96m234.54 kB[39m[37m[2m | [22m[0m[39m
[37m[0m[92mruntime.js[39m[37m         [2m | [22mruntime[2m | [22m  [96m6.50 kB[39m[37m[2m | [22m[0m[39m
[37m[0m[0m[39m
[37m[0m3 unchanged chunks[0m[39m
[37m[0m[0m[39m
[37m[0mBuild at: [1m[37m2025-11-18T16:36:38.824Z[39m[37m[22m - Hash: [1m[37mc46e02ecdf553a7b[39m[37m[22m - Time: [1m[37m190[39m[37m[22mms[0m[39m
[1m[31m[39m[22m
[1m[31m[0m[91mError: [39m[31m[0m[96msrc/app/expenses/expenses.component.html[0m:[93m23[0m:[93m52[0m - [91merror[0m[90m TS2339: [0mProperty 'openAddModal' does not exist on type 'ExpensesComponent'.[39m[22m
[1m[31m[39m[22m
[1m[31m[7m23[0m       <button class="add-transaction-btn" (click)="openAddModal()">[39m[22m
[1m[31m[7m  [0m [91m                                                   ~~~~~~~~~~~~[0m[39m[22m
[1m[31m[39m[22m
[1m[31m  [96msrc/app/expenses/expenses.component.ts[0m:[93m21[0m:[93m16[0m[39m[22m
[1m[31m    [7m21[0m   templateUrl: './expenses.component.html',[39m[22m
[1m[31m    [7m  [0m [96m               ~~~~~~~~~~~~~~~~~~~~~~~~~~~[0m[39m[22m
[1m[31m    Error occurs in the template of component ExpensesComponent.[39m[22m
[1m[31m[39m[22m
[1m[31m[39m[22m
[1m[31m[0m[91mError: [39m[31m[0m[96msrc/app/expenses/expenses.component.html[0m:[93m119[0m:[93m13[0m - [91merror[0m[90m TS2339: [0mProperty 'isEditModalOpen' does not exist on type 'ExpensesComponent'.[39m[22m
[1m[31m[39m[22m
[1m[31m[7m119[0m   [isOpen]="isEditModalOpen"[39m[22m
[1m[31m[7m   [0m [91m            ~~~~~~~~~~~~~~~[0m[39m[22m
[1m[31m[39m[22m
[1m[31m  [96msrc/app/expenses/expenses.component.ts[0m:[93m21[0m:[93m16[0m[39m[22m
[1m[31m    [7m21[0m   templateUrl: './expenses.component.html',[39m[22m
[1m[31m    [7m  [0m [96m               ~~~~~~~~~~~~~~~~~~~~~~~~~~~[0m[39m[22m
[1m[31m    Error occurs in the template of component ExpensesComponent.[39m[22m
[1m[31m[39m[22m
[1m[31m[39m[22m
[1m[31m[0m[91mError: [39m[31m[0m[96msrc/app/expenses/expenses.component.html[0m:[93m120[0m:[93m14[0m - [91merror[0m[90m TS2339: [0mProperty 'editingExpense' does not exist on type 'ExpensesComponent'.[39m[22m
[1m[31m[39m[22m
[1m[31m[7m120[0m   [expense]="editingExpense"[39m[22m
[1m[31m[7m   [0m [91m             ~~~~~~~~~~~~~~[0m[39m[22m
[1m[31m[39m[22m
[1m[31m  [96msrc/app/expenses/expenses.component.ts[0m:[93m21[0m:[93m16[0m[39m[22m
[1m[31m    [7m21[0m   templateUrl: './expenses.component.html',[39m[22m
[1m[31m    [7m  [0m [96m               ~~~~~~~~~~~~~~~~~~~~~~~~~~~[0m[39m[22m
[1m[31m    Error occurs in the template of component ExpensesComponent.[39m[22m
[1m[31m[39m[22m
[1m[31m[39m[22m
[1m[31m[0m[91mError: [39m[31m[0m[96msrc/app/expenses/expenses.component.html[0m:[93m121[0m:[93m17[0m - [91merror[0m[90m TS2339: [0mProperty 'closeEditModal' does not exist on type 'ExpensesComponent'.[39m[22m
[1m[31m[39m[22m
[1m[31m[7m1[39m[22m[1m[31m21[0m   (closeModal)="closeEditModal()"[39m[22m
[1m[31m[7m   [0m [91m                ~~~~~~~~~~~~~~[0m[39m[22m
[1m[31m[39m[22m
[1m[31m  [96msrc/app/expenses/expenses.component.ts[0m:[93m21[0m:[93m16[0m[39m[22m
[1m[31m    [7m21[0m   templateUrl: './expenses.component.html',[39m[22m
[1m[31m    [7m  [0m [96m               ~~~~~~~~~~~~~~~~~~~~~~~~~~~[0m[39m[22m
[1m[31m    Error occurs in the template of component ExpensesComponent.[39m[22m
[1m[31m[39m[22m
[1m[31m[39m[22m
[1m[31m[0m[91mError: [39m[31m[0m[96msrc/app/expenses/expenses.component.html[0m:[93m122[0m:[93m11[0m - [91merror[0m[90m TS2339: [0mProperty 'onSaveExpense' does not exist on type 'ExpensesComponent'.[39m[22m
[1m[31m[39m[22m
[1m[31m[7m122[0m   (save)="onSaveExpense($event)"[39m[22m
[1m[31m[7m   [0m [91m          ~~~~~~~~~~~~~[0m[39m[22m
[1m[31m[39m[22m
[1m[31m  [96msrc/app/expenses/expenses.component.ts[0m:[93m21[0m:[93m16[0m[39m[22m
[1m[31m    [7m21[0m   templateUrl: './expenses.component.html',[39m[22m
[1m[31m    [7m  [0m [96m               ~~~~~~~~~~~~~~~~~~~~~~~~~~~[0m[39m[22m
[1m[31m    Error occurs in the template of component ExpensesComponent.[39m[22m
[1m[31m[39m[22m
[1m[31m[39m[22m
[1m[31m[0m[91mError: [39m[31m[0m[96msrc/app/expenses/expenses.component.html[0m:[93m123[0m:[93m13[0m - [91merror[0m[90m TS2339: [0mProperty 'onDeleteExpense' does not exist on type 'ExpensesComponent'.[39m[22m
[1m[31m[39m[22m
[1m[31m[7m123[0m   (delete)="onDeleteExpense($event)">[39m[22m
[1m[31m[7m   [0m [91m            ~~~~~~~~~~~~~~~[0m[39m[22m
[1m[31m[39m[22m
[1m[31m  [96msrc/app/expenses/expenses.component.ts[0m:[93m21[0m:[93m16[0m[39m[22m
[1m[31m    [7m21[0m   templateUrl: './expenses.component.html',[39m[22m
[1m[31m    [7m  [0m [96m               ~~~~~~~~~~~~~~~~~~~~~~~~~~~[0m[39m[22m
[1m[31m    Error occurs in the template of component ExpensesComponent.[39m[22m
[1m[31m[39m[22m
[1m[31m[39m[22m
[1m[31m[39m[22m
[37m[39m
[37m[91m√ó[39m[37m Failed to compile.[39m
[36m‚†ã[39m Generating browser application bundles...[2K[1G[36m‚†ô[39m Generating browser application bundles (phase: building)...[2K[1G[36m‚†π[39m Generating browser application bundles (phase: building)...[2K[1G[32m‚úî[39m Browser application bundle generation complete.
[37m[39m
[37m[0m[1mInitial Chunk Files[22m[2m | [22m[1mNames[22m  [2m | [22m [1mRaw Size[22m[0m[39m
[37m[0m[92mmain.js[39m[37m            [2m | [22mmain   [2m | [22m[96m234.57 kB[39m[37m[2m | [22m[0m[39m
[37m[0m[92mruntime.js[39m[37m         [2m | [22mruntime[2m | [22m  [96m6.50 kB[39m[37m[2m | [22m[0m[39m
[37m[0m[0m[39m
[37m[0m3 unchanged chunks[0m[39m
[37m[0m[0m[39m
[37m[0mBuild at: [1m[37m2025-11-18T16:38:14.921Z[39m[37m[22m - Hash: [1m[37mcdb8dd09dd04b1e2[39m[37m[22m - Time: [1m[37m260[39m[37m[22mms[0m[39m
[1m[31m[39m[22m
[1m[31m[0m[91mError: [39m[31m[0m[96msrc/app/expenses/expenses.component.html[0m:[93m23[0m:[93m52[0m - [91merror[0m[90m TS2339: [0mProperty 'openAddModal' does not exist on type 'ExpensesComponent'.[39m[22m
[1m[31m[39m[22m
[1m[31m[7m23[0m       <button class="add-transaction-btn" (click)="openAddModal()">[39m[22m
[1m[31m[7m  [0m [91m                                                   ~~~~~~~~~~~~[0m[39m[22m
[1m[31m[39m[22m
[1m[31m  [96msrc/app/expenses/expenses.component.ts[0m:[93m21[0m:[93m16[0m[39m[22m
[1m[31m    [7m21[0m   templateUrl: './expenses.component.html',[39m[22m
[1m[31m    [7m  [0m [96m               ~~~~~~~~~~~~~~~~~~~~~~~~~~~[0m[39m[22m
[1m[31m    Error occurs in the template of component ExpensesComponent.[39m[22m
[1m[31m[39m[22m
[1m[31m[39m[22m
[1m[31m[0m[91mError: [39m[31m[0m[96msrc/app/expenses/expenses.component.html[0m:[93m119[0m:[93m13[0m - [91merror[0m[90m TS2551: [0mProperty 'isEditModalOpen' does not exist on type 'ExpensesComponent'. Did you mean 'isCreateModalOpen'?[39m[22m
[1m[31m[39m[22m
[1m[31m[7m119[0m   [isOpen]="isEditModalOpen"[39m[22m
[1m[31m[7m   [0m [91m            ~~~~~~~~~~~~~~~[0m[39m[22m
[1m[31m[39m[22m
[1m[31m  [96msrc/app/expenses/expenses.component.ts[0m:[93m21[0m:[93m16[0m[39m[22m
[1m[31m    [7m21[0m   templateUrl: './expenses.component.html',[39m[22m
[1m[31m    [7m  [0m [96m               ~~~~~~~~~~~~~~~~~~~~~~~~~~~[0m[39m[22m
[1m[31m    Error occurs in the template of component ExpensesComponent.[39m[22m
[1m[31m[39m[22m
[1m[31m[39m[22m
[1m[31m[0m[91mError: [39m[31m[0m[96msrc/app/expenses/expenses.component.html[0m:[93m120[0m:[93m14[0m - [91merror[0m[90m TS2339: [0mProperty 'editingExpense' does not exist on type 'ExpensesComponent'.[39m[22m
[1m[31m[39m[22m
[1m[31m[7m120[0m   [expense]="editingExpense"[39m[22m
[1m[31m[7m   [0m [91m             ~~~~~~~~~~~~~~[0m[39m[22m
[1m[31m[39m[22m
[1m[31m  [96msrc/app/expenses/expenses.component.ts[0m:[93m21[0m:[93m16[0m[39m[22m
[1m[31m    [7m21[0m   templateUrl: './expenses.component.html',[39m[22m
[1m[31m    [7m  [0m [96m               ~~~~~~~~~~~~~~~~~~~~~~~~~~~[0m[39m[22m
[1m[31m    Error occurs in the template of component ExpensesComponent.[39m[22m
[1m[31m[39m[22m
[1m[31m[39m[22m
[1m[31m[0m[91mError: [39m[31m[0m[96msrc/app/expenses/expenses.component.html[0m:[93m121[0m:[93m17[0m - [91merror[0m[90m TS2339: [0mProperty 'closeEditModal' does not exist on [39m[22m[1m[31mtype 'ExpensesComponent'.[39m[22m
[1m[31m[39m[22m
[1m[31m[7m121[0m   (closeModal)="closeEditModal()"[39m[22m
[1m[31m[7m   [0m [91m                ~~~~~~~~~~~~~~[0m[39m[22m
[1m[31m[39m[22m
[1m[31m  [96msrc/app/expenses/expenses.component.ts[0m:[93m21[0m:[93m16[0m[39m[22m
[1m[31m    [7m21[0m   templateUrl: './expenses.component.html',[39m[22m
[1m[31m    [7m  [0m [96m               ~~~~~~~~~~~~~~~~~~~~~~~~~~~[0m[39m[22m
[1m[31m    Error occurs in the template of component ExpensesComponent.[39m[22m
[1m[31m[39m[22m
[1m[31m[39m[22m
[1m[31m[0m[91mError: [39m[31m[0m[96msrc/app/expenses/expenses.component.html[0m:[93m122[0m:[93m11[0m - [91merror[0m[90m TS2339: [0mProperty 'onSaveExpense' does not exist on type 'ExpensesComponent'.[39m[22m
[1m[31m[39m[22m
[1m[31m[7m122[0m   (save)="onSaveExpense($event)"[39m[22m
[1m[31m[7m   [0m [91m          ~~~~~~~~~~~~~[0m[39m[22m
[1m[31m[39m[22m
[1m[31m  [96msrc/app/expenses/expenses.component.ts[0m:[93m21[0m:[93m16[0m[39m[22m
[1m[31m    [7m21[0m   templateUrl: './expenses.component.html',[39m[22m
[1m[31m    [7m  [0m [96m               ~~~~~~~~~~~~~~~~~~~~~~~~~~~[0m[39m[22m
[1m[31m    Error occurs in the template of component ExpensesComponent.[39m[22m
[1m[31m[39m[22m
[1m[31m[39m[22m
[1m[31m[0m[91mError: [39m[31m[0m[96msrc/app/expenses/expenses.component.html[0m:[93m123[0m:[93m13[0m - [91merror[0m[90m TS2339: [0mProperty 'onDeleteExpense' does not exist on type 'ExpensesComponent'.[39m[22m
[1m[31m[39m[22m
[1m[31m[7m123[0m   (delete)="onDeleteExpense($event)">[39m[22m
[1m[31m[7m   [0m [91m            ~~~~~~~~~~~~~~~[0m[39m[22m
[1m[31m[39m[22m
[1m[31m  [96msrc/app/expenses/expenses.component.ts[0m:[93m21[0m:[93m16[0m[39m[22m
[1m[31m    [7m21[0m   templateUrl: './expenses.component.html',[39m[22m
[1m[31m    [7m  [0m [96m               ~~~~~~~~~~~~~~~~~~~~~~~~~~~[0m[39m[22m
[1m[31m    Error occurs in the template of component ExpensesComponent.[39m[22m
[1m[31m[39m[22m
[1m[31m[39m[22m
[1m[31m[39m[22m
[37m[39m
[37m[91m√ó[39m[37m Failed to compile.[39m
[36m‚†ã[39m Generating browser application bundles...[2K[1G[36m‚†ô[39m Generating browser application bundles (phase: building)...[2K[1G[32m‚úî[39m Browser application bundle generation complete.
[37m[39m
[37m[0m[1mInitial Chunk Files[22m[2m | [22m[1mNames[22m  [2m | [22m [1mRaw Size[22m[0m[39m
[37m[0m[92mmain.js[39m[37m            [2m | [22mmain   [2m | [22m[96m234.58 kB[39m[37m[2m | [22m[0m[39m
[37m[0m[92mruntime.js[39m[37m         [2m | [22mruntime[2m | [22m  [96m6.50 kB[39m[37m[2m | [22m[0m[39m
[37m[0m[0m[39m
[37m[0m3 unchanged chunks[0m[39m
[37m[0m[0m[39m
[37m[0mBuild at: [1m[37m2025-11-18T16:38:28.064Z[39m[37m[22m - Hash: [1m[37m7c6e4776cfdc3d38[39m[37m[22m - Time: [1m[37m185[39m[37m[22mms[0m[39m
[1m[31m[39m[22m
[1m[31m[0m[91mError: [39m[31m[0m[96msrc/app/expenses/expenses.component.html[0m:[93m23[0m:[93m52[0m - [91merror[0m[90m TS2339: [0mProperty 'openAddModal' does not exist on type 'ExpensesComponent'.[39m[22m
[1m[31m[39m[22m
[1m[31m[7m23[0m       <button class="add-transaction-btn" (click)="openAddModal()">[39m[22m
[1m[31m[7m  [0m [91m                                                   ~~~~~~~~~~~~[0m[39m[22m
[1m[31m[39m[22m
[1m[31m  [96msrc/app/expenses/expenses.component.ts[0m:[93m21[0m:[93m16[0m[39m[22m
[1m[31m    [7m21[0m   templateUrl: './expenses.component.html',[39m[22m
[1m[31m    [7m  [0m [96m               ~~~~~~~~~~~~~~~~~~~~~~~~~~~[0m[39m[22m
[1m[31m    Error occurs in the template of component ExpensesComponent.[39m[22m
[1m[31m[39m[22m
[1m[31m[39m[22m
[1m[31m[0m[91mError: [39m[31m[0m[96msrc/app/expenses/expenses.component.html[0m:[93m120[0m:[93m14[0m - [91merror[0m[90m TS2339: [0mProperty 'editingExpense' does not exist on type 'ExpensesComponent'.[39m[22m
[1m[31m[39m[22m
[1m[31m[7m120[0m   [expense]="editingExpense"[39m[22m
[1m[31m[7m   [0m [91m             ~~~~~~~~~~~~~~[0m[39m[22m
[1m[31m[39m[22m
[1m[31m  [96msrc/app/expenses/expenses.component.ts[0m:[93m21[0m:[93m16[0m[39m[22m
[1m[31m    [7m21[0m   templateUrl: './expenses.component.html',[39m[22m
[1m[31m    [7m  [0m [96m               ~~~~~~~~~~~~~~~~~~~~~~~~~~~[0m[39m[22m
[1m[31m    Error occurs in the template of component ExpensesComponent.[39m[22m
[1m[31m[39m[22m
[1m[31m[39m[22m
[1m[31m[0m[91mError: [39m[31m[0m[96msrc/app/expenses/expenses.component.html[0m:[93m121[0m:[93m17[0m - [91merror[0m[90m TS2339: [0mProperty 'closeEditModal' does not exist on type 'ExpensesComponent'.[39m[22m
[1m[31m[39m[22m
[1m[31m[7m121[0m   (closeModal)="closeEditModal()"[39m[22m
[1m[31m[7m   [0m [91m                ~~~~~~~~~~~~~~[0m[39m[22m
[1m[31m[39m[22m
[1m[31m  [96msrc/app/expenses/expenses.component.ts[0m:[93m21[0m:[93m16[0m[39m[22m
[1m[31m    [7m21[0m   templateUrl: './expenses.component.html',[39m[22m
[1m[31m    [7m  [0m [96m               ~~~~~~~~~~~~~~~~~~~~~~~~~~~[0m[39m[22m
[1m[31m    Error occurs in the template of component ExpensesComponent.[39m[22m
[1m[31m[39m[22m
[1m[31m[39m[22m
[1m[31m[0m[91mError: [39m[31m[0m[96msrc/app/expenses/expenses.component.html[0m:[93m122[0m:[93m11[0m - [91merror[0m[90m TS2339: [0mProperty 'onSaveExpense' does not exist on type 'ExpensesComponent'.[39m[22m
[1m[31m[39m[22m[1m[31m[39m[22m
[1m[31m[7m122[0m   (save)="onSaveExpense($event)"[39m[22m
[1m[31m[7m   [0m [91m          ~~~~~~~~~~~~~[0m[39m[22m
[1m[31m[39m[22m
[1m[31m  [96msrc/app/expenses/expenses.component.ts[0m:[93m21[0m:[93m16[0m[39m[22m
[1m[31m    [7m21[0m   templateUrl: './expenses.component.html',[39m[22m
[1m[31m    [7m  [0m [96m               ~~~~~~~~~~~~~~~~~~~~~~~~~~~[0m[39m[22m
[1m[31m    Error occurs in the template of component ExpensesComponent.[39m[22m
[1m[31m[39m[22m
[1m[31m[39m[22m
[1m[31m[0m[91mError: [39m[31m[0m[96msrc/app/expenses/expenses.component.html[0m:[93m123[0m:[93m13[0m - [91merror[0m[90m TS2339: [0mProperty 'onDeleteExpense' does not exist on type 'ExpensesComponent'.[39m[22m
[1m[31m[39m[22m
[1m[31m[7m123[0m   (delete)="onDeleteExpense($event)">[39m[22m
[1m[31m[7m   [0m [91m            ~~~~~~~~~~~~~~~[0m[39m[22m
[1m[31m[39m[22m
[1m[31m  [96msrc/app/expenses/expenses.component.ts[0m:[93m21[0m:[93m16[0m[39m[22m
[1m[31m    [7m21[0m   templateUrl: './expenses.component.html',[39m[22m
[1m[31m    [7m  [0m [96m               ~~~~~~~~~~~~~~~~~~~~~~~~~~~[0m[39m[22m
[1m[31m    Error occurs in the template of component ExpensesComponent.[39m[22m
[1m[31m[39m[22m
[1m[31m[39m[22m
[1m[31m[39m[22m
[37m[39m
[37m[91m√ó[39m[37m Failed to compile.[39m
[36m‚†ã[39m Generating browser application bundles...[2K[1G[36m‚†ô[39m Generating browser application bundles (phase: building)...[2K[1G[36m‚†π[39m Generating browser application bundles (phase: building)...[2K[1G[32m‚úî[39m Browser application bundle generation complete.
[37m[39m
[37m[0m[1mInitial Chunk Files[22m[2m | [22m[1mNames[22m  [2m | [22m [1mRaw Size[22m[0m[39m
[37m[0m[92mmain.js[39m[37m            [2m | [22mmain   [2m | [22m[96m234.65 kB[39m[37m[2m | [22m[0m[39m
[37m[0m[92mruntime.js[39m[37m         [2m | [22mruntime[2m | [22m  [96m6.50 kB[39m[37m[2m | [22m[0m[39m
[37m[0m[0m[39m
[37m[0m3 unchanged chunks[0m[39m
[37m[0m[0m[39m
[37m[0mBuild at: [1m[37m2025-11-18T16:39:22.037Z[39m[37m[22m - Hash: [1m[37m6bef9f934ccc9f79[39m[37m[22m - Time: [1m[37m235[39m[37m[22mms[0m[39m
[1m[31m[39m[22m
[1m[31m[0m[91mError: [39m[31m[0m[96msrc/app/expenses/expenses.component.html[0m:[93m120[0m:[93m14[0m - [91merror[0m[90m TS2339: [0mProperty 'editingExpense' does not exist on type 'ExpensesComponent'.[39m[22m
[1m[31m[39m[22m
[1m[31m[7m120[0m   [expense]="editingExpense"[39m[22m
[1m[31m[7m   [0m [91m             ~~~~~~~~~~~~~~[0m[39m[22m
[1m[31m[39m[22m
[1m[31m  [96msrc/app/expenses/expenses.component.ts[0m:[93m21[0m:[93m16[0m[39m[22m
[1m[31m    [7m21[0m   templateUrl: './expenses.component.html',[39m[22m
[1m[31m    [7m  [0m [96m               ~~~~~~~~~~~~~~~~~~~~~~~~~~~[0m[39m[22m
[1m[31m    Error occurs in the template of component ExpensesComponent.[39m[22m
[1m[31m[39m[22m
[1m[31m[39m[22m
[1m[31m[0m[91mError: [39m[31m[0m[96msrc/app/expenses/expenses.component.html[0m:[93m121[0m:[93m17[0m - [91merror[0m[90m TS2339: [0mProperty 'closeEditModal' does not exist on type 'ExpensesComponent'.[39m[22m
[1m[31m[39m[22m
[1m[31m[7m121[0m   (closeModal)="closeEditModal()"[39m[22m
[1m[31m[7m   [0m [91m                ~~~~~~~~~~~~~~[0m[39m[22m
[1m[31m[39m[22m
[1m[31m  [96msrc/app/expenses/expenses.component.ts[0m:[93m21[0m:[93m16[0m[39m[22m
[1m[31m    [7m21[0m   templateUrl: './expenses.component.html',[39m[22m
[1m[31m    [7m  [0m [96m               ~~~~~~~~~~~~~~~~~~~~~~~~~~~[0m[39m[22m
[1m[31m    Error occurs in the template of component ExpensesComponent.[39m[22m
[1m[31m[39m[22m
[1m[31m[39m[22m
[1m[31m[0m[91mError: [39m[31m[0m[96msrc/app/expenses/expenses.component.html[0m:[93m122[0m:[93m11[0m - [91merror[0m[90m TS2339: [0mProperty 'onSaveExpense' does not exist on type 'ExpensesComponent'.[39m[22m
[1m[31m[39m[22m
[1m[31m[7m122[0m   (save)="onSaveExpense($event)"[39m[22m
[1m[31m[7m   [0m [91m          ~~~~~~~~~~~~~[0m[39m[22m
[1m[31m[39m[22m
[1m[31m  [96msrc/app/expenses/expenses.component.ts[0m:[93m21[0m:[93m16[0m[39m[22m
[1m[31m    [7m21[0m   templateUrl: './expenses.component.html',[39m[22m
[1m[31m    [7m  [0m [96m               ~~~~~~~~~~~~~~~~~~~~~~~~~~~[0m[39m[22m
[1m[31m    Error occurs in the template of component ExpensesComponent.[39m[22m
[1m[31m[39m[22m
[1m[31m[39m[22m
[1m[31m[0m[91mError: [39m[31m[0m[96msrc/app/expenses/expenses.component.html[0m:[93m123[0m:[93m13[0m - [91merror[0m[90m TS2339: [0mProperty 'onDeleteExpense' does not exist on type 'ExpensesComponent'.[39m[22m
[1m[31m[39m[22m
[1m[31m[7m123[0m   (delete)="onDeleteExpense($event)">[39m[22m
[1m[31m[7m   [0m [91m[39m[22m[1m[31m            ~~~~~~~~~~~~~~~[0m[39m[22m
[1m[31m[39m[22m
[1m[31m  [96msrc/app/expenses/expenses.component.ts[0m:[93m21[0m:[93m16[0m[39m[22m
[1m[31m    [7m21[0m   templateUrl: './expenses.component.html',[39m[22m
[1m[31m    [7m  [0m [96m               ~~~~~~~~~~~~~~~~~~~~~~~~~~~[0m[39m[22m
[1m[31m    Error occurs in the template of component ExpensesComponent.[39m[22m
[1m[31m[39m[22m
[1m[31m[39m[22m
[1m[31m[39m[22m
[37m[39m
[37m[91m√ó[39m[37m Failed to compile.[39m
[36m‚†ã[39m Generating browser application bundles...[2K[1G[36m‚†ô[39m Generating browser application bundles (phase: sealing)...[2K[1G[32m‚úî[39m Browser application bundle generation complete.
[37m[39m
[37m[0m[1mInitial Chunk Files[22m[2m | [22m[1mNames[22m  [2m | [22m [1mRaw Size[22m[0m[39m
[37m[0m[92mmain.js[39m[37m            [2m | [22mmain   [2m | [22m[96m234.61 kB[39m[37m[2m | [22m[0m[39m
[37m[0m[92mruntime.js[39m[37m         [2m | [22mruntime[2m | [22m  [96m6.50 kB[39m[37m[2m | [22m[0m[39m
[37m[0m[0m[39m
[37m[0m3 unchanged chunks[0m[39m
[37m[0m[0m[39m
[37m[0mBuild at: [1m[37m2025-11-18T16:39:47.576Z[39m[37m[22m - Hash: [1m[37mddbd9472b101f9b8[39m[37m[22m - Time: [1m[37m124[39m[37m[22mms[0m[39m
[1m[31m[39m[22m
[1m[31m[0m[91mError: [39m[31m[0m[96msrc/app/expenses/expenses.component.html[0m:[93m120[0m:[93m17[0m - [91merror[0m[90m TS2339: [0mProperty 'closeEditModal' does not exist on type 'ExpensesComponent'.[39m[22m
[1m[31m[39m[22m
[1m[31m[7m120[0m   (closeModal)="closeEditModal()"[39m[22m
[1m[31m[7m   [0m [91m                ~~~~~~~~~~~~~~[0m[39m[22m
[1m[31m[39m[22m
[1m[31m  [96msrc/app/expenses/expenses.component.ts[0m:[93m21[0m:[93m16[0m[39m[22m
[1m[31m    [7m21[0m   templateUrl: './expenses.component.html',[39m[22m
[1m[31m    [7m  [0m [96m               ~~~~~~~~~~~~~~~~~~~~~~~~~~~[0m[39m[22m
[1m[31m    Error occurs in the template of component ExpensesComponent.[39m[22m
[1m[31m[39m[22m
[1m[31m[39m[22m
[1m[31m[0m[91mError: [39m[31m[0m[96msrc/app/expenses/expenses.component.html[0m:[93m121[0m:[93m11[0m - [91merror[0m[90m TS2339: [0mProperty 'onSaveExpense' does not exist on type 'ExpensesComponent'.[39m[22m
[1m[31m[39m[22m
[1m[31m[7m121[0m   (save)="onSaveExpense($event)"[39m[22m
[1m[31m[7m   [0m [91m          ~~~~~~~~~~~~~[0m[39m[22m
[1m[31m[39m[22m
[1m[31m  [96msrc/app/expenses/expenses.component.ts[0m:[93m21[0m:[93m16[0m[39m[22m
[1m[31m    [7m21[0m   templateUrl: './expenses.component.html',[39m[22m
[1m[31m    [7m  [0m [96m               ~~~~~~~~~~~~~~~~~~~~~~~~~~~[0m[39m[22m
[1m[31m    Error occurs in the template of component ExpensesComponent.[39m[22m
[1m[31m[39m[22m
[1m[31m[39m[22m
[1m[31m[0m[91mError: [39m[31m[0m[96msrc/app/expenses/expenses.component.html[0m:[93m122[0m:[93m13[0m - [91merror[0m[90m TS2339: [0mProperty 'onDeleteExpense' does not exist on type 'ExpensesComponent'.[39m[22m
[1m[31m[39m[22m
[1m[31m[7m122[0m   (delete)="onDeleteExpense($event)">[39m[22m
[1m[31m[7m   [0m [91m            ~~~~~~~~~~~~~~~[0m[39m[22m
[1m[31m[39m[22m
[1m[31m  [96msrc/app/expenses/expenses.component.ts[0m:[93m21[0m:[93m16[0m[39m[22m
[1m[31m    [7m21[0m   templateUrl: './expenses.component.html',[39m[22m
[1m[31m    [7m  [0m [96m               ~~~~~~~~~~~~~~~~~~~~~~~~~~~[0m[39m[22m
[1m[31m    Error occurs in the template of component ExpensesComponent.[39m[22m
[1m[31m[39m[22m
[1m[31m[39m[22m
[1m[31m[39m[22m
[37m[39m
[37m[91m√ó[39m[37m Failed to compile.[39m
[36m‚†ã[39m Generating browser application bundles...[2K[1G[36m‚†ô[39m Generating browser application bundles (phase: building)...[2K[1G[32m‚úî[39m Browser application bundle generation complete.
[37m[39m
[37m[0m[1mInitial Chunk Files[22m[2m | [22m[1mNames[22m  [2m | [22m [1mRaw Size[22m[0m[39m
[37m[0m[92mmain.js[39m[37m            [2m | [22mmain   [2m | [22m[96m234.61 kB[39m[37m[2m | [22m[0m[39m
[37m[0m[92mruntime.js[39m[37m         [2m | [22mruntime[2m | [22m  [96m6.50 kB[39m[37m[2m | [22m[0m[39m
[37m[0m[0m[39m
[37m[0m3 unchanged chunks[0m[39m
[37m[0m[0m[39m
[37m[0mBuild at: [1m[37m2025-11-18T16:40:01.947Z[39m[37m[22m - Hash: [1m[37m6cfd108c206bb9d0[39m[37m[22m - Time: [1m[37m130[39m[37m[22mms[0m[39m
[1m[31m[39m[22m
[1m[31m[0m[91mError: [39m[31m[0m[96msrc/app/expenses/expenses.component.html[0m:[93m120[0m:[93m17[0m - [91merror[0m[90m TS2339: [0mProperty 'closeEditModal' does not exist on type 'ExpensesComponent'.[39m[22m
[1m[31m[39m[22m
[1m[31m[7m120[0m   (closeModal)="closeEditModal()"[39m[22m
[1m[31m[7m   [0m [91m                ~~~~~~~~~~~~~~[0m[39m[22m
[1m[31m[39m[22m
[1m[31m  [96msrc/app/expenses/expenses.component.ts[0m:[93m21[0m:[93m16[0m[39m[22m
[1m[31m    [7m21[0m   templateUrl: './expenses.component.html',[39m[22m
[1m[31m    [7m  [0m [96m               ~~~~~~~~~~~~~~~~~~~~~~~~~~~[0m[39m[22m
[1m[31m    Error occurs in the template of component ExpensesComponent.[39m[22m
[1m[31m[39m[22m
[1m[31m[39m[22m
[1m[31m[0m[91mError: [39m[31m[0m[96msrc/app/expenses/expenses.component.html[0m:[93m121[0m:[93m11[0m - [91merror[0m[90m TS2339: [0mProperty 'onSaveExpense' does not exist on type 'ExpensesComponent'.[39m[22m
[1m[31m[39m[22m
[1m[31m[7m121[0m   (save)="onSaveExpense($event)"[39m[22m
[1m[31m[7m   [0m [91m          ~~~~~~~~~~~~~[0m[39m[22m
[1m[31m[39m[22m
[1m[31m  [96msrc/app/expenses/expenses.component.ts[0m:[93m21[0m:[93m16[0m[39m[22m
[1m[31m    [7m21[0m   templateUrl: './expenses.component.html',[39m[22m
[1m[31m    [7m  [0m [96m               ~~~~~~~~~~~~~~~~~~~~~~~~~~~[0m[39m[22m
[1m[31m    Error occurs in the template of component ExpensesComponent.[39m[22m
[1m[31m[39m[22m
[1m[31m[39m[22m
[1m[31m[0m[91mError: [39m[31m[0m[96msrc/app/expenses/expenses.component.html[0m:[93m122[0m:[93m13[0m - [91merror[0m[90m TS2339: [0mProperty 'onDeleteExpense' does not exist on type 'ExpensesComponent'.[39m[22m
[1m[31m[39m[22m
[1m[31m[7m122[0m   (delete)="onDeleteExpense($event)">[39m[22m
[1m[31m[7m   [0m [91m            ~~~~~~~~~~~~~~~[0m[39m[22m
[1m[31m[39m[22m
[1m[31m  [96msrc/app/expenses/expenses.component.ts[0m:[93m21[0m:[93m16[0m[39m[22m
[1m[31m    [7m21[0m   templateUrl: './expenses.component.html',[39m[22m
[1m[31m    [7m  [0m [96m               ~~~~~~~~~~~~~~~~~~~~~~~~~~~[0m[39m[22m
[1m[31m    Error occurs in the template of component ExpensesComponent.[39m[22m
[1m[31m[39m[22m
[1m[31m[39m[22m
[1m[31m[39m[22m
[37m[39m
[37m[91m√ó[39m[37m Failed to compile.[39m
[36m‚†ã[39m Generating browser application bundles...[2K[1G[36m‚†ô[39m Generating browser application bundles (phase: building)...[2K[1G[32m‚úî[39m Browser application bundle generation complete.
[37m[39m
[37m[0m[1mInitial Chunk Files[22m[2m | [22m[1mNames[22m  [2m | [22m [1mRaw Size[22m[0m[39m
[37m[0m[92mmain.js[39m[37m            [2m | [22mmain   [2m | [22m[96m234.30 kB[39m[37m[2m | [22m[0m[39m
[37m[0m[92mruntime.js[39m[37m         [2m | [22mruntime[2m | [22m  [96m6.50 kB[39m[37m[2m | [22m[0m[39m
[37m[0m[0m[39m
[37m[0m3 unchanged chunks[0m[39m
[37m[0m[0m[39m
[37m[0mBuild at: [1m[37m2025-11-18T16:40:53.520Z[39m[37m[22m - Hash: [1m[37m5237c62326777cef[39m[37m[22m - Time: [1m[37m158[39m[37m[22mms[0m[39m
[1m[31m[39m[22m
[1m[31m[0m[91mError: [39m[31m[0m[96msrc/app/expenses/expenses.component.html[0m:[93m120[0m:[93m17[0m - [91merror[0m[90m TS2339: [0mProperty 'closeEditModal' does not exist on type 'ExpensesComponent'.[39m[22m
[1m[31m[39m[22m
[1m[31m[7m120[0m   (closeModal)="closeEditModal()">[39m[22m
[1m[31m[7m   [0m [91m                ~~~~~~~~~~~~~~[0m[39m[22m
[1m[31m[39m[22m
[1m[31m  [96msrc/app/expenses/expenses.component.ts[0m:[93m21[0m:[93m16[0m[39m[22m
[1m[31m    [7m21[0m   templateUrl: './expenses.component.html',[39m[22m
[1m[31m    [7m  [0m [96m               ~~~~~~~~~~~~~~~~~~~~~~~~~~~[0m[39m[22m
[1m[31m    Error occurs in the template of component ExpensesComponent.[39m[22m
[1m[31m[39m[22m
[1m[31m[39m[22m
[1m[31m[39m[22m
[37m[39m
[37m[91m√ó[39m[37m Failed to compile.[39m
[36m‚†ã[39m Generating browser application bundles...[2K[1G[36m‚†ô[39m Generating browser application bundles (phase: building)...[2K[1G[36m‚†π[39m Generating browser application bundles (phase: sealing)...[2K[1G[32m‚úî[39m Browser application bundle generation complete.
[37m[39m
[37m[0m[1mInitial Chunk Files[22m[2m | [22m[1mNames[22m  [2m | [22m [1mRaw Size[22m[0m[39m
[37m[0m[92mmain.js[39m[37m            [2m | [22mmain   [2m | [22m[96m234.00 kB[39m[37m[2m | [22m[0m[39m
[37m[0m[92mruntime.js[39m[37m         [2m | [22mruntime[2m | [22m  [96m6.50 kB[39m[37m[2m | [22m[0m[39m
[37m[0m[0m[39m
[37m[0m3 unchanged chunks[0m[39m
[37m[0m[0m[39m
[37m[0mBuild at: [1m[37m2025-11-18T16:41:31.686Z[39m[37m[22m - Hash: [1m[37m4c5d50aac7375887[39m[37m[22m - Time: [1m[37m224[39m[37m[22mms[0m[39m
[37m[39m
[37m[92m‚àö[39m[37m Compiled successfully.[39m
[36m‚†ã[39m Generating browser application bundles...[2K[1G[36m‚†ô[39m Generating browser application bundles (phase: building)...[2K[1G[36m‚†π[39m Generating browser application bundles (phase: building)...[2K[1G[32m‚úî[39m Browser application bundle generation complete.
[37m[39m
[37m[0m[1mInitial Chunk Files[22m[2m | [22m[1mNames[22m  [2m | [22m [1mRaw Size[22m[0m[39m
[37m[0m[92mmain.js[39m[37m            [2m | [22mmain   [2m | [22m[96m236.26 kB[39m[37m[2m | [22m[0m[39m
[37m[0m[92mruntime.js[39m[37m         [2m | [22mruntime[2m | [22m  [96m6.50 kB[39m[37m[2m | [22m[0m[39m
[37m[0m[0m[39m
[37m[0m3 unchanged chunks[0m[39m
[37m[0m[0m[39m
[37m[0mBuild at: [1m[37m2025-11-18T16:42:20.215Z[39m[37m[22m - Hash: [1m[37m634847ed4b0000f5[39m[37m[22m - Time: [1m[37m272[39m[37m[22mms[0m[39m
[37m[39m
[37m[92m‚àö[39m[37m Compiled successfully.[39m
[36m‚†ã[39m Generating browser application bundles...[2K[1G[36m‚†ô[39m Generating browser application bundles (phase: building)...[2K[1G[36m‚†π[39m Generating browser application bundles (phase: sealing)...[2K[1G[32m‚úî[39m Browser application bundle generation complete.
[37m[39m
[37m[0m[1mInitial Chunk Files[22m[2m | [22m[1mNames[22m  [2m | [22m [1mRaw Size[22m[0m[39m
[37m[0m[92mmain.js[39m[37m            [2m | [22mmain   [2m | [22m[96m236.43 kB[39m[37m[2m | [22m[0m[39m
[37m[0m[92mruntime.js[39m[37m         [2m | [22mruntime[2m | [22m  [96m6.50 kB[39m[37m[2m | [22m[0m[39m
[37m[0m[0m[39m
[37m[0m3 unchanged chunks[0m[39m
[37m[0m[0m[39m
[37m[0mBuild at: [1m[37m2025-11-18T16:44:35.620Z[39m[37m[22m - Hash: [1m[37mf2f5f47b18fe76c0[39m[37m[22m - Time: [1m[37m222[39m[37m[22mms[0m[39m
[37m[39m
[37m[92m‚àö[39m[37m Compiled successfully.[39m
[36m‚†ã[39m Generating browser application bundles...[2K[1G[36m‚†ô[39m Generating browser application bundles (phase: building)...[2K[1G[36m‚†π[39m Generating browser application bundles (phase: sealing)...[2K[1G[32m‚úî[39m Browser application bundle generation complete.
[37m[39m
[37m[0m[1mInitial Chunk Files[22m[2m | [22m[1mNames[22m  [2m | [22m [1mRaw Size[22m[0m[39m
[37m[0m[92mmain.js[39m[37m            [2m | [22mmain   [2m | [22m[96m236.43 kB[39m[37m[2m | [22m[0m[39m
[37m[0m[92mruntime.js[39m[37m         [2m | [22mruntime[2m | [22m  [96m6.50 kB[39m[37m[2m | [22m[0m[39m
[37m[0m[0m[39m
[37m[0m3 unchanged chunks[0m[39m
[37m[0m[0m[39m
[37m[0mBuild at: [1m[37m2025-11-18T16:45:27.021Z[39m[37m[22m - Hash: [1m[37m03104d40dee3a476[39m[37m[22m - Time: [1m[37m207[39m[37m[22mms[0m[39m
[1m[31m[39m[22m
[1m[31m[0m[91mError: [39m[31m[0m[96msrc/app/expenses/expenses-modal/expense-modalcomponent.ts[0m:[93m22[0m:[93m6[0m - [91merror[0m[90m TS2322: [0mType 'undefined' is not assignable to type 'number'.[39m[22m
[1m[31m[39m[22m
[1m[31m[7m22[0m      id: undefined,[39m[22m
[1m[31m[7m  [0m [91m     ~~[0m[39m[22m
[1m[31m[39m[22m
[1m[31m[39m[22m
[1m[31m[39m[22m
[37m[39m
[37m[91m√ó[39m[37m Failed to compile.[39m
[36m‚†ã[39m Generating browser application bundles...[2K[1G[36m‚†ô[39m Generating browser application bundles (phase: building)...[2K[1G[36m‚†π[39m Generating browser application bundles (phase: emitting)...[2K[1G[32m‚úî[39m Browser application bundle generation complete.
[37m[39m
[37m[0m[1mInitial Chunk Files[22m[2m | [22m[1mNames[22m  [2m | [22m [1mRaw Size[22m[0m[39m
[37m[0m[92mmain.js[39m[37m            [2m | [22mmain   [2m | [22m[96m236.42 kB[39m[37m[2m | [22m[0m[39m
[37m[0m[92mruntime.js[39m[37m         [2m | [22mruntime[2m | [22m  [96m6.50 kB[39m[37m[2m | [22m[0m[39m
[37m[0m[0m[39m
[37m[0m3 unchanged chunks[0m[39m
[37m[0m[0m[39m
[37m[0mBuild at: [1m[37m2025-11-18T16:45:35.334Z[39m[37m[22m - Hash: [1m[37ma1160d06dcef5cfd[39m[37m[22m - Time: [1m[37m208[39m[37m[22mms[0m[39m
[37m[39m
[37m[92m‚àö[39m[37m Compiled successfully.[39m
[36m‚†ã[39m Generating browser application bundles...[2K[1G[36m‚†ô[39m Generating browser application bundles (phase: building)...[2K[1G[36m‚†π[39m Generating browser application bundles (phase: emitting)...[2K[1G[32m‚úî[39m Browser application bundle generation complete.
[37m[39m
[37m[0m[1mInitial Chunk Files[22m[2m | [22m[1mNames[22m  [2m | [22m [1mRaw Size[22m[0m[39m
[37m[0m[92mmain.js[39m[37m            [2m | [22mmain   [2m | [22m[96m236.26 kB[39m[37m[2m | [22m[0m[39m
[37m[0m[92mruntime.js[39m[37m         [2m | [22mruntime[2m | [22m  [96m6.50 kB[39m[37m[2m | [22m[0m[39m
[37m[0m[0m[39m
[37m[0m3 unchanged chunks[0m[39m
[37m[0m[0m[39m
[37m[0mBuild at: [1m[37m2025-11-18T16:46:07.935Z[39m[37m[22m - Hash: [1m[37m52fd80f29d67ed71[39m[37m[22m - Time: [1m[37m235[39m[37m[22mms[0m[39m
[37m[39m
[37m[92m‚àö[39m[37m Compiled successfully.[39m
[36m‚†ã[39m Generating browser application bundles...[2K[1G[36m‚†ô[39m Generating browser application bundles (phase: building)...[2K[1G[36m‚†π[39m Generating browser application bundles (phase: emitting)...[2K[1G[32m‚úî[39m Browser application bundle generation complete.
[37m[39m
[37m[0m[1mInitial Chunk Files[22m[2m | [22m[1mNames[22m  [2m | [22m [1mRaw Size[22m[0m[39m
[37m[0m[92mmain.js[39m[37m            [2m | [22mmain   [2m | [22m[96m236.51 kB[39m[37m[2m | [22m[0m[39m
[37m[0m[92mruntime.js[39m[37m         [2m | [22mruntime[2m | [22m  [96m6.50 kB[39m[37m[2m | [22m[0m[39m
[37m[0m[0m[39m
[37m[0m3 unchanged chunks[0m[39m
[37m[0m[0m[39m
[37m[0mBuild at: [1m[37m2025-11-18T16:46:44.973Z[39m[37m[22m - Hash: [1m[37m45aa90035ce2d631[39m[37m[22m - Time: [1m[37m235[39m[37m[22mms[0m[39m
[37m[39m
[37m[92m‚àö[39m[37m Compiled successfully.[39m
[36m‚†ã[39m Generating browser application bundles...[2K[1G[36m‚†ô[39m Generating browser application bundles (phase: building)...[2K[1G[36m‚†π[39m Generating browser application bundles (phase: sealing)...[2K[1G[36m‚†∏[39m Generating browser application bundles (phase: emitting)...[2K[1G[32m‚úî[39m Browser application bundle generation complete.
[37m[39m
[37m[0m[1mInitial Chunk Files[22m[2m | [22m[1mNames[22m  [2m | [22m [1mRaw Size[22m[0m[39m
[37m[0m[92mmain.js[39m[37m            [2m | [22mmain   [2m | [22m[96m236.65 kB[39m[37m[2m | [22m[0m[39m
[37m[0m[92mruntime.js[39m[37m         [2m | [22mruntime[2m | [22m  [96m6.50 kB[39m[37m[2m | [22m[0m[39m
[37m[0m[0m[39m
[37m[0m3 unchanged chunks[0m[39m
[37m[0m[0m[39m
[37m[0mBuild at: [1m[37m2025-11-18T16:47:28.681Z[39m[37m[22m - Hash: [1m[37m8d8b95bdbab51d23[39m[37m[22m - Time: [1m[37m278[39m[37m[22mms[0m[39m
[37m[39m
[37m[92m‚àö[39m[37m Compiled successfully.[39m
[36m‚†ã[39m Generating browser application bundles...[2K[1G[36m‚†ô[39m Generating browser application bundles (phase: building)...[2K[1G[36m‚†π[39m Generating browser application bundles (phase: building)...[2K[1G[36m‚†∏[39m Generating browser application bundles (phase: emitting)...[2K[1G[32m‚úî[39m Browser application bundle generation complete.
[37m[39m
[37m[0m[1mInitial Chunk Files[22m[2m | [22m[1mNames[22m  [2m | [22m [1mRaw Size[22m[0m[39m
[37m[0m[92mmain.js[39m[37m            [2m | [22mmain   [2m | [22m[96m236.71 kB[39m[37m[2m | [22m[0m[39m
[37m[0m[92mruntime.js[39m[37m         [2m | [22mruntime[2m | [22m  [96m6.50 kB[39m[37m[2m | [22m[0m[39m
[37m[0m[0m[39m
[37m[0m3 unchanged chunks[0m[39m
[37m[0m[0m[39m
[37m[0mBuild at: [1m[37m2025-11-18T16:48:05.328Z[39m[37m[22m - Hash: [1m[37m447c7ad92f74648d[39m[37m[22m - Time: [1m[37m309[39m[37m[22mms[0m[39m
[37m[39m
[37m[92m‚àö[39m[37m Compiled successfully.[39m
[36m‚†ã[39m Generating browser application bundles...[2K[1G[36m‚†ô[39m Generating browser application bundles (phase: building)...[2K[1G[36m‚†π[39m Generating browser application bundles (phase: building)...[2K[1G[32m‚úî[39m Browser application bundle generation complete.
[37m[39m
[37m[0m[1mInitial Chunk Files[22m[2m | [22m[1mNames[22m  [2m | [22m [1mRaw Size[22m[0m[39m
[37m[0m[92mmain.js[39m[37m            [2m | [22mmain   [2m | [22m[96m236.71 kB[39m[37m[2m | [22m[0m[39m
[37m[0m[92mruntime.js[39m[37m         [2m | [22mruntime[2m | [22m  [96m6.50 kB[39m[37m[2m | [22m[0m[39m
[37m[0m[0m[39m
[37m[0m3 unchanged chunks[0m[39m
[37m[0m[0m[39m
[37m[0mBuild at: [1m[37m2025-11-18T16:48:13.819Z[39m[37m[22m - Hash: [1m[37m3bb51b9b6df6fbad[39m[37m[22m - Time: [1m[37m233[39m[37m[22mms[0m[39m
[37m[39m
[37m[92m‚àö[39m[37m Compiled successfully.[39m
[36m‚†ã[39m Generating browser application bundles...[2K[1G[36m‚†ô[39m Generating browser application bundles (phase: building)...[2K[1G[36m‚†π[39m Generating browser application bundles (phase: building)...[2K[1G[32m‚úî[39m Browser application bundle generation complete.
[37m[39m
[37m[0m[1mInitial Chunk Files[22m[2m | [22m[1mNames[22m  [2m | [22m [1mRaw Size[22m[0m[39m
[37m[0m[92mmain.js[39m[37m            [2m | [22mmain   [2m | [22m[96m236.71 kB[39m[37m[2m | [22m[0m[39m
[37m[0m[92mruntime.js[39m[37m         [2m | [22mruntime[2m | [22m  [96m6.50 kB[39m[37m[2m | [22m[0m[39m
[37m[0m[0m[39m
[37m[0m3 unchanged chunks[0m[39m
[37m[0m[0m[39m
[37m[0mBuild at: [1m[37m2025-11-18T16:48:42.359Z[39m[37m[22m - Hash: [1m[37ma03550706896cddd[39m[37m[22m - Time: [1m[37m242[39m[37m[22mms[0m[39m
[37m[39m
[37m[92m‚àö[39m[37m Compiled successfully.[39m
[36m‚†ã[39m Generating browser application bundles...[2K[1G[36m‚†ô[39m Generating browser application bundles (phase: building)...[2K[1G[32m‚úî[39m Browser application bundle generation complete.
[37m[39m
[37m[0m[1mInitial Chunk Files[22m[2m | [22m[1mNames[22m  [2m | [22m [1mRaw Size[22m[0m[39m
[37m[0m[92mmain.js[39m[37m            [2m | [22mmain   [2m | [22m[96m236.71 kB[39m[37m[2m | [22m[0m[39m
[37m[0m[92mruntime.js[39m[37m         [2m | [22mruntime[2m | [22m  [96m6.50 kB[39m[37m[2m | [22m[0m[39m
[37m[0m[0m[39m
[37m[0m3 unchanged chunks[0m[39m
[37m[0m[0m[39m
[37m[0mBuild at: [1m[37m2025-11-18T16:48:43.540Z[39m[37m[22m - Hash: [1m[37mac4be6a78c0ed9fe[39m[37m[22m - Time: [1m[37m149[39m[37m[22mms[0m[39m
[37m[39m
[37m[92m‚àö[39m[37m Compiled successfully.[39m
[36m‚†ã[39m Generating browser application bundles...[2K[1G[36m‚†ô[39m Generating browser application bundles (phase: building)...[2K[1G[36m‚†π[39m Generating browser application bundles (phase: emitting)...[2K[1G[32m‚úî[39m Browser application bundle generation complete.
[37m[39m
[37m[0m5 unchanged chunks[0m[39m
[37m[0m[0m[39m
[37m[0mBuild at: [1m[37m2025-11-18T16:49:04.875Z[39m[37m[22m - Hash: [1m[37mac4be6a78c0ed9fe[39m[37m[22m - Time: [1m[37m234[39m[37m[22mms[0m[39m
[37m[39m
[37m[92m‚àö[39m[37m Compiled successfully.[39m
[36m‚†ã[39m Generating browser application bundles...[2K[1G[36m‚†ô[39m Generating browser application bundles (phase: building)...[2K[1G[36m‚†π[39m Generating browser application bundles (phase: building)...[2K[1G[32m‚úî[39m Browser application bundle generation complete.
[37m[39m
[37m[0m[1mInitial Chunk Files[22m[2m | [22m[1mNames[22m  [2m | [22m [1mRaw Size[22m[0m[39m
[37m[0m[92mmain.js[39m[37m            [2m | [22mmain   [2m | [22m[96m237.01 kB[39m[37m[2m | [22m[0m[39m
[37m[0m[92mruntime.js[39m[37m         [2m | [22mruntime[2m | [22m  [96m6.50 kB[39m[37m[2m | [22m[0m[39m
[37m[0m[0m[39m
[37m[0m3 unchanged chunks[0m[39m
[37m[0m[0m[39m
[37m[0mBuild at: [1m[37m2025-11-18T16:49:42.279Z[39m[37m[22m - Hash: [1m[37m5f3d86b5c47b0014[39m[37m[22m - Time: [1m[37m243[39m[37m[22mms[0m[39m
[37m[39m
[37m[92m‚àö[39m[37m Compiled successfully.[39m
[36m‚†ã[39m Generating browser application bundles...[2K[1G[36m‚†ô[39m Generating browser application bundles (phase: building)...[2K[1G[36m‚†π[39m Generating browser application bundles (phase: emitting)...[2K[1G[32m‚úî[39m Browser application bundle generation complete.
[37m[39m
[37m[0m[1mInitial Chunk Files[22m[2m | [22m[1mNames[22m  [2m | [22m [1mRaw Size[22m[0m[39m
[37m[0m[92mmain.js[39m[37m            [2m | [22mmain   [2m | [22m[96m237.03 kB[39m[37m[2m | [22m[0m[39m
[37m[0m[92mruntime.js[39m[37m         [2m | [22mruntime[2m | [22m  [96m6.50 kB[39m[37m[2m | [22m[0m[39m
[37m[0m[0m[39m
[37m[0m3 unchanged chunks[0m[39m
[37m[0m[0m[39m
[37m[0mBuild at: [1m[37m2025-11-18T16:50:35.245Z[39m[37m[22m - Hash: [1m[37m76ef4aa4b3f87d7c[39m[37m[22m - Time: [1m[37m209[39m[37m[22mms[0m[39m
[37m[39m
[37m[92m‚àö[39m[37m Compiled successfully.[39m
[36m‚†ã[39m Generating browser application bundles...[2K[1G[36m‚†ô[39m Generating browser application bundles (phase: building)...[2K[1G[36m‚†π[39m Generating browser application bundles (phase: building)...[2K[1G[32m‚úî[39m Browser application bundle generation complete.
[37m[39m
[37m[0m[1mInitial Chunk Files[22m[2m | [22m[1mNames[22m  [2m | [22m [1mRaw Size[22m[0m[39m
[37m[0m[92mmain.js[39m[37m            [2m | [22mmain   [2m | [22m[96m237.04 kB[39m[37m[2m | [22m[0m[39m
[37m[0m[92mruntime.js[39m[37m         [2m | [22mruntime[2m | [22m  [96m6.50 kB[39m[37m[2m | [22m[0m[39m
[37m[0m[0m[39m
[37m[0m3 unchanged chunks[0m[39m
[37m[0m[0m[39m
[37m[0mBuild at: [1m[37m2025-11-18T16:50:53.337Z[39m[37m[22m - Hash: [1m[37mdd2548df5567d18b[39m[37m[22m - Time: [1m[37m253[39m[37m[22mms[0m[39m
[37m[39m
[37m[92m‚àö[39m[37m Compiled successfully.[39m
[36m‚†ã[39m Generating browser application bundles...[2K[1G[36m‚†ô[39m Generating browser application bundles (phase: building)...[2K[1G[36m‚†π[39m Generating browser application bundles (phase: sealing)...[2K[1G[32m‚úî[39m Browser application bundle generation complete.
[37m[39m
[37m[0m[1mInitial Chunk Files[22m[2m | [22m[1mNames[22m  [2m | [22m [1mRaw Size[22m[0m[39m
[37m[0m[92mmain.js[39m[37m            [2m | [22mmain   [2m | [22m[96m237.03 kB[39m[37m[2m | [22m[0m[39m
[37m[0m[92mruntime.js[39m[37m         [2m | [22mruntime[2m | [22m  [96m6.50 kB[39m[37m[2m | [22m[0m[39m
[37m[0m[0m[39m
[37m[0m3 unchanged chunks[0m[39m
[37m[0m[0m[39m
[37m[0mBuild at: [1m[37m2025-11-18T16:51:36.966Z[39m[37m[22m - Hash: [1m[37m3ceb3d5a712d9d9f[39m[37m[22m - Time: [1m[37m228[39m[37m[22mms[0m[39m
[37m[39m
[37m[92m‚àö[39m[37m Compiled successfully.[39m
[36m‚†ã[39m Generating browser application bundles...[2K[1G[36m‚†ô[39m Generating browser application bundles (phase: building)...[2K[1G[36m‚†π[39m Generating browser application bundles (phase: building)...[2K[1G[32m‚úî[39m Browser application bundle generation complete.
[37m[39m
[37m[0m[1mInitial Chunk Files[22m[2m | [22m[1mNames[22m  [2m | [22m [1mRaw Size[22m[0m[39m
[37m[0m[92mmain.js[39m[37m            [2m | [22mmain   [2m | [22m[96m237.57 kB[39m[37m[2m | [22m[0m[39m
[37m[0m[92mruntime.js[39m[37m         [2m | [22mruntime[2m | [22m  [96m6.50 kB[39m[37m[2m | [22m[0m[39m
[37m[0m[0m[39m
[37m[0m3 unchanged chunks[0m[39m
[37m[0m[0m[39m
[37m[0mBuild at: [1m[37m2025-11-18T16:51:56.158Z[39m[37m[22m - Hash: [1m[37mcfdf79f03f75aaf7[39m[37m[22m - Time: [1m[37m250[39m[37m[22mms[0m[39m
[37m[39m
[37m[92m‚àö[39m[37m Compiled successfully.[39m
[36m‚†ã[39m Generating browser application bundles...[2K[1G[36m‚†ô[39m Generating browser application bundles (phase: emitting)...[2K[1G[32m‚úî[39m Browser application bundle generation complete.
[37m[39m
[37m[0m[1mInitial Chunk Files[22m[2m | [22m[1mNames[22m  [2m | [22m [1mRaw Size[22m[0m[39m
[37m[0m[92mmain.js[39m[37m            [2m | [22mmain   [2m | [22m[96m237.57 kB[39m[37m[2m | [22m[0m[39m
[37m[0m[92mruntime.js[39m[37m         [2m | [22mruntime[2m | [22m  [96m6.50 kB[39m[37m[2m | [22m[0m[39m
[37m[0m[0m[39m
[37m[0m3 unchanged chunks[0m[39m
[37m[0m[0m[39m
[37m[0mBuild at: [1m[37m2025-11-18T16:51:57.196Z[39m[37m[22m - Hash: [1m[37mf63dd6437e8e1799[39m[37m[22m - Time: [1m[37m112[39m[37m[22mms[0m[39m
[37m[39m
[37m[92m‚àö[39m[37m Compiled successfully.[39m
[36m‚†ã[39m Generating browser application bundles...[2K[1G[36m‚†ô[39m Generating browser application bundles (phase: building)...[2K[1G[36m‚†π[39m Generating browser application bundles (phase: emitting)...[2K[1G[32m‚úî[39m Browser application bundle generation complete.
[37m[39m
[37m[0m[1mInitial Chunk Files[22m[2m | [22m[1mNames[22m  [2m | [22m [1mRaw Size[22m[0m[39m
[37m[0m[92mmain.js[39m[37m            [2m | [22mmain   [2m | [22m[96m237.04 kB[39m[37m[2m | [22m[0m[39m
[37m[0m[92mruntime.js[39m[37m         [2m | [22mruntime[2m | [22m  [96m6.50 kB[39m[37m[2m | [22m[0m[39m
[37m[0m[0m[39m
[37m[0m3 unchanged chunks[0m[39m
[37m[0m[0m[39m
[37m[0mBuild at: [1m[37m2025-11-18T16:52:19.324Z[39m[37m[22m - Hash: [1m[37m455505c7e06a24c5[39m[37m[22m - Time: [1m[37m190[39m[37m[22mms[0m[39m
[37m[39m
[37m[92m‚àö[39m[37m Compiled successfully.[39m
[36m‚†ã[39m Generating browser application bundles...[2K[1G[36m‚†ô[39m Generating browser application bundles (phase: building)...[2K[1G[36m‚†π[39m Generating browser application bundles (phase: emitting)...[2K[1G[32m‚úî[39m Browser application bundle generation complete.
[37m[39m
[37m[0m[1mInitial Chunk Files[22m[2m | [22m[1mNames[22m  [2m | [22m [1mRaw Size[22m[0m[39m
[37m[0m[92mmain.js[39m[37m            [2m | [22mmain   [2m | [22m[96m237.07 kB[39m[37m[2m | [22m[0m[39m
[37m[0m[92mruntime.js[39m[37m         [2m | [22mruntime[2m | [22m  [96m6.50 kB[39m[37m[2m | [22m[0m[39m
[37m[0m[0m[39m
[37m[0m3 unchanged chunks[0m[39m
[37m[0m[0m[39m
[37m[0mBuild at: [1m[37m2025-11-18T16:52:54.607Z[39m[37m[22m - Hash: [1m[37m1d5dc2851749ea01[39m[37m[22m - Time: [1m[37m194[39m[37m[22mms[0m[39m
[37m[39m
[37m[92m‚àö[39m[37m Compiled successfully.[39m
[36m‚†ã[39m Generating browser application bundles...[2K[1G[36m‚†ô[39m Generating browser application bundles (phase: building)...[2K[1G[36m‚†π[39m Generating browser application bundles (phase: sealing)...[2K[1G[32m‚úî[39m Browser application bundle generation complete.
[37m[39m
[37m[0m[1mInitial Chunk Files[22m[2m | [22m[1mNames[22m  [2m | [22m [1mRaw Size[22m[0m[39m
[37m[0m[92mmain.js[39m[37m            [2m | [22mmain   [2m | [22m[96m236.49 kB[39m[37m[2m | [22m[0m[39m
[37m[0m[92mruntime.js[39m[37m         [2m | [22mruntime[2m | [22m  [96m6.50 kB[39m[37m[2m | [22m[0m[39m
[37m[0m[0m[39m
[37m[0m3 unchanged chunks[0m[39m
[37m[0m[0m[39m
[37m[0mBuild at: [1m[37m2025-11-18T16:53:14.490Z[39m[37m[22m - Hash: [1m[37m304ac09a82b2a170[39m[37m[22m - Time: [1m[37m225[39m[37m[22mms[0m[39m
[37m[39m
[37m[92m‚àö[39m[37m Compiled successfully.[39m
[36m‚†ã[39m Generating browser application bundles...[2K[1G[36m‚†ô[39m Generating browser application bundles (phase: building)...[2K[1G[36m‚†π[39m Generating browser application bundles (phase: emitting)...[2K[1G[32m‚úî[39m Browser application bundle generation complete.
[37m[39m
[37m[0m[1mInitial Chunk Files[22m[2m | [22m[1mNames[22m  [2m | [22m [1mRaw Size[22m[0m[39m
[37m[0m[92mmain.js[39m[37m            [2m | [22mmain   [2m | [22m[96m237.07 kB[39m[37m[2m | [22m[0m[39m
[37m[0m[92mruntime.js[39m[37m         [2m | [22mruntime[2m | [22m  [96m6.50 kB[39m[37m[2m | [22m[0m[39m
[37m[0m[0m[39m
[37m[0m3 unchanged chunks[0m[39m
[37m[0m[0m[39m
[37m[0mBuild at: [1m[37m2025-11-18T16:53:26.817Z[39m[37m[22m - Hash: [1m[37ma785bd163d32c952[39m[37m[22m - Time: [1m[37m203[39m[37m[22mms[0m[39m
[37m[39m
[37m[92m‚àö[39m[37m Compiled successfully.[39m
[36m‚†ã[39m Generating browser application bundles...[2K[1G[36m‚†ô[39m Generating browser application bundles (phase: emitting)...[2K[1G[32m‚úî[39m Browser application bundle generation complete.
[37m[39m
[37m[0m5 unchanged chunks[0m[39m
[37m[0m[0m[39m
[37m[0mBuild at: [1m[37m2025-11-18T16:53:28.906Z[39m[37m[22m - Hash: [1m[37ma785bd163d32c952[39m[37m[22m - Time: [1m[37m111[39m[37m[22mms[0m[39m
[37m[39m
[37m[92m‚àö[39m[37m Compiled successfully.[39m
[36m‚†ã[39m Generating browser application bundles...[2K[1G[36m‚†ô[39m Generating browser application bundles (phase: sealing)...[2K[1G[36m‚†π[39m Generating browser application bundles (phase: emitting)...[2K[1G[32m‚úî[39m Browser application bundle generation complete.
[37m[39m
[37m[0m[1mInitial Chunk Files[22m[2m | [22m[1mNames[22m  [2m | [22m [1mRaw Size[22m[0m[39m
[37m[0m[92mmain.js[39m[37m            [2m | [22mmain   [2m | [22m[96m237.49 kB[39m[37m[2m | [22m[0m[39m
[37m[0m[92mruntime.js[39m[37m         [2m | [22mruntime[2m | [22m  [96m6.50 kB[39m[37m[2m | [22m[0m[39m
[37m[0m[0m[39m
[37m[0m3 unchanged chunks[0m[39m
[37m[0m[0m[39m
[37m[0mBuild at: [1m[37m2025-11-18T16:54:03.493Z[39m[37m[22m - Hash: [1m[37m55e95246bde280cb[39m[37m[22m - Time: [1m[37m197[39m[37m[22mms[0m[39m
[37m[39m
[37m[92m‚àö[39m[37m Compiled successfully.[39m
[36m‚†ã[39m Generating browser application bundles...[2K[1G[36m‚†ô[39m Generating browser application bundles (phase: building)...[2K[1G[36m‚†π[39m Generating browser application bundles (phase: emitting)...[2K[1G[32m‚úî[39m Browser application bundle generation complete.
[37m[39m
[37m[0m[1mInitial Chunk Files[22m[2m | [22m[1mNames[22m  [2m | [22m [1mRaw Size[22m[0m[39m
[37m[0m[92mmain.js[39m[37m            [2m | [22mmain   [2m | [22m[96m237.57 kB[39m[37m[2m | [22m[0m[39m
[37m[0m[92mruntime.js[39m[37m         [2m | [22mruntime[2m | [22m  [96m6.50 kB[39m[37m[2m | [22m[0m[39m
[37m[0m[0m[39m
[37m[0m3 unchanged chunks[0m[39m
[37m[0m[0m[39m
[37m[0mBuild at: [1m[37m2025-11-18T16:55:44.273Z[39m[37m[22m - Hash: [1m[37m6b7bbd4af03fe9fc[39m[37m[22m - Time: [1m[37m227[39m[37m[22mms[0m[39m
[37m[39m
[37m[92m‚àö[39m[37m Compiled successfully.[39m
[36m‚†ã[39m Generating browser application bundles...[2K[1G[36m‚†ô[39m Generating browser application bundles (phase: building)...[2K[1G[36m‚†π[39m Generating browser application bundles (phase: emitting)...[2K[1G[32m‚úî[39m Browser application bundle generation complete.
[37m[39m
[37m[0m[1mInitial Chunk Files[22m[2m | [22m[1mNames[22m  [2m | [22m [1mRaw Size[22m[0m[39m
[37m[0m[92mmain.js[39m[37m            [2m | [22mmain   [2m | [22m[96m237.60 kB[39m[37m[2m | [22m[0m[39m
[37m[0m[92mruntime.js[39m[37m         [2m | [22mruntime[2m | [22m  [96m6.50 kB[39m[37m[2m | [22m[0m[39m
[37m[0m[0m[39m
[37m[0m3 unchanged chunks[0m[39m
[37m[0m[0m[39m
[37m[0mBuild at: [1m[37m2025-11-18T16:55:59.909Z[39m[37m[22m - Hash: [1m[37md53077b5aa87c76a[39m[37m[22m - Time: [1m[37m196[39m[37m[22mms[0m[39m
[37m[39m
[37m[92m‚àö[39m[37m Compiled successfully.[39m
[36m‚†ã[39m Generating browser application bundles...[2K[1G[36m‚†ô[39m Generating browser application bundles (phase: building)...[2K[1G[36m‚†π[39m Generating browser application bundles (phase: building)...[2K[1G[36m‚†∏[39m Generating browser application bundles (phase: building)...[2K[1G[36m‚†º[39m Generating browser application bundles (phase: sealing)...[2K[1G[32m‚úî[39m Browser application bundle generation complete.
[37m[39m
[37m[0m[1mInitial Chunk Files[22m[2m | [22m[1mNames[22m  [2m | [22m [1mRaw Size[22m[0m[39m
[37m[0m[92mmain.js[39m[37m            [2m | [22mmain   [2m | [22m[96m237.53 kB[39m[37m[2m | [22m[0m[39m
[37m[0m[92mruntime.js[39m[37m         [2m | [22mruntime[2m | [22m  [96m6.50 kB[39m[37m[2m | [22m[0m[39m
[37m[0m[0m[39m
[37m[0m3 unchanged chunks[0m[39m
[37m[0m[0m[39m
[37m[0mBuild at: [1m[37m2025-11-18T16:58:01.005Z[39m[37m[22m - Hash: [1m[37m265a387e45ef74c0[39m[37m[22m - Time: [1m[37m444[39m[37m[22mms[0m[39m
[37m[39m
[37m[92m‚àö[39m[37m Compiled successfully.[39m
[36m‚†ã[39m Generating browser application bundles...[2K[1G[36m‚†ô[39m Generating browser application bundles (phase: building)...[2K[1G[36m‚†π[39m Generating browser application bundles (phase: building)...[2K[1G[32m‚úî[39m Browser application bundle generation complete.
[37m[39m
[37m[0m[1mInitial Chunk Files[22m[2m | [22m[1mNames[22m  [2m | [22m [1mRaw Size[22m[0m[39m
[37m[0m[92mmain.js[39m[37m            [2m | [22mmain   [2m | [22m[96m237.65 kB[39m[37m[2m | [22m[0m[39m
[37m[0m[92mruntime.js[39m[37m         [2m | [22mruntime[2m | [22m  [96m6.50 kB[39m[37m[2m | [22m[0m[39m
[37m[0m[0m[39m
[37m[0m3 unchanged chunks[0m[39m
[37m[0m[0m[39m
[37m[0mBuild at: [1m[37m2025-11-18T16:58:27.705Z[39m[37m[22m - Hash: [1m[37m014cc09d897ccd29[39m[37m[22m - Time: [1m[37m261[39m[37m[22mms[0m[39m
[37m[39m
[37m[92m‚àö[39m[37m Compiled successfully.[39m
[36m‚†ã[39m Generating browser application bundles...[2K[1G[36m‚†ô[39m Generating browser application bundles (phase: building)...[2K[1G[36m‚†π[39m Generating browser application bundles (phase: emitting)...[2K[1G[32m‚úî[39m Browser application bundle generation complete.
[37m[39m
[37m[0m[1mInitial Chunk Files[22m[2m | [22m[1mNames[22m  [2m | [22m [1mRaw Size[22m[0m[39m
[37m[0m[92mmain.js[39m[37m            [2m | [22mmain   [2m | [22m[96m237.68 kB[39m[37m[2m | [22m[0m[39m
[37m[0m[92mruntime.js[39m[37m         [2m | [22mruntime[2m | [22m  [96m6.50 kB[39m[37m[2m | [22m[0m[39m
[37m[0m[0m[39m
[37m[0m3 unchanged chunks[0m[39m
[37m[0m[0m[39m
[37m[0mBuild at: [1m[37m2025-11-18T16:59:52.490Z[39m[37m[22m - Hash: [1m[37m98fe09cc8fc18241[39m[37m[22m - Time: [1m[37m213[39m[37m[22mms[0m[39m
[37m[39m
[37m[92m‚àö[39m[37m Compiled successfully.[39m
[36m‚†ã[39m Generating browser application bundles...[2K[1G[36m‚†ô[39m Generating browser application bundles (phase: building)...[2K[1G[36m‚†π[39m Generating browser application bundles (phase: emitting)...[2K[1G[32m‚úî[39m Browser application bundle generation complete.
[37m[39m
[37m[0m[1mInitial Chunk Files[22m[2m | [22m[1mNames[22m  [2m | [22m [1mRaw Size[22m[0m[39m
[37m[0m[92mmain.js[39m[37m            [2m | [22mmain   [2m | [22m[96m237.72 kB[39m[37m[2m | [22m[0m[39m
[37m[0m[92mruntime.js[39m[37m         [2m | [22mruntime[2m | [22m  [96m6.50 kB[39m[37m[2m | [22m[0m[39m
[37m[0m[0m[39m
[37m[0m3 unchanged chunks[0m[39m
[37m[0m[0m[39m
[37m[0mBuild at: [1m[37m2025-11-18T17:00:04.906Z[39m[37m[22m - Hash: [1m[37m4e263d12844d4314[39m[37m[22m - Time: [1m[37m195[39m[37m[22mms[0m[39m
[37m[39m
[37m[92m‚àö[39m[37m Compiled successfully.[39m
[36m‚†ã[39m Generating browser application bundles...[2K[1G[36m‚†ô[39m Generating browser application bundles (phase: building)...[2K[1G[32m‚úî[39m Browser application bundle generation complete.
[37m[39m
[37m[0m[1mInitial Chunk Files[22m[2m | [22m[1mNames[22m  [2m | [22m [1mRaw Size[22m[0m[39m
[37m[0m[92mmain.js[39m[37m            [2m | [22mmain   [2m | [22m[96m237.72 kB[39m[37m[2m | [22m[0m[39m
[37m[0m[92mruntime.js[39m[37m         [2m | [22mruntime[2m | [22m  [96m6.50 kB[39m[37m[2m | [22m[0m[39m
[37m[0m[0m[39m
[37m[0m3 unchanged chunks[0m[39m
[37m[0m[0m[39m
[37m[0mBuild at: [1m[37m2025-11-18T17:00:06.899Z[39m[37m[22m - Hash: [1m[37ma687b2094ed471c6[39m[37m[22m - Time: [1m[37m160[39m[37m[22mms[0m[39m
[37m[39m
[37m[92m‚àö[39m[37m Compiled successfully.[39m
[36m‚†ã[39m Generating browser application bundles...[2K[1G[36m‚†ô[39m Generating browser application bundles (phase: building)...[2K[1G[36m‚†π[39m Generating browser application bundles (phase: emitting)...[2K[1G[32m‚úî[39m Browser application bundle generation complete.
[37m[39m
[37m[0m[1mInitial Chunk Files[22m[2m | [22m[1mNames[22m  [2m | [22m [1mRaw Size[22m[0m[39m
[37m[0m[92mmain.js[39m[37m            [2m | [22mmain   [2m | [22m[96m238.58 kB[39m[37m[2m | [22m[0m[39m
[37m[0m[92mruntime.js[39m[37m         [2m | [22mruntime[2m | [22m  [96m6.50 kB[39m[37m[2m | [22m[0m[39m
[37m[0m[0m[39m
[37m[0m3 unchanged chunks[0m[39m
[37m[0m[0m[39m
[37m[0mBuild at: [1m[37m2025-11-18T17:01:34.623Z[39m[37m[22m - Hash: [1m[37m1f9ac94fae06a6e9[39m[37m[22m - Time: [1m[37m224[39m[37m[22mms[0m[39m
[37m[39m
[37m[92m‚àö[39m[37m Compiled successfully.[39m
[36m‚†ã[39m Generating browser application bundles...[2K[1G[36m‚†ô[39m Generating browser application bundles (phase: sealing)...[2K[1G[32m‚úî[39m Browser application bundle generation complete.
[37m[39m
[37m[0m[1mInitial Chunk Files[22m[2m | [22m[1mNames[22m  [2m | [22m [1mRaw Size[22m[0m[39m
[37m[0m[92mmain.js[39m[37m            [2m | [22mmain   [2m | [22m[96m238.57 kB[39m[37m[2m | [22m[0m[39m
[37m[0m[92mruntime.js[39m[37m         [2m | [22mruntime[2m | [22m  [96m6.50 kB[39m[37m[2m | [22m[0m[39m
[37m[0m[0m[39m
[37m[0m3 unchanged chunks[0m[39m
[37m[0m[0m[39m
[37m[0mBuild at: [1m[37m2025-11-18T17:01:37.516Z[39m[37m[22m - Hash: [1m[37m1fdc16c1c8c6bf70[39m[37m[22m - Time: [1m[37m141[39m[37m[22mms[0m[39m
[37m[39m
[37m[92m‚àö[39m[37m Compiled successfully.[39m
[36m‚†ã[39m Generating browser application bundles...[2K[1G[36m‚†ô[39m Generating browser application bundles (phase: building)...[2K[1G[32m‚úî[39m Browser application bundle generation complete.
[37m[39m
[37m[0m[1mInitial Chunk Files[22m[2m | [22m[1mNames[22m  [2m | [22m [1mRaw Size[22m[0m[39m
[37m[0m[92mmain.js[39m[37m            [2m | [22mmain   [2m | [22m[96m238.57 kB[39m[37m[2m | [22m[0m[39m
[37m[0m[92mruntime.js[39m[37m         [2m | [22mruntime[2m | [22m  [96m6.50 kB[39m[37m[2m | [22m[0m[39m
[37m[0m[0m[39m
[37m[0m3 unchanged chunks[0m[39m
[37m[0m[0m[39m
[37m[0mBuild at: [1m[37m2025-11-18T17:02:23.776Z[39m[37m[22m - Hash: [1m[37m635289bf2647183f[39m[37m[22m - Time: [1m[37m144[39m[37m[22mms[0m[39m
[37m[39m
[37m[92m‚àö[39m[37m Compiled successfully.[39m
[36m‚†ã[39m Generating browser application bundles...[2K[1G[36m‚†ô[39m Generating browser application bundles (phase: building)...[2K[1G[36m‚†π[39m Generating browser application bundles (phase: emitting)...[2K[1G[32m‚úî[39m Browser application bundle generation complete.
[37m[39m
[37m[0m[1mInitial Chunk Files[22m[2m | [22m[1mNames[22m  [2m | [22m [1mRaw Size[22m[0m[39m
[37m[0m[92mmain.js[39m[37m            [2m | [22mmain   [2m | [22m[96m241.12 kB[39m[37m[2m | [22m[0m[39m
[37m[0m[92mruntime.js[39m[37m         [2m | [22mruntime[2m | [22m  [96m6.50 kB[39m[37m[2m | [22m[0m[39m
[37m[0m[0m[39m
[37m[0m3 unchanged chunks[0m[39m
[37m[0m[0m[39m
[37m[0mBuild at: [1m[37m2025-11-18T17:04:27.310Z[39m[37m[22m - Hash: [1m[37maf9b62e84c6d036d[39m[37m[22m - Time: [1m[37m205[39m[37m[22mms[0m[39m
[37m[39m
[37m[92m‚àö[39m[37m Compiled successfully.[39m
[36m‚†ã[39m Generating browser application bundles...[2K[1G[36m‚†ô[39m Generating browser application bundles (phase: building)...[2K[1G[36m‚†π[39m Generating browser application bundles (phase: sealing)...[2K[1G[32m‚úî[39m Browser application bundle generation complete.
[37m[39m
[37m[0m[1mInitial Chunk Files[22m[2m | [22m[1mNames[22m  [2m | [22m [1mRaw Size[22m[0m[39m
[37m[0m[92mmain.js[39m[37m            [2m | [22mmain   [2m | [22m[96m241.44 kB[39m[37m[2m | [22m[0m[39m
[37m[0m[92mruntime.js[39m[37m         [2m | [22mruntime[2m | [22m  [96m6.50 kB[39m[37m[2m | [22m[0m[39m
[37m[0m[0m[39m
[37m[0m3 unchanged chunks[0m[39m
[37m[0m[0m[39m
[37m[0mBuild at: [1m[37m2025-11-18T17:05:18.977Z[39m[37m[22m - Hash: [1m[37mf6871c87075c51de[39m[37m[22m - Time: [1m[37m246[39m[37m[22mms[0m[39m
[37m[39m
[37m[92m‚àö[39m[37m Compiled successfully.[39m
[36m‚†ã[39m Generating browser application bundles...[2K[1G[36m‚†ô[39m Generating browser application bundles (phase: building)...[2K[1G[36m‚†π[39m Generating browser application bundles (phase: sealing)...[2K[1G[32m‚úî[39m Browser application bundle generation complete.
[37m[39m
[37m[0m[1mInitial Chunk Files[22m[2m | [22m[1mNames[22m  [2m | [22m [1mRaw Size[22m[0m[39m
[37m[0m[92mmain.js[39m[37m            [2m | [22mmain   [2m | [22m[96m241.16 kB[39m[37m[2m | [22m[0m[39m
[37m[0m[92mruntime.js[39m[37m         [2m | [22mruntime[2m | [22m  [96m6.50 kB[39m[37m[2m | [22m[0m[39m
[37m[0m[0m[39m
[37m[0m3 unchanged chunks[0m[39m
[37m[0m[0m[39m
[37m[0mBuild at: [1m[37m2025-11-18T17:06:16.054Z[39m[37m[22m - Hash: [1m[37m1c69b4cbb06084a9[39m[37m[22m - Time: [1m[37m246[39m[37m[22mms[0m[39m
[37m[39m
[37m[92m‚àö[39m[37m Compiled successfully.[39m
[36m‚†ã[39m Generating browser application bundles...[2K[1G[36m‚†ô[39m Generating browser application bundles (phase: building)...[2K[1G[36m‚†π[39m Generating browser application bundles (phase: emitting)...[2K[1G[32m‚úî[39m Browser application bundle generation complete.
[37m[39m
[37m[0m[1mInitial Chunk Files[22m[2m | [22m[1mNames[22m  [2m | [22m [1mRaw Size[22m[0m[39m
[37m[0m[92mmain.js[39m[37m            [2m | [22mmain   [2m | [22m[96m241.16 kB[39m[37m[2m | [22m[0m[39m
[37m[0m[92mruntime.js[39m[37m         [2m | [22mruntime[2m | [22m  [96m6.50 kB[39m[37m[2m | [22m[0m[39m
[37m[0m[0m[39m
[37m[0m3 unchanged chunks[0m[39m
[37m[0m[0m[39m
[37m[0mBuild at: [1m[37m2025-11-18T17:06:25.688Z[39m[37m[22m - Hash: [1m[37mbe961fc901a6339e[39m[37m[22m - Time: [1m[37m185[39m[37m[22mms[0m[39m
[37m[39m
[37m[92m‚àö[39m[37m Compiled successfully.[39m
[36m‚†ã[39m Generating browser application bundles...[2K[1G[36m‚†ô[39m Generating browser application bundles (phase: building)...[2K[1G[36m‚†π[39m Generating browser application bundles (phase: building)...[2K[1G[32m‚úî[39m Browser application bundle generation complete.
[37m[39m
[37m[0m[1mInitial Chunk Files[22m[2m | [22m[1mNames[22m  [2m | [22m [1mRaw Size[22m[0m[39m
[37m[0m[92mmain.js[39m[37m            [2m | [22mmain   [2m | [22m[96m241.17 kB[39m[37m[2m | [22m[0m[39m
[37m[0m[92mruntime.js[39m[37m         [2m | [22mruntime[2m | [22m  [96m6.50 kB[39m[37m[2m | [22m[0m[39m
[37m[0m[0m[39m
[37m[0m3 unchanged chunks[0m[39m
[37m[0m[0m[39m
[37m[0mBuild at: [1m[37m2025-11-18T17:08:38.644Z[39m[37m[22m - Hash: [1m[37mfdc206b6777a655d[39m[37m[22m - Time: [1m[37m251[39m[37m[22mms[0m[39m
[37m[39m
[37m[92m‚àö[39m[37m Compiled successfully.[39m
[36m‚†ã[39m Generating browser application bundles...[2K[1G[36m‚†ô[39m Generating browser application bundles (phase: building)...[2K[1G[36m‚†π[39m Generating browser application bundles (phase: sealing)...[2K[1G[32m‚úî[39m Browser application bundle generation complete.
[37m[39m
[37m[0m[1mInitial Chunk Files[22m[2m | [22m[1mNames[22m  [2m | [22m [1mRaw Size[22m[0m[39m
[37m[0m[92mmain.js[39m[37m            [2m | [22mmain   [2m | [22m[96m241.45 kB[39m[37m[2m | [22m[0m[39m
[37m[0m[92mruntime.js[39m[37m         [2m | [22mruntime[2m | [22m  [96m6.50 kB[39m[37m[2m | [22m[0m[39m
[37m[0m[0m[39m
[37m[0m3 unchanged chunks[0m[39m
[37m[0m[0m[39m
[37m[0mBuild at: [1m[37m2025-11-18T17:09:39.747Z[39m[37m[22m - Hash: [1m[37m410787d655ded4fa[39m[37m[22m - Time: [1m[37m213[39m[37m[22mms[0m[39m
[37m[39m
[37m[92m‚àö[39m[37m Compiled successfully.[39m
[36m‚†ã[39m Generating browser application bundles...[2K[1G[36m‚†ô[39m Generating browser application bundles (phase: building)...[2K[1G[32m‚úî[39m Browser application bundle generation complete.
[37m[39m
[37m[0m[1mInitial Chunk Files[22m[2m | [22m[1mNames[22m  [2m | [22m [1mRaw Size[22m[0m[39m
[37m[0m[92mmain.js[39m[37m            [2m | [22mmain   [2m | [22m[96m241.45 kB[39m[37m[2m | [22m[0m[39m
[37m[0m[92mruntime.js[39m[37m         [2m | [22mruntime[2m | [22m  [96m6.50 kB[39m[37m[2m | [22m[0m[39m
[37m[0m[0m[39m
[37m[0m3 unchanged chunks[0m[39m
[37m[0m[0m[39m
[37m[0mBuild at: [1m[37m2025-11-18T17:09:46.324Z[39m[37m[22m - Hash: [1m[37m83adfe0c7a63fef4[39m[37m[22m - Time: [1m[37m156[39m[37m[22mms[0m[39m
[37m[39m
[37m[92m‚àö[39m[37m Compiled successfully.[39m
[36m‚†ã[39m Generating browser application bundles...[2K[1G[36m‚†ô[39m Generating browser application bundles (phase: building)...[2K[1G[36m‚†π[39m Generating browser application bundles (phase: sealing)...[2K[1G[32m‚úî[39m Browser application bundle generation complete.
[37m[39m
[37m[0m[1mInitial Chunk Files[22m[2m | [22m[1mNames[22m  [2m | [22m [1mRaw Size[22m[0m[39m
[37m[0m[92mmain.js[39m[37m            [2m | [22mmain   [2m | [22m[96m241.64 kB[39m[37m[2m | [22m[0m[39m
[37m[0m[92mruntime.js[39m[37m         [2m | [22mruntime[2m | [22m  [96m6.50 kB[39m[37m[2m | [22m[0m[39m
[37m[0m[0m[39m
[37m[0m3 unchanged chunks[0m[39m
[37m[0m[0m[39m
[37m[0mBuild at: [1m[37m2025-11-18T17:09:56.155Z[39m[37m[22m - Hash: [1m[37m1130cf7baf8bbced[39m[37m[22m - Time: [1m[37m237[39m[37m[22mms[0m[39m
[37m[39m
[37m[92m‚àö[39m[37m Compiled successfully.[39m
[36m‚†ã[39m Generating browser application bundles...[2K[1G[36m‚†ô[39m Generating browser application bundles (phase: building)...[2K[1G[36m‚†π[39m Generating browser application bundles (phase: emitting)...[2K[1G[32m‚úî[39m Browser application bundle generation complete.
[37m[39m
[37m[0m[1mInitial Chunk Files[22m[2m | [22m[1mNames[22m  [2m | [22m [1mRaw Size[22m[0m[39m
[37m[0m[92mmain.js[39m[37m            [2m | [22mmain   [2m | [22m[96m241.64 kB[39m[37m[2m | [22m[0m[39m
[37m[0m[92mruntime.js[39m[37m         [2m | [22mruntime[2m | [22m  [96m6.50 kB[39m[37m[2m | [22m[0m[39m
[37m[0m[0m[39m
[37m[0m3 unchanged chunks[0m[39m
[37m[0m[0m[39m
[37m[0mBuild at: [1m[37m2025-11-18T17:10:11.859Z[39m[37m[22m - Hash: [1m[37m134c5b1dfc71a073[39m[37m[22m - Time: [1m[37m171[39m[37m[22mms[0m[39m
[37m[39m
[37m[92m‚àö[39m[37m Compiled successfully.[39m
[36m‚†ã[39m Generating browser application bundles...[2K[1G[36m‚†ô[39m Generating browser application bundles (phase: building)...[2K[1G[32m‚úî[39m Browser application bundle generation complete.
[37m[39m
[37m[0m[1mInitial Chunk Files[22m[2m | [22m[1mNames[22m  [2m | [22m [1mRaw Size[22m[0m[39m
[37m[0m[92mmain.js[39m[37m            [2m | [22mmain   [2m | [22m[96m241.65 kB[39m[37m[2m | [22m[0m[39m
[37m[0m[92mruntime.js[39m[37m         [2m | [22mruntime[2m | [22m  [96m6.50 kB[39m[37m[2m | [22m[0m[39m
[37m[0m[0m[39m
[37m[0m3 unchanged chunks[0m[39m
[37m[0m[0m[39m
[37m[0mBuild at: [1m[37m2025-11-18T17:11:54.796Z[39m[37m[22m - Hash: [1m[37mdeea03c387c1c9a2[39m[37m[22m - Time: [1m[37m147[39m[37m[22mms[0m[39m
[37m[39m
[37m[92m‚àö[39m[37m Compiled successfully.[39m
[36m‚†ã[39m Generating browser application bundles...[2K[1G[36m‚†ô[39m Generating browser application bundles (phase: building)...[2K[1G[36m‚†π[39m Generating browser application bundles (phase: building)...[2K[1G[36m‚†∏[39m Generating browser application bundles (phase: emitting)...[2K[1G[32m‚úî[39m Browser application bundle generation complete.
[37m[39m
[37m[0m[1mInitial Chunk Files[22m[2m | [22m[1mNames[22m  [2m | [22m [1mRaw Size[22m[0m[39m
[37m[0m[92mmain.js[39m[37m            [2m | [22mmain   [2m | [22m[96m241.65 kB[39m[37m[2m | [22m[0m[39m
[37m[0m[92mruntime.js[39m[37m         [2m | [22mruntime[2m | [22m  [96m6.50 kB[39m[37m[2m | [22m[0m[39m
[37m[0m[0m[39m
[37m[0m3 unchanged chunks[0m[39m
[37m[0m[0m[39m
[37m[0mBuild at: [1m[37m2025-11-18T17:13:00.639Z[39m[37m[22m - Hash: [1m[37mc34eb06fffdc67d3[39m[37m[22m - Time: [1m[37m343[39m[37m[22mms[0m[39m
[37m[39m
[37m[92m‚àö[39m[37m Compiled successfully.[39m
[36m‚†ã[39m Generating browser application bundles...[2K[1G[36m‚†ô[39m Generating browser application bundles (phase: building)...[2K[1G[36m‚†π[39m Generating browser application bundles (phase: building)...[2K[1G[36m‚†∏[39m Generating browser application bundles (phase: emitting)...[2K[1G[32m‚úî[39m Browser application bundle generation complete.
[37m[39m
[37m[0m[1mInitial Chunk Files[22m[2m | [22m[1mNames[22m  [2m | [22m [1mRaw Size[22m[0m[39m
[37m[0m[92mmain.js[39m[37m            [2m | [22mmain   [2m | [22m[96m241.68 kB[39m[37m[2m | [22m[0m[39m
[37m[0m[92mruntime.js[39m[37m         [2m | [22mruntime[2m | [22m  [96m6.50 kB[39m[37m[2m | [22m[0m[39m
[37m[0m[0m[39m
[37m[0m3 unchanged chunks[0m[39m
[37m[0m[0m[39m
[37m[0mBuild at: [1m[37m2025-11-18T17:14:29.697Z[39m[37m[22m - Hash: [1m[37m557d0eb6f594dc04[39m[37m[22m - Time: [1m[37m295[39m[37m[22mms[0m[39m
[37m[39m
[37m[92m‚àö[39m[37m Compiled successfully.[39m
[36m‚†ã[39m Generating browser application bundles...[2K[1G[36m‚†ô[39m Generating browser application bundles (phase: building)...[2K[1G[36m‚†π[39m Generating browser application bundles (phase: emitting)...[2K[1G[32m‚úî[39m Browser application bundle generation complete.
[37m[39m
[37m[0m[1mInitial Chunk Files[22m[2m | [22m[1mNames[22m  [2m | [22m [1mRaw Size[22m[0m[39m
[37m[0m[92mmain.js[39m[37m            [2m | [22mmain   [2m | [22m[96m241.68 kB[39m[37m[2m | [22m[0m[39m
[37m[0m[92mruntime.js[39m[37m         [2m | [22mruntime[2m | [22m  [96m6.50 kB[39m[37m[2m | [22m[0m[39m
[37m[0m[0m[39m
[37m[0m3 unchanged chunks[0m[39m
[37m[0m[0m[39m
[37m[0mBuild at: [1m[37m2025-11-18T17:14:46.626Z[39m[37m[22m - Hash: [1m[37m22bcbdd92299778b[39m[37m[22m - Time: [1m[37m249[39m[37m[22mms[0m[39m
[37m[39m
[37m[92m‚àö[39m[37m Compiled successfully.[39m
[36m‚†ã[39m Generating browser application bundles...[2K[1G[36m‚†ô[39m Generating browser application bundles (phase: building)...[2K[1G[36m‚†π[39m Generating browser application bundles (phase: building)...[2K[1G[32m‚úî[39m Browser application bundle generation complete.
[37m[39m
[37m[0m[1mInitial Chunk Files[22m[2m | [22m[1mNames[22m  [2m | [22m [1mRaw Size[22m[0m[39m
[37m[0m[92mmain.js[39m[37m            [2m | [22mmain   [2m | [22m[96m241.68 kB[39m[37m[2m | [22m[0m[39m
[37m[0m[92mruntime.js[39m[37m         [2m | [22mruntime[2m | [22m  [96m6.50 kB[39m[37m[2m | [22m[0m[39m
[37m[0m[0m[39m
[37m[0m3 unchanged chunks[0m[39m
[37m[0m[0m[39m
[37m[0mBuild at: [1m[37m2025-11-18T17:16:01.169Z[39m[37m[22m - Hash: [1m[37m1d1eeb56602c2792[39m[37m[22m - Time: [1m[37m235[39m[37m[22mms[0m[39m
[37m[39m
[37m[92m‚àö[39m[37m Compiled successfully.[39m
