[36mâ ‹[39m Generating browser application bundles (phase: setup)...[2K[1G[36mâ ™[39m Generating browser application bundles (phase: setup)...[2K[1G[36mâ ¹[39m Generating browser application bundles (phase: building)...[2K[1G[36mâ ¸[39m Generating browser application bundles (phase: building)...[2K[1G[36mâ ¼[39m Generating browser application bundles (phase: building)...[2K[1G[36mâ ´[39m Generating browser application bundles (phase: building)...[2K[1G[36mâ ¦[39m Generating browser application bundles (phase: building)...[2K[1G[36mâ §[39m Generating browser application bundles (phase: building)...[2K[1G[36mâ ‡[39m Generating browser application bundles (phase: building)...[2K[1G[36mâ [39m Generating browser application bundles (phase: building)...[2K[1G[36mâ ‹[39m Generating browser application bundles (phase: building)...[2K[1G[36mâ ™[39m Generating browser application bundles (phase: building)...[2K[1G[36mâ ¹[39m Generating browser application bundles (phase: building)...[2K[1G[36mâ ¸[39m Generating browser application bundles (phase: building)...[2K[1G[36mâ ¼[39m Generating browser application bundles (phase: building)...[2K[1G[36mâ ´[39m Generating browser application bundles (phase: sealing)...[2K[1G[36mâ ¦[39m Generating browser application bundles (phase: sealing)...[2K[1G[36mâ §[39m Generating browser application bundles (phase: sealing)...[2K[1G[32mâœ”[39m Browser application bundle generation complete.
[37m[39m
[37m[0m[1mInitial Chunk Files[22m  [2m | [22m[1mNames[22m        [2m | [22m [1mRaw Size[22m[0m[39m
[37m[0m[92mvendor.js[39m[37m            [2m | [22mvendor       [2m | [22m  [96m3.06 MB[39m[37m[2m | [22m[0m[39m
[37m[0m[92mmain.js[39m[37m              [2m | [22mmain         [2m | [22m[96m403.51 kB[39m[37m[2m | [22m[0m[39m
[37m[0m[92mpolyfills.js[39m[37m         [2m | [22mpolyfills    [2m | [22m[96m254.85 kB[39m[37m[2m | [22m[0m[39m
[37m[0m[92mstyles.css, styles.js[39m[37m[2m | [22mstyles       [2m | [22m[96m154.44 kB[39m[37m[2m | [22m[0m[39m
[37m[0m[92mruntime.js[39m[37m           [2m | [22mruntime      [2m | [22m  [96m6.50 kB[39m[37m[2m | [22m[0m[39m
[37m[0m[0m[39m
[37m[0m[1m [22m                    [2m | [22m[1mInitial Total[22m[2m | [22m  [1m3.86 MB[22m[0m[39m
[37m[0m[0m[39m
[37m[0mBuild at: [1m[37m2025-11-25T16:21:27.105Z[39m[37m[22m - Hash: [1m[37m87219eba2da4a960[39m[37m[22m - Time: [1m[37m33766[39m[37m[22mms[0m[39m
[1m[31m[39m[22m
[1m[31m[0m[36m./src/app/dashboard/charts-grid/top-categories/top-categories.component.ts[39m[31m[0m:[0m[93m2:0-65[39m[31m[0m - [0m[91mError: [39m[31m[0mModule not found: Error: Can't resolve 'src/libs/core/utils/expense.utils' in 'C:\Users\pedrocorreia\Workspaces\Agular\fin-man-web\src\app\dashboard\charts-grid\top-categories'[39m[22m
[1m[31m[39m[22m
[1m[31m[0m[36m./src/app/dashboard/charts-grid/top-categories/top-categories.component.ts[39m[31m[0m:[0m[93m3:0-64[39m[31m[0m - [0m[91mError: [39m[31m[0mModule not found: Error: Can't resolve 'src/services/expenses-service' in 'C:\Users\pedrocorreia\Workspaces\Agular\fin-man-web\src\app\dashboard\charts-grid\top-categories'[39m[22m
[1m[31m[39m[22m
[1m[31m[0m[36m./src/app/dashboard/charts-grid/top-categories/top-categories.component.ts[39m[31m[0m:[0m[93m5:0-65[39m[31m[0m - [0m[91mError: [39m[31m[0mModule not found: Error: Can't resolve 'src/libs/core/utils/expense.utils' in 'C:\Users\pedrocorreia\Workspaces\Agular\fin-man-web\src\app\dashboard\charts-grid\top-categories'[39m[22m
[1m[31m[39m[22m
[1m[31m[0m[36m./src/app/dashboard/charts-grid/top-categories/top-categories.component.ts[39m[31m[0m:[0m[93m6:0-64[39m[31m[0m - [0m[91mError: [39m[31m[0mModule not found: Error: Can't resolve 'src/services/expenses-service' in 'C:\Users\pedrocorreia\Workspaces\Agular\fin-man-web\src\app\dashboard\charts-grid\top-categories'[39m[22m
[1m[31m[39m[22m
[1m[31m[0m[91mError: [39m[31m[0m[96msrc/app/app.module.ts[0m:[93m52[0m:[93m5[0m - [91merror[0m[90m NG6001: [0mThe class 'TopCategoriesComponent' is listed in the declarations of the NgModule 'AppModule', but is not a directive, a component, or a pipe. Either remove it from the NgModule's declarations, or add an appropriate Angular decorator.[39m[22m
[1m[31m[39m[22m
[1m[31m[7m52[0m     TopCategoriesComponent,[39m[22m
[1m[31m[7m  [0m [91m    ~~~~~~~~~~~~~~~~~~~~~~[0m[39m[22m
[1m[31m[39m[22m
[1m[31m  [96msrc/app/dashboard/charts-grid/top-categories/top-categories.component.ts[0m:[93m13[0m:[93m14[0m[39m[22m
[1m[31m    [7m13[0m export class TopCategoriesComponent implements OnInit {[39m[22m
[1m[31m    [7m  [0m [96m             ~~~~~~~~~~~~~~~~~~~~~~[0m[39m[22m
[1m[31m    'TopCategoriesComponent' is d[39m[22m[1m[31meclared here.[39m[22m
[1m[31m[39m[22m
[1m[31m[39m[22m
[1m[31m[0m[91mError: [39m[31m[0m[96msrc/app/dashboard/charts-grid/charts-grid.component.ts[0m:[93m3[0m:[93m30[0m - [91merror[0m[90m TS2307: [0mCannot find module 'src/libs/core/utils/expense.utils' or its corresponding type declarations.[39m[22m
[1m[31m[39m[22m
[1m[31m[7m3[0m import { ExpenseUtils } from 'src/libs/core/utils/expense.utils';[39m[22m
[1m[31m[7m [0m [91m                             ~~~~~~~~~~~~~~~~~~~~~~~~~~~~~~~~~~~[0m[39m[22m
[1m[31m[39m[22m
[1m[31m[39m[22m
[1m[31m[0m[91mError: [39m[31m[0m[96msrc/app/dashboard/charts-grid/charts-grid.component.ts[0m:[93m4[0m:[93m33[0m - [91merror[0m[90m TS2307: [0mCannot find module 'src/services/expenses-service' or its corresponding type declarations.[39m[22m
[1m[31m[39m[22m
[1m[31m[7m4[0m import { ExpensesService } from 'src/services/expenses-service';[39m[22m
[1m[31m[7m [0m [91m                                ~~~~~~~~~~~~~~~~~~~~~~~~~~~~~~~[0m[39m[22m
[1m[31m[39m[22m
[1m[31m[39m[22m
[1m[31m[0m[91mError: [39m[31m[0m[96msrc/app/dashboard/charts-grid/top-categories/top-categories.component.ts[0m:[93m4[0m:[93m30[0m - [91merror[0m[90m TS2307: [0mCannot find module 'src/libs/core/utils/expense.utils' or its corresponding type declarations.[39m[22m
[1m[31m[39m[22m
[1m[31m[7m4[0m import { ExpenseUtils } from 'src/libs/core/utils/expense.utils';[39m[22m
[1m[31m[7m [0m [91m                             ~~~~~~~~~~~~~~~~~~~~~~~~~~~~~~~~~~~[0m[39m[22m
[1m[31m[39m[22m
[1m[31m[39m[22m
[1m[31m[0m[91mError: [39m[31m[0m[96msrc/app/dashboard/charts-grid/top-categories/top-categories.component.ts[0m:[93m5[0m:[93m33[0m - [91merror[0m[90m TS2307: [0mCannot find module 'src/services/expenses-service' or its corresponding type declarations.[39m[22m
[1m[31m[39m[22m
[1m[31m[7m5[0m import { ExpensesService } from 'src/services/expenses-service';[39m[22m
[1m[31m[7m [0m [91m                                ~~~~~~~~~~~~~~~~~~~~~~~~~~~~~~~[0m[39m[22m
[1m[31m[39m[22m
[1m[31m[39m[22m
[1m[31m[0m[91mError: [39m[31m[0m[96msrc/app/dashboard/charts-grid/top-categories/top-categories.component.ts[0m:[93m15[0m:[93m13[0m - [91merror[0m[90m NG2003: [0mNo suitable injection token for parameter 'expensesService' of class 'TopCategoriesComponent'.[39m[22m
[1m[31m  Consider using the @Inject decorator to specify an injection tok[39m[22m[1m[31men.[39m[22m
[1m[31m[39m[22m
[1m[31m[7m15[0m     private expensesService: ExpensesService,[39m[22m
[1m[31m[7m  [0m [91m            ~~~~~~~~~~~~~~~[0m[39m[22m
[1m[31m[39m[22m
[1m[31m  [96msrc/app/dashboard/charts-grid/top-categories/top-categories.component.ts[0m:[93m15[0m:[93m30[0m[39m[22m
[1m[31m    [7m15[0m     private expensesService: ExpensesService,[39m[22m
[1m[31m    [7m  [0m [96m                             ~~~~~~~~~~~~~~~[0m[39m[22m
[1m[31m    This type does not have a value, so it cannot be used as injection token.[39m[22m
[1m[31m[39m[22m
[1m[31m[39m[22m
[1m[31m[0m[91mError: [39m[31m[0m[96msrc/app/dashboard/charts-grid/top-categories/top-categories.component.ts[0m:[93m27[0m:[93m25[0m - [91merror[0m[90m TS2493: [0mTuple type '[any]' of length '1' has no element[39m[22m
[1m[31m[39m[22m
[1m[31m[0m[91mError: [39m[31m[0m[96msrc/app/dashboard/charts-grid/top-categories/top-categories.component.ts[0m:[93m27[0m:[93m31[0m - [91merror[0m[90m TS2493: [0mTuple type '[any]' of length '1' has no element[39m[22m
[1m[31m[39m[22m
[1m[31m[0m[91mError: [39m[31m[0m[96msrc/app/dashboard/charts-grid/top-categories/top-categories.component.ts[0m:[93m28[0m:[93m62[0m - [91merror[0m[90m TS18048: [0m'user' is possibly 'undefined'.[39m[22m
[1m[31m[39m[22m
[1m[31m[7m28[0m           let filtered = ExpenseUtils.filterByUser(expenses, user.name);[39m[22m
[1m[31m[7m  [0m [91m                                                             ~~~~[0m[39m[22m
[1m[31m[39m[22m
[1m[31m[39m[22m
[1m[31m[0m[91mError: [39m[31m[0m[96msrc/libs/core/utils/transactions.utils.ts[0m:[93m165[0m:[93m14[0m - [91merror[0m[90m TS2304: [0mCannot find name 'ExpenseFiltersForm'.[39m[22m
[1m[31m[39m[22m
[1m[31m[7m165[0m     filters: ExpenseFiltersForm[39m[22m
[1m[31m[7m   [0m [91m             ~~~~~~~~~~~~~~~~~~[0m[39m[22m
[1m[31m[39m[22m
[1m[31m[39m[22m
[1m[31m[39m[22m
[37m[39m
[37m** Angular Live Development Server is listening on localhost:4200, open your browser on http://localhost:4200/ **[39m
[37m[39m
[37m[39m
[37m[91mÃ—[39m[37m Failed to compile.[39m
[36mâ ‹[39m Generating browser application bundles...[2K[1G[36mâ ™[39m Generating browser application bundles (phase: building)...[2K[1G[36mâ ¹[39m Generating browser application bundles (phase: building)...[2K[1G[36mâ ¸[39m Generating browser application bundles (phase: sealing)...[2K[1G[32mâœ”[39m Browser application bundle generation complete.
[37m[39m
[37m[0m[1mInitial Chunk Files[22m[2m | [22m[1mNames[22m  [2m | [22m [1mRaw Size[22m[0m[39m
[37m[0m[92mmain.js[39m[37m            [2m | [22mmain   [2m | [22m[96m406.54 kB[39m[37m[2m | [22m[0m[39m
[37m[0m[92mruntime.js[39m[37m         [2m | [22mruntime[2m | [22m  [96m6.50 kB[39m[37m[2m | [22m[0m[39m
[37m[0m[0m[39m
[37m[0m3 unchanged chunks[0m[39m
[37m[0m[0m[39m
[37m[0mBuild at: [1m[37m2025-11-25T16:22:07.456Z[39m[37m[22m - Hash: [1m[37m28680fd17335e805[39m[37m[22m - Time: [1m[37m493[39m[37m[22mms[0m[39m
[1m[31m[39m[22m
[1m[31m[0m[91mError: [39m[31m[0m[96msrc/app/dashboard/charts-grid/charts-grid.component.ts[0m:[93m3[0m:[93m30[0m - [91merror[0m[90m TS2307: [0mCannot find module 'src/libs/core/utils/expense.utils' or its corresponding type declarations.[39m[22m
[1m[31m[39m[22m
[1m[31m[7m3[0m import { ExpenseUtils } from 'src/libs/core/utils/expense.utils';[39m[22m
[1m[31m[7m [0m [91m                             ~~~~~~~~~~~~~~~~~~~~~~~~~~~~~~~~~~~[0m[39m[22m
[1m[31m[39m[22m
[1m[31m[39m[22m
[1m[31m[0m[91mError: [39m[31m[0m[96msrc/app/dashboard/charts-grid/charts-grid.component.ts[0m:[93m4[0m:[93m33[0m - [91merror[0m[90m TS2307: [0mCannot find module 'src/services/expenses-service' or its corresponding type declarations.[39m[22m
[1m[31m[39m[22m
[1m[31m[7m4[0m import { ExpensesService } from 'src/services/expenses-service';[39m[22m
[1m[31m[7m [0m [91m                                ~~~~~~~~~~~~~~~~~~~~~~~~~~~~~~~[0m[39m[22m
[1m[31m[39m[22m
[1m[31m[39m[22m
[1m[31m[0m[91mError: [39m[31m[0m[96msrc/app/dashboard/charts-grid/top-categories/top-categories.component.ts[0m:[93m27[0m:[93m26[0m - [91merror[0m[90m TS2552: [0mCannot find name 'ExpenseUtils'. Did you mean 'expenses'?[39m[22m
[1m[31m[39m[22m
[1m[31m[7m27[0m           let filtered = ExpenseUtils.filterByUser(expenses, user.name);[39m[22m
[1m[31m[7m  [0m [91m                         ~~~~~~~~~~~~[0m[39m[22m
[1m[31m[39m[22m
[1m[31m  [96msrc/app/dashboard/charts-grid/top-categories/top-categories.component.ts[0m:[93m26[0m:[93m15[0m[39m[22m
[1m[31m    [7m26[0m         map(([expenses, user, year]) => {[39m[22m
[1m[31m    [7m  [0m [96m              ~~~~~~~~[0m[39m[22m
[1m[31m    'expenses' is declared here.[39m[22m
[1m[31m[39m[22m
[1m[31m[39m[22m
[1m[31m[0m[91mError: [39m[31m[0m[96msrc/app/dashboard/charts-grid/top-categories/top-categories.component.ts[0m:[93m28[0m:[93m22[0m - [91merror[0m[90m TS2552: [0mCannot find name 'ExpenseUtils'. Did you mean 'expenses'?[39m[22m
[1m[31m[39m[22m
[1m[31m[7m28[0m           filtered = ExpenseUtils.filterByYear(filtered, year);[39m[22m
[1m[31m[7m  [0m [91m                     ~~~~~~~~~~~~[0m[39m[22m
[1m[31m[39m[22m
[1m[31m  [96msrc/app/dashboard/charts-grid/top-categories/top-categories.component.ts[0m:[93m26[0m:[93m15[0m[39m[22m
[1m[31m    [7m26[0m         map(([expenses, user, year]) => {[39m[22m
[1m[31m    [7m  [0m [96m              ~~~~~~[39m[22m[1m[31m~~[0m[39m[22m
[1m[31m    'expenses' is declared here.[39m[22m
[1m[31m[39m[22m
[1m[31m[39m[22m
[1m[31m[0m[91mError: [39m[31m[0m[96msrc/app/dashboard/charts-grid/top-categories/top-categories.component.ts[0m:[93m29[0m:[93m18[0m - [91merror[0m[90m TS2552: [0mCannot find name 'ExpenseUtils'. Did you mean 'expenses'?[39m[22m
[1m[31m[39m[22m
[1m[31m[7m29[0m           return ExpenseUtils.getTotalsByCategory(filtered);[39m[22m
[1m[31m[7m  [0m [91m                 ~~~~~~~~~~~~[0m[39m[22m
[1m[31m[39m[22m
[1m[31m  [96msrc/app/dashboard/charts-grid/top-categories/top-categories.component.ts[0m:[93m26[0m:[93m15[0m[39m[22m
[1m[31m    [7m26[0m         map(([expenses, user, year]) => {[39m[22m
[1m[31m    [7m  [0m [96m              ~~~~~~~~[0m[39m[22m
[1m[31m    'expenses' is declared here.[39m[22m
[1m[31m[39m[22m
[1m[31m[39m[22m
[1m[31m[0m[91mError: [39m[31m[0m[96msrc/libs/core/utils/transactions.utils.ts[0m:[93m165[0m:[93m14[0m - [91merror[0m[90m TS2304: [0mCannot find name 'ExpenseFiltersForm'.[39m[22m
[1m[31m[39m[22m
[1m[31m[7m165[0m     filters: ExpenseFiltersForm[39m[22m
[1m[31m[7m   [0m [91m             ~~~~~~~~~~~~~~~~~~[0m[39m[22m
[1m[31m[39m[22m
[1m[31m[39m[22m
[1m[31m[39m[22m
[37m[39m
[37m[91mÃ—[39m[37m Failed to compile.[39m
[36mâ ‹[39m Generating browser application bundles...[2K[1G[36mâ ™[39m Generating browser application bundles (phase: building)...[2K[1G[32mâœ”[39m Browser application bundle generation complete.
[37m[39m
[37m[0m[1mInitial Chunk Files[22m[2m | [22m[1mNames[22m  [2m | [22m [1mRaw Size[22m[0m[39m
[37m[0m[92mmain.js[39m[37m            [2m | [22mmain   [2m | [22m[96m406.83 kB[39m[37m[2m | [22m[0m[39m
[37m[0m[92mruntime.js[39m[37m         [2m | [22mruntime[2m | [22m  [96m6.50 kB[39m[37m[2m | [22m[0m[39m
[37m[0m[0m[39m
[37m[0m3 unchanged chunks[0m[39m
[37m[0m[0m[39m
[37m[0mBuild at: [1m[37m2025-11-25T16:22:47.293Z[39m[37m[22m - Hash: [1m[37me133e20bb79064e1[39m[37m[22m - Time: [1m[37m304[39m[37m[22mms[0m[39m
[1m[31m[39m[22m
[1m[31m[0m[91mError: [39m[31m[0m[96msrc/app/dashboard/charts-grid/charts-grid.component.ts[0m:[93m3[0m:[93m30[0m - [91merror[0m[90m TS2307: [0mCannot find module 'src/libs/core/utils/expense.utils' or its corresponding type declarations.[39m[22m
[1m[31m[39m[22m
[1m[31m[7m3[0m import { ExpenseUtils } from 'src/libs/core/utils/expense.utils';[39m[22m
[1m[31m[7m [0m [91m                             ~~~~~~~~~~~~~~~~~~~~~~~~~~~~~~~~~~~[0m[39m[22m
[1m[31m[39m[22m
[1m[31m[39m[22m
[1m[31m[0m[91mError: [39m[31m[0m[96msrc/app/dashboard/charts-grid/charts-grid.component.ts[0m:[93m4[0m:[93m33[0m - [91merror[0m[90m TS2307: [0mCannot find module 'src/services/expenses-service' or its corresponding type declarations.[39m[22m
[1m[31m[39m[22m
[1m[31m[7m4[0m import { ExpensesService } from 'src/services/expenses-service';[39m[22m
[1m[31m[7m [0m [91m                                ~~~~~~~~~~~~~~~~~~~~~~~~~~~~~~~[0m[39m[22m
[1m[31m[39m[22m
[1m[31m[39m[22m
[1m[31m[0m[91mError: [39m[31m[0m[96msrc/app/dashboard/charts-grid/top-categories/top-categories.component.ts[0m:[93m29[0m:[93m22[0m - [91merror[0m[90m TS2304: [0mCannot find name 'ExpenseUtils'.[39m[22m
[1m[31m[39m[22m
[1m[31m[7m29[0m           filtered = ExpenseUtils.filterByUser(expenses, user.name);[39m[22m
[1m[31m[7m  [0m [91m                     ~~~~~~~~~~~~[0m[39m[22m
[1m[31m[39m[22m
[1m[31m[39m[22m
[1m[31m[0m[91mError: [39m[31m[0m[96msrc/app/dashboard/charts-grid/top-categories/top-categories.component.ts[0m:[93m29[0m:[93m48[0m - [91merror[0m[90m TS2304: [0mCannot find name 'expenses'.[39m[22m
[1m[31m[39m[22m
[1m[31m[7m29[0m           filtered = ExpenseUtils.filterByUser(expenses, user.name);[39m[22m
[1m[31m[7m  [0m [91m                                               ~~~~~~~~[0m[39m[22m
[1m[31m[39m[22m
[1m[31m[39m[22m
[1m[31m[0m[91mError: [39m[31m[0m[96msrc/app/dashboard/charts-grid/top-categories/top-categories.component.ts[0m:[93m30[0m:[93m22[0m - [91merror[0m[90m TS2304: [0mCannot find name 'ExpenseUtils'.[39m[22m
[1m[31m[39m[22m
[1m[31m[7m30[0m           filtered = ExpenseUtils.filterByYear(filtered, year);[39m[22m
[1m[31m[7m  [0m [91m                     ~~~~~~~~~~~~[0m[39m[22m
[1m[31m[39m[22m
[1m[31m[39m[22m
[1m[31m[0m[91mError: [39m[31m[0m[96msrc/app/dashboard/charts-grid/top-categories/top-categories.component.ts[0m:[93m31[0m:[93m18[0m - [91merror[0m[90m TS2304[39m[22m[1m[31m: [0mCannot find name 'ExpenseUtils'.[39m[22m
[1m[31m[39m[22m
[1m[31m[7m31[0m           return ExpenseUtils.getTotalsByCategory(filtered);[39m[22m
[1m[31m[7m  [0m [91m                 ~~~~~~~~~~~~[0m[39m[22m
[1m[31m[39m[22m
[1m[31m[39m[22m
[1m[31m[0m[91mError: [39m[31m[0m[96msrc/libs/core/utils/transactions.utils.ts[0m:[93m165[0m:[93m14[0m - [91merror[0m[90m TS2304: [0mCannot find name 'ExpenseFiltersForm'.[39m[22m
[1m[31m[39m[22m
[1m[31m[7m165[0m     filters: ExpenseFiltersForm[39m[22m
[1m[31m[7m   [0m [91m             ~~~~~~~~~~~~~~~~~~[0m[39m[22m
[1m[31m[39m[22m
[1m[31m[39m[22m
[1m[31m[39m[22m
[37m[39m
[37m[91mÃ—[39m[37m Failed to compile.[39m
[36mâ ‹[39m Generating browser application bundles...[2K[1G[36mâ ™[39m Generating browser application bundles (phase: building)...[2K[1G[32mâœ”[39m Browser application bundle generation complete.
[37m[39m
[37m[0m[1mInitial Chunk Files[22m[2m | [22m[1mNames[22m  [2m | [22m [1mRaw Size[22m[0m[39m
[37m[0m[92mmain.js[39m[37m            [2m | [22mmain   [2m | [22m[96m407.04 kB[39m[37m[2m | [22m[0m[39m
[37m[0m[92mruntime.js[39m[37m         [2m | [22mruntime[2m | [22m  [96m6.50 kB[39m[37m[2m | [22m[0m[39m
[37m[0m[0m[39m
[37m[0m3 unchanged chunks[0m[39m
[37m[0m[0m[39m
[37m[0mBuild at: [1m[37m2025-11-25T16:22:55.665Z[39m[37m[22m - Hash: [1m[37m003d251e21be7cfb[39m[37m[22m - Time: [1m[37m156[39m[37m[22mms[0m[39m
[1m[31m[39m[22m
[1m[31m[0m[91mError: [39m[31m[0m[96msrc/app/dashboard/charts-grid/charts-grid.component.ts[0m:[93m3[0m:[93m30[0m - [91merror[0m[90m TS2307: [0mCannot find module 'src/libs/core/utils/expense.utils' or its corresponding type declarations.[39m[22m
[1m[31m[39m[22m
[1m[31m[7m3[0m import { ExpenseUtils } from 'src/libs/core/utils/expense.utils';[39m[22m
[1m[31m[7m [0m [91m                             ~~~~~~~~~~~~~~~~~~~~~~~~~~~~~~~~~~~[0m[39m[22m
[1m[31m[39m[22m
[1m[31m[39m[22m
[1m[31m[0m[91mError: [39m[31m[0m[96msrc/app/dashboard/charts-grid/charts-grid.component.ts[0m:[93m4[0m:[93m33[0m - [91merror[0m[90m TS2307: [0mCannot find module 'src/services/expenses-service' or its corresponding type declarations.[39m[22m
[1m[31m[39m[22m
[1m[31m[7m4[0m import { ExpensesService } from 'src/services/expenses-service';[39m[22m
[1m[31m[7m [0m [91m                                ~~~~~~~~~~~~~~~~~~~~~~~~~~~~~~~[0m[39m[22m
[1m[31m[39m[22m
[1m[31m[39m[22m
[1m[31m[0m[91mError: [39m[31m[0m[96msrc/libs/core/utils/transactions.utils.ts[0m:[93m165[0m:[93m14[0m - [91merror[0m[90m TS2304: [0mCannot find name 'ExpenseFiltersForm'.[39m[22m
[1m[31m[39m[22m
[1m[31m[7m165[0m     filters: ExpenseFiltersForm[39m[22m
[1m[31m[7m   [0m [91m             ~~~~~~~~~~~~~~~~~~[0m[39m[22m
[1m[31m[39m[22m
[1m[31m[39m[22m
[1m[31m[39m[22m
[37m[39m
[37m[91mÃ—[39m[37m Failed to compile.[39m
[36mâ ‹[39m Generating browser application bundles...[2K[1G[36mâ ™[39m Generating browser application bundles (phase: building)...[2K[1G[32mâœ”[39m Browser application bundle generation complete.
[37m[39m
[37m[0m[1mInitial Chunk Files[22m[2m | [22m[1mNames[22m  [2m | [22m [1mRaw Size[22m[0m[39m
[37m[0m[92mmain.js[39m[37m            [2m | [22mmain   [2m | [22m[96m407.04 kB[39m[37m[2m | [22m[0m[39m
[37m[0m[92mruntime.js[39m[37m         [2m | [22mruntime[2m | [22m  [96m6.50 kB[39m[37m[2m | [22m[0m[39m
[37m[0m[0m[39m
[37m[0m3 unchanged chunks[0m[39m
[37m[0m[0m[39m
[37m[0mBuild at: [1m[37m2025-11-25T16:23:05.767Z[39m[37m[22m - Hash: [1m[37m74de0ad322e6db12[39m[37m[22m - Time: [1m[37m148[39m[37m[22mms[0m[39m
[1m[31m[39m[22m
[1m[31m[0m[91mError: [39m[31m[0m[96msrc/libs/core/utils/transactions.utils.ts[0m:[93m165[0m:[93m14[0m - [91merror[0m[90m TS2304: [0mCannot find name 'ExpenseFiltersForm'.[39m[22m
[1m[31m[39m[22m
[1m[31m[7m165[0m     filters: ExpenseFiltersForm[39m[22m
[1m[31m[7m   [0m [91m             ~~~~~~~~~~~~~~~~~~[0m[39m[22m
[1m[31m[39m[22m
[1m[31m[39m[22m
[1m[31m[39m[22m
[37m[39m
[37m[91mÃ—[39m[37m Failed to compile.[39m
[36mâ ‹[39m Generating browser application bundles...[2K[1G[36mâ ™[39m Generating browser application bundles (phase: building)...[2K[1G[36mâ ¹[39m Generating browser application bundles (phase: building)...[2K[1G[36mâ ¸[39m Generating browser application bundles (phase: building)...[2K[1G[36mâ ¼[39m Generating browser application bundles (phase: building)...[2K[1G[36mâ ´[39m Generating browser application bundles (phase: emitting)...[2K[1G[32mâœ”[39m Browser application bundle generation complete.
[37m[39m
[37m[0m[1mInitial Chunk Files[22m[2m | [22m[1mNames[22m  [2m | [22m [1mRaw Size[22m[0m[39m
[37m[0m[92mmain.js[39m[37m            [2m | [22mmain   [2m | [22m[96m407.04 kB[39m[37m[2m | [22m[0m[39m
[37m[0m[92mruntime.js[39m[37m         [2m | [22mruntime[2m | [22m  [96m6.50 kB[39m[37m[2m | [22m[0m[39m
[37m[0m[0m[39m
[37m[0m3 unchanged chunks[0m[39m
[37m[0m[0m[39m
[37m[0mBuild at: [1m[37m2025-11-25T16:23:24.550Z[39m[37m[22m - Hash: [1m[37m4bee6df448adeaaf[39m[37m[22m - Time: [1m[37m649[39m[37m[22mms[0m[39m
[37m[39m
[37m[92mâˆš[39m[37m Compiled successfully.[39m
[36mâ ‹[39m Generating browser application bundles...[2K[1G[36mâ ™[39m Generating browser application bundles (phase: building)...[2K[1G[36mâ ¹[39m Generating browser application bundles (phase: building)...[2K[1G[36mâ ¸[39m Generating browser application bundles (phase: emitting)...[2K[1G[32mâœ”[39m Browser application bundle generation complete.
[37m[39m
[37m[0m[1mInitial Chunk Files[22m[2m | [22m[1mNames[22m  [2m | [22m [1mRaw Size[22m[0m[39m
[37m[0m[92mmain.js[39m[37m            [2m | [22mmain   [2m | [22m[96m407.13 kB[39m[37m[2m | [22m[0m[39m
[37m[0m[92mruntime.js[39m[37m         [2m | [22mruntime[2m | [22m  [96m6.50 kB[39m[37m[2m | [22m[0m[39m
[37m[0m[0m[39m
[37m[0m3 unchanged chunks[0m[39m
[37m[0m[0m[39m
[37m[0mBuild at: [1m[37m2025-11-25T16:32:17.712Z[39m[37m[22m - Hash: [1m[37m968ca18fc7171747[39m[37m[22m - Time: [1m[37m308[39m[37m[22mms[0m[39m
[37m[39m
[37m[92mâˆš[39m[37m Compiled successfully.[39m
[36mâ ‹[39m Generating browser application bundles...[2K[1G[36mâ ™[39m Generating browser application bundles (phase: building)...[2K[1G[36mâ ¹[39m Generating browser application bundles (phase: sealing)...[2K[1G[32mâœ”[39m Browser application bundle generation complete.
[37m[39m
[37m[0m[1mInitial Chunk Files[22m[2m | [22m[1mNames[22m  [2m | [22m [1mRaw Size[22m[0m[39m
[37m[0m[92mmain.js[39m[37m            [2m | [22mmain   [2m | [22m[96m407.23 kB[39m[37m[2m | [22m[0m[39m
[37m[0m[92mruntime.js[39m[37m         [2m | [22mruntime[2m | [22m  [96m6.50 kB[39m[37m[2m | [22m[0m[39m
[37m[0m[0m[39m
[37m[0m3 unchanged chunks[0m[39m
[37m[0m[0m[39m
[37m[0mBuild at: [1m[37m2025-11-25T16:34:00.952Z[39m[37m[22m - Hash: [1m[37m1fb9bf59074f56a8[39m[37m[22m - Time: [1m[37m245[39m[37m[22mms[0m[39m
[37m[39m
[37m[92mâˆš[39m[37m Compiled successfully.[39m
[36mâ ‹[39m Generating browser application bundles...[2K[1G[36mâ ™[39m Generating browser application bundles (phase: building)...[2K[1G[36mâ ¹[39m Generating browser application bundles (phase: emitting)...[2K[1G[32mâœ”[39m Browser application bundle generation complete.
[37m[39m
[37m[0m[1mInitial Chunk Files[22m[2m | [22m[1mNames[22m  [2m | [22m [1mRaw Size[22m[0m[39m
[37m[0m[92mmain.js[39m[37m            [2m | [22mmain   [2m | [22m[96m407.23 kB[39m[37m[2m | [22m[0m[39m
[37m[0m[92mruntime.js[39m[37m         [2m | [22mruntime[2m | [22m  [96m6.50 kB[39m[37m[2m | [22m[0m[39m
[37m[0m[0m[39m
[37m[0m3 unchanged chunks[0m[39m
[37m[0m[0m[39m
[37m[0mBuild at: [1m[37m2025-11-25T16:34:01.710Z[39m[37m[22m - Hash: [1m[37mbf55e6cfe5b1ee62[39m[37m[22m - Time: [1m[37m175[39m[37m[22mms[0m[39m
[37m[39m
[37m[92mâˆš[39m[37m Compiled successfully.[39m
[36mâ ‹[39m Generating browser application bundles...[2K[1G[36mâ ™[39m Generating browser application bundles (phase: building)...[2K[1G[36mâ ¹[39m Generating browser application bundles (phase: building)...[2K[1G[32mâœ”[39m Browser application bundle generation complete.
[37m[39m
[37m[0m[1mInitial Chunk Files[22m[2m | [22m[1mNames[22m  [2m | [22m [1mRaw Size[22m[0m[39m
[37m[0m[92mmain.js[39m[37m            [2m | [22mmain   [2m | [22m[96m407.22 kB[39m[37m[2m | [22m[0m[39m
[37m[0m[92mruntime.js[39m[37m         [2m | [22mruntime[2m | [22m  [96m6.50 kB[39m[37m[2m | [22m[0m[39m
[37m[0m[0m[39m
[37m[0m3 unchanged chunks[0m[39m
[37m[0m[0m[39m
[37m[0mBuild at: [1m[37m2025-11-25T16:34:27.563Z[39m[37m[22m - Hash: [1m[37m36960c31759898ea[39m[37m[22m - Time: [1m[37m227[39m[37m[22mms[0m[39m
[37m[39m
[37m[92mâˆš[39m[37m Compiled successfully.[39m
[36mâ ‹[39m Generating browser application bundles...[2K[1G[36mâ ™[39m Generating browser application bundles (phase: building)...[2K[1G[36mâ ¹[39m Generating browser application bundles (phase: building)...[2K[1G[36mâ ¸[39m Generating browser application bundles (phase: building)...[2K[1G[36mâ ¼[39m Generating browser application bundles (phase: building)...[2K[1G[32mâœ”[39m Browser application bundle generation complete.
[37m[39m
[37m[0m[1mInitial Chunk Files[22m[2m | [22m[1mNames[22m  [2m | [22m [1mRaw Size[22m[0m[39m
[37m[0m[92mmain.js[39m[37m            [2m | [22mmain   [2m | [22m[96m407.70 kB[39m[37m[2m | [22m[0m[39m
[37m[0m[92mruntime.js[39m[37m         [2m | [22mruntime[2m | [22m  [96m6.50 kB[39m[37m[2m | [22m[0m[39m
[37m[0m[0m[39m
[37m[0m3 unchanged chunks[0m[39m
[37m[0m[0m[39m
[37m[0mBuild at: [1m[37m2025-11-25T16:37:01.604Z[39m[37m[22m - Hash: [1m[37ma5e24962d8f578f7[39m[37m[22m - Time: [1m[37m487[39m[37m[22mms[0m[39m
[37m[39m
[37m[92mâˆš[39m[37m Compiled successfully.[39m
[36mâ ‹[39m Generating browser application bundles...[2K[1G[36mâ ™[39m Generating browser application bundles (phase: building)...[2K[1G[36mâ ¹[39m Generating browser application bundles (phase: building)...[2K[1G[36mâ ¸[39m Generating browser application bundles (phase: sealing)...[2K[1G[32mâœ”[39m Browser application bundle generation complete.
[37m[39m
[37m[0m[1mInitial Chunk Files[22m[2m | [22m[1mNames[22m  [2m | [22m [1mRaw Size[22m[0m[39m
[37m[0m[92mmain.js[39m[37m            [2m | [22mmain   [2m | [22m[96m407.79 kB[39m[37m[2m | [22m[0m[39m
[37m[0m[92mruntime.js[39m[37m         [2m | [22mruntime[2m | [22m  [96m6.50 kB[39m[37m[2m | [22m[0m[39m
[37m[0m[0m[39m
[37m[0m3 unchanged chunks[0m[39m
[37m[0m[0m[39m
[37m[0mBuild at: [1m[37m2025-11-25T16:37:57.694Z[39m[37m[22m - Hash: [1m[37m261c7f9e2ca67d95[39m[37m[22m - Time: [1m[37m406[39m[37m[22mms[0m[39m
[37m[39m
[37m[92mâˆš[39m[37m Compiled successfully.[39m
[36mâ ‹[39m Generating browser application bundles...[2K[1G[36mâ ™[39m Generating browser application bundles (phase: building)...[2K[1G[36mâ ¹[39m Generating browser application bundles (phase: building)...[2K[1G[36mâ ¸[39m Generating browser application bundles (phase: sealing)...[2K[1G[32mâœ”[39m Browser application bundle generation complete.
[37m[39m
[37m[0m[1mInitial Chunk Files[22m[2m | [22m[1mNames[22m  [2m | [22m [1mRaw Size[22m[0m[39m
[37m[0m[92mmain.js[39m[37m            [2m | [22mmain   [2m | [22m[96m408.93 kB[39m[37m[2m | [22m[0m[39m
[37m[0m[92mruntime.js[39m[37m         [2m | [22mruntime[2m | [22m  [96m6.50 kB[39m[37m[2m | [22m[0m[39m
[37m[0m[0m[39m
[37m[0m3 unchanged chunks[0m[39m
[37m[0m[0m[39m
[37m[0mBuild at: [1m[37m2025-11-25T16:40:29.024Z[39m[37m[22m - Hash: [1m[37m1d5880dfec0fa0fc[39m[37m[22m - Time: [1m[37m712[39m[37m[22mms[0m[39m
[37m[39m
[37m[92mâˆš[39m[37m Compiled successfully.[39m
[36mâ ‹[39m Generating browser application bundles...[2K[1G[36mâ ™[39m Generating browser application bundles (phase: building)...[2K[1G[36mâ ¹[39m Generating browser application bundles (phase: building)...[2K[1G[32mâœ”[39m Browser application bundle generation complete.
[37m[39m
[37m[0m[1mInitial Chunk Files[22m[2m | [22m[1mNames[22m  [2m | [22m [1mRaw Size[22m[0m[39m
[37m[0m[92mmain.js[39m[37m            [2m | [22mmain   [2m | [22m[96m408.94 kB[39m[37m[2m | [22m[0m[39m
[37m[0m[92mruntime.js[39m[37m         [2m | [22mruntime[2m | [22m  [96m6.50 kB[39m[37m[2m | [22m[0m[39m
[37m[0m[0m[39m
[37m[0m3 unchanged chunks[0m[39m
[37m[0m[0m[39m
[37m[0mBuild at: [1m[37m2025-11-25T16:40:58.237Z[39m[37m[22m - Hash: [1m[37m9548abdba95fb67b[39m[37m[22m - Time: [1m[37m422[39m[37m[22mms[0m[39m
[1m[31m[39m[22m
[1m[31m[0m[91mError: [39m[31m[0m[96msrc/services/dashboard-summary.service.ts[0m:[93m50[0m:[93m48[0m - [91merror[0m[90m TS2339: [0mProperty 'calculateTotal' does not exist on type 'typeof TransactionUtils'.[39m[22m
[1m[31m[39m[22m
[1m[31m[7m50[0m         const totalExpenses = TransactionUtils.calculateTotal(expenseFiltered);[39m[22m
[1m[31m[7m  [0m [91m                                               ~~~~~~~~~~~~~~[0m[39m[22m
[1m[31m[39m[22m
[1m[31m[39m[22m
[1m[31m[0m[91mError: [39m[31m[0m[96msrc/services/dashboard-summary.service.ts[0m:[93m87[0m:[93m29[0m - [91merror[0m[90m TS2339: [0mProperty 'calculateTotal' does not exist on type 'typeof TransactionUtils'.[39m[22m
[1m[31m[39m[22m
[1m[31m[7m87[0m     return TransactionUtils.calculateTotal(incomes);[39m[22m
[1m[31m[7m  [0m [91m                            ~~~~~~~~~~~~~~[0m[39m[22m
[1m[31m[39m[22m
[1m[31m[39m[22m
[1m[31m[39m[22m
[37m[39m
[37m[91mÃ—[39m[37m Failed to compile.[39m
[36mâ ‹[39m Generating browser application bundles...[2K[1G[36mâ ™[39m Generating browser application bundles (phase: building)...[2K[1G[36mâ ¹[39m Generating browser application bundles (phase: building)...[2K[1G[36mâ ¸[39m Generating browser application bundles (phase: building)...[2K[1G[36mâ ¼[39m Generating browser application bundles (phase: building)...[2K[1G[32mâœ”[39m Browser application bundle generation complete.
[37m[39m
[37m[0m[1mInitial Chunk Files[22m[2m | [22m[1mNames[22m  [2m | [22m [1mRaw Size[22m[0m[39m
[37m[0m[92mmain.js[39m[37m            [2m | [22mmain   [2m | [22m[96m408.80 kB[39m[37m[2m | [22m[0m[39m
[37m[0m[92mruntime.js[39m[37m         [2m | [22mruntime[2m | [22m  [96m6.50 kB[39m[37m[2m | [22m[0m[39m
[37m[0m[0m[39m
[37m[0m3 unchanged chunks[0m[39m
[37m[0m[0m[39m
[37m[0mBuild at: [1m[37m2025-11-25T16:41:50.535Z[39m[37m[22m - Hash: [1m[37m83b1ad22500b5934[39m[37m[22m - Time: [1m[37m591[39m[37m[22mms[0m[39m
[1m[31m[39m[22m
[1m[31m[0m[91mError: [39m[31m[0m[96msrc/services/dashboard-summary.service.ts[0m:[93m50[0m:[93m48[0m - [91merror[0m[90m TS2339: [0mProperty 'calculateTotal' does not exist on type 'typeof TransactionUtils'.[39m[22m
[1m[31m[39m[22m
[1m[31m[7m50[0m         const totalExpenses = TransactionUtils.calculateTotal(expenseFiltered);[39m[22m
[1m[31m[7m  [0m [91m                                               ~~~~~~~~~~~~~~[0m[39m[22m
[1m[31m[39m[22m
[1m[31m[39m[22m
[1m[31m[0m[91mError: [39m[31m[0m[96msrc/services/dashboard-summary.service.ts[0m:[93m87[0m:[93m29[0m - [91merror[0m[90m TS2339: [0mProperty 'calculateTotal' does not exist on type 'typeof TransactionUtils'.[39m[22m
[1m[31m[39m[22m
[1m[31m[7m87[0m     return TransactionUtils.calculateTotal(incomes);[39m[22m
[1m[31m[7m  [0m [91m                            ~~~~~~~~~~~~~~[0m[39m[22m
[1m[31m[39m[22m
[1m[31m[39m[22m
[1m[31m[39m[22m
[37m[39m
[37m[91mÃ—[39m[37m Failed to compile.[39m
[36mâ ‹[39m Generating browser application bundles...[2K[1G[36mâ ™[39m Generating browser application bundles (phase: building)...[2K[1G[36mâ ¹[39m Generating browser application bundles (phase: building)...[2K[1G[36mâ ¸[39m Generating browser application bundles (phase: building)...[2K[1G[36mâ ¼[39m Generating browser application bundles (phase: sealing)...[2K[1G[32mâœ”[39m Browser application bundle generation complete.
[37m[39m
[37m[0m[1mInitial Chunk Files[22m[2m | [22m[1mNames[22m  [2m | [22m [1mRaw Size[22m[0m[39m
[37m[0m[92mmain.js[39m[37m            [2m | [22mmain   [2m | [22m[96m408.84 kB[39m[37m[2m | [22m[0m[39m
[37m[0m[92mruntime.js[39m[37m         [2m | [22mruntime[2m | [22m  [96m6.50 kB[39m[37m[2m | [22m[0m[39m
[37m[0m[0m[39m
[37m[0m3 unchanged chunks[0m[39m
[37m[0m[0m[39m
[37m[0mBuild at: [1m[37m2025-11-25T16:42:54.356Z[39m[37m[22m - Hash: [1m[37m79e67997c8c622e2[39m[37m[22m - Time: [1m[37m543[39m[37m[22mms[0m[39m
[1m[31m[39m[22m
[1m[31m[0m[91mError: [39m[31m[0m[96msrc/services/dashboard-summary.service.ts[0m:[93m50[0m:[93m48[0m - [91merror[0m[90m TS2339: [0mProperty 'calculateTotal' does not exist on type 'typeof TransactionUtils'.[39m[22m
[1m[31m[39m[22m
[1m[31m[7m50[0m         const totalExpenses = TransactionUtils.calculateTotal(expenseFiltered);[39m[22m
[1m[31m[7m  [0m [91m                                               ~~~~~~~~~~~~~~[0m[39m[22m
[1m[31m[39m[22m
[1m[31m[39m[22m
[1m[31m[0m[91mError: [39m[31m[0m[96msrc/services/dashboard-summary.service.ts[0m:[93m87[0m:[93m29[0m - [91merror[0m[90m TS2339: [0mProperty 'calculateTotal' does not exist on type 'typeof TransactionUtils'.[39m[22m
[1m[31m[39m[22m
[1m[31m[7m87[0m     return TransactionUtils.calculateTotal(incomes);[39m[22m
[1m[31m[7m  [0m [91m                            ~~~~~~~~~~~~~~[0m[39m[22m
[1m[31m[39m[22m
[1m[31m[39m[22m
[1m[31m[39m[22m
[37m[39m
[37m[91mÃ—[39m[37m Failed to compile.[39m
[36mâ ‹[39m Generating browser application bundles...[2K[1G[36mâ ™[39m Generating browser application bundles (phase: building)...[2K[1G[36mâ ¹[39m Generating browser application bundles (phase: building)...[2K[1G[32mâœ”[39m Browser application bundle generation complete.
[37m[39m
[37m[0m[1mInitial Chunk Files[22m[2m | [22m[1mNames[22m  [2m | [22m [1mRaw Size[22m[0m[39m
[37m[0m[92mmain.js[39m[37m            [2m | [22mmain   [2m | [22m[96m408.88 kB[39m[37m[2m | [22m[0m[39m
[37m[0m[92mruntime.js[39m[37m         [2m | [22mruntime[2m | [22m  [96m6.50 kB[39m[37m[2m | [22m[0m[39m
[37m[0m[0m[39m
[37m[0m3 unchanged chunks[0m[39m
[37m[0m[0m[39m
[37m[0mBuild at: [1m[37m2025-11-25T16:43:40.950Z[39m[37m[22m - Hash: [1m[37m9ba801d679734051[39m[37m[22m - Time: [1m[37m211[39m[37m[22mms[0m[39m
[1m[31m[39m[22m
[1m[31m[0m[91mError: [39m[31m[0m[96msrc/services/dashboard-summary.service.ts[0m:[93m50[0m:[93m48[0m - [91merror[0m[90m TS2339: [0mProperty 'calculateTotal' does not exist on type 'typeof TransactionUtils'.[39m[22m
[1m[31m[39m[22m
[1m[31m[7m50[0m         const totalExpenses = TransactionUtils.calculateTotal(expenseFiltered);[39m[22m
[1m[31m[7m  [0m [91m                                               ~~~~~~~~~~~~~~[0m[39m[22m
[1m[31m[39m[22m
[1m[31m[39m[22m
[1m[31m[0m[91mError: [39m[31m[0m[96msrc/services/dashboard-summary.service.ts[0m:[93m88[0m:[93m29[0m - [91merror[0m[90m TS2554: [0mExpected 3 arguments, but got 1.[39m[22m
[1m[31m[39m[22m
[1m[31m[7m88[0m     return TransactionUtils.calculateDateRangeTotal(incomes);[39m[22m
[1m[31m[7m  [0m [91m                            ~~~~~~~~~~~~~~~~~~~~~~~~~~~~~~~~[0m[39m[22m
[1m[31m[39m[22m
[1m[31m  [96msrc/libs/core/utils/transactions.utils.ts[0m:[93m157[0m:[93m5[0m[39m[22m
[1m[31m    [7m157[0m     startDate: Date,[39m[22m
[1m[31m    [7m   [0m [96m    ~~~~~~~~~~~~~~~[0m[39m[22m
[1m[31m    An argument for 'startDate' was not provided.[39m[22m
[1m[31m[39m[22m
[1m[31m[39m[22m
[1m[31m[39m[22m
[37m[39m
[37m[91mÃ—[39m[37m Failed to compile.[39m
[36mâ ‹[39m Generating browser application bundles...[2K[1G[36mâ ™[39m Generating browser application bundles (phase: building)...[2K[1G[36mâ ¹[39m Generating browser application bundles (phase: sealing)...[2K[1G[32mâœ”[39m Browser application bundle generation complete.
[37m[39m
[37m[0m[1mInitial Chunk Files[22m[2m | [22m[1mNames[22m  [2m | [22m [1mRaw Size[22m[0m[39m
[37m[0m[92mmain.js[39m[37m            [2m | [22mmain   [2m | [22m[96m409.30 kB[39m[37m[2m | [22m[0m[39m
[37m[0m[92mruntime.js[39m[37m         [2m | [22mruntime[2m | [22m  [96m6.50 kB[39m[37m[2m | [22m[0m[39m
[37m[0m[0m[39m
[37m[0m3 unchanged chunks[0m[39m
[37m[0m[0m[39m
[37m[0mBuild at: [1m[37m2025-11-25T16:47:47.883Z[39m[37m[22m - Hash: [1m[37mc6029e83b16fbdee[39m[37m[22m - Time: [1m[37m257[39m[37m[22mms[0m[39m
[1m[31m[39m[22m
[1m[31m[0m[91mError: [39m[31m[0m[96msrc/services/dashboard-summary.service.ts[0m:[93m50[0m:[93m48[0m - [91merror[0m[90m TS2339: [0mProperty 'calculateTotal' does not exist on type 'typeof TransactionUtils'.[39m[22m
[1m[31m[39m[22m
[1m[31m[7m50[0m         const totalExpenses = TransactionUtils.calculateTotal(expenseFiltered);[39m[22m
[1m[31m[7m  [0m [91m                                               ~~~~~~~~~~~~~~[0m[39m[22m
[1m[31m[39m[22m
[1m[31m[39m[22m
[1m[31m[39m[22m
[37m[39m
[37m[91mÃ—[39m[37m Failed to compile.[39m
[36mâ ‹[39m Generating browser application bundles...[2K[1G[36mâ ™[39m Generating browser application bundles (phase: building)...[2K[1G[36mâ ¹[39m Generating browser application bundles (phase: sealing)...[2K[1G[32mâœ”[39m Browser application bundle generation complete.
[37m[39m
[37m[0m[1mInitial Chunk Files[22m[2m | [22m[1mNames[22m  [2m | [22m [1mRaw Size[22m[0m[39m
[37m[0m[92mmain.js[39m[37m            [2m | [22mmain   [2m | [22m[96m409.20 kB[39m[37m[2m | [22m[0m[39m
[37m[0m[92mruntime.js[39m[37m         [2m | [22mruntime[2m | [22m  [96m6.50 kB[39m[37m[2m | [22m[0m[39m
[37m[0m[0m[39m
[37m[0m3 unchanged chunks[0m[39m
[37m[0m[0m[39m
[37m[0mBuild at: [1m[37m2025-11-25T16:49:25.050Z[39m[37m[22m - Hash: [1m[37m3cebbd1cffdce6e2[39m[37m[22m - Time: [1m[37m240[39m[37m[22mms[0m[39m
[1m[31m[39m[22m
[1m[31m[0m[91mError: [39m[31m[0m[96msrc/services/dashboard-summary.service.ts[0m:[93m49[0m:[93m34[0m - [91merror[0m[90m TS2339: [0mProperty 'getTotalIncome' does not exist on type 'DashboardSummaryService'.[39m[22m
[1m[31m[39m[22m
[1m[31m[7m49[0m         const totalIncome = this.getTotalIncome(incomeFiltered, year);[39m[22m
[1m[31m[7m  [0m [91m                                 ~~~~~~~~~~~~~~[0m[39m[22m
[1m[31m[39m[22m
[1m[31m[39m[22m
[1m[31m[0m[91mError: [39m[31m[0m[96msrc/services/dashboard-summary.service.ts[0m:[93m50[0m:[93m36[0m - [91merror[0m[90m TS2339: [0mProperty 'getTotalIncome' does not exist on type 'DashboardSummaryService'.[39m[22m
[1m[31m[39m[22m
[1m[31m[7m50[0m         const totalExpenses = this.getTotalIncome()[39m[22m
[1m[31m[7m  [0m [91m                                   ~~~~~~~~~~~~~~[0m[39m[22m
[1m[31m[39m[22m
[1m[31m[39m[22m
[1m[31m[39m[22m
[37m[39m
[37m[91mÃ—[39m[37m Failed to compile.[39m
[36mâ ‹[39m Generating browser application bundles...[2K[1G[36mâ ™[39m Generating browser application bundles (phase: building)...[2K[1G[36mâ ¹[39m Generating browser application bundles (phase: emitting)...[2K[1G[32mâœ”[39m Browser application bundle generation complete.
[37m[39m
[37m[0m[1mInitial Chunk Files[22m[2m | [22m[1mNames[22m  [2m | [22m [1mRaw Size[22m[0m[39m
[37m[0m[92mmain.js[39m[37m            [2m | [22mmain   [2m | [22m[96m409.21 kB[39m[37m[2m | [22m[0m[39m
[37m[0m[92mruntime.js[39m[37m         [2m | [22mruntime[2m | [22m  [96m6.50 kB[39m[37m[2m | [22m[0m[39m
[37m[0m[0m[39m
[37m[0m3 unchanged chunks[0m[39m
[37m[0m[0m[39m
[37m[0mBuild at: [1m[37m2025-11-25T16:49:38.165Z[39m[37m[22m - Hash: [1m[37m2f0929713cb010ba[39m[37m[22m - Time: [1m[37m227[39m[37m[22mms[0m[39m
[37m[39m
[37m[92mâˆš[39m[37m Compiled successfully.[39m
[36mâ ‹[39m Generating browser application bundles...[2K[1G[36mâ ™[39m Generating browser application bundles (phase: building)...[2K[1G[36mâ ¹[39m Generating browser application bundles (phase: emitting)...[2K[1G[32mâœ”[39m Browser application bundle generation complete.
[37m[39m
[37m[0m[1mInitial Chunk Files[22m[2m | [22m[1mNames[22m  [2m | [22m [1mRaw Size[22m[0m[39m
[37m[0m[92mmain.js[39m[37m            [2m | [22mmain   [2m | [22m[96m409.21 kB[39m[37m[2m | [22m[0m[39m
[37m[0m[92mruntime.js[39m[37m         [2m | [22mruntime[2m | [22m  [96m6.50 kB[39m[37m[2m | [22m[0m[39m
[37m[0m[0m[39m
[37m[0m3 unchanged chunks[0m[39m
[37m[0m[0m[39m
[37m[0mBuild at: [1m[37m2025-11-25T16:50:00.990Z[39m[37m[22m - Hash: [1m[37m663125cbc7a76b7d[39m[37m[22m - Time: [1m[37m223[39m[37m[22mms[0m[39m
[37m[39m
[37m[92mâˆš[39m[37m Compiled successfully.[39m
[36mâ ‹[39m Generating browser application bundles...[2K[1G[36mâ ™[39m Generating browser application bundles (phase: building)...[2K[1G[36mâ ¹[39m Generating browser application bundles (phase: building)...[2K[1G[36mâ ¸[39m Generating browser application bundles (phase: building)...[2K[1G[32mâœ”[39m Browser application bundle generation complete.
[37m[39m
[37m[0m[1mInitial Chunk Files[22m[2m | [22m[1mNames[22m  [2m | [22m [1mRaw Size[22m[0m[39m
[37m[0m[92mmain.js[39m[37m            [2m | [22mmain   [2m | [22m[96m410.32 kB[39m[37m[2m | [22m[0m[39m
[37m[0m[92mruntime.js[39m[37m         [2m | [22mruntime[2m | [22m  [96m6.50 kB[39m[37m[2m | [22m[0m[39m
[37m[0m[0m[39m
[37m[0m3 unchanged chunks[0m[39m
[37m[0m[0m[39m
[37m[0mBuild at: [1m[37m2025-11-25T16:50:47.294Z[39m[37m[22m - Hash: [1m[37m260fa27c0da16781[39m[37m[22m - Time: [1m[37m428[39m[37m[22mms[0m[39m
[1m[31m[39m[22m
[1m[31m[0m[91mError: [39m[31m[0m[96msrc/libs/core/utils/transactions.utils.ts[0m:[93m155[0m:[93m10[0m - [91merror[0m[90m TS2393: [0mDuplicate function implementation.[39m[22m
[1m[31m[39m[22m
[1m[31m[7m155[0m   static calculateDateRangeTotal([39m[22m
[1m[31m[7m   [0m [91m         ~~~~~~~~~~~~~~~~~~~~~~~[0m[39m[22m
[1m[31m[39m[22m
[1m[31m[39m[22m
[1m[31m[0m[91mError: [39m[31m[0m[96msrc/libs/core/utils/transactions.utils.ts[0m:[93m196[0m:[93m10[0m - [91merror[0m[90m TS2393: [0mDuplicate function implementation.[39m[22m
[1m[31m[39m[22m
[1m[31m[7m196[0m   static calculateDateRangeTotal([39m[22m
[1m[31m[7m   [0m [91m         ~~~~~~~~~~~~~~~~~~~~~~~[0m[39m[22m
[1m[31m[39m[22m
[1m[31m[39m[22m
[1m[31m[39m[22m
[37m[39m
[37m[91mÃ—[39m[37m Failed to compile.[39m
[36mâ ‹[39m Generating browser application bundles...[2K[1G[36mâ ™[39m Generating browser application bundles (phase: building)...[2K[1G[36mâ ¹[39m Generating browser application bundles (phase: building)...[2K[1G[36mâ ¸[39m Generating browser application bundles (phase: emitting)...[2K[1G[32mâœ”[39m Browser application bundle generation complete.
[37m[39m
[37m[0m[1mInitial Chunk Files[22m[2m | [22m[1mNames[22m  [2m | [22m [1mRaw Size[22m[0m[39m
[37m[0m[92mmain.js[39m[37m            [2m | [22mmain   [2m | [22m[96m410.33 kB[39m[37m[2m | [22m[0m[39m
[37m[0m[92mruntime.js[39m[37m         [2m | [22mruntime[2m | [22m  [96m6.50 kB[39m[37m[2m | [22m[0m[39m
[37m[0m[0m[39m
[37m[0m3 unchanged chunks[0m[39m
[37m[0m[0m[39m
[37m[0mBuild at: [1m[37m2025-11-25T16:50:58.790Z[39m[37m[22m - Hash: [1m[37mbed0dacc42ede07e[39m[37m[22m - Time: [1m[37m502[39m[37m[22mms[0m[39m
[37m[39m
[37m[92mâˆš[39m[37m Compiled successfully.[39m
[36mâ ‹[39m Generating browser application bundles...[2K[1G[36mâ ™[39m Generating browser application bundles (phase: building)...[2K[1G[36mâ ¹[39m Generating browser application bundles (phase: building)...[2K[1G[36mâ ¸[39m Generating browser application bundles (phase: emitting)...[2K[1G[32mâœ”[39m Browser application bundle generation complete.
[37m[39m
[37m[0m[1mInitial Chunk Files[22m[2m | [22m[1mNames[22m  [2m | [22m [1mRaw Size[22m[0m[39m
[37m[0m[92mmain.js[39m[37m            [2m | [22mmain   [2m | [22m[96m410.33 kB[39m[37m[2m | [22m[0m[39m
[37m[0m[92mruntime.js[39m[37m         [2m | [22mruntime[2m | [22m  [96m6.50 kB[39m[37m[2m | [22m[0m[39m
[37m[0m[0m[39m
[37m[0m3 unchanged chunks[0m[39m
[37m[0m[0m[39m
[37m[0mBuild at: [1m[37m2025-11-25T16:51:11.518Z[39m[37m[22m - Hash: [1m[37m03b5692e6da9a3ae[39m[37m[22m - Time: [1m[37m399[39m[37m[22mms[0m[39m
[37m[39m
[37m[92mâˆš[39m[37m Compiled successfully.[39m
[36mâ ‹[39m Generating browser application bundles...[2K[1G[36mâ ™[39m Generating browser application bundles (phase: building)...[2K[1G[36mâ ¹[39m Generating browser application bundles (phase: building)...[2K[1G[36mâ ¸[39m Generating browser application bundles (phase: building)...[2K[1G[36mâ ¼[39m Generating browser application bundles (phase: emitting)...[2K[1G[32mâœ”[39m Browser application bundle generation complete.
[37m[39m
[37m[0m[1mInitial Chunk Files[22m[2m | [22m[1mNames[22m  [2m | [22m [1mRaw Size[22m[0m[39m
[37m[0m[92mmain.js[39m[37m            [2m | [22mmain   [2m | [22m[96m410.33 kB[39m[37m[2m | [22m[0m[39m
[37m[0m[92mruntime.js[39m[37m         [2m | [22mruntime[2m | [22m  [96m6.50 kB[39m[37m[2m | [22m[0m[39m
[37m[0m[0m[39m
[37m[0m3 unchanged chunks[0m[39m
[37m[0m[0m[39m
[37m[0mBuild at: [1m[37m2025-11-25T16:53:55.269Z[39m[37m[22m - Hash: [1m[37mcfd36073ca91c1e6[39m[37m[22m - Time: [1m[37m459[39m[37m[22mms[0m[39m
[37m[39m
[37m[92mâˆš[39m[37m Compiled successfully.[39m
[36mâ ‹[39m Generating browser application bundles...[2K[1G[36mâ ™[39m Generating browser application bundles (phase: building)...[2K[1G[36mâ ¹[39m Generating browser application bundles (phase: building)...[2K[1G[36mâ ¸[39m Generating browser application bundles (phase: sealing)...[2K[1G[36mâ ¼[39m Generating browser application bundles (phase: sealing)...[2K[1G[36mâ ´[39m Generating browser application bundles (phase: sealing)...[2K[1G[32mâœ”[39m Browser application bundle generation complete.
[37m[39m
[37m[0m[1mInitial Chunk Files[22m[2m | [22m[1mNames[22m  [2m | [22m [1mRaw Size[22m[0m[39m
[37m[0m[92mmain.js[39m[37m            [2m | [22mmain   [2m | [22m[96m355.54 kB[39m[37m[2m | [22m[0m[39m
[37m[0m[92mruntime.js[39m[37m         [2m | [22mruntime[2m | [22m  [96m6.50 kB[39m[37m[2m | [22m[0m[39m
[37m[0m[0m[39m
[37m[0m3 unchanged chunks[0m[39m
[37m[0m[0m[39m
[37m[0mBuild at: [1m[37m2025-11-25T16:55:17.833Z[39m[37m[22m - Hash: [1m[37m347b0d8216b68240[39m[37m[22m - Time: [1m[37m688[39m[37m[22mms[0m[39m
[1m[31m[39m[22m
[1m[31m[0m[36m./src/app/expenses/expenses-modal/expense-modal.component.ts[39m[31m[0m - [0m[91mError: [39m[31m[0mModule build failed (from ./node_modules/@ngtools/webpack/src/ivy/index.js):[39m[22m
[1m[31mError: ENOENT: no such file or directory, open 'C:\Users\pedrocorreia\Workspaces\Agular\fin-man-web\src\app\expenses\expenses-modal\expense-modal.component.ts'[39m[22m
[1m[31m[39m[22m
[1m[31m[0m[91mError: [39m[31m[0m[96msrc/app/expenses/expenses-modal/expense-modal.component.ts[0m:[93m22[0m:[93m16[0m - [91merror[0m[90m NG2008: [0mCould not find template file './expense-modal.component.html'.[39m[22m
[1m[31m[39m[22m
[1m[31m[7m22[0m   templateUrl: './expense-modal.component.html',[39m[22m
[1m[31m[7m  [0m [91m               ~~~~~~~~~~~~~~~~~~~~~~~~~~~~~~~~[0m[39m[22m
[1m[31m[39m[22m
[1m[31m[39m[22m
[1m[31m[39m[22m
[37m[39m
[37m[91mÃ—[39m[37m Failed to compile.[39m
[36mâ ‹[39m Generating browser application bundles...[2K[1G[36mâ ™[39m Generating browser application bundles (phase: building)...[2K[1G[36mâ ¹[39m Generating browser application bundles (phase: building)...[2K[1G[36mâ ¸[39m Generating browser application bundles (phase: building)...[2K[1G[36mâ ¼[39m Generating browser application bundles (phase: sealing)...[2K[1G[32mâœ”[39m Browser application bundle generation complete.
[37m[39m
[37m[0m[1mInitial Chunk Files[22m[2m | [22m[1mNames[22m  [2m | [22m [1mRaw Size[22m[0m[39m
[37m[0m[92mmain.js[39m[37m            [2m | [22mmain   [2m | [22m[96m313.75 kB[39m[37m[2m | [22m[0m[39m
[37m[0m[92mruntime.js[39m[37m         [2m | [22mruntime[2m | [22m  [96m6.50 kB[39m[37m[2m | [22m[0m[39m
[37m[0m[0m[39m
[37m[0m3 unchanged chunks[0m[39m
[37m[0m[0m[39m
[37m[0mBuild at: [1m[37m2025-11-25T16:55:32.516Z[39m[37m[22m - Hash: [1m[37med6c3f9201a08188[39m[37m[22m - Time: [1m[37m457[39m[37m[22mms[0m[39m
[1m[31m[39m[22m
[1m[31m[0m[36m./src/app/app.module.ts[39m[31m[0m:[0m[93m23:0-90[39m[31m[0m - [0m[91mError: [39m[31m[0mModule not found: Error: Can't resolve './expenses/expenses-modal/expense-modal.component' in 'C:\Users\pedrocorreia\Workspaces\Agular\fin-man-web\src\app'[39m[22m
[1m[31m[39m[22m
[1m[31m[0m[91mError: [39m[31m[0m[96msrc/app/expenses/expenses-list/expenses-list.component.ts[0m:[93m25[0m:[93m16[0m - [91merror[0m[90m NG2008: [0mCould not find template file './expenses-list.component.html'.[39m[22m
[1m[31m[39m[22m
[1m[31m[7m25[0m   templateUrl: './expenses-list.component.html',[39m[22m
[1m[31m[7m  [0m [91m               ~~~~~~~~~~~~~~~~~~~~~~~~~~~~~~~~[0m[39m[22m
[1m[31m[39m[22m
[1m[31m[39m[22m
[1m[31m[0m[91mError: [39m[31m[0m[96msrc/app/expenses/expenses-modal/expense-modal.component.ts[0m:[93m22[0m:[93m16[0m - [91merror[0m[90m NG2008: [0mCould not find template file './expense-modal.component.html'.[39m[22m
[1m[31m[39m[22m
[1m[31m[7m22[0m   templateUrl: './expense-modal.component.html',[39m[22m
[1m[31m[7m  [0m [91m               ~~~~~~~~~~~~~~~~~~~~~~~~~~~~~~~~[0m[39m[22m
[1m[31m[39m[22m
[1m[31m[39m[22m
[1m[31m[39m[22m
[37m[39m
[37m[91mÃ—[39m[37m Failed to compile.[39m
[36mâ ‹[39m Generating browser application bundles...[2K[1G[36mâ ™[39m Generating browser application bundles (phase: building)...[2K[1G[32mâœ”[39m Browser application bundle generation complete.
[37m[39m
[37m[0m[1mInitial Chunk Files[22m[2m | [22m[1mNames[22m  [2m | [22m [1mRaw Size[22m[0m[39m
[37m[0m[92mmain.js[39m[37m            [2m | [22mmain   [2m | [22m[96m305.81 kB[39m[37m[2m | [22m[0m[39m
[37m[0m[92mruntime.js[39m[37m         [2m | [22mruntime[2m | [22m  [96m6.50 kB[39m[37m[2m | [22m[0m[39m
[37m[0m[0m[39m
[37m[0m3 unchanged chunks[0m[39m
[37m[0m[0m[39m
[37m[0mBuild at: [1m[37m2025-11-25T16:55:39.118Z[39m[37m[22m - Hash: [1m[37m72e358b9227f5976[39m[37m[22m - Time: [1m[37m184[39m[37m[22mms[0m[39m
[1m[31m[39m[22m
[1m[31m[0m[36m./src/app/app.module.ts[39m[31m[0m:[0m[93m10:0-89[39m[31m[0m - [0m[91mError: [39m[31m[0mModule not found: Error: Can't resolve './expenses/expenses-list/expenses-list.component' in 'C:\Users\pedrocorreia\Workspaces\Agular\fin-man-web\src\app'[39m[22m
[1m[31m[39m[22m
[1m[31m[0m[36m./src/app/app.module.ts[39m[31m[0m:[0m[93m23:0-90[39m[31m[0m - [0m[91mError: [39m[31m[0mModule not found: Error: Can't resolve './expenses/expenses-modal/expense-modal.component' in 'C:\Users\pedrocorreia\Workspaces\Agular\fin-man-web\src\app'[39m[22m
[1m[31m[39m[22m
[1m[31m[0m[91mError: [39m[31m[0m[96msrc/app/expenses/expenses-list/expenses-list.component.ts[0m:[93m25[0m:[93m16[0m - [91merror[0m[90m NG2008: [0mCould not find template file './expenses-list.component.html'.[39m[22m
[1m[31m[39m[22m
[1m[31m[7m25[0m   templateUrl: './expenses-list.component.html',[39m[22m
[1m[31m[7m  [0m [91m               ~~~~~~~~~~~~~~~~~~~~~~~~~~~~~~~~[0m[39m[22m
[1m[31m[39m[22m
[1m[31m[39m[22m
[1m[31m[0m[91mError: [39m[31m[0m[96msrc/app/expenses/expenses-modal/expense-modal.component.ts[0m:[93m22[0m:[93m16[0m - [91merror[0m[90m NG2008: [0mCould not find template file './expense-modal.component.html'.[39m[22m
[1m[31m[39m[22m
[1m[31m[7m22[0m   templateUrl: './expense-modal.component.html',[39m[22m
[1m[31m[7m  [0m [91m               ~~~~~~~~~~~~~~~~~~~~~~~~~~~~~~~~[0m[39m[22m
[1m[31m[39m[22m
[1m[31m[39m[22m
[1m[31m[39m[22m
[37m[39m
[37m[91mÃ—[39m[37m Failed to compile.[39m
[36mâ ‹[39m Generating browser application bundles...[2K[1G[36mâ ™[39m Generating browser application bundles (phase: building)...[2K[1G[36mâ ¹[39m Generating browser application bundles (phase: building)...[2K[1G[36mâ ¸[39m Generating browser application bundles (phase: building)...[2K[1G[36mâ ¼[39m Generating browser application bundles (phase: sealing)...[2K[1G[32mâœ”[39m Browser application bundle generation complete.
[37m[39m
[37m[0m[1mInitial Chunk Files[22m[2m | [22m[1mNames[22m  [2m | [22m [1mRaw Size[22m[0m[39m
[37m[0m[92mmain.js[39m[37m            [2m | [22mmain   [2m | [22m[96m284.63 kB[39m[37m[2m | [22m[0m[39m
[37m[0m[92mruntime.js[39m[37m         [2m | [22mruntime[2m | [22m  [96m6.50 kB[39m[37m[2m | [22m[0m[39m
[37m[0m[0m[39m
[37m[0m3 unchanged chunks[0m[39m
[37m[0m[0m[39m
[37m[0mBuild at: [1m[37m2025-11-25T16:55:47.846Z[39m[37m[22m - Hash: [1m[37m6db056478e5d2d4d[39m[37m[22m - Time: [1m[37m453[39m[37m[22mms[0m[39m
[1m[31m[39m[22m
[1m[31m[0m[36m./src/app/app.module.ts[39m[31m[0m:[0m[93m10:0-89[39m[31m[0m - [0m[91mError: [39m[31m[0mModule not found: Error: Can't resolve './expenses/expenses-list/expenses-list.component' in 'C:\Users\pedrocorreia\Workspaces\Agular\fin-man-web\src\app'[39m[22m
[1m[31m[39m[22m
[1m[31m[0m[36m./src/app/app.module.ts[39m[31m[0m:[0m[93m23:0-90[39m[31m[0m - [0m[91mError: [39m[31m[0mModule not found: Error: Can't resolve './expenses/expenses-modal/expense-modal.component' in 'C:\Users\pedrocorreia\Workspaces\Agular\fin-man-web\src\app'[39m[22m
[1m[31m[39m[22m
[1m[31m[0m[91mError: [39m[31m[0m[96msrc/app/expenses/expenses-list/expenses-list.component.ts[0m:[93m25[0m:[93m16[0m - [91merror[0m[90m NG2008: [0mCould not find template file './expenses-list.component.html'.[39m[22m
[1m[31m[39m[22m
[1m[31m[7m25[0m   templateUrl: './expenses-list.component.html',[39m[22m
[1m[31m[7m  [0m [91m               ~~~~~~~~~~~~~~~~~~~~~~~~~~~~~~~~[0m[39m[22m
[1m[31m[39m[22m
[1m[31m[39m[22m
[1m[31m[0m[91mError: [39m[31m[0m[96msrc/app/expenses/expenses-modal/expense-modal.component.ts[0m:[93m22[0m:[93m16[0m - [91merror[0m[90m NG2008: [0mCould not find template file './expense-modal.component.html'.[39m[22m
[1m[31m[39m[22m
[1m[31m[7m22[0m   templateUrl: './expense-modal.component.html',[39m[22m
[1m[31m[7m  [0m [91m               ~~~~~~~~~~~~~~~~~~~~~~~~~~~~~~~~[0m[39m[22m
[1m[31m[39m[22m
[1m[31m[39m[22m
[1m[31m[0m[91mError: [39m[31m[0m[96msrc/app/expenses/expenses.component.ts[0m:[93m20[0m:[93m16[0m - [91merror[0m[90m NG2008: [0mCould not find template file './expenses.component.html'.[39m[22m
[1m[31m[39m[22m
[1m[31m[7m20[0m   templateUrl: './expenses.component.html',[39m[22m
[1m[31m[7m  [0m [91m               ~~~~~~~~~~~~~~~~~~~~~~~~~~~[0m[39m[22m
[1m[31m[39m[22m
[1m[31m[39m[22m
[1m[31m[39m[22m
[37m[39m
[37m[91mÃ—[39m[37m Failed to compile.[39m
[36mâ ‹[39m Generating browser application bundles...[2K[1G[36mâ ™[39m Generating browser application bundles (phase: building)...[2K[1G[36mâ ¹[39m Generating browser application bundles (phase: building)...[2K[1G[36mâ ¸[39m Generating browser application bundles (phase: building)...[2K[1G[36mâ ¼[39m Generating browser application bundles (phase: building)...[2K[1G[32mâœ”[39m Browser application bundle generation complete.
[37m[39m
[37m[0m[1mInitial Chunk Files[22m[2m | [22m[1mNames[22m  [2m | [22m [1mRaw Size[22m[0m[39m
[37m[0m[92mmain.js[39m[37m            [2m | [22mmain   [2m | [22m[96m410.51 kB[39m[37m[2m | [22m[0m[39m
[37m[0m[92mruntime.js[39m[37m         [2m | [22mruntime[2m | [22m  [96m6.50 kB[39m[37m[2m | [22m[0m[39m
[37m[0m[0m[39m
[37m[0m3 unchanged chunks[0m[39m
[37m[0m[0m[39m
[37m[0mBuild at: [1m[37m2025-11-25T16:55:48.482Z[39m[37m[22m - Hash: [1m[37m7123efb0bf9e53cf[39m[37m[22m - Time: [1m[37m605[39m[37m[22mms[0m[39m
[1m[31m[39m[22m
[1m[31m[0m[91mError: [39m[31m[0m[96msrc/app/transactions/transactions-list/expenses-list.component.html[0m:[93m168[0m:[93m3[0m - [91merror[0m[90m NG8002: [0mCan't bind to 'expense' since it isn't a known property of 'app-expense-modal'.[39m[22m
[1m[31m1. If 'app-expense-modal' is an Angular component and it has 'expense' input, then verify that it is part of this module.[39m[22m
[1m[31m2. If 'app-expense-modal' is a Web Component then add 'CUSTOM_ELEMENTS_SCHEMA' to the '@NgModule.schemas' of this component to suppress this message.[39m[22m
[1m[31m3. To allow any property add 'NO_ERRORS_SCHEMA' to the '@NgModule.schemas' of this component.[39m[22m
[1m[31m[39m[22m
[1m[31m[7m168[0m   [expense]="editingExpense"[39m[22m
[1m[31m[7m   [0m [91m  ~~~~~~~~~~~~~~~~~~~~~~~~~~[0m[39m[22m
[1m[31m[39m[22m
[1m[31m  [96msrc/app/transactions/transactions-list/expenses-list.component.ts[0m:[93m25[0m:[93m16[0m[39m[22m
[1m[31m    [7m25[0m   templateUrl: './expenses-list.component.html',[39m[22m
[1m[31m    [7m  [0m [96m               ~~~~~~~~~~~~~~~~~~~~~~~~~~~~~~~~[0m[39m[22m
[1m[31m    Error occurs in the template of component ExpensesListComponent.[39m[22m
[1m[31m[39m[22m
[1m[31m[39m[22m
[1m[31m[39m[22m
[37m[39m
[37m[91mÃ—[39m[37m Failed to compile.[39m
[36mâ ‹[39m Generating browser application bundles...[2K[1G[36mâ ™[39m Generating browser application bundles (phase: building)...[2K[1G[36mâ ¹[39m Generating browser application bundles (phase: sealing)...[2K[1G[36mâ ¸[39m Generating browser application bundles (phase: sealing)...[2K[1G[36mâ ¼[39m Generating browser application bundles (phase: sealing)...[2K[1G[32mâœ”[39m Browser application bundle generation complete.
[37m[39m
[37m[0m[1mInitial Chunk Files[22m[2m | [22m[1mNames[22m  [2m | [22m [1mRaw Size[22m[0m[39m
[37m[0m[92mvendor.js[39m[37m          [2m | [22mvendor [2m | [22m  [96m3.05 MB[39m[37m[2m | [22m[0m[39m
[37m[0m[92mmain.js[39m[37m            [2m | [22mmain   [2m | [22m[96m371.13 kB[39m[37m[2m | [22m[0m[39m
[37m[0m[92mruntime.js[39m[37m         [2m | [22mruntime[2m | [22m  [96m6.50 kB[39m[37m[2m | [22m[0m[39m
[37m[0m[0m[39m
[37m[0m2 unchanged chunks[0m[39m
[37m[0m[0m[39m
[37m[0mBuild at: [1m[37m2025-11-25T16:56:00.397Z[39m[37m[22m - Hash: [1m[37mcf741f250b9d6210[39m[37m[22m - Time: [1m[37m1252[39m[37m[22mms[0m[39m
[1m[31m[39m[22m
[1m[31m[0m[36m./src/app/app.module.ts[39m[31m[0m:[0m[93m15:0-70[39m[31m[0m - [0m[91mError: [39m[31m[0mModule not found: Error: Can't resolve './transactions/expenses.component' in 'C:\Users\pedrocorreia\Workspaces\Agular\fin-man-web\src\app'[39m[22m
[1m[31m[39m[22m
[1m[31m[0m[36m./src/app/app.routes.ts[39m[31m[0m:[0m[93m2:0-70[39m[31m[0m - [0m[91mError: [39m[31m[0mModule not found: Error: Can't resolve './transactions/expenses.component' in 'C:\Users\pedrocorreia\Workspaces\Agular\fin-man-web\src\app'[39m[22m
[1m[31m[39m[22m
[1m[31m[0m[91mError: [39m[31m[0m[96msrc/app/accounts/account-list-view/account-list-view.component.html[0m:[93m16[0m:[93m1[0m - [91merror[0m[90m NG8001: [0m'app-account-modal' is not a known element:[39m[22m
[1m[31m1. If 'app-account-modal' is an Angular component, then verify that it is part of this module.[39m[22m
[1m[31m2. If 'app-account-modal' is a Web Component then add 'CUSTOM_ELEMENTS_SCHEMA' to the '@NgModule.schemas' of this component to suppress this message.[39m[22m
[1m[31m[39m[22m
[1m[31m[7m 16[0m <app-account-modal[39m[22m
[1m[31m[7m   [0m [91m~~~~~~~~~~~~~~~~~~[0m[39m[22m
[1m[31m[7m 17[0m   [isOpen]="isAccountModalOpen"[39m[22m
[1m[31m[7m   [0m [91m~~~~~~~~~~~~~~~~~~~~~~~~~~~~~~~[0m[39m[22m
[1m[31m[7m...[0m [39m[22m
[1m[31m[7m 21[0m   (closeModal)="closeAccountModal()"[39m[22m
[1m[31m[7m   [0m [91m~~~~~~~~~~~~~~~~~~~~~~~~~~~~~~~~~~~~[0m[39m[22m
[1m[31m[7m 22[0m ></app-account-modal>[39m[22m
[1m[31m[7m   [0m [91m~[0m[39m[22m
[1m[31m[39m[22m
[1m[31m  [96msrc/app/accounts/account-list-view/account-list-view.component.ts[0m:[93m10[0m:[93m16[0m[39m[22m
[1m[31m    [7m10[0m   templateUrl: './account-list-view.component.html',[39m[22m
[1m[31m    [7m  [0m [96m               ~~~~~~~~~~~~~~~~~~~~~~~~~~~~~~~~~~~~[0m[39m[22m
[1m[31m    Error occurs in the template of component AccountListViewComponent.[39m[22m
[1m[31m[39m[22m
[1m[31m[39m[22m
[1m[31m[0m[91mError: [39m[31m[0m[96msrc/app/accounts/account-list-view/account-list-view.component.html[0m:[93m17[0m:[93m3[0m - [91merror[0m[90m NG8002: [0mCan't bind to 'isOpen' since it isn't a known property of 'app-account-modal'.[39m[22m
[1m[31m1. If 'app-account-modal' is an Angular component and it has 'isOpen' input, then verify that it is part of this module.[39m[22m
[1m[31m2. If 'app-account-modal' is a Web Comp[39m[22m[1m[31monent then add 'CUSTOM_ELEMENTS_SCHEMA' to the '@NgModule.schemas' of this component to suppress this message.[39m[22m
[1m[31m3. To allow any property add 'NO_ERRORS_SCHEMA' to the '@NgModule.schemas' of this component.[39m[22m
[1m[31m[39m[22m
[1m[31m[7m17[0m   [isOpen]="isAccountModalOpen"[39m[22m
[1m[31m[7m  [0m [91m  ~~~~~~~~~~~~~~~~~~~~~~~~~~~~~[0m[39m[22m
[1m[31m[39m[22m
[1m[31m  [96msrc/app/accounts/account-list-view/account-list-view.component.ts[0m:[93m10[0m:[93m16[0m[39m[22m
[1m[31m    [7m10[0m   templateUrl: './account-list-view.component.html',[39m[22m
[1m[31m    [7m  [0m [96m               ~~~~~~~~~~~~~~~~~~~~~~~~~~~~~~~~~~~~[0m[39m[22m
[1m[31m    Error occurs in the template of component AccountListViewComponent.[39m[22m
[1m[31m[39m[22m
[1m[31m[39m[22m
[1m[31m[0m[91mError: [39m[31m[0m[96msrc/app/accounts/account-list-view/account-list-view.component.html[0m:[93m18[0m:[93m3[0m - [91merror[0m[90m NG8002: [0mCan't bind to 'mode' since it isn't a known property of 'app-account-modal'.[39m[22m
[1m[31m1. If 'app-account-modal' is an Angular component and it has 'mode' input, then verify that it is part of this module.[39m[22m
[1m[31m2. If 'app-account-modal' is a Web Component then add 'CUSTOM_ELEMENTS_SCHEMA' to the '@NgModule.schemas' of this component to suppress this message.[39m[22m
[1m[31m3. To allow any property add 'NO_ERRORS_SCHEMA' to the '@NgModule.schemas' of this component.[39m[22m
[1m[31m[39m[22m
[1m[31m[7m18[0m   [mode]="modalMode"[39m[22m
[1m[31m[7m  [0m [91m  ~~~~~~~~~~~~~~~~~~[0m[39m[22m
[1m[31m[39m[22m
[1m[31m  [96msrc/app/accounts/account-list-view/account-list-view.component.ts[0m:[93m10[0m:[93m16[0m[39m[22m
[1m[31m    [7m10[0m   templateUrl: './account-list-view.component.html',[39m[22m
[1m[31m    [7m  [0m [96m               ~~~~~~~~~~~~~~~~~~~~~~~~~~~~~~~~~~~~[0m[39m[22m
[1m[31m    Error occurs in the template of component AccountListViewComponent.[39m[22m
[1m[31m[39m[22m
[1m[31m[39m[22m
[1m[31m[0m[91mError: [39m[31m[0m[96msrc/app/accounts/account-list-view/account-list-view.component.html[0m:[93m19[0m:[93m3[0m - [91merror[0m[90m NG8002: [0mCan't bind to 'account' since it isn't a known property of 'app-account-modal'.[39m[22m
[1m[31m1. If 'app-account-modal' is an Angular component and it has 'account' input, then verify that it is part of this module.[39m[22m
[1m[31m2. If '[39m[22m[1m[31mapp-account-modal' is a Web Component then add 'CUSTOM_ELEMENTS_SCHEMA' to the '@NgModule.schemas' of this component to suppress this message.[39m[22m
[1m[31m3. To allow any property add 'NO_ERRORS_SCHEMA' to the '@NgModule.schemas' of this component.[39m[22m
[1m[31m[39m[22m
[1m[31m[7m19[0m   [account]="selectedAccount"[39m[22m
[1m[31m[7m  [0m [91m  ~~~~~~~~~~~~~~~~~~~~~~~~~~~[0m[39m[22m
[1m[31m[39m[22m
[1m[31m  [96msrc/app/accounts/account-list-view/account-list-view.component.ts[0m:[93m10[0m:[93m16[0m[39m[22m
[1m[31m    [7m10[0m   templateUrl: './account-list-view.component.html',[39m[22m
[1m[31m    [7m  [0m [96m               ~~~~~~~~~~~~~~~~~~~~~~~~~~~~~~~~~~~~[0m[39m[22m
[1m[31m    Error occurs in the template of component AccountListViewComponent.[39m[22m
[1m[31m[39m[22m
[1m[31m[39m[22m
[1m[31m[0m[91mError: [39m[31m[0m[96msrc/app/accounts/account-list-view/account-list-view.component.html[0m:[93m20[0m:[93m3[0m - [91merror[0m[90m NG8002: [0mCan't bind to 'users' since it isn't a known property of 'app-account-modal'.[39m[22m
[1m[31m1. If 'app-account-modal' is an Angular component and it has 'users' input, then verify that it is part of this module.[39m[22m
[1m[31m2. If 'app-account-modal' is a Web Component then add 'CUSTOM_ELEMENTS_SCHEMA' to the '@NgModule.schemas' of this component to suppress this message.[39m[22m
[1m[31m3. To allow any property add 'NO_ERRORS_SCHEMA' to the '@NgModule.schemas' of this component.[39m[22m
[1m[31m[39m[22m
[1m[31m[7m20[0m   [users]="users"[39m[22m
[1m[31m[7m  [0m [91m  ~~~~~~~~~~~~~~~[0m[39m[22m
[1m[31m[39m[22m
[1m[31m  [96msrc/app/accounts/account-list-view/account-list-view.component.ts[0m:[93m10[0m:[93m16[0m[39m[22m
[1m[31m    [7m10[0m   templateUrl: './account-list-view.component.html',[39m[22m
[1m[31m    [7m  [0m [96m               ~~~~~~~~~~~~~~~~~~~~~~~~~~~~~~~~~~~~[0m[39m[22m
[1m[31m    Error occurs in the template of component AccountListViewComponent.[39m[22m
[1m[31m[39m[22m
[1m[31m[39m[22m
[1m[31m[0m[91mError: [39m[31m[0m[96msrc/app/app.component.html[0m:[93m2[0m:[93m6[0m - [91merror[0m[90m NG8001: [0m'app-header' is not a known element:[39m[22m
[1m[31m1. If 'app-header' is an Angular component, then verify that it is part of this module.[39m[22m
[1m[31m2. If 'app-header' is a Web Component then add 'CUSTOM_ELEMENTS_SCHEMA' to the '@NgModule.schemas' of [39m[22m[1m[31mthis component to suppress this message.[39m[22m
[1m[31m[39m[22m
[1m[31m[7m2[0m      <app-header></app-header>[39m[22m
[1m[31m[7m [0m [91m     ~~~~~~~~~~~~[0m[39m[22m
[1m[31m[39m[22m
[1m[31m  [96msrc/app/app.component.ts[0m:[93m5[0m:[93m16[0m[39m[22m
[1m[31m    [7m5[0m   templateUrl: './app.component.html',[39m[22m
[1m[31m    [7m [0m [96m               ~~~~~~~~~~~~~~~~~~~~~~[0m[39m[22m
[1m[31m    Error occurs in the template of component AppComponent.[39m[22m
[1m[31m[39m[22m
[1m[31m[39m[22m
[1m[31m[0m[91mError: [39m[31m[0m[96msrc/app/app.component.html[0m:[93m5[0m:[93m5[0m - [91merror[0m[90m NG8001: [0m'app-navbar' is not a known element:[39m[22m
[1m[31m1. If 'app-navbar' is an Angular component, then verify that it is part of this module.[39m[22m
[1m[31m2. If 'app-navbar' is a Web Component then add 'CUSTOM_ELEMENTS_SCHEMA' to the '@NgModule.schemas' of this component to suppress this message.[39m[22m
[1m[31m[39m[22m
[1m[31m[7m5[0m     <app-navbar></app-navbar>[39m[22m
[1m[31m[7m [0m [91m    ~~~~~~~~~~~~[0m[39m[22m
[1m[31m[39m[22m
[1m[31m  [96msrc/app/app.component.ts[0m:[93m5[0m:[93m16[0m[39m[22m
[1m[31m    [7m5[0m   templateUrl: './app.component.html',[39m[22m
[1m[31m    [7m [0m [96m               ~~~~~~~~~~~~~~~~~~~~~~[0m[39m[22m
[1m[31m    Error occurs in the template of component AppComponent.[39m[22m
[1m[31m[39m[22m
[1m[31m[39m[22m
[1m[31m[0m[91mError: [39m[31m[0m[96msrc/app/app.component.html[0m:[93m8[0m:[93m6[0m - [91merror[0m[90m NG8001: [0m'router-outlet' is not a known element:[39m[22m
[1m[31m1. If 'router-outlet' is an Angular component, then verify that it is part of this module.[39m[22m
[1m[31m2. If 'router-outlet' is a Web Component then add 'CUSTOM_ELEMENTS_SCHEMA' to the '@NgModule.schemas' of this component to suppress this message.[39m[22m
[1m[31m[39m[22m
[1m[31m[7m8[0m      <router-outlet></router-outlet>[39m[22m
[1m[31m[7m [0m [91m     ~~~~~~~~~~~~~~~[0m[39m[22m
[1m[31m[39m[22m
[1m[31m  [96msrc/app/app.component.ts[0m:[93m5[0m:[93m16[0m[39m[22m
[1m[31m    [7m5[0m   templateUrl: './app.component.html',[39m[22m
[1m[31m    [7m [0m [96m               ~~~~~~~~~~~~~~~~~~~~~~[0m[39m[22m
[1m[31m    Error occurs in the template of component AppComponent.[39m[22m
[1m[31m[39m[22m
[1m[31m[39m[22m
[1m[31m[0m[91mError: [39m[31m[0m[96msrc/app/app.module.ts[0m:[93m14[0m:[93m35[0m - [91merror[0m[90m TS2307: [0mCannot find module './transactions/expenses.component' or its corresponding type declar[39m[22m[1m[31mations.[39m[22m
[1m[31m[39m[22m
[1m[31m[7m14[0m import { ExpensesComponent } from './transactions/expenses.component';[39m[22m
[1m[31m[7m  [0m [91m                                  ~~~~~~~~~~~~~~~~~~~~~~~~~~~~~~~~~~~[0m[39m[22m
[1m[31m[39m[22m
[1m[31m[39m[22m
[1m[31m[0m[91mError: [39m[31m[0m[96msrc/app/app.module.ts[0m:[93m38[0m:[93m17[0m - [91merror[0m[90m NG1010: [0mValue[39m[22m
[1m[31m[39m[22m
[1m[31m[0m[91mError: [39m[31m[0m[96msrc/app/app.routes.ts[0m:[93m3[0m:[93m35[0m - [91merror[0m[90m TS2307: [0mCannot find module './transactions/expenses.component' or its corresponding type declarations.[39m[22m
[1m[31m[39m[22m
[1m[31m[7m3[0m import { ExpensesComponent } from './transactions/expenses.component';[39m[22m
[1m[31m[7m [0m [91m                                  ~~~~~~~~~~~~~~~~~~~~~~~~~~~~~~~~~~~[0m[39m[22m
[1m[31m[39m[22m
[1m[31m[39m[22m
[1m[31m[0m[91mError: [39m[31m[0m[96msrc/app/dashboard/dashboard.component.html[0m:[93m9[0m:[93m34[0m - [91merror[0m[90m NG8004: [0mNo pipe found with name 'async'.[39m[22m
[1m[31m[39m[22m
[1m[31m[7m9[0m         [value]="selectedYear$ | async"[39m[22m
[1m[31m[7m [0m [91m                                 ~~~~~[0m[39m[22m
[1m[31m[39m[22m
[1m[31m  [96msrc/app/dashboard/dashboard.component.ts[0m:[93m9[0m:[93m16[0m[39m[22m
[1m[31m    [7m9[0m   templateUrl: './dashboard.component.html',[39m[22m
[1m[31m    [7m [0m [96m               ~~~~~~~~~~~~~~~~~~~~~~~~~~~~[0m[39m[22m
[1m[31m    Error occurs in the template of component DashboardComponent.[39m[22m
[1m[31m[39m[22m
[1m[31m[39m[22m
[1m[31m[0m[91mError: [39m[31m[0m[96msrc/app/dashboard/dashboard.component.html[0m:[93m19[0m:[93m3[0m - [91merror[0m[90m NG8001: [0m'app-summary-grid' is not a known element:[39m[22m
[1m[31m1. If 'app-summary-grid' is an Angular component, then verify that it is part of this module.[39m[22m
[1m[31m2. If 'app-summary-grid' is a Web Component then add 'CUSTOM_ELEMENTS_SCHEMA' to the '@NgModule.schemas' of this component to suppress this message.[39m[22m
[1m[31m[39m[22m
[1m[31m[7m19[0m   <app-summary-grid [selectedYear$]="selectedYear$"></app-summary-grid>[39m[22m
[1m[31m[7m  [0m [91m  ~~~~~~~~~~~~~~~~~~~~~~~~~~~~~~~~~~~~~~~~~~~~~~~~~~[0m[39m[22m
[1m[31m[39m[22m
[1m[31m  [96msrc/app/dashboard/dashboard.component.ts[0m:[93m9[0m:[93m16[0m[39m[22m
[1m[31m    [7m9[0m   templateUrl: './dashboard.component.html',[39m[22m
[1m[31m    [7m [0m [96m              [39m[22m[1m[31m ~~~~~~~~~~~~~~~~~~~~~~~~~~~~[0m[39m[22m
[1m[31m    Error occurs in the template of component DashboardComponent.[39m[22m
[1m[31m[39m[22m
[1m[31m[39m[22m
[1m[31m[0m[91mError: [39m[31m[0m[96msrc/app/dashboard/dashboard.component.html[0m:[93m19[0m:[93m21[0m - [91merror[0m[90m NG8002: [0mCan't bind to 'selectedYear$' since it isn't a known property of 'app-summary-grid'.[39m[22m
[1m[31m1. If 'app-summary-grid' is an Angular component and it has 'selectedYear$' input, then verify that it is part of this module.[39m[22m
[1m[31m2. If 'app-summary-grid' is a Web Component then add 'CUSTOM_ELEMENTS_SCHEMA' to the '@NgModule.schemas' of this component to suppress this message.[39m[22m
[1m[31m3. To allow any property add 'NO_ERRORS_SCHEMA' to the '@NgModule.schemas' of this component.[39m[22m
[1m[31m[39m[22m
[1m[31m[7m19[0m   <app-summary-grid [selectedYear$]="selectedYear$"></app-summary-grid>[39m[22m
[1m[31m[7m  [0m [91m                    ~~~~~~~~~~~~~~~~~~~~~~~~~~~~~~~[0m[39m[22m
[1m[31m[39m[22m
[1m[31m  [96msrc/app/dashboard/dashboard.component.ts[0m:[93m9[0m:[93m16[0m[39m[22m
[1m[31m    [7m9[0m   templateUrl: './dashboard.component.html',[39m[22m
[1m[31m    [7m [0m [96m               ~~~~~~~~~~~~~~~~~~~~~~~~~~~~[0m[39m[22m
[1m[31m    Error occurs in the template of component DashboardComponent.[39m[22m
[1m[31m[39m[22m
[1m[31m[39m[22m
[1m[31m[0m[91mError: [39m[31m[0m[96msrc/app/dashboard/dashboard.component.html[0m:[93m23[0m:[93m7[0m - [91merror[0m[90m NG8001: [0m'app-trend-chart' is not a known element:[39m[22m
[1m[31m1. If 'app-trend-chart' is an Angular component, then verify that it is part of this module.[39m[22m
[1m[31m2. If 'app-trend-chart' is a Web Component then add 'CUSTOM_ELEMENTS_SCHEMA' to the '@NgModule.schemas' of this component to suppress this message.[39m[22m
[1m[31m[39m[22m
[1m[31m[7m23[0m       <app-trend-chart [selectedYear$]="selectedYear$"></app-trend-chart>[39m[22m
[1m[31m[7m  [0m [91m      ~~~~~~~~~~~~~~~~~~~~~~~~~~~~~~~~~~~~~~~~~~~~~~~~~[0m[39m[22m
[1m[31m[39m[22m
[1m[31m  [96msrc/app/dashboard/dashboard.component.ts[0m:[93m9[0m:[93m16[0m[39m[22m
[1m[31m    [7m9[0m   templateUrl: './dashboard.component.html',[39m[22m
[1m[31m    [7m [0m [96m               ~~~~~~~~~~~~~~~~~~~~~~~~~~~~[0m[39m[22m
[1m[31m    Error occurs in the template of component DashboardComponent.[39m[22m
[1m[31m[39m[22m
[1m[31m[39m[22m
[1m[31m[0m[91mErro[39m[22m[1m[31mr: [39m[31m[0m[96msrc/app/dashboard/dashboard.component.html[0m:[93m23[0m:[93m24[0m - [91merror[0m[90m NG8002: [0mCan't bind to 'selectedYear$' since it isn't a known property of 'app-trend-chart'.[39m[22m
[1m[31m1. If 'app-trend-chart' is an Angular component and it has 'selectedYear$' input, then verify that it is part of this module.[39m[22m
[1m[31m2. If 'app-trend-chart' is a Web Component then add 'CUSTOM_ELEMENTS_SCHEMA' to the '@NgModule.schemas' of this component to suppress this message.[39m[22m
[1m[31m3. To allow any property add 'NO_ERRORS_SCHEMA' to the '@NgModule.schemas' of this component.[39m[22m
[1m[31m[39m[22m
[1m[31m[7m23[0m       <app-trend-chart [selectedYear$]="selectedYear$"></app-trend-chart>[39m[22m
[1m[31m[7m  [0m [91m                       ~~~~~~~~~~~~~~~~~~~~~~~~~~~~~~~[0m[39m[22m
[1m[31m[39m[22m
[1m[31m  [96msrc/app/dashboard/dashboard.component.ts[0m:[93m9[0m:[93m16[0m[39m[22m
[1m[31m    [7m9[0m   templateUrl: './dashboard.component.html',[39m[22m
[1m[31m    [7m [0m [96m               ~~~~~~~~~~~~~~~~~~~~~~~~~~~~[0m[39m[22m
[1m[31m    Error occurs in the template of component DashboardComponent.[39m[22m
[1m[31m[39m[22m
[1m[31m[39m[22m
[1m[31m[0m[91mError: [39m[31m[0m[96msrc/app/dashboard/dashboard.component.html[0m:[93m24[0m:[93m7[0m - [91merror[0m[90m NG8001: [0m'app-category-chart' is not a known element:[39m[22m
[1m[31m1. If 'app-category-chart' is an Angular component, then verify that it is part of this module.[39m[22m
[1m[31m2. If 'app-category-chart' is a Web Component then add 'CUSTOM_ELEMENTS_SCHEMA' to the '@NgModule.schemas' of this component to suppress this message.[39m[22m
[1m[31m[39m[22m
[1m[31m[7m24[0m       <app-category-chart [selectedYear$]="selectedYear$"></app-category-chart>[39m[22m
[1m[31m[7m  [0m [91m      ~~~~~~~~~~~~~~~~~~~~~~~~~~~~~~~~~~~~~~~~~~~~~~~~~~~~[0m[39m[22m
[1m[31m[39m[22m
[1m[31m  [96msrc/app/dashboard/dashboard.component.ts[0m:[93m9[0m:[93m16[0m[39m[22m
[1m[31m    [7m9[0m   templateUrl: './dashboard.component.html',[39m[22m
[1m[31m    [7m [0m [96m               ~~~~~~~~~~~~~~~~~~~~~~~~~~~~[0m[39m[22m
[1m[31m    Error occurs in the template of component DashboardComponent.[39m[22m
[1m[31m[39m[22m
[1m[31m[39m[22m
[1m[31m[0m[91mError: [39m[31m[0m[96msrc/app/dashboard/dashboard.component.html[0m:[93m24[0m:[93m27[0m - [91mer[39m[22m[1m[31mror[0m[90m NG8002: [0mCan't bind to 'selectedYear$' since it isn't a known property of 'app-category-chart'.[39m[22m
[1m[31m1. If 'app-category-chart' is an Angular component and it has 'selectedYear$' input, then verify that it is part of this module.[39m[22m
[1m[31m2. If 'app-category-chart' is a Web Component then add 'CUSTOM_ELEMENTS_SCHEMA' to the '@NgModule.schemas' of this component to suppress this message.[39m[22m
[1m[31m3. To allow any property add 'NO_ERRORS_SCHEMA' to the '@NgModule.schemas' of this component.[39m[22m
[1m[31m[39m[22m
[1m[31m[7m24[0m       <app-category-chart [selectedYear$]="selectedYear$"></app-category-chart>[39m[22m
[1m[31m[7m  [0m [91m                          ~~~~~~~~~~~~~~~~~~~~~~~~~~~~~~~[0m[39m[22m
[1m[31m[39m[22m
[1m[31m  [96msrc/app/dashboard/dashboard.component.ts[0m:[93m9[0m:[93m16[0m[39m[22m
[1m[31m    [7m9[0m   templateUrl: './dashboard.component.html',[39m[22m
[1m[31m    [7m [0m [96m               ~~~~~~~~~~~~~~~~~~~~~~~~~~~~[0m[39m[22m
[1m[31m    Error occurs in the template of component DashboardComponent.[39m[22m
[1m[31m[39m[22m
[1m[31m[39m[22m
[1m[31m[0m[91mError: [39m[31m[0m[96msrc/app/dashboard/dashboard.component.html[0m:[93m28[0m:[93m3[0m - [91merror[0m[90m NG8001: [0m'app-top-categories' is not a known element:[39m[22m
[1m[31m1. If 'app-top-categories' is an Angular component, then verify that it is part of this module.[39m[22m
[1m[31m2. If 'app-top-categories' is a Web Component then add 'CUSTOM_ELEMENTS_SCHEMA' to the '@NgModule.schemas' of this component to suppress this message.[39m[22m
[1m[31m[39m[22m
[1m[31m[7m28[0m   <app-top-categories [selectedYear$]="selectedYear$"></app-top-categories>[39m[22m
[1m[31m[7m  [0m [91m  ~~~~~~~~~~~~~~~~~~~~~~~~~~~~~~~~~~~~~~~~~~~~~~~~~~~~[0m[39m[22m
[1m[31m[39m[22m
[1m[31m  [96msrc/app/dashboard/dashboard.component.ts[0m:[93m9[0m:[93m16[0m[39m[22m
[1m[31m    [7m9[0m   templateUrl: './dashboard.component.html',[39m[22m
[1m[31m    [7m [0m [96m               ~~~~~~~~~~~~~~~~~~~~~~~~~~~~[0m[39m[22m
[1m[31m    Error occurs in the template of component DashboardComponent.[39m[22m
[1m[31m[39m[22m
[1m[31m[39m[22m
[1m[31m[0m[91mError: [39m[31m[0m[96msrc/app/dashboard/dashboard.component.html[0m:[93m28[0m:[93m23[0m - [91merror[0m[90m NG8002: [0mCan't bind to 'selectedYear$' since it isn't a known property [39m[22m[1m[31mof 'app-top-categories'.[39m[22m
[1m[31m1. If 'app-top-categories' is an Angular component and it has 'selectedYear$' input, then verify that it is part of this module.[39m[22m
[1m[31m2. If 'app-top-categories' is a Web Component then add 'CUSTOM_ELEMENTS_SCHEMA' to the '@NgModule.schemas' of this component to suppress this message.[39m[22m
[1m[31m3. To allow any property add 'NO_ERRORS_SCHEMA' to the '@NgModule.schemas' of this component.[39m[22m
[1m[31m[39m[22m
[1m[31m[7m28[0m   <app-top-categories [selectedYear$]="selectedYear$"></app-top-categories>[39m[22m
[1m[31m[7m  [0m [91m                      ~~~~~~~~~~~~~~~~~~~~~~~~~~~~~~~[0m[39m[22m
[1m[31m[39m[22m
[1m[31m  [96msrc/app/dashboard/dashboard.component.ts[0m:[93m9[0m:[93m16[0m[39m[22m
[1m[31m    [7m9[0m   templateUrl: './dashboard.component.html',[39m[22m
[1m[31m    [7m [0m [96m               ~~~~~~~~~~~~~~~~~~~~~~~~~~~~[0m[39m[22m
[1m[31m    Error occurs in the template of component DashboardComponent.[39m[22m
[1m[31m[39m[22m
[1m[31m[39m[22m
[1m[31m[0m[91mError: [39m[31m[0m[96msrc/app/header/header.component.html[0m:[93m3[0m:[93m3[0m - [91merror[0m[90m NG8001: [0m'app-user-selector' is not a known element:[39m[22m
[1m[31m1. If 'app-user-selector' is an Angular component, then verify that it is part of this module.[39m[22m
[1m[31m2. If 'app-user-selector' is a Web Component then add 'CUSTOM_ELEMENTS_SCHEMA' to the '@NgModule.schemas' of this component to suppress this message.[39m[22m
[1m[31m[39m[22m
[1m[31m[7m3[0m   <app-user-selector></app-user-selector>[39m[22m
[1m[31m[7m [0m [91m  ~~~~~~~~~~~~~~~~~~~[0m[39m[22m
[1m[31m[39m[22m
[1m[31m  [96msrc/app/header/header.component.ts[0m:[93m5[0m:[93m16[0m[39m[22m
[1m[31m    [7m5[0m   templateUrl: './header.component.html',[39m[22m
[1m[31m    [7m [0m [96m               ~~~~~~~~~~~~~~~~~~~~~~~~~[0m[39m[22m
[1m[31m    Error occurs in the template of component HeaderComponent.[39m[22m
[1m[31m[39m[22m
[1m[31m[39m[22m
[1m[31m[0m[91mError: [39m[31m[0m[96msrc/app/header/user-selector/user-selector.component.html[0m:[93m3[0m:[93m36[0m - [91merror[0m[90m NG8004: [0mNo pipe found with name 'async'.[39m[22m
[1m[31m[39m[22m
[1m[31m[7m3[0m     {{ (userService.currentUser$ | async)?.name }}[39m[22m
[1m[31m[7m [0m [91m                                   ~~~~~[0m[39m[22m
[1m[31m[39m[22m
[1m[31m  [96msrc/app/header/user-selector/user-selector.component.ts[0m:[93m6[0[39m[22m[1m[31mm:[93m16[0m[39m[22m
[1m[31m    [7m6[0m   templateUrl: './user-selector.component.html',[39m[22m
[1m[31m    [7m [0m [96m               ~~~~~~~~~~~~~~~~~~~~~~~~~~~~~~~~[0m[39m[22m
[1m[31m    Error occurs in the template of component UserSelectorComponent.[39m[22m
[1m[31m[39m[22m
[1m[31m[39m[22m
[1m[31m[0m[91mError: [39m[31m[0m[96msrc/app/spending-analysis/spending-analysis.component.html[0m:[93m4[0m:[93m5[0m - [91merror[0m[90m NG8001: [0m'app-category-filter' is not a known element:[39m[22m
[1m[31m1. If 'app-category-filter' is an Angular component, then verify that it is part of this module.[39m[22m
[1m[31m2. If 'app-category-filter' is a Web Component then add 'CUSTOM_ELEMENTS_SCHEMA' to the '@NgModule.schemas' of this component to suppress this message.[39m[22m
[1m[31m[39m[22m
[1m[31m[7m4[0m     <app-category-filter[39m[22m
[1m[31m[7m [0m [91m    ~~~~~~~~~~~~~~~~~~~~[0m[39m[22m
[1m[31m[7m5[0m       [categories]="categories"[39m[22m
[1m[31m[7m [0m [91m~~~~~~~~~~~~~~~~~~~~~~~~~~~~~~~[0m[39m[22m
[1m[31m[7m6[0m       [selectedCategory]="selectedCategory"[39m[22m
[1m[31m[7m [0m [91m~~~~~~~~~~~~~~~~~~~~~~~~~~~~~~~~~~~~~~~~~~~[0m[39m[22m
[1m[31m[7m7[0m       (categoryChange)="onCategoryChange($event)">[39m[22m
[1m[31m[7m [0m [91m~~~~~~~~~~~~~~~~~~~~~~~~~~~~~~~~~~~~~~~~~~~~~~~~~~[0m[39m[22m
[1m[31m[39m[22m
[1m[31m  [96msrc/app/spending-analysis/spending-analysis.component.ts[0m:[93m5[0m:[93m16[0m[39m[22m
[1m[31m    [7m5[0m   templateUrl: './spending-analysis.component.html',[39m[22m
[1m[31m    [7m [0m [96m               ~~~~~~~~~~~~~~~~~~~~~~~~~~~~~~~~~~~~[0m[39m[22m
[1m[31m    Error occurs in the template of component SpendingAnalysisComponent.[39m[22m
[1m[31m[39m[22m
[1m[31m[39m[22m
[1m[31m[0m[91mError: [39m[31m[0m[96msrc/app/spending-analysis/spending-analysis.component.html[0m:[93m5[0m:[93m7[0m - [91merror[0m[90m NG8002: [0mCan't bind to 'categories' since it isn't a known property of 'app-category-filter'.[39m[22m
[1m[31m1. If 'app-category-filter' is an Angular component and it has 'categories' input, then verify that it is part of this module.[39m[22m
[1m[31m2. If 'app-category-filter' is a Web Component then add 'CUSTOM_ELEMENTS_SCHEMA' to the '@NgModule.schemas' of this component to suppress this message.[39m[22m
[1m[31m3. To allow any property add 'NO_ERRORS_SCHEMA' to the '@NgModule.schemas' [39m[22m[1m[31mof this component.[39m[22m
[1m[31m[39m[22m
[1m[31m[7m5[0m       [categories]="categories"[39m[22m
[1m[31m[7m [0m [91m      ~~~~~~~~~~~~~~~~~~~~~~~~~[0m[39m[22m
[1m[31m[39m[22m
[1m[31m  [96msrc/app/spending-analysis/spending-analysis.component.ts[0m:[93m5[0m:[93m16[0m[39m[22m
[1m[31m    [7m5[0m   templateUrl: './spending-analysis.component.html',[39m[22m
[1m[31m    [7m [0m [96m               ~~~~~~~~~~~~~~~~~~~~~~~~~~~~~~~~~~~~[0m[39m[22m
[1m[31m    Error occurs in the template of component SpendingAnalysisComponent.[39m[22m
[1m[31m[39m[22m
[1m[31m[39m[22m
[1m[31m[0m[91mError: [39m[31m[0m[96msrc/app/spending-analysis/spending-analysis.component.html[0m:[93m6[0m:[93m7[0m - [91merror[0m[90m NG8002: [0mCan't bind to 'selectedCategory' since it isn't a known property of 'app-category-filter'.[39m[22m
[1m[31m1. If 'app-category-filter' is an Angular component and it has 'selectedCategory' input, then verify that it is part of this module.[39m[22m
[1m[31m2. If 'app-category-filter' is a Web Component then add 'CUSTOM_ELEMENTS_SCHEMA' to the '@NgModule.schemas' of this component to suppress this message.[39m[22m
[1m[31m3. To allow any property add 'NO_ERRORS_SCHEMA' to the '@NgModule.schemas' of this component.[39m[22m
[1m[31m[39m[22m
[1m[31m[7m6[0m       [selectedCategory]="selectedCategory"[39m[22m
[1m[31m[7m [0m [91m      ~~~~~~~~~~~~~~~~~~~~~~~~~~~~~~~~~~~~~[0m[39m[22m
[1m[31m[39m[22m
[1m[31m  [96msrc/app/spending-analysis/spending-analysis.component.ts[0m:[93m5[0m:[93m16[0m[39m[22m
[1m[31m    [7m5[0m   templateUrl: './spending-analysis.component.html',[39m[22m
[1m[31m    [7m [0m [96m               ~~~~~~~~~~~~~~~~~~~~~~~~~~~~~~~~~~~~[0m[39m[22m
[1m[31m    Error occurs in the template of component SpendingAnalysisComponent.[39m[22m
[1m[31m[39m[22m
[1m[31m[39m[22m
[1m[31m[0m[91mError: [39m[31m[0m[96msrc/app/spending-analysis/spending-analysis.component.html[0m:[93m13[0m:[93m7[0m - [91merror[0m[90m NG8001: [0m'app-top-spending-chart' is not a known element:[39m[22m
[1m[31m1. If 'app-top-spending-chart' is an Angular component, then verify that it is part of this module.[39m[22m
[1m[31m2. If 'app-top-spending-chart' is a Web Component then add 'CUSTOM_ELEMENTS_SCHEMA' to the '@NgModule.schemas' of this component to suppress this message.[39m[22m
[1m[31m[39m[22m
[1m[31m[7m13[0m       <app-top-spending-chart [data]="topSpend[39m[22m[1m[31mingData"></app-top-spending-chart>[39m[22m
[1m[31m[7m  [0m [91m      ~~~~~~~~~~~~~~~~~~~~~~~~~~~~~~~~~~~~~~~~~~~~~~~~~[0m[39m[22m
[1m[31m[39m[22m
[1m[31m  [96msrc/app/spending-analysis/spending-analysis.component.ts[0m:[93m5[0m:[93m16[0m[39m[22m
[1m[31m    [7m5[0m   templateUrl: './spending-analysis.component.html',[39m[22m
[1m[31m    [7m [0m [96m               ~~~~~~~~~~~~~~~~~~~~~~~~~~~~~~~~~~~~[0m[39m[22m
[1m[31m    Error occurs in the template of component SpendingAnalysisComponent.[39m[22m
[1m[31m[39m[22m
[1m[31m[39m[22m
[1m[31m[0m[91mError: [39m[31m[0m[96msrc/app/spending-analysis/spending-analysis.component.html[0m:[93m13[0m:[93m31[0m - [91merror[0m[90m NG8002: [0mCan't bind to 'data' since it isn't a known property of 'app-top-spending-chart'.[39m[22m
[1m[31m1. If 'app-top-spending-chart' is an Angular component and it has 'data' input, then verify that it is part of this module.[39m[22m
[1m[31m2. If 'app-top-spending-chart' is a Web Component then add 'CUSTOM_ELEMENTS_SCHEMA' to the '@NgModule.schemas' of this component to suppress this message.[39m[22m
[1m[31m3. To allow any property add 'NO_ERRORS_SCHEMA' to the '@NgModule.schemas' of this component.[39m[22m
[1m[31m[39m[22m
[1m[31m[7m13[0m       <app-top-spending-chart [data]="topSpendingData"></app-top-spending-chart>[39m[22m
[1m[31m[7m  [0m [91m                              ~~~~~~~~~~~~~~~~~~~~~~~~[0m[39m[22m
[1m[31m[39m[22m
[1m[31m  [96msrc/app/spending-analysis/spending-analysis.component.ts[0m:[93m5[0m:[93m16[0m[39m[22m
[1m[31m    [7m5[0m   templateUrl: './spending-analysis.component.html',[39m[22m
[1m[31m    [7m [0m [96m               ~~~~~~~~~~~~~~~~~~~~~~~~~~~~~~~~~~~~[0m[39m[22m
[1m[31m    Error occurs in the template of component SpendingAnalysisComponent.[39m[22m
[1m[31m[39m[22m
[1m[31m[39m[22m
[1m[31m[0m[91mError: [39m[31m[0m[96msrc/app/spending-analysis/spending-analysis.component.html[0m:[93m14[0m:[93m7[0m - [91merror[0m[90m NG8001: [0m'app-monthly-analysis' is not a known element:[39m[22m
[1m[31m1. If 'app-monthly-analysis' is an Angular component, then verify that it is part of this module.[39m[22m
[1m[31m2. If 'app-monthly-analysis' is a Web Component then add 'CUSTOM_ELEMENTS_SCHEMA' to the '@NgModule.schemas' of this component to suppress this message.[39m[22m
[1m[31m[39m[22m
[1m[31m[7m14[0m       <app-monthly-[39m[22m[1m[31manalysis></app-monthly-analysis>[39m[22m
[1m[31m[7m  [0m [91m      ~~~~~~~~~~~~~~~~~~~~~~[0m[39m[22m
[1m[31m[39m[22m
[1m[31m  [96msrc/app/spending-analysis/spending-analysis.component.ts[0m:[93m5[0m:[93m16[0m[39m[22m
[1m[31m    [7m5[0m   templateUrl: './spending-analysis.component.html',[39m[22m
[1m[31m    [7m [0m [96m               ~~~~~~~~~~~~~~~~~~~~~~~~~~~~~~~~~~~~[0m[39m[22m
[1m[31m    Error occurs in the template of component SpendingAnalysisComponent.[39m[22m
[1m[31m[39m[22m
[1m[31m[39m[22m
[1m[31m[0m[91mError: [39m[31m[0m[96msrc/app/spending-analysis/spending-analysis.component.html[0m:[93m18[0m:[93m7[0m - [91merror[0m[90m NG8001: [0m'app-detailed-transactions-placeholder' is not a known element:[39m[22m
[1m[31m1. If 'app-detailed-transactions-placeholder' is an Angular component, then verify that it is part of this module.[39m[22m
[1m[31m2. If 'app-detailed-transactions-placeholder' is a Web Component then add 'CUSTOM_ELEMENTS_SCHEMA' to the '@NgModule.schemas' of this component to suppress this message.[39m[22m
[1m[31m[39m[22m
[1m[31m[7m18[0m       <app-detailed-transactions-placeholder></app-detailed-transactions-placeholder>[39m[22m
[1m[31m[7m  [0m [91m      ~~~~~~~~~~~~~~~~~~~~~~~~~~~~~~~~~~~~~~~[0m[39m[22m
[1m[31m[39m[22m
[1m[31m  [96msrc/app/spending-analysis/spending-analysis.component.ts[0m:[93m5[0m:[93m16[0m[39m[22m
[1m[31m    [7m5[0m   templateUrl: './spending-analysis.component.html',[39m[22m
[1m[31m    [7m [0m [96m               ~~~~~~~~~~~~~~~~~~~~~~~~~~~~~~~~~~~~[0m[39m[22m
[1m[31m    Error occurs in the template of component SpendingAnalysisComponent.[39m[22m
[1m[31m[39m[22m
[1m[31m[39m[22m
[1m[31m[0m[91mError: [39m[31m[0m[96msrc/app/transactions/transactions-list/expenses-list.component.html[0m:[93m166[0m:[93m1[0m - [91merror[0m[90m NG8001: [0m'app-expense-modal' is not a known element:[39m[22m
[1m[31m1. If 'app-expense-modal' is an Angular component, then verify that it is part of this module.[39m[22m
[1m[31m2. If 'app-expense-modal' is a Web Component then add 'CUSTOM_ELEMENTS_SCHEMA' to the '@NgModule.schemas' of this component to suppress this message.[39m[22m
[1m[31m[39m[22m
[1m[31m[7m166[0m <app-expense-modal[39m[22m
[1m[31m[7m   [0m [91m~~~~~~~~~~~~~~~~~~[0m[39m[22m
[1m[31m[7m167[0m   [isOpen]="isEditModalOpen"[39m[22m
[1m[31m[7m   [0m [91m~~~~~~~~~~~~~~~~~~~~~~~~~~~~[0m[39m[22m
[1m[31m[7[39m[22m[1m[31mm168[0m   [expense]="editingExpense"[39m[22m
[1m[31m[7m   [0m [91m~~~~~~~~~~~~~~~~~~~~~~~~~~~~[0m[39m[22m
[1m[31m[7m169[0m   (closeModal)="closeEditModal()">[39m[22m
[1m[31m[7m   [0m [91m~~~~~~~~~~~~~~~~~~~~~~~~~~~~~~~~~~[0m[39m[22m
[1m[31m[39m[22m
[1m[31m  [96msrc/app/transactions/transactions-list/expenses-list.component.ts[0m:[93m25[0m:[93m16[0m[39m[22m
[1m[31m    [7m25[0m   templateUrl: './expenses-list.component.html',[39m[22m
[1m[31m    [7m  [0m [96m               ~~~~~~~~~~~~~~~~~~~~~~~~~~~~~~~~[0m[39m[22m
[1m[31m    Error occurs in the template of component ExpensesListComponent.[39m[22m
[1m[31m[39m[22m
[1m[31m[39m[22m
[1m[31m[0m[91mError: [39m[31m[0m[96msrc/app/transactions/transactions-list/expenses-list.component.html[0m:[93m167[0m:[93m3[0m - [91merror[0m[90m NG8002: [0mCan't bind to 'isOpen' since it isn't a known property of 'app-expense-modal'.[39m[22m
[1m[31m1. If 'app-expense-modal' is an Angular component and it has 'isOpen' input, then verify that it is part of this module.[39m[22m
[1m[31m2. If 'app-expense-modal' is a Web Component then add 'CUSTOM_ELEMENTS_SCHEMA' to the '@NgModule.schemas' of this component to suppress this message.[39m[22m
[1m[31m3. To allow any property add 'NO_ERRORS_SCHEMA' to the '@NgModule.schemas' of this component.[39m[22m
[1m[31m[39m[22m
[1m[31m[7m167[0m   [isOpen]="isEditModalOpen"[39m[22m
[1m[31m[7m   [0m [91m  ~~~~~~~~~~~~~~~~~~~~~~~~~~[0m[39m[22m
[1m[31m[39m[22m
[1m[31m  [96msrc/app/transactions/transactions-list/expenses-list.component.ts[0m:[93m25[0m:[93m16[0m[39m[22m
[1m[31m    [7m25[0m   templateUrl: './expenses-list.component.html',[39m[22m
[1m[31m    [7m  [0m [96m               ~~~~~~~~~~~~~~~~~~~~~~~~~~~~~~~~[0m[39m[22m
[1m[31m    Error occurs in the template of component ExpensesListComponent.[39m[22m
[1m[31m[39m[22m
[1m[31m[39m[22m
[1m[31m[0m[91mError: [39m[31m[0m[96msrc/app/transactions/transactions-list/expenses-list.component.html[0m:[93m168[0m:[93m3[0m - [91merror[0m[90m NG8002: [0mCan't bind to 'expense' since it isn't a known property of 'app-expense-modal'.[39m[22m
[1m[31m1. If 'app-expense-modal' is an Angular component and it has 'expense' input, then verify that it is part of this module.[39m[22m
[1m[31m2. If 'app-expense-modal' is a Web Component then add 'CUSTOM_ELEMENTS_SCHEMA' to the '@NgModule.schemas' of this c[39m[22m[1m[31momponent to suppress this message.[39m[22m
[1m[31m3. To allow any property add 'NO_ERRORS_SCHEMA' to the '@NgModule.schemas' of this component.[39m[22m
[1m[31m[39m[22m
[1m[31m[7m168[0m   [expense]="editingExpense"[39m[22m
[1m[31m[7m   [0m [91m  ~~~~~~~~~~~~~~~~~~~~~~~~~~[0m[39m[22m
[1m[31m[39m[22m
[1m[31m  [96msrc/app/transactions/transactions-list/expenses-list.component.ts[0m:[93m25[0m:[93m16[0m[39m[22m
[1m[31m    [7m25[0m   templateUrl: './expenses-list.component.html',[39m[22m
[1m[31m    [7m  [0m [96m               ~~~~~~~~~~~~~~~~~~~~~~~~~~~~~~~~[0m[39m[22m
[1m[31m    Error occurs in the template of component ExpensesListComponent.[39m[22m
[1m[31m[39m[22m
[1m[31m[39m[22m
[1m[31m[0m[91mError: [39m[31m[0m[96msrc/app/users/user-list-view/user-list-view.component.html[0m:[93m18[0m:[93m1[0m - [91merror[0m[90m NG8001: [0m'app-user-modal' is not a known element:[39m[22m
[1m[31m1. If 'app-user-modal' is an Angular component, then verify that it is part of this module.[39m[22m
[1m[31m2. If 'app-user-modal' is a Web Component then add 'CUSTOM_ELEMENTS_SCHEMA' to the '@NgModule.schemas' of this component to suppress this message.[39m[22m
[1m[31m[39m[22m
[1m[31m[7m 18[0m <app-user-modal[39m[22m
[1m[31m[7m   [0m [91m~~~~~~~~~~~~~~~[0m[39m[22m
[1m[31m[7m 19[0m   [isOpen]="isUserModalOpen"[39m[22m
[1m[31m[7m   [0m [91m~~~~~~~~~~~~~~~~~~~~~~~~~~~~[0m[39m[22m
[1m[31m[7m...[0m [39m[22m
[1m[31m[7m 22[0m   (closeModal)="closeUserModal()"[39m[22m
[1m[31m[7m   [0m [91m~~~~~~~~~~~~~~~~~~~~~~~~~~~~~~~~~[0m[39m[22m
[1m[31m[7m 23[0m ></app-user-modal>[39m[22m
[1m[31m[7m   [0m [91m~[0m[39m[22m
[1m[31m[39m[22m
[1m[31m  [96msrc/app/users/user-list-view/user-list-view.component.ts[0m:[93m8[0m:[93m16[0m[39m[22m
[1m[31m    [7m8[0m   templateUrl: './user-list-view.component.html',[39m[22m
[1m[31m    [7m [0m [96m               ~~~~~~~~~~~~~~~~~~~~~~~~~~~~~~~~~[0m[39m[22m
[1m[31m    Error occurs in the template of component UserListViewComponent.[39m[22m
[1m[31m[39m[22m
[1m[31m[39m[22m
[1m[31m[0m[91mError: [39m[31m[0m[96msrc/app/users/user-list-view/user-list-view.component.html[0m:[93m19[0m:[93m3[0m - [91merror[0m[90m NG8002: [0mCan't bind to 'isOpen' since it isn't a known property of 'app-user-modal'.[39m[22m
[1m[31m1. If 'app-user-modal' is an Angular component and it has 'isOpen' input, then verify that it is part of this module.[39m[22m
[1m[31m2. If 'app-user-modal' is a Web Component then [39m[22m[1m[31madd 'CUSTOM_ELEMENTS_SCHEMA' to the '@NgModule.schemas' of this component to suppress this message.[39m[22m
[1m[31m3. To allow any property add 'NO_ERRORS_SCHEMA' to the '@NgModule.schemas' of this component.[39m[22m
[1m[31m[39m[22m
[1m[31m[7m19[0m   [isOpen]="isUserModalOpen"[39m[22m
[1m[31m[7m  [0m [91m  ~~~~~~~~~~~~~~~~~~~~~~~~~~[0m[39m[22m
[1m[31m[39m[22m
[1m[31m  [96msrc/app/users/user-list-view/user-list-view.component.ts[0m:[93m8[0m:[93m16[0m[39m[22m
[1m[31m    [7m8[0m   templateUrl: './user-list-view.component.html',[39m[22m
[1m[31m    [7m [0m [96m               ~~~~~~~~~~~~~~~~~~~~~~~~~~~~~~~~~[0m[39m[22m
[1m[31m    Error occurs in the template of component UserListViewComponent.[39m[22m
[1m[31m[39m[22m
[1m[31m[39m[22m
[1m[31m[0m[91mError: [39m[31m[0m[96msrc/app/users/user-list-view/user-list-view.component.html[0m:[93m20[0m:[93m3[0m - [91merror[0m[90m NG8002: [0mCan't bind to 'mode' since it isn't a known property of 'app-user-modal'.[39m[22m
[1m[31m1. If 'app-user-modal' is an Angular component and it has 'mode' input, then verify that it is part of this module.[39m[22m
[1m[31m2. If 'app-user-modal' is a Web Component then add 'CUSTOM_ELEMENTS_SCHEMA' to the '@NgModule.schemas' of this component to suppress this message.[39m[22m
[1m[31m3. To allow any property add 'NO_ERRORS_SCHEMA' to the '@NgModule.schemas' of this component.[39m[22m
[1m[31m[39m[22m
[1m[31m[7m20[0m   [mode]="modalMode"[39m[22m
[1m[31m[7m  [0m [91m  ~~~~~~~~~~~~~~~~~~[0m[39m[22m
[1m[31m[39m[22m
[1m[31m  [96msrc/app/users/user-list-view/user-list-view.component.ts[0m:[93m8[0m:[93m16[0m[39m[22m
[1m[31m    [7m8[0m   templateUrl: './user-list-view.component.html',[39m[22m
[1m[31m    [7m [0m [96m               ~~~~~~~~~~~~~~~~~~~~~~~~~~~~~~~~~[0m[39m[22m
[1m[31m    Error occurs in the template of component UserListViewComponent.[39m[22m
[1m[31m[39m[22m
[1m[31m[39m[22m
[1m[31m[0m[91mError: [39m[31m[0m[96msrc/app/users/user-list-view/user-list-view.component.html[0m:[93m21[0m:[93m3[0m - [91merror[0m[90m NG8002: [0mCan't bind to 'user' since it isn't a known property of 'app-user-modal'.[39m[22m
[1m[31m1. If 'app-user-modal' is an Angular component and it has 'user' input, then verify that it is part of this module.[39m[22m
[1m[31m2. If 'app-user-modal' is a Web Component then add 'CUSTOM_ELEMENTS_SCHEMA' to the '@NgModule.schemas' of[39m[22m[1m[31m this component to suppress this message.[39m[22m
[1m[31m3. To allow any property add 'NO_ERRORS_SCHEMA' to the '@NgModule.schemas' of this component.[39m[22m
[1m[31m[39m[22m
[1m[31m[7m21[0m   [user]="selectedUser"[39m[22m
[1m[31m[7m  [0m [91m  ~~~~~~~~~~~~~~~~~~~~~[0m[39m[22m
[1m[31m[39m[22m
[1m[31m  [96msrc/app/users/user-list-view/user-list-view.component.ts[0m:[93m8[0m:[93m16[0m[39m[22m
[1m[31m    [7m8[0m   templateUrl: './user-list-view.component.html',[39m[22m
[1m[31m    [7m [0m [96m               ~~~~~~~~~~~~~~~~~~~~~~~~~~~~~~~~~[0m[39m[22m
[1m[31m    Error occurs in the template of component UserListViewComponent.[39m[22m
[1m[31m[39m[22m
[1m[31m[39m[22m
[1m[31m[39m[22m
[37m[39m
[37m[91mÃ—[39m[37m Failed to compile.[39m
[36mâ ‹[39m Generating browser application bundles...[2K[1G[36mâ ™[39m Generating browser application bundles (phase: building)...[2K[1G[36mâ ¹[39m Generating browser application bundles (phase: sealing)...[2K[1G[36mâ ¸[39m Generating browser application bundles (phase: sealing)...[2K[1G[32mâœ”[39m Browser application bundle generation complete.
[37m[39m
[37m[0m[1mInitial Chunk Files[22m[2m | [22m[1mNames[22m  [2m | [22m [1mRaw Size[22m[0m[39m
[37m[0m[92mvendor.js[39m[37m          [2m | [22mvendor [2m | [22m  [96m3.06 MB[39m[37m[2m | [22m[0m[39m
[37m[0m[92mmain.js[39m[37m            [2m | [22mmain   [2m | [22m[96m410.54 kB[39m[37m[2m | [22m[0m[39m
[37m[0m[92mruntime.js[39m[37m         [2m | [22mruntime[2m | [22m  [96m6.50 kB[39m[37m[2m | [22m[0m[39m
[37m[0m[0m[39m
[37m[0m2 unchanged chunks[0m[39m
[37m[0m[0m[39m
[37m[0mBuild at: [1m[37m2025-11-25T16:56:01.185Z[39m[37m[22m - Hash: [1m[37mbb0ac0876cabc13c[39m[37m[22m - Time: [1m[37m754[39m[37m[22mms[0m[39m
[1m[31m[39m[22m
[1m[31m[0m[91mError: [39m[31m[0m[96msrc/app/transactions/transactions-list/expenses-list.component.html[0m:[93m168[0m:[93m3[0m - [91merror[0m[90m NG8002: [0mCan't bind to 'expense' since it isn't a known property of 'app-expense-modal'.[39m[22m
[1m[31m1. If 'app-expense-modal' is an Angular component and it has 'expense' input, then verify that it is part of this module.[39m[22m
[1m[31m2. If 'app-expense-modal' is a Web Component then add 'CUSTOM_ELEMENTS_SCHEMA' to the '@NgModule.schemas' of this component to suppress this message.[39m[22m
[1m[31m3. To allow any property add 'NO_ERRORS_SCHEMA' to the '@NgModule.schemas' of this component.[39m[22m
[1m[31m[39m[22m
[1m[31m[7m168[0m   [expense]="editingExpense"[39m[22m
[1m[31m[7m   [0m [91m  ~~~~~~~~~~~~~~~~~~~~~~~~~~[0m[39m[22m
[1m[31m[39m[22m
[1m[31m  [96msrc/app/transactions/transactions-list/expenses-list.component.ts[0m:[93m25[0m:[93m16[0m[39m[22m
[1m[31m    [7m25[0m   templateUrl: './expenses-list.component.html',[39m[22m
[1m[31m    [7m  [0m [96m               ~~~~~~~~~~~~~~~~~~~~~~~~~~~~~~~~[0m[39m[22m
[1m[31m    Error occurs in the template of component ExpensesListComponent.[39m[22m
[1m[31m[39m[22m
[1m[31m[39m[22m
[1m[31m[39m[22m
[37m[39m
[37m[91mÃ—[39m[37m Failed to compile.[39m
[36mâ ‹[39m Generating browser application bundles...[2K[1G[36mâ ™[39m Generating browser application bundles (phase: building)...[2K[1G[36mâ ¹[39m Generating browser application bundles (phase: sealing)...[2K[1G[32mâœ”[39m Browser application bundle generation complete.
[37m[39m
[37m[0m[1mInitial Chunk Files[22m[2m | [22m[1mNames[22m  [2m | [22m [1mRaw Size[22m[0m[39m
[37m[0m[92mmain.js[39m[37m            [2m | [22mmain   [2m | [22m[96m388.82 kB[39m[37m[2m | [22m[0m[39m
[37m[0m[92mruntime.js[39m[37m         [2m | [22mruntime[2m | [22m  [96m6.50 kB[39m[37m[2m | [22m[0m[39m
[37m[0m[0m[39m
[37m[0m3 unchanged chunks[0m[39m
[37m[0m[0m[39m
[37m[0mBuild at: [1m[37m2025-11-25T16:56:02.764Z[39m[37m[22m - Hash: [1m[37m663f42738409cdd8[39m[37m[22m - Time: [1m[37m310[39m[37m[22mms[0m[39m
[1m[31m[39m[22m
[1m[31m[0m[91mError: [39m[31m[0m[96msrc/app/transactions/transactions-list/expenses-list.component.html[0m:[93m168[0m:[93m3[0m - [91merror[0m[90m NG8002: [0mCan't bind to 'expense' since it isn't a known property of 'app-expense-modal'.[39m[22m
[1m[31m1. If 'app-expense-modal' is an Angular component and it has 'expense' input, then verify that it is part of this module.[39m[22m
[1m[31m2. If 'app-expense-modal' is a Web Component then add 'CUSTOM_ELEMENTS_SCHEMA' to the '@NgModule.schemas' of this component to suppress this message.[39m[22m
[1m[31m3. To allow any property add 'NO_ERRORS_SCHEMA' to the '@NgModule.schemas' of this component.[39m[22m
[1m[31m[39m[22m
[1m[31m[7m168[0m   [expense]="editingExpense"[39m[22m
[1m[31m[7m   [0m [91m  ~~~~~~~~~~~~~~~~~~~~~~~~~~[0m[39m[22m
[1m[31m[39m[22m
[1m[31m  [96msrc/app/transactions/transactions-list/expenses-list.component.ts[0m:[93m25[0m:[93m16[0m[39m[22m
[1m[31m    [7m25[0m   templateUrl: './expenses-list.component.html',[39m[22m
[1m[31m    [7m  [0m [96m               ~~~~~~~~~~~~~~~~~~~~~~~~~~~~~~~~[0m[39m[22m
[1m[31m    Error occurs in the template of component ExpensesListComponent.[39m[22m
[1m[31m[39m[22m
[1m[31m[39m[22m
[1m[31m[0m[91mError: [39m[31m[0m[96msrc/app/transactions/transactions.component.ts[0m:[93m20[0m:[93m16[0m - [91merror[0m[90m NG2008: [0mCould not find template file './expenses.component.html'.[39m[22m
[1m[31m[39m[22m
[1m[31m[7m20[0m   templateUrl: './expenses.component.html',[39m[22m
[1m[31m[7m  [0m [91m               ~~~~~~~~~~~~~~~~~~~~~~~~~~~[0m[39m[22m
[1m[31m[39m[22m
[1m[31m[39m[22m
[1m[31m[39m[22m
[37m[39m
[37m[91mÃ—[39m[37m Failed to compile.[39m
[36mâ ‹[39m Generating browser application bundles...[2K[1G[36mâ ™[39m Generating browser application bundles (phase: building)...[2K[1G[32mâœ”[39m Browser application bundle generation complete.
[37m[39m
[37m[0m[1mInitial Chunk Files[22m[2m | [22m[1mNames[22m  [2m | [22m [1mRaw Size[22m[0m[39m
[37m[0m[92mmain.js[39m[37m            [2m | [22mmain   [2m | [22m[96m410.56 kB[39m[37m[2m | [22m[0m[39m
[37m[0m[92mruntime.js[39m[37m         [2m | [22mruntime[2m | [22m  [96m6.50 kB[39m[37m[2m | [22m[0m[39m
[37m[0m[0m[39m
[37m[0m3 unchanged chunks[0m[39m
[37m[0m[0m[39m
[37m[0mBuild at: [1m[37m2025-11-25T16:56:14.568Z[39m[37m[22m - Hash: [1m[37m92b1d28acebd5109[39m[37m[22m - Time: [1m[37m211[39m[37m[22mms[0m[39m
[1m[31m[39m[22m
[1m[31m[0m[91mError: [39m[31m[0m[96msrc/app/transactions/transactions-list/expenses-list.component.html[0m:[93m168[0m:[93m3[0m - [91merror[0m[90m NG8002: [0mCan't bind to 'expense' since it isn't a known property of 'app-expense-modal'.[39m[22m
[1m[31m1. If 'app-expense-modal' is an Angular component and it has 'expense' input, then verify that it is part of this module.[39m[22m
[1m[31m2. If 'app-expense-modal' is a Web Component then add 'CUSTOM_ELEMENTS_SCHEMA' to the '@NgModule.schemas' of this component to suppress this message.[39m[22m
[1m[31m3. To allow any property add 'NO_ERRORS_SCHEMA' to the '@NgModule.schemas' of this component.[39m[22m
[1m[31m[39m[22m
[1m[31m[7m168[0m   [expense]="editingExpense"[39m[22m
[1m[31m[7m   [0m [91m  ~~~~~~~~~~~~~~~~~~~~~~~~~~[0m[39m[22m
[1m[31m[39m[22m
[1m[31m  [96msrc/app/transactions/transactions-list/expenses-list.component.ts[0m:[93m25[0m:[93m16[0m[39m[22m
[1m[31m    [7m25[0m   templateUrl: './expenses-list.component.html',[39m[22m
[1m[31m    [7m  [0m [96m               ~~~~~~~~~~~~~~~~~~~~~~~~~~~~~~~~[0m[39m[22m
[1m[31m    Error occurs in the template of component ExpensesListComponent.[39m[22m
[1m[31m[39m[22m
[1m[31m[39m[22m
[1m[31m[39m[22m
[37m[39m
[37m[91mÃ—[39m[37m Failed to compile.[39m
[36mâ ‹[39m Generating browser application bundles...[2K[1G[36mâ ™[39m Generating browser application bundles (phase: building)...[2K[1G[36mâ ¹[39m Generating browser application bundles (phase: building)...[2K[1G[36mâ ¸[39m Generating browser application bundles (phase: sealing)...[2K[1G[36mâ ¼[39m Generating browser application bundles (phase: sealing)...[2K[1G[32mâœ”[39m Browser application bundle generation complete.
[37m[39m
[37m[0m[1mInitial Chunk Files[22m[2m | [22m[1mNames[22m  [2m | [22m [1mRaw Size[22m[0m[39m
[37m[0m[92mmain.js[39m[37m            [2m | [22mmain   [2m | [22m[96m350.50 kB[39m[37m[2m | [22m[0m[39m
[37m[0m[92mruntime.js[39m[37m         [2m | [22mruntime[2m | [22m  [96m6.50 kB[39m[37m[2m | [22m[0m[39m
[37m[0m[0m[39m
[37m[0m3 unchanged chunks[0m[39m
[37m[0m[0m[39m
[37m[0mBuild at: [1m[37m2025-11-25T16:56:42.463Z[39m[37m[22m - Hash: [1m[37ma30ba0879f9a9c7a[39m[37m[22m - Time: [1m[37m917[39m[37m[22mms[0m[39m
[1m[31m[39m[22m
[1m[31m[0m[36m./src/app/app.module.ts[39m[31m[0m:[0m[93m10:0-97[39m[31m[0m - [0m[91mError: [39m[31m[0mModule not found: Error: Can't resolve './transactions/transactions-list/expenses-list.component' in 'C:\Users\pedrocorreia\Workspaces\Agular\fin-man-web\src\app'[39m[22m
[1m[31m[39m[22m
[1m[31m[0m[36m./src/app/transactions/transactions.component.ts[39m[31m[0m:[0m[93m10:0-66[39m[31m[0m - [0m[91mError: [39m[31m[0mModule not found: Error: Can't resolve './transactions-list/expenses-list.component' in 'C:\Users\pedrocorreia\Workspaces\Agular\fin-man-web\src\app\transactions'[39m[22m
[1m[31m[39m[22m
[1m[31m[0m[91mError: [39m[31m[0m[96msrc/app/accounts/account-list-view/account-list-view.component.html[0m:[93m16[0m:[93m1[0m - [91merror[0m[90m NG8001: [0m'app-account-modal' is not a known element:[39m[22m
[1m[31m1. If 'app-account-modal' is an Angular component, then verify that it is part of this module.[39m[22m
[1m[31m2. If 'app-account-modal' is a Web Component then add 'CUSTOM_ELEMENTS_SCHEMA' to the '@NgModule.schemas' of this component to suppress this message.[39m[22m
[1m[31m[39m[22m
[1m[31m[7m 16[0m <app-account-modal[39m[22m
[1m[31m[7m   [0m [91m~~~~~~~~~~~~~~~~~~[0m[39m[22m
[1m[31m[7m 17[0m   [isOpen]="isAccountModalOpen"[39m[22m
[1m[31m[7m   [0m [91m~~~~~~~~~~~~~~~~~~~~~~~~~~~~~~~[0m[39m[22m
[1m[31m[7m...[0m [39m[22m
[1m[31m[7m 21[0m   (closeModal)="closeAccountModal()"[39m[22m
[1m[31m[7m   [0m [91m~~~~~~~~~~~~~~~~~~~~~~~~~~~~~~~~~~~~[0m[39m[22m
[1m[31m[7m 22[0m ></app-account-modal>[39m[22m
[1m[31m[7m   [0m [91m~[0m[39m[22m
[1m[31m[39m[22m
[1m[31m  [96msrc/app/accounts/account-list-view/account-list-view.component.ts[0m:[93m10[0m:[93m16[0m[39m[22m
[1m[31m    [7m10[0m   templateUrl: './account-list-view.component.html',[39m[22m
[1m[31m    [7m  [0m [96m               ~~~~~~~~~~~~~~~~~~~~~~~~~~~~~~~~~~~~[0m[39m[22m
[1m[31m    Error occurs in the template of component AccountListViewComponent.[39m[22m
[1m[31m[39m[22m
[1m[31m[39m[22m
[1m[31m[0m[91mError: [39m[31m[0m[96msrc/app/accounts/account-list-view/account-list-view.component.html[0m:[93m17[0m:[93m3[0m - [91merror[0m[90m NG8002: [0mCan't bind to 'isOpen' since it isn't a known property of 'app-account-modal'.[39m[22m
[1m[31m1. If 'app-account-modal' is an Angular component and it has 'isOpen' input, then verify[39m[22m[1m[31m that it is part of this module.[39m[22m
[1m[31m2. If 'app-account-modal' is a Web Component then add 'CUSTOM_ELEMENTS_SCHEMA' to the '@NgModule.schemas' of this component to suppress this message.[39m[22m
[1m[31m3. To allow any property add 'NO_ERRORS_SCHEMA' to the '@NgModule.schemas' of this component.[39m[22m
[1m[31m[39m[22m
[1m[31m[7m17[0m   [isOpen]="isAccountModalOpen"[39m[22m
[1m[31m[7m  [0m [91m  ~~~~~~~~~~~~~~~~~~~~~~~~~~~~~[0m[39m[22m
[1m[31m[39m[22m
[1m[31m  [96msrc/app/accounts/account-list-view/account-list-view.component.ts[0m:[93m10[0m:[93m16[0m[39m[22m
[1m[31m    [7m10[0m   templateUrl: './account-list-view.component.html',[39m[22m
[1m[31m    [7m  [0m [96m               ~~~~~~~~~~~~~~~~~~~~~~~~~~~~~~~~~~~~[0m[39m[22m
[1m[31m    Error occurs in the template of component AccountListViewComponent.[39m[22m
[1m[31m[39m[22m
[1m[31m[39m[22m
[1m[31m[0m[91mError: [39m[31m[0m[96msrc/app/accounts/account-list-view/account-list-view.component.html[0m:[93m18[0m:[93m3[0m - [91merror[0m[90m NG8002: [0mCan't bind to 'mode' since it isn't a known property of 'app-account-modal'.[39m[22m
[1m[31m1. If 'app-account-modal' is an Angular component and it has 'mode' input, then verify that it is part of this module.[39m[22m
[1m[31m2. If 'app-account-modal' is a Web Component then add 'CUSTOM_ELEMENTS_SCHEMA' to the '@NgModule.schemas' of this component to suppress this message.[39m[22m
[1m[31m3. To allow any property add 'NO_ERRORS_SCHEMA' to the '@NgModule.schemas' of this component.[39m[22m
[1m[31m[39m[22m
[1m[31m[7m18[0m   [mode]="modalMode"[39m[22m
[1m[31m[7m  [0m [91m  ~~~~~~~~~~~~~~~~~~[0m[39m[22m
[1m[31m[39m[22m
[1m[31m  [96msrc/app/accounts/account-list-view/account-list-view.component.ts[0m:[93m10[0m:[93m16[0m[39m[22m
[1m[31m    [7m10[0m   templateUrl: './account-list-view.component.html',[39m[22m
[1m[31m    [7m  [0m [96m               ~~~~~~~~~~~~~~~~~~~~~~~~~~~~~~~~~~~~[0m[39m[22m
[1m[31m    Error occurs in the template of component AccountListViewComponent.[39m[22m
[1m[31m[39m[22m
[1m[31m[39m[22m
[1m[31m[0m[91mError: [39m[31m[0m[96msrc/app/accounts/account-list-view/account-list-view.component.html[0m:[93m19[0m:[93m3[0m - [91merror[0m[90m NG8002: [0mCan't bind to 'account' since it isn't a known property of 'app-account-modal'.[39m[22m
[1m[31m1. If 'app-account-modal' is an Angular component and it [39m[22m[1m[31mhas 'account' input, then verify that it is part of this module.[39m[22m
[1m[31m2. If 'app-account-modal' is a Web Component then add 'CUSTOM_ELEMENTS_SCHEMA' to the '@NgModule.schemas' of this component to suppress this message.[39m[22m
[1m[31m3. To allow any property add 'NO_ERRORS_SCHEMA' to the '@NgModule.schemas' of this component.[39m[22m
[1m[31m[39m[22m
[1m[31m[7m19[0m   [account]="selectedAccount"[39m[22m
[1m[31m[7m  [0m [91m  ~~~~~~~~~~~~~~~~~~~~~~~~~~~[0m[39m[22m
[1m[31m[39m[22m
[1m[31m  [96msrc/app/accounts/account-list-view/account-list-view.component.ts[0m:[93m10[0m:[93m16[0m[39m[22m
[1m[31m    [7m10[0m   templateUrl: './account-list-view.component.html',[39m[22m
[1m[31m    [7m  [0m [96m               ~~~~~~~~~~~~~~~~~~~~~~~~~~~~~~~~~~~~[0m[39m[22m
[1m[31m    Error occurs in the template of component AccountListViewComponent.[39m[22m
[1m[31m[39m[22m
[1m[31m[39m[22m
[1m[31m[0m[91mError: [39m[31m[0m[96msrc/app/accounts/account-list-view/account-list-view.component.html[0m:[93m20[0m:[93m3[0m - [91merror[0m[90m NG8002: [0mCan't bind to 'users' since it isn't a known property of 'app-account-modal'.[39m[22m
[1m[31m1. If 'app-account-modal' is an Angular component and it has 'users' input, then verify that it is part of this module.[39m[22m
[1m[31m2. If 'app-account-modal' is a Web Component then add 'CUSTOM_ELEMENTS_SCHEMA' to the '@NgModule.schemas' of this component to suppress this message.[39m[22m
[1m[31m3. To allow any property add 'NO_ERRORS_SCHEMA' to the '@NgModule.schemas' of this component.[39m[22m
[1m[31m[39m[22m
[1m[31m[7m20[0m   [users]="users"[39m[22m
[1m[31m[7m  [0m [91m  ~~~~~~~~~~~~~~~[0m[39m[22m
[1m[31m[39m[22m
[1m[31m  [96msrc/app/accounts/account-list-view/account-list-view.component.ts[0m:[93m10[0m:[93m16[0m[39m[22m
[1m[31m    [7m10[0m   templateUrl: './account-list-view.component.html',[39m[22m
[1m[31m    [7m  [0m [96m               ~~~~~~~~~~~~~~~~~~~~~~~~~~~~~~~~~~~~[0m[39m[22m
[1m[31m    Error occurs in the template of component AccountListViewComponent.[39m[22m
[1m[31m[39m[22m
[1m[31m[39m[22m
[1m[31m[0m[91mError: [39m[31m[0m[96msrc/app/app.component.html[0m:[93m2[0m:[93m6[0m - [91merror[0m[90m NG8001: [0m'app-header' is not a known element:[39m[22m
[1m[31m1. If 'app-header' is an Angular component, then verify that it is part of this module.[39m[22m
[1m[31m2. If 'app-header' is a Web Co[39m[22m[1m[31mmponent then add 'CUSTOM_ELEMENTS_SCHEMA' to the '@NgModule.schemas' of this component to suppress this message.[39m[22m
[1m[31m[39m[22m
[1m[31m[7m2[0m      <app-header></app-header>[39m[22m
[1m[31m[7m [0m [91m     ~~~~~~~~~~~~[0m[39m[22m
[1m[31m[39m[22m
[1m[31m  [96msrc/app/app.component.ts[0m:[93m5[0m:[93m16[0m[39m[22m
[1m[31m    [7m5[0m   templateUrl: './app.component.html',[39m[22m
[1m[31m    [7m [0m [96m               ~~~~~~~~~~~~~~~~~~~~~~[0m[39m[22m
[1m[31m    Error occurs in the template of component AppComponent.[39m[22m
[1m[31m[39m[22m
[1m[31m[39m[22m
[1m[31m[0m[91mError: [39m[31m[0m[96msrc/app/app.component.html[0m:[93m5[0m:[93m5[0m - [91merror[0m[90m NG8001: [0m'app-navbar' is not a known element:[39m[22m
[1m[31m1. If 'app-navbar' is an Angular component, then verify that it is part of this module.[39m[22m
[1m[31m2. If 'app-navbar' is a Web Component then add 'CUSTOM_ELEMENTS_SCHEMA' to the '@NgModule.schemas' of this component to suppress this message.[39m[22m
[1m[31m[39m[22m
[1m[31m[7m5[0m     <app-navbar></app-navbar>[39m[22m
[1m[31m[7m [0m [91m    ~~~~~~~~~~~~[0m[39m[22m
[1m[31m[39m[22m
[1m[31m  [96msrc/app/app.component.ts[0m:[93m5[0m:[93m16[0m[39m[22m
[1m[31m    [7m5[0m   templateUrl: './app.component.html',[39m[22m
[1m[31m    [7m [0m [96m               ~~~~~~~~~~~~~~~~~~~~~~[0m[39m[22m
[1m[31m    Error occurs in the template of component AppComponent.[39m[22m
[1m[31m[39m[22m
[1m[31m[39m[22m
[1m[31m[0m[91mError: [39m[31m[0m[96msrc/app/app.component.html[0m:[93m8[0m:[93m6[0m - [91merror[0m[90m NG8001: [0m'router-outlet' is not a known element:[39m[22m
[1m[31m1. If 'router-outlet' is an Angular component, then verify that it is part of this module.[39m[22m
[1m[31m2. If 'router-outlet' is a Web Component then add 'CUSTOM_ELEMENTS_SCHEMA' to the '@NgModule.schemas' of this component to suppress this message.[39m[22m
[1m[31m[39m[22m
[1m[31m[7m8[0m      <router-outlet></router-outlet>[39m[22m
[1m[31m[7m [0m [91m     ~~~~~~~~~~~~~~~[0m[39m[22m
[1m[31m[39m[22m
[1m[31m  [96msrc/app/app.component.ts[0m:[93m5[0m:[93m16[0m[39m[22m
[1m[31m    [7m5[0m   templateUrl: './app.component.html',[39m[22m
[1m[31m    [7m [0m [96m               ~~~~~~~~~~~~~~~~~~~~~~[0m[39m[22m
[1m[31m    Error occurs in the template of component AppComponent.[39m[22m
[1m[31m[39m[22m
[1m[31m[39m[22m
[1m[31m[0m[91mError: [39m[31m[0m[96msrc/app/app.module.ts[0m:[93m9[0m:[93m39[0m - [91merror[0m[90m TS2307: [0mCannot find modu[39m[22m[1m[31mle './transactions/transactions-list/expenses-list.component' or its corresponding type declarations.[39m[22m
[1m[31m[39m[22m
[1m[31m[7m9[0m import { ExpensesListComponent } from './transactions/transactions-list/expenses-list.component';[39m[22m
[1m[31m[7m [0m [91m                                      ~~~~~~~~~~~~~~~~~~~~~~~~~~~~~~~~~~~~~~~~~~~~~~~~~~~~~~~~~~[0m[39m[22m
[1m[31m[39m[22m
[1m[31m[39m[22m
[1m[31m[0m[91mError: [39m[31m[0m[96msrc/app/app.module.ts[0m:[93m38[0m:[93m17[0m - [91merror[0m[90m NG1010: [0mValue[39m[22m
[1m[31m[39m[22m
[1m[31m[0m[91mError: [39m[31m[0m[96msrc/app/dashboard/dashboard.component.html[0m:[93m9[0m:[93m34[0m - [91merror[0m[90m NG8004: [0mNo pipe found with name 'async'.[39m[22m
[1m[31m[39m[22m
[1m[31m[7m9[0m         [value]="selectedYear$ | async"[39m[22m
[1m[31m[7m [0m [91m                                 ~~~~~[0m[39m[22m
[1m[31m[39m[22m
[1m[31m  [96msrc/app/dashboard/dashboard.component.ts[0m:[93m9[0m:[93m16[0m[39m[22m
[1m[31m    [7m9[0m   templateUrl: './dashboard.component.html',[39m[22m
[1m[31m    [7m [0m [96m               ~~~~~~~~~~~~~~~~~~~~~~~~~~~~[0m[39m[22m
[1m[31m    Error occurs in the template of component DashboardComponent.[39m[22m
[1m[31m[39m[22m
[1m[31m[39m[22m
[1m[31m[0m[91mError: [39m[31m[0m[96msrc/app/dashboard/dashboard.component.html[0m:[93m19[0m:[93m3[0m - [91merror[0m[90m NG8001: [0m'app-summary-grid' is not a known element:[39m[22m
[1m[31m1. If 'app-summary-grid' is an Angular component, then verify that it is part of this module.[39m[22m
[1m[31m2. If 'app-summary-grid' is a Web Component then add 'CUSTOM_ELEMENTS_SCHEMA' to the '@NgModule.schemas' of this component to suppress this message.[39m[22m
[1m[31m[39m[22m
[1m[31m[7m19[0m   <app-summary-grid [selectedYear$]="selectedYear$"></app-summary-grid>[39m[22m
[1m[31m[7m  [0m [91m  ~~~~~~~~~~~~~~~~~~~~~~~~~~~~~~~~~~~~~~~~~~~~~~~~~~[0m[39m[22m
[1m[31m[39m[22m
[1m[31m  [96msrc/app/dashboard/dashboard.component.ts[0m:[93m9[0m:[93m16[0m[39m[22m
[1m[31m    [7m9[0m   templateUrl: './dashboard.component.html',[39m[22m
[1m[31m    [7m [0m [96m               ~~~~~~~~~~~~~~~~~~~~~~~~~~~~[0m[39m[22m
[1m[31m    Error occurs in the template of component DashboardComponent.[39m[22m
[1m[31m[39m[22m
[1m[31m[39m[22m
[1m[31m[0m[91mError: [39m[31m[0m[96msrc/app/dashboard/dashboard.component.html[0m:[93m19[0m:[93m21[0m - [91merror[0m[90m NG8002: [0m[39m[22m[1m[31mCan't bind to 'selectedYear$' since it isn't a known property of 'app-summary-grid'.[39m[22m
[1m[31m1. If 'app-summary-grid' is an Angular component and it has 'selectedYear$' input, then verify that it is part of this module.[39m[22m
[1m[31m2. If 'app-summary-grid' is a Web Component then add 'CUSTOM_ELEMENTS_SCHEMA' to the '@NgModule.schemas' of this component to suppress this message.[39m[22m
[1m[31m3. To allow any property add 'NO_ERRORS_SCHEMA' to the '@NgModule.schemas' of this component.[39m[22m
[1m[31m[39m[22m
[1m[31m[7m19[0m   <app-summary-grid [selectedYear$]="selectedYear$"></app-summary-grid>[39m[22m
[1m[31m[7m  [0m [91m                    ~~~~~~~~~~~~~~~~~~~~~~~~~~~~~~~[0m[39m[22m
[1m[31m[39m[22m
[1m[31m  [96msrc/app/dashboard/dashboard.component.ts[0m:[93m9[0m:[93m16[0m[39m[22m
[1m[31m    [7m9[0m   templateUrl: './dashboard.component.html',[39m[22m
[1m[31m    [7m [0m [96m               ~~~~~~~~~~~~~~~~~~~~~~~~~~~~[0m[39m[22m
[1m[31m    Error occurs in the template of component DashboardComponent.[39m[22m
[1m[31m[39m[22m
[1m[31m[39m[22m
[1m[31m[0m[91mError: [39m[31m[0m[96msrc/app/dashboard/dashboard.component.html[0m:[93m23[0m:[93m7[0m - [91merror[0m[90m NG8001: [0m'app-trend-chart' is not a known element:[39m[22m
[1m[31m1. If 'app-trend-chart' is an Angular component, then verify that it is part of this module.[39m[22m
[1m[31m2. If 'app-trend-chart' is a Web Component then add 'CUSTOM_ELEMENTS_SCHEMA' to the '@NgModule.schemas' of this component to suppress this message.[39m[22m
[1m[31m[39m[22m
[1m[31m[7m23[0m       <app-trend-chart [selectedYear$]="selectedYear$"></app-trend-chart>[39m[22m
[1m[31m[7m  [0m [91m      ~~~~~~~~~~~~~~~~~~~~~~~~~~~~~~~~~~~~~~~~~~~~~~~~~[0m[39m[22m
[1m[31m[39m[22m
[1m[31m  [96msrc/app/dashboard/dashboard.component.ts[0m:[93m9[0m:[93m16[0m[39m[22m
[1m[31m    [7m9[0m   templateUrl: './dashboard.component.html',[39m[22m
[1m[31m    [7m [0m [96m               ~~~~~~~~~~~~~~~~~~~~~~~~~~~~[0m[39m[22m
[1m[31m    Error occurs in the template of component DashboardComponent.[39m[22m
[1m[31m[39m[22m
[1m[31m[39m[22m
[1m[31m[0m[91mError: [39m[31m[0m[96msrc/app/dashboard/dashboard.component.html[0m:[93m23[0m:[93m24[0m - [91merror[0m[90m NG8002: [0mCan't bind to 'selectedYear$' since it isn't a known property of 'app-trend-chart'.[39m[22m
[1m[31m1. If 'app-trend-chart' is an Ang[39m[22m[1m[31mular component and it has 'selectedYear$' input, then verify that it is part of this module.[39m[22m
[1m[31m2. If 'app-trend-chart' is a Web Component then add 'CUSTOM_ELEMENTS_SCHEMA' to the '@NgModule.schemas' of this component to suppress this message.[39m[22m
[1m[31m3. To allow any property add 'NO_ERRORS_SCHEMA' to the '@NgModule.schemas' of this component.[39m[22m
[1m[31m[39m[22m
[1m[31m[7m23[0m       <app-trend-chart [selectedYear$]="selectedYear$"></app-trend-chart>[39m[22m
[1m[31m[7m  [0m [91m                       ~~~~~~~~~~~~~~~~~~~~~~~~~~~~~~~[0m[39m[22m
[1m[31m[39m[22m
[1m[31m  [96msrc/app/dashboard/dashboard.component.ts[0m:[93m9[0m:[93m16[0m[39m[22m
[1m[31m    [7m9[0m   templateUrl: './dashboard.component.html',[39m[22m
[1m[31m    [7m [0m [96m               ~~~~~~~~~~~~~~~~~~~~~~~~~~~~[0m[39m[22m
[1m[31m    Error occurs in the template of component DashboardComponent.[39m[22m
[1m[31m[39m[22m
[1m[31m[39m[22m
[1m[31m[0m[91mError: [39m[31m[0m[96msrc/app/dashboard/dashboard.component.html[0m:[93m24[0m:[93m7[0m - [91merror[0m[90m NG8001: [0m'app-category-chart' is not a known element:[39m[22m
[1m[31m1. If 'app-category-chart' is an Angular component, then verify that it is part of this module.[39m[22m
[1m[31m2. If 'app-category-chart' is a Web Component then add 'CUSTOM_ELEMENTS_SCHEMA' to the '@NgModule.schemas' of this component to suppress this message.[39m[22m
[1m[31m[39m[22m
[1m[31m[7m24[0m       <app-category-chart [selectedYear$]="selectedYear$"></app-category-chart>[39m[22m
[1m[31m[7m  [0m [91m      ~~~~~~~~~~~~~~~~~~~~~~~~~~~~~~~~~~~~~~~~~~~~~~~~~~~~[0m[39m[22m
[1m[31m[39m[22m
[1m[31m  [96msrc/app/dashboard/dashboard.component.ts[0m:[93m9[0m:[93m16[0m[39m[22m
[1m[31m    [7m9[0m   templateUrl: './dashboard.component.html',[39m[22m
[1m[31m    [7m [0m [96m               ~~~~~~~~~~~~~~~~~~~~~~~~~~~~[0m[39m[22m
[1m[31m    Error occurs in the template of component DashboardComponent.[39m[22m
[1m[31m[39m[22m
[1m[31m[39m[22m
[1m[31m[0m[91mError: [39m[31m[0m[96msrc/app/dashboard/dashboard.component.html[0m:[93m24[0m:[93m27[0m - [91merror[0m[90m NG8002: [0mCan't bind to 'selectedYear$' since it isn't a known property of 'app-category-chart'.[39m[22m
[1m[31m1. If 'app-category-chart' is an Angular component and it has 'selectedYear$' input, then verify that it is part of this module[39m[22m[1m[31m.[39m[22m
[1m[31m2. If 'app-category-chart' is a Web Component then add 'CUSTOM_ELEMENTS_SCHEMA' to the '@NgModule.schemas' of this component to suppress this message.[39m[22m
[1m[31m3. To allow any property add 'NO_ERRORS_SCHEMA' to the '@NgModule.schemas' of this component.[39m[22m
[1m[31m[39m[22m
[1m[31m[7m24[0m       <app-category-chart [selectedYear$]="selectedYear$"></app-category-chart>[39m[22m
[1m[31m[7m  [0m [91m                          ~~~~~~~~~~~~~~~~~~~~~~~~~~~~~~~[0m[39m[22m
[1m[31m[39m[22m
[1m[31m  [96msrc/app/dashboard/dashboard.component.ts[0m:[93m9[0m:[93m16[0m[39m[22m
[1m[31m    [7m9[0m   templateUrl: './dashboard.component.html',[39m[22m
[1m[31m    [7m [0m [96m               ~~~~~~~~~~~~~~~~~~~~~~~~~~~~[0m[39m[22m
[1m[31m    Error occurs in the template of component DashboardComponent.[39m[22m
[1m[31m[39m[22m
[1m[31m[39m[22m
[1m[31m[0m[91mError: [39m[31m[0m[96msrc/app/dashboard/dashboard.component.html[0m:[93m28[0m:[93m3[0m - [91merror[0m[90m NG8001: [0m'app-top-categories' is not a known element:[39m[22m
[1m[31m1. If 'app-top-categories' is an Angular component, then verify that it is part of this module.[39m[22m
[1m[31m2. If 'app-top-categories' is a Web Component then add 'CUSTOM_ELEMENTS_SCHEMA' to the '@NgModule.schemas' of this component to suppress this message.[39m[22m
[1m[31m[39m[22m
[1m[31m[7m28[0m   <app-top-categories [selectedYear$]="selectedYear$"></app-top-categories>[39m[22m
[1m[31m[7m  [0m [91m  ~~~~~~~~~~~~~~~~~~~~~~~~~~~~~~~~~~~~~~~~~~~~~~~~~~~~[0m[39m[22m
[1m[31m[39m[22m
[1m[31m  [96msrc/app/dashboard/dashboard.component.ts[0m:[93m9[0m:[93m16[0m[39m[22m
[1m[31m    [7m9[0m   templateUrl: './dashboard.component.html',[39m[22m
[1m[31m    [7m [0m [96m               ~~~~~~~~~~~~~~~~~~~~~~~~~~~~[0m[39m[22m
[1m[31m    Error occurs in the template of component DashboardComponent.[39m[22m
[1m[31m[39m[22m
[1m[31m[39m[22m
[1m[31m[0m[91mError: [39m[31m[0m[96msrc/app/dashboard/dashboard.component.html[0m:[93m28[0m:[93m23[0m - [91merror[0m[90m NG8002: [0mCan't bind to 'selectedYear$' since it isn't a known property of 'app-top-categories'.[39m[22m
[1m[31m1. If 'app-top-categories' is an Angular component and it has 'selectedYear$' input, then verify that it is part of this module.[39m[22m
[1m[31m2. If 'app-top-categories' is a Web Component then add 'CUSTOM_ELEMENTS_SCHEMA' to th[39m[22m[1m[31me '@NgModule.schemas' of this component to suppress this message.[39m[22m
[1m[31m3. To allow any property add 'NO_ERRORS_SCHEMA' to the '@NgModule.schemas' of this component.[39m[22m
[1m[31m[39m[22m
[1m[31m[7m28[0m   <app-top-categories [selectedYear$]="selectedYear$"></app-top-categories>[39m[22m
[1m[31m[7m  [0m [91m                      ~~~~~~~~~~~~~~~~~~~~~~~~~~~~~~~[0m[39m[22m
[1m[31m[39m[22m
[1m[31m  [96msrc/app/dashboard/dashboard.component.ts[0m:[93m9[0m:[93m16[0m[39m[22m
[1m[31m    [7m9[0m   templateUrl: './dashboard.component.html',[39m[22m
[1m[31m    [7m [0m [96m               ~~~~~~~~~~~~~~~~~~~~~~~~~~~~[0m[39m[22m
[1m[31m    Error occurs in the template of component DashboardComponent.[39m[22m
[1m[31m[39m[22m
[1m[31m[39m[22m
[1m[31m[0m[91mError: [39m[31m[0m[96msrc/app/header/header.component.html[0m:[93m3[0m:[93m3[0m - [91merror[0m[90m NG8001: [0m'app-user-selector' is not a known element:[39m[22m
[1m[31m1. If 'app-user-selector' is an Angular component, then verify that it is part of this module.[39m[22m
[1m[31m2. If 'app-user-selector' is a Web Component then add 'CUSTOM_ELEMENTS_SCHEMA' to the '@NgModule.schemas' of this component to suppress this message.[39m[22m
[1m[31m[39m[22m
[1m[31m[7m3[0m   <app-user-selector></app-user-selector>[39m[22m
[1m[31m[7m [0m [91m  ~~~~~~~~~~~~~~~~~~~[0m[39m[22m
[1m[31m[39m[22m
[1m[31m  [96msrc/app/header/header.component.ts[0m:[93m5[0m:[93m16[0m[39m[22m
[1m[31m    [7m5[0m   templateUrl: './header.component.html',[39m[22m
[1m[31m    [7m [0m [96m               ~~~~~~~~~~~~~~~~~~~~~~~~~[0m[39m[22m
[1m[31m    Error occurs in the template of component HeaderComponent.[39m[22m
[1m[31m[39m[22m
[1m[31m[39m[22m
[1m[31m[0m[91mError: [39m[31m[0m[96msrc/app/header/user-selector/user-selector.component.html[0m:[93m3[0m:[93m36[0m - [91merror[0m[90m NG8004: [0mNo pipe found with name 'async'.[39m[22m
[1m[31m[39m[22m
[1m[31m[7m3[0m     {{ (userService.currentUser$ | async)?.name }}[39m[22m
[1m[31m[7m [0m [91m                                   ~~~~~[0m[39m[22m
[1m[31m[39m[22m
[1m[31m  [96msrc/app/header/user-selector/user-selector.component.ts[0m:[93m6[0m:[93m16[0m[39m[22m
[1m[31m    [7m6[0m   templateUrl: './user-selector.component.html',[39m[22m
[1m[31m    [7m [0m [96m               ~~~~~~~~~~~~~~~~~~~~~~~~~~~~~~~~[0m[39m[22m
[1m[31m    Error occurs in the template of component UserSelectorComponent.[39m[22m
[1m[31m[39m[22m
[1m[31m[39m[22m
[1m[31m[0m[91mError: [39m[22m[1m[31m[39m[31m[0m[96msrc/app/spending-analysis/spending-analysis.component.html[0m:[93m4[0m:[93m5[0m - [91merror[0m[90m NG8001: [0m'app-category-filter' is not a known element:[39m[22m
[1m[31m1. If 'app-category-filter' is an Angular component, then verify that it is part of this module.[39m[22m
[1m[31m2. If 'app-category-filter' is a Web Component then add 'CUSTOM_ELEMENTS_SCHEMA' to the '@NgModule.schemas' of this component to suppress this message.[39m[22m
[1m[31m[39m[22m
[1m[31m[7m4[0m     <app-category-filter[39m[22m
[1m[31m[7m [0m [91m    ~~~~~~~~~~~~~~~~~~~~[0m[39m[22m
[1m[31m[7m5[0m       [categories]="categories"[39m[22m
[1m[31m[7m [0m [91m~~~~~~~~~~~~~~~~~~~~~~~~~~~~~~~[0m[39m[22m
[1m[31m[7m6[0m       [selectedCategory]="selectedCategory"[39m[22m
[1m[31m[7m [0m [91m~~~~~~~~~~~~~~~~~~~~~~~~~~~~~~~~~~~~~~~~~~~[0m[39m[22m
[1m[31m[7m7[0m       (categoryChange)="onCategoryChange($event)">[39m[22m
[1m[31m[7m [0m [91m~~~~~~~~~~~~~~~~~~~~~~~~~~~~~~~~~~~~~~~~~~~~~~~~~~[0m[39m[22m
[1m[31m[39m[22m
[1m[31m  [96msrc/app/spending-analysis/spending-analysis.component.ts[0m:[93m5[0m:[93m16[0m[39m[22m
[1m[31m    [7m5[0m   templateUrl: './spending-analysis.component.html',[39m[22m
[1m[31m    [7m [0m [96m               ~~~~~~~~~~~~~~~~~~~~~~~~~~~~~~~~~~~~[0m[39m[22m
[1m[31m    Error occurs in the template of component SpendingAnalysisComponent.[39m[22m
[1m[31m[39m[22m
[1m[31m[39m[22m
[1m[31m[0m[91mError: [39m[31m[0m[96msrc/app/spending-analysis/spending-analysis.component.html[0m:[93m5[0m:[93m7[0m - [91merror[0m[90m NG8002: [0mCan't bind to 'categories' since it isn't a known property of 'app-category-filter'.[39m[22m
[1m[31m1. If 'app-category-filter' is an Angular component and it has 'categories' input, then verify that it is part of this module.[39m[22m
[1m[31m2. If 'app-category-filter' is a Web Component then add 'CUSTOM_ELEMENTS_SCHEMA' to the '@NgModule.schemas' of this component to suppress this message.[39m[22m
[1m[31m3. To allow any property add 'NO_ERRORS_SCHEMA' to the '@NgModule.schemas' of this component.[39m[22m
[1m[31m[39m[22m
[1m[31m[7m5[0m       [categories]="categories"[39m[22m
[1m[31m[7m [0m [91m      ~~~~~~~~~~~~~~~~~~~~~~~~~[0m[39m[22m
[1m[31m[39m[22m
[1m[31m  [96msrc/app/spending-analysis/spending-analysis.component.ts[0m:[93m5[0m:[93m16[0m[39m[22m
[1m[31m    [7m5[0m   templateUrl:[39m[22m[1m[31m './spending-analysis.component.html',[39m[22m
[1m[31m    [7m [0m [96m               ~~~~~~~~~~~~~~~~~~~~~~~~~~~~~~~~~~~~[0m[39m[22m
[1m[31m    Error occurs in the template of component SpendingAnalysisComponent.[39m[22m
[1m[31m[39m[22m
[1m[31m[39m[22m
[1m[31m[0m[91mError: [39m[31m[0m[96msrc/app/spending-analysis/spending-analysis.component.html[0m:[93m6[0m:[93m7[0m - [91merror[0m[90m NG8002: [0mCan't bind to 'selectedCategory' since it isn't a known property of 'app-category-filter'.[39m[22m
[1m[31m1. If 'app-category-filter' is an Angular component and it has 'selectedCategory' input, then verify that it is part of this module.[39m[22m
[1m[31m2. If 'app-category-filter' is a Web Component then add 'CUSTOM_ELEMENTS_SCHEMA' to the '@NgModule.schemas' of this component to suppress this message.[39m[22m
[1m[31m3. To allow any property add 'NO_ERRORS_SCHEMA' to the '@NgModule.schemas' of this component.[39m[22m
[1m[31m[39m[22m
[1m[31m[7m6[0m       [selectedCategory]="selectedCategory"[39m[22m
[1m[31m[7m [0m [91m      ~~~~~~~~~~~~~~~~~~~~~~~~~~~~~~~~~~~~~[0m[39m[22m
[1m[31m[39m[22m
[1m[31m  [96msrc/app/spending-analysis/spending-analysis.component.ts[0m:[93m5[0m:[93m16[0m[39m[22m
[1m[31m    [7m5[0m   templateUrl: './spending-analysis.component.html',[39m[22m
[1m[31m    [7m [0m [96m               ~~~~~~~~~~~~~~~~~~~~~~~~~~~~~~~~~~~~[0m[39m[22m
[1m[31m    Error occurs in the template of component SpendingAnalysisComponent.[39m[22m
[1m[31m[39m[22m
[1m[31m[39m[22m
[1m[31m[0m[91mError: [39m[31m[0m[96msrc/app/spending-analysis/spending-analysis.component.html[0m:[93m13[0m:[93m7[0m - [91merror[0m[90m NG8001: [0m'app-top-spending-chart' is not a known element:[39m[22m
[1m[31m1. If 'app-top-spending-chart' is an Angular component, then verify that it is part of this module.[39m[22m
[1m[31m2. If 'app-top-spending-chart' is a Web Component then add 'CUSTOM_ELEMENTS_SCHEMA' to the '@NgModule.schemas' of this component to suppress this message.[39m[22m
[1m[31m[39m[22m
[1m[31m[7m13[0m       <app-top-spending-chart [data]="topSpendingData"></app-top-spending-chart>[39m[22m
[1m[31m[7m  [0m [91m      ~~~~~~~~~~~~~~~~~~~~~~~~~~~~~~~~~~~~~~~~~~~~~~~~~[0m[39m[22m
[1m[31m[39m[22m
[1m[31m  [96msrc/app/spending-analysis/spending-analysis.component.ts[0m:[93m5[0m:[93m16[0m[39m[22m
[1m[31m    [7m5[0m   templateUrl: './[39m[22m[1m[31mspending-analysis.component.html',[39m[22m
[1m[31m    [7m [0m [96m               ~~~~~~~~~~~~~~~~~~~~~~~~~~~~~~~~~~~~[0m[39m[22m
[1m[31m    Error occurs in the template of component SpendingAnalysisComponent.[39m[22m
[1m[31m[39m[22m
[1m[31m[39m[22m
[1m[31m[0m[91mError: [39m[31m[0m[96msrc/app/spending-analysis/spending-analysis.component.html[0m:[93m13[0m:[93m31[0m - [91merror[0m[90m NG8002: [0mCan't bind to 'data' since it isn't a known property of 'app-top-spending-chart'.[39m[22m
[1m[31m1. If 'app-top-spending-chart' is an Angular component and it has 'data' input, then verify that it is part of this module.[39m[22m
[1m[31m2. If 'app-top-spending-chart' is a Web Component then add 'CUSTOM_ELEMENTS_SCHEMA' to the '@NgModule.schemas' of this component to suppress this message.[39m[22m
[1m[31m3. To allow any property add 'NO_ERRORS_SCHEMA' to the '@NgModule.schemas' of this component.[39m[22m
[1m[31m[39m[22m
[1m[31m[7m13[0m       <app-top-spending-chart [data]="topSpendingData"></app-top-spending-chart>[39m[22m
[1m[31m[7m  [0m [91m                              ~~~~~~~~~~~~~~~~~~~~~~~~[0m[39m[22m
[1m[31m[39m[22m
[1m[31m  [96msrc/app/spending-analysis/spending-analysis.component.ts[0m:[93m5[0m:[93m16[0m[39m[22m
[1m[31m    [7m5[0m   templateUrl: './spending-analysis.component.html',[39m[22m
[1m[31m    [7m [0m [96m               ~~~~~~~~~~~~~~~~~~~~~~~~~~~~~~~~~~~~[0m[39m[22m
[1m[31m    Error occurs in the template of component SpendingAnalysisComponent.[39m[22m
[1m[31m[39m[22m
[1m[31m[39m[22m
[1m[31m[0m[91mError: [39m[31m[0m[96msrc/app/spending-analysis/spending-analysis.component.html[0m:[93m14[0m:[93m7[0m - [91merror[0m[90m NG8001: [0m'app-monthly-analysis' is not a known element:[39m[22m
[1m[31m1. If 'app-monthly-analysis' is an Angular component, then verify that it is part of this module.[39m[22m
[1m[31m2. If 'app-monthly-analysis' is a Web Component then add 'CUSTOM_ELEMENTS_SCHEMA' to the '@NgModule.schemas' of this component to suppress this message.[39m[22m
[1m[31m[39m[22m
[1m[31m[7m14[0m       <app-monthly-analysis></app-monthly-analysis>[39m[22m
[1m[31m[7m  [0m [91m      ~~~~~~~~~~~~~~~~~~~~~~[0m[39m[22m
[1m[31m[39m[22m
[1m[31m  [96msrc/app/spending-analysis/spending-analysis.component.ts[0m:[93m5[0m:[93m16[0m[39m[22m
[1m[31m    [7m5[0m   templateUrl: './spending-analysis.component.h[39m[22m[1m[31mtml',[39m[22m
[1m[31m    [7m [0m [96m               ~~~~~~~~~~~~~~~~~~~~~~~~~~~~~~~~~~~~[0m[39m[22m
[1m[31m    Error occurs in the template of component SpendingAnalysisComponent.[39m[22m
[1m[31m[39m[22m
[1m[31m[39m[22m
[1m[31m[0m[91mError: [39m[31m[0m[96msrc/app/spending-analysis/spending-analysis.component.html[0m:[93m18[0m:[93m7[0m - [91merror[0m[90m NG8001: [0m'app-detailed-transactions-placeholder' is not a known element:[39m[22m
[1m[31m1. If 'app-detailed-transactions-placeholder' is an Angular component, then verify that it is part of this module.[39m[22m
[1m[31m2. If 'app-detailed-transactions-placeholder' is a Web Component then add 'CUSTOM_ELEMENTS_SCHEMA' to the '@NgModule.schemas' of this component to suppress this message.[39m[22m
[1m[31m[39m[22m
[1m[31m[7m18[0m       <app-detailed-transactions-placeholder></app-detailed-transactions-placeholder>[39m[22m
[1m[31m[7m  [0m [91m      ~~~~~~~~~~~~~~~~~~~~~~~~~~~~~~~~~~~~~~~[0m[39m[22m
[1m[31m[39m[22m
[1m[31m  [96msrc/app/spending-analysis/spending-analysis.component.ts[0m:[93m5[0m:[93m16[0m[39m[22m
[1m[31m    [7m5[0m   templateUrl: './spending-analysis.component.html',[39m[22m
[1m[31m    [7m [0m [96m               ~~~~~~~~~~~~~~~~~~~~~~~~~~~~~~~~~~~~[0m[39m[22m
[1m[31m    Error occurs in the template of component SpendingAnalysisComponent.[39m[22m
[1m[31m[39m[22m
[1m[31m[39m[22m
[1m[31m[0m[91mError: [39m[31m[0m[96msrc/app/transactions/transactions.component.html[0m:[93m8[0m:[93m9[0m - [91merror[0m[90m NG8002: [0mCan't bind to 'formGroup' since it isn't a known property of 'form'.[39m[22m
[1m[31m[39m[22m
[1m[31m[7m8[0m   <form [formGroup]="filtersForm" class="filters-form">[39m[22m
[1m[31m[7m [0m [91m        ~~~~~~~~~~~~~~~~~~~~~~~~~[0m[39m[22m
[1m[31m[39m[22m
[1m[31m  [96msrc/app/transactions/transactions.component.ts[0m:[93m20[0m:[93m16[0m[39m[22m
[1m[31m    [7m20[0m   templateUrl: './transactions.component.html',[39m[22m
[1m[31m    [7m  [0m [96m               ~~~~~~~~~~~~~~~~~~~~~~~~~~~~~~~[0m[39m[22m
[1m[31m    Error occurs in the template of component ExpensesComponent.[39m[22m
[1m[31m[39m[22m
[1m[31m[39m[22m
[1m[31m[0m[91mError: [39m[31m[0m[96msrc/app/transactions/transactions.component.html[0m:[93m116[0m:[93m3[0m - [91merror[0m[90m NG8001: [0m'app-expenses-list' is not a known element:[39m[22m
[1m[31m1. If 'app-expenses-list' is an Angular component, the[39m[22m[1m[31mn verify that it is part of this module.[39m[22m
[1m[31m2. If 'app-expenses-list' is a Web Component then add 'CUSTOM_ELEMENTS_SCHEMA' to the '@NgModule.schemas' of this component to suppress this message.[39m[22m
[1m[31m[39m[22m
[1m[31m[7m116[0m   <app-expenses-list [filters$]="filters$"></app-expenses-list>[39m[22m
[1m[31m[7m   [0m [91m  ~~~~~~~~~~~~~~~~~~~~~~~~~~~~~~~~~~~~~~~~~[0m[39m[22m
[1m[31m[39m[22m
[1m[31m  [96msrc/app/transactions/transactions.component.ts[0m:[93m20[0m:[93m16[0m[39m[22m
[1m[31m    [7m20[0m   templateUrl: './transactions.component.html',[39m[22m
[1m[31m    [7m  [0m [96m               ~~~~~~~~~~~~~~~~~~~~~~~~~~~~~~~[0m[39m[22m
[1m[31m    Error occurs in the template of component ExpensesComponent.[39m[22m
[1m[31m[39m[22m
[1m[31m[39m[22m
[1m[31m[0m[91mError: [39m[31m[0m[96msrc/app/transactions/transactions.component.html[0m:[93m116[0m:[93m22[0m - [91merror[0m[90m NG8002: [0mCan't bind to 'filters$' since it isn't a known property of 'app-expenses-list'.[39m[22m
[1m[31m1. If 'app-expenses-list' is an Angular component and it has 'filters$' input, then verify that it is part of this module.[39m[22m
[1m[31m2. If 'app-expenses-list' is a Web Component then add 'CUSTOM_ELEMENTS_SCHEMA' to the '@NgModule.schemas' of this component to suppress this message.[39m[22m
[1m[31m3. To allow any property add 'NO_ERRORS_SCHEMA' to the '@NgModule.schemas' of this component.[39m[22m
[1m[31m[39m[22m
[1m[31m[7m116[0m   <app-expenses-list [filters$]="filters$"></app-expenses-list>[39m[22m
[1m[31m[7m   [0m [91m                     ~~~~~~~~~~~~~~~~~~~~~[0m[39m[22m
[1m[31m[39m[22m
[1m[31m  [96msrc/app/transactions/transactions.component.ts[0m:[93m20[0m:[93m16[0m[39m[22m
[1m[31m    [7m20[0m   templateUrl: './transactions.component.html',[39m[22m
[1m[31m    [7m  [0m [96m               ~~~~~~~~~~~~~~~~~~~~~~~~~~~~~~~[0m[39m[22m
[1m[31m    Error occurs in the template of component ExpensesComponent.[39m[22m
[1m[31m[39m[22m
[1m[31m[39m[22m
[1m[31m[0m[91mError: [39m[31m[0m[96msrc/app/transactions/transactions.component.html[0m:[93m118[0m:[93m3[0m - [91merror[0m[90m NG8001: [0m'app-expense-modal' is not a known element:[39m[22m
[1m[31m1. If 'app-expense-modal' is an Angular component, then verify that it is part of this module.[39m[22m
[1m[31m2. If 'app-expense-modal' is a Web Component then add 'CUSTOM_ELEMENTS[39m[22m[1m[31m_SCHEMA' to the '@NgModule.schemas' of this component to suppress this message.[39m[22m
[1m[31m[39m[22m
[1m[31m[7m118[0m   <app-expense-modal[39m[22m
[1m[31m[7m   [0m [91m  ~~~~~~~~~~~~~~~~~~[0m[39m[22m
[1m[31m[7m119[0m   [isOpen]="isCreateModalOpen"[39m[22m
[1m[31m[7m   [0m [91m~~~~~~~~~~~~~~~~~~~~~~~~~~~~~~[0m[39m[22m
[1m[31m[7m120[0m   [mode]="'create'"[39m[22m
[1m[31m[7m   [0m [91m~~~~~~~~~~~~~~~~~~~[0m[39m[22m
[1m[31m[7m121[0m   (closeModal)="closeEditModal()">[39m[22m
[1m[31m[7m   [0m [91m~~~~~~~~~~~~~~~~~~~~~~~~~~~~~~~~~~[0m[39m[22m
[1m[31m[39m[22m
[1m[31m  [96msrc/app/transactions/transactions.component.ts[0m:[93m20[0m:[93m16[0m[39m[22m
[1m[31m    [7m20[0m   templateUrl: './transactions.component.html',[39m[22m
[1m[31m    [7m  [0m [96m               ~~~~~~~~~~~~~~~~~~~~~~~~~~~~~~~[0m[39m[22m
[1m[31m    Error occurs in the template of component ExpensesComponent.[39m[22m
[1m[31m[39m[22m
[1m[31m[39m[22m
[1m[31m[0m[91mError: [39m[31m[0m[96msrc/app/transactions/transactions.component.html[0m:[93m119[0m:[93m3[0m - [91merror[0m[90m NG8002: [0mCan't bind to 'isOpen' since it isn't a known property of 'app-expense-modal'.[39m[22m
[1m[31m1. If 'app-expense-modal' is an Angular component and it has 'isOpen' input, then verify that it is part of this module.[39m[22m
[1m[31m2. If 'app-expense-modal' is a Web Component then add 'CUSTOM_ELEMENTS_SCHEMA' to the '@NgModule.schemas' of this component to suppress this message.[39m[22m
[1m[31m3. To allow any property add 'NO_ERRORS_SCHEMA' to the '@NgModule.schemas' of this component.[39m[22m
[1m[31m[39m[22m
[1m[31m[7m119[0m   [isOpen]="isCreateModalOpen"[39m[22m
[1m[31m[7m   [0m [91m  ~~~~~~~~~~~~~~~~~~~~~~~~~~~~[0m[39m[22m
[1m[31m[39m[22m
[1m[31m  [96msrc/app/transactions/transactions.component.ts[0m:[93m20[0m:[93m16[0m[39m[22m
[1m[31m    [7m20[0m   templateUrl: './transactions.component.html',[39m[22m
[1m[31m    [7m  [0m [96m               ~~~~~~~~~~~~~~~~~~~~~~~~~~~~~~~[0m[39m[22m
[1m[31m    Error occurs in the template of component ExpensesComponent.[39m[22m
[1m[31m[39m[22m
[1m[31m[39m[22m
[1m[31m[0m[91mError: [39m[31m[0m[96msrc/app/transactions/transactions.component.html[0m:[93m120[0m:[93m3[0m - [91merror[0m[90m NG8002: [0mCan't bind to 'mode' since it isn't a known property of 'app-expense-modal'.[39m[22m
[1m[31m1. If 'app-expense-modal' is an Angular component and it has 'mode' input, then ve[39m[22m[1m[31mrify that it is part of this module.[39m[22m
[1m[31m2. If 'app-expense-modal' is a Web Component then add 'CUSTOM_ELEMENTS_SCHEMA' to the '@NgModule.schemas' of this component to suppress this message.[39m[22m
[1m[31m3. To allow any property add 'NO_ERRORS_SCHEMA' to the '@NgModule.schemas' of this component.[39m[22m
[1m[31m[39m[22m
[1m[31m[7m120[0m   [mode]="'create'"[39m[22m
[1m[31m[7m   [0m [91m  ~~~~~~~~~~~~~~~~~[0m[39m[22m
[1m[31m[39m[22m
[1m[31m  [96msrc/app/transactions/transactions.component.ts[0m:[93m20[0m:[93m16[0m[39m[22m
[1m[31m    [7m20[0m   templateUrl: './transactions.component.html',[39m[22m
[1m[31m    [7m  [0m [96m               ~~~~~~~~~~~~~~~~~~~~~~~~~~~~~~~[0m[39m[22m
[1m[31m    Error occurs in the template of component ExpensesComponent.[39m[22m
[1m[31m[39m[22m
[1m[31m[39m[22m
[1m[31m[0m[91mError: [39m[31m[0m[96msrc/app/users/user-list-view/user-list-view.component.html[0m:[93m18[0m:[93m1[0m - [91merror[0m[90m NG8001: [0m'app-user-modal' is not a known element:[39m[22m
[1m[31m1. If 'app-user-modal' is an Angular component, then verify that it is part of this module.[39m[22m
[1m[31m2. If 'app-user-modal' is a Web Component then add 'CUSTOM_ELEMENTS_SCHEMA' to the '@NgModule.schemas' of this component to suppress this message.[39m[22m
[1m[31m[39m[22m
[1m[31m[7m 18[0m <app-user-modal[39m[22m
[1m[31m[7m   [0m [91m~~~~~~~~~~~~~~~[0m[39m[22m
[1m[31m[7m 19[0m   [isOpen]="isUserModalOpen"[39m[22m
[1m[31m[7m   [0m [91m~~~~~~~~~~~~~~~~~~~~~~~~~~~~[0m[39m[22m
[1m[31m[7m...[0m [39m[22m
[1m[31m[7m 22[0m   (closeModal)="closeUserModal()"[39m[22m
[1m[31m[7m   [0m [91m~~~~~~~~~~~~~~~~~~~~~~~~~~~~~~~~~[0m[39m[22m
[1m[31m[7m 23[0m ></app-user-modal>[39m[22m
[1m[31m[7m   [0m [91m~[0m[39m[22m
[1m[31m[39m[22m
[1m[31m  [96msrc/app/users/user-list-view/user-list-view.component.ts[0m:[93m8[0m:[93m16[0m[39m[22m
[1m[31m    [7m8[0m   templateUrl: './user-list-view.component.html',[39m[22m
[1m[31m    [7m [0m [96m               ~~~~~~~~~~~~~~~~~~~~~~~~~~~~~~~~~[0m[39m[22m
[1m[31m    Error occurs in the template of component UserListViewComponent.[39m[22m
[1m[31m[39m[22m
[1m[31m[39m[22m
[1m[31m[0m[91mError: [39m[31m[0m[96msrc/app/users/user-list-view/user-list-view.component.html[0m:[93m19[0m:[93m3[0m - [91merror[0m[90m NG8002: [0mCan't bind to 'isOpen' since it isn't a known property of 'app-user-modal'.[39m[22m
[1m[31m1. If 'app-user-modal' is an Angular component and it ha[39m[22m[1m[31ms 'isOpen' input, then verify that it is part of this module.[39m[22m
[1m[31m2. If 'app-user-modal' is a Web Component then add 'CUSTOM_ELEMENTS_SCHEMA' to the '@NgModule.schemas' of this component to suppress this message.[39m[22m
[1m[31m3. To allow any property add 'NO_ERRORS_SCHEMA' to the '@NgModule.schemas' of this component.[39m[22m
[1m[31m[39m[22m
[1m[31m[7m19[0m   [isOpen]="isUserModalOpen"[39m[22m
[1m[31m[7m  [0m [91m  ~~~~~~~~~~~~~~~~~~~~~~~~~~[0m[39m[22m
[1m[31m[39m[22m
[1m[31m  [96msrc/app/users/user-list-view/user-list-view.component.ts[0m:[93m8[0m:[93m16[0m[39m[22m
[1m[31m    [7m8[0m   templateUrl: './user-list-view.component.html',[39m[22m
[1m[31m    [7m [0m [96m               ~~~~~~~~~~~~~~~~~~~~~~~~~~~~~~~~~[0m[39m[22m
[1m[31m    Error occurs in the template of component UserListViewComponent.[39m[22m
[1m[31m[39m[22m
[1m[31m[39m[22m
[1m[31m[0m[91mError: [39m[31m[0m[96msrc/app/users/user-list-view/user-list-view.component.html[0m:[93m20[0m:[93m3[0m - [91merror[0m[90m NG8002: [0mCan't bind to 'mode' since it isn't a known property of 'app-user-modal'.[39m[22m
[1m[31m1. If 'app-user-modal' is an Angular component and it has 'mode' input, then verify that it is part of this module.[39m[22m
[1m[31m2. If 'app-user-modal' is a Web Component then add 'CUSTOM_ELEMENTS_SCHEMA' to the '@NgModule.schemas' of this component to suppress this message.[39m[22m
[1m[31m3. To allow any property add 'NO_ERRORS_SCHEMA' to the '@NgModule.schemas' of this component.[39m[22m
[1m[31m[39m[22m
[1m[31m[7m20[0m   [mode]="modalMode"[39m[22m
[1m[31m[7m  [0m [91m  ~~~~~~~~~~~~~~~~~~[0m[39m[22m
[1m[31m[39m[22m
[1m[31m  [96msrc/app/users/user-list-view/user-list-view.component.ts[0m:[93m8[0m:[93m16[0m[39m[22m
[1m[31m    [7m8[0m   templateUrl: './user-list-view.component.html',[39m[22m
[1m[31m    [7m [0m [96m               ~~~~~~~~~~~~~~~~~~~~~~~~~~~~~~~~~[0m[39m[22m
[1m[31m    Error occurs in the template of component UserListViewComponent.[39m[22m
[1m[31m[39m[22m
[1m[31m[39m[22m
[1m[31m[0m[91mError: [39m[31m[0m[96msrc/app/users/user-list-view/user-list-view.component.html[0m:[93m21[0m:[93m3[0m - [91merror[0m[90m NG8002: [0mCan't bind to 'user' since it isn't a known property of 'app-user-modal'.[39m[22m
[1m[31m1. If 'app-user-modal' is an Angular component and it has 'user' input, then verify that it is part of this modu[39m[22m[1m[31mle.[39m[22m
[1m[31m2. If 'app-user-modal' is a Web Component then add 'CUSTOM_ELEMENTS_SCHEMA' to the '@NgModule.schemas' of this component to suppress this message.[39m[22m
[1m[31m3. To allow any property add 'NO_ERRORS_SCHEMA' to the '@NgModule.schemas' of this component.[39m[22m
[1m[31m[39m[22m
[1m[31m[7m21[0m   [user]="selectedUser"[39m[22m
[1m[31m[7m  [0m [91m  ~~~~~~~~~~~~~~~~~~~~~[0m[39m[22m
[1m[31m[39m[22m
[1m[31m  [96msrc/app/users/user-list-view/user-list-view.component.ts[0m:[93m8[0m:[93m16[0m[39m[22m
[1m[31m    [7m8[0m   templateUrl: './user-list-view.component.html',[39m[22m
[1m[31m    [7m [0m [96m               ~~~~~~~~~~~~~~~~~~~~~~~~~~~~~~~~~[0m[39m[22m
[1m[31m    Error occurs in the template of component UserListViewComponent.[39m[22m
[1m[31m[39m[22m
[1m[31m[39m[22m
[1m[31m[39m[22m
[37m[39m
[37m[91mÃ—[39m[37m Failed to compile.[39m
[36mâ ‹[39m Generating browser application bundles...